2017-10-31 20:14:08.008 [main] INFO  com.witontek.ehospital2.base.Log - 【info】com.witontek.ehospital2.base.PropertiesUtils:读取url.properties文件中的LOGIN_URL
2017-10-31 20:14:08.021 [main] INFO  com.witontek.ehospital2.base.Log - 【info】com.witontek.ehospital2.base.PropertiesUtils:读取url.properties文件中的NEW_LOGIN_URL
2017-10-31 20:14:08.021 [main] INFO  com.witontek.ehospital2.base.Log - 【info】com.witontek.ehospital2.base.PropertiesUtils:读取driverPath.properties文件中的CHROME_DRIVER_PATH
2017-10-31 20:14:13.891 [main] INFO  com.witontek.ehospital2.base.Log - 【info】com.witontek.ehospital2.base.DriverUtils:打开谷歌浏览器
2017-10-31 20:14:14.805 [main] INFO  com.witontek.ehospital2.base.Log - 【info】com.witontek.ehospital2.base.ExcelUtils:读取loginSuccess.xlsx文件
2017-10-31 20:14:27.770 [main] INFO  com.witontek.ehospital2.base.Log - 【info】com.witontek.ehospital2.base.BrowserUtils:打开网址:http://yltest.witontek.com/ehospital3web/web/admin.html#!/
2017-10-31 20:14:28.020 [main] INFO  com.witontek.ehospital2.base.Log - 【info】com.witontek.ehospital2.base.WebElementsUtils:在用户名输入框输入：sqsrmyyadmin
2017-10-31 20:14:28.144 [main] INFO  com.witontek.ehospital2.base.Log - 【info】com.witontek.ehospital2.base.WebElementsUtils:在密码输入框输入：admin
2017-10-31 20:14:28.294 [main] INFO  com.witontek.ehospital2.base.Log - 【info】com.witontek.ehospital2.base.WebElementsUtils:在验证码输入框输入：1111
2017-10-31 20:14:28.440 [main] INFO  com.witontek.ehospital2.base.Log - 【info】com.witontek.ehospital2.base.WebElementsUtils:点击登录按钮
2017-10-31 20:14:28.441 [main] INFO  com.witontek.ehospital2.base.Log - 【info】com.witontek.ehospital2.business.Login:登录成功
2017-10-31 20:14:29.165 [main] INFO  com.witontek.ehospital2.base.Log - 【info】com.witontek.ehospital2.base.WebElementsUtils:获取用户名的文本信息
2017-10-31 20:14:29.167 [main] INFO  com.witontek.ehospital2.base.Log - 【info】com.witontek.ehospital2.base.AssertUtils:实际结果（undefined）与预期结果（undefined）相等，登录成功
2017-10-31 20:14:32.171 [main] INFO  com.witontek.ehospital2.base.Log - 【info】com.witontek.ehospital2.base.BrowserUtils:等待3秒
2017-10-31 20:14:33.255 [main] INFO  com.witontek.ehospital2.base.Log - 【info】com.witontek.ehospital2.base.BrowserUtils:退出浏览器
2017-10-31 20:14:36.496 [main] INFO  com.witontek.ehospital2.base.Log - 【info】com.witontek.ehospital2.base.DriverUtils:打开谷歌浏览器
2017-10-31 20:14:36.665 [main] INFO  com.witontek.ehospital2.base.Log - 【info】com.witontek.ehospital2.base.ExcelUtils:读取searchDepManDepartment.xlsx文件
2017-10-31 20:14:55.293 [main] INFO  com.witontek.ehospital2.base.Log - 【info】com.witontek.ehospital2.base.BrowserUtils:打开网址:http://yltest.witontek.com/ehospital3web/web/admin.html#!/
2017-10-31 20:14:55.532 [main] INFO  com.witontek.ehospital2.base.Log - 【info】com.witontek.ehospital2.base.WebElementsUtils:在用户名输入框输入：sqsrmyyadmin
2017-10-31 20:14:55.660 [main] INFO  com.witontek.ehospital2.base.Log - 【info】com.witontek.ehospital2.base.WebElementsUtils:在密码输入框输入：admin
2017-10-31 20:14:55.798 [main] INFO  com.witontek.ehospital2.base.Log - 【info】com.witontek.ehospital2.base.WebElementsUtils:在验证码输入框输入：1111
2017-10-31 20:14:55.921 [main] INFO  com.witontek.ehospital2.base.Log - 【info】com.witontek.ehospital2.base.WebElementsUtils:点击登录按钮
2017-10-31 20:14:56.386 [main] INFO  com.witontek.ehospital2.base.Log - 【info】com.witontek.ehospital2.base.WebElementsUtils:点击业务信息管理
2017-10-31 20:14:57.388 [main] INFO  com.witontek.ehospital2.base.Log - 【info】com.witontek.ehospital2.base.BrowserUtils:等待1秒
2017-10-31 20:14:57.576 [main] INFO  com.witontek.ehospital2.base.Log - 【info】com.witontek.ehospital2.base.WebElementsUtils:点击科室管理
2017-10-31 20:14:57.797 [main] INFO  com.witontek.ehospital2.base.Log - 【info】com.witontek.ehospital2.base.WebElementsUtils:在科室管理-科室名称输入框输入：皮肤科
2017-10-31 20:14:57.949 [main] INFO  com.witontek.ehospital2.base.Log - 【info】com.witontek.ehospital2.base.WebElementsUtils:点击科室管理-搜索科室按钮
2017-10-31 20:14:58.950 [main] INFO  com.witontek.ehospital2.base.Log - 【info】com.witontek.ehospital2.base.BrowserUtils:等待1秒
2017-10-31 20:14:59.035 [main] INFO  com.witontek.ehospital2.base.Log - 【info】com.witontek.ehospital2.base.WebElementsUtils:获取科室管理-包含的二级科室的文本信息
2017-10-31 20:14:59.035 [main] INFO  com.witontek.ehospital2.base.Log - 【info】com.witontek.ehospital2.page.DepartmentManagePage:包含的二级科室：皮肤科
2017-10-31 20:14:59.035 [main] INFO  com.witontek.ehospital2.base.Log - 【info】com.witontek.ehospital2.base.AssertUtils:实际结果（皮肤科）中包含预期结果（皮肤科），搜索科室成功
2017-10-31 20:15:02.040 [main] INFO  com.witontek.ehospital2.base.Log - 【info】com.witontek.ehospital2.base.BrowserUtils:等待3秒
2017-10-31 20:15:02.973 [main] INFO  com.witontek.ehospital2.base.Log - 【info】com.witontek.ehospital2.base.BrowserUtils:退出浏览器
2017-10-31 20:15:06.694 [main] INFO  com.witontek.ehospital2.base.Log - 【info】com.witontek.ehospital2.base.DriverUtils:打开谷歌浏览器
2017-10-31 20:15:06.847 [main] INFO  com.witontek.ehospital2.base.Log - 【info】com.witontek.ehospital2.base.ExcelUtils:读取searchDocManDoctor.xlsx文件
2017-10-31 20:15:20.417 [main] INFO  com.witontek.ehospital2.base.Log - 【info】com.witontek.ehospital2.base.BrowserUtils:打开网址:http://yltest.witontek.com/ehospital3web/web/admin.html#!/
2017-10-31 20:15:20.663 [main] INFO  com.witontek.ehospital2.base.Log - 【info】com.witontek.ehospital2.base.WebElementsUtils:在用户名输入框输入：sqsrmyyadmin
2017-10-31 20:15:20.787 [main] INFO  com.witontek.ehospital2.base.Log - 【info】com.witontek.ehospital2.base.WebElementsUtils:在密码输入框输入：admin
2017-10-31 20:15:20.931 [main] INFO  com.witontek.ehospital2.base.Log - 【info】com.witontek.ehospital2.base.WebElementsUtils:在验证码输入框输入：1111
2017-10-31 20:15:21.052 [main] INFO  com.witontek.ehospital2.base.Log - 【info】com.witontek.ehospital2.base.WebElementsUtils:点击登录按钮
2017-10-31 20:15:21.521 [main] INFO  com.witontek.ehospital2.base.Log - 【info】com.witontek.ehospital2.base.WebElementsUtils:点击业务信息管理
2017-10-31 20:15:22.523 [main] INFO  com.witontek.ehospital2.base.Log - 【info】com.witontek.ehospital2.base.BrowserUtils:等待1秒
2017-10-31 20:15:22.716 [main] INFO  com.witontek.ehospital2.base.Log - 【info】com.witontek.ehospital2.base.WebElementsUtils:点击医生管理
2017-10-31 20:15:22.896 [main] INFO  com.witontek.ehospital2.base.Log - 【info】com.witontek.ehospital2.base.WebElementsUtils:在医生管理-医生名称输入框输入：西
2017-10-31 20:15:23.065 [main] INFO  com.witontek.ehospital2.base.Log - 【info】com.witontek.ehospital2.base.WebElementsUtils:点击医生管理-搜索医生按钮
2017-10-31 20:15:24.066 [main] INFO  com.witontek.ehospital2.base.Log - 【info】com.witontek.ehospital2.base.BrowserUtils:等待1秒
2017-10-31 20:15:24.155 [main] INFO  com.witontek.ehospital2.base.Log - 【info】com.witontek.ehospital2.base.WebElementsUtils:获取医生管理-医生姓名的文本信息
2017-10-31 20:15:24.155 [main] INFO  com.witontek.ehospital2.base.Log - 【info】com.witontek.ehospital2.page.DoctorManagePage:医生编号："贾西贝"
2017-10-31 20:15:24.156 [main] INFO  com.witontek.ehospital2.base.Log - 【info】com.witontek.ehospital2.base.AssertUtils:实际结果（贾西贝）中包含预期结果（贾西贝），搜索成功
2017-10-31 20:15:27.158 [main] INFO  com.witontek.ehospital2.base.Log - 【info】com.witontek.ehospital2.base.BrowserUtils:等待3秒
2017-10-31 20:15:28.099 [main] INFO  com.witontek.ehospital2.base.Log - 【info】com.witontek.ehospital2.base.BrowserUtils:退出浏览器
