2017-11-01 11:34:02.673 [main] INFO  com.witontek.ehospital2.base.Log - 【info】com.witontek.ehospital2.base.PropertiesUtils:读取url.properties文件中的LOGIN_URL
2017-11-01 11:34:02.685 [main] INFO  com.witontek.ehospital2.base.Log - 【info】com.witontek.ehospital2.base.PropertiesUtils:读取url.properties文件中的NEW_LOGIN_URL
2017-11-01 11:34:02.686 [main] INFO  com.witontek.ehospital2.base.Log - 【info】com.witontek.ehospital2.base.PropertiesUtils:读取driverPath.properties文件中的CHROME_DRIVER_PATH
2017-11-01 11:34:07.390 [main] INFO  com.witontek.ehospital2.base.Log - 【info】com.witontek.ehospital2.base.DriverUtils:打开谷歌浏览器
2017-11-01 11:34:08.375 [main] INFO  com.witontek.ehospital2.base.Log - 【info】com.witontek.ehospital2.base.ExcelUtils:读取updateHospitalInformation.xlsx文件
2017-11-01 11:34:08.654 [main] ERROR com.witontek.ehospital2.base.Log - 【error】com.witontek.ehospital2.base.XmlUtils:将HospitalInformationPage.xml文件转换为Document类型失败
2017-11-01 11:34:11.673 [main] INFO  com.witontek.ehospital2.base.Log - 【info】com.witontek.ehospital2.base.BrowserUtils:等待3秒
2017-11-01 11:34:12.966 [main] INFO  com.witontek.ehospital2.base.Log - 【info】com.witontek.ehospital2.base.BrowserUtils:退出浏览器
2017-11-01 11:35:31.745 [main] INFO  com.witontek.ehospital2.base.Log - 【info】com.witontek.ehospital2.base.PropertiesUtils:读取url.properties文件中的LOGIN_URL
2017-11-01 11:35:31.751 [main] INFO  com.witontek.ehospital2.base.Log - 【info】com.witontek.ehospital2.base.PropertiesUtils:读取url.properties文件中的NEW_LOGIN_URL
2017-11-01 11:35:31.752 [main] INFO  com.witontek.ehospital2.base.Log - 【info】com.witontek.ehospital2.base.PropertiesUtils:读取driverPath.properties文件中的CHROME_DRIVER_PATH
2017-11-01 11:35:36.062 [main] INFO  com.witontek.ehospital2.base.Log - 【info】com.witontek.ehospital2.base.DriverUtils:打开谷歌浏览器
2017-11-01 11:35:37.041 [main] INFO  com.witontek.ehospital2.base.Log - 【info】com.witontek.ehospital2.base.ExcelUtils:读取updateHospitalInformation.xlsx文件
2017-11-01 11:35:51.466 [main] INFO  com.witontek.ehospital2.base.Log - 【info】com.witontek.ehospital2.base.BrowserUtils:打开网址:http://yltest.witontek.com/ehospital3web/web/admin.html#!/
2017-11-01 11:35:51.680 [main] INFO  com.witontek.ehospital2.base.Log - 【info】com.witontek.ehospital2.base.WebElementsUtils:在用户名输入框输入：sqsrmyyadmin
2017-11-01 11:35:51.801 [main] INFO  com.witontek.ehospital2.base.Log - 【info】com.witontek.ehospital2.base.WebElementsUtils:在密码输入框输入：admin
2017-11-01 11:35:51.941 [main] INFO  com.witontek.ehospital2.base.Log - 【info】com.witontek.ehospital2.base.WebElementsUtils:在验证码输入框输入：1111
2017-11-01 11:35:52.062 [main] INFO  com.witontek.ehospital2.base.Log - 【info】com.witontek.ehospital2.base.WebElementsUtils:点击登录按钮
2017-11-01 11:35:52.637 [main] INFO  com.witontek.ehospital2.base.Log - 【info】com.witontek.ehospital2.base.WebElementsUtils:点击微官网管理
2017-11-01 11:35:53.638 [main] INFO  com.witontek.ehospital2.base.Log - 【info】com.witontek.ehospital2.base.BrowserUtils:等待1秒
2017-11-01 11:35:53.710 [main] INFO  com.witontek.ehospital2.base.Log - 【info】com.witontek.ehospital2.base.WebElementsUtils:点击微官网管理
2017-11-01 11:35:54.711 [main] INFO  com.witontek.ehospital2.base.Log - 【info】com.witontek.ehospital2.base.BrowserUtils:等待1秒
2017-11-01 11:35:54.796 [main] ERROR com.witontek.ehospital2.base.Log - 【error】com.witontek.ehospital2.base.WebElementsUtils:未定位到页面元素，点击医院基本信息失败
2017-11-01 11:35:55.191 [main] INFO  com.witontek.ehospital2.base.Log - 【info】com.witontek.ehospital2.base.BrowserUtils:截图成功
2017-11-01 11:35:55.192 [main] INFO  com.witontek.ehospital2.base.Log - 【info】com.witontek.ehospital2.base.WebElementsUtils:点击医院基本信息
2017-11-01 11:36:25.248 [main] ERROR com.witontek.ehospital2.base.Log - 【error】com.witontek.ehospital2.base.WebElementsUtils:查找医院信息-医院名称输入框的网页元素时出错
2017-11-01 11:36:25.250 [main] ERROR com.witontek.ehospital2.base.Log - 【error】com.witontek.ehospital2.base.WebElementsUtils:查找医院信息-医院名称输入框的网页元素时超时显示等待时间
2017-11-01 11:36:25.250 [main] ERROR com.witontek.ehospital2.base.Log - 【error】com.witontek.ehospital2.base.WebElementsUtils:未定位到页面元素，清空医院信息-医院名称输入框失败
2017-11-01 11:36:25.605 [main] INFO  com.witontek.ehospital2.base.Log - 【info】com.witontek.ehospital2.base.BrowserUtils:截图成功
2017-11-01 11:36:25.605 [main] INFO  com.witontek.ehospital2.base.Log - 【info】com.witontek.ehospital2.base.WebElementsUtils:清空医院信息-医院名称输入框
2017-11-01 11:36:55.644 [main] ERROR com.witontek.ehospital2.base.Log - 【error】com.witontek.ehospital2.base.WebElementsUtils:查找医院信息-医院名称输入框的网页元素时出错
2017-11-01 11:36:55.646 [main] ERROR com.witontek.ehospital2.base.Log - 【error】com.witontek.ehospital2.base.WebElementsUtils:查找医院信息-医院名称输入框的网页元素时超时显示等待时间
2017-11-01 11:36:55.646 [main] ERROR com.witontek.ehospital2.base.Log - 【error】com.witontek.ehospital2.base.WebElementsUtils:未定位到页面元素，在医院信息-医院名称输入框输入：宿迁市人民医院失败
2017-11-01 11:36:55.992 [main] INFO  com.witontek.ehospital2.base.Log - 【info】com.witontek.ehospital2.base.BrowserUtils:截图成功
2017-11-01 11:36:55.993 [main] INFO  com.witontek.ehospital2.base.Log - 【info】com.witontek.ehospital2.base.WebElementsUtils:在医院信息-医院名称输入框输入：宿迁市人民医院
2017-11-01 11:37:26.057 [main] ERROR com.witontek.ehospital2.base.Log - 【error】com.witontek.ehospital2.base.WebElementsUtils:查找医院信息-取号地点输入框的网页元素时出错
2017-11-01 11:37:26.058 [main] ERROR com.witontek.ehospital2.base.Log - 【error】com.witontek.ehospital2.base.WebElementsUtils:查找医院信息-取号地点输入框的网页元素时超时显示等待时间
2017-11-01 11:37:26.058 [main] ERROR com.witontek.ehospital2.base.Log - 【error】com.witontek.ehospital2.base.WebElementsUtils:未定位到页面元素，清空医院信息-取号地点输入框失败
2017-11-01 11:37:26.384 [main] INFO  com.witontek.ehospital2.base.Log - 【info】com.witontek.ehospital2.base.BrowserUtils:截图成功
2017-11-01 11:37:26.385 [main] INFO  com.witontek.ehospital2.base.Log - 【info】com.witontek.ehospital2.base.WebElementsUtils:清空医院信息-取号地点输入框
2017-11-01 11:37:56.439 [main] ERROR com.witontek.ehospital2.base.Log - 【error】com.witontek.ehospital2.base.WebElementsUtils:查找医院信息-取号地点输入框的网页元素时出错
2017-11-01 11:37:56.439 [main] ERROR com.witontek.ehospital2.base.Log - 【error】com.witontek.ehospital2.base.WebElementsUtils:查找医院信息-取号地点输入框的网页元素时超时显示等待时间
2017-11-01 11:37:56.440 [main] ERROR com.witontek.ehospital2.base.Log - 【error】com.witontek.ehospital2.base.WebElementsUtils:未定位到页面元素，在医院信息-取号地点输入框输入：取号地点失败
2017-11-01 11:37:56.781 [main] INFO  com.witontek.ehospital2.base.Log - 【info】com.witontek.ehospital2.base.BrowserUtils:截图成功
2017-11-01 11:37:56.781 [main] INFO  com.witontek.ehospital2.base.Log - 【info】com.witontek.ehospital2.base.WebElementsUtils:在医院信息-取号地点输入框输入：取号地点
2017-11-01 11:38:26.840 [main] ERROR com.witontek.ehospital2.base.Log - 【error】com.witontek.ehospital2.base.WebElementsUtils:查找医院信息-取卡地点输入框的网页元素时出错
2017-11-01 11:38:26.841 [main] ERROR com.witontek.ehospital2.base.Log - 【error】com.witontek.ehospital2.base.WebElementsUtils:查找医院信息-取卡地点输入框的网页元素时超时显示等待时间
2017-11-01 11:38:26.842 [main] ERROR com.witontek.ehospital2.base.Log - 【error】com.witontek.ehospital2.base.WebElementsUtils:未定位到页面元素，清空医院信息-取卡地点输入框失败
2017-11-01 11:38:27.132 [main] INFO  com.witontek.ehospital2.base.Log - 【info】com.witontek.ehospital2.base.BrowserUtils:截图成功
2017-11-01 11:38:27.132 [main] INFO  com.witontek.ehospital2.base.Log - 【info】com.witontek.ehospital2.base.WebElementsUtils:清空医院信息-取卡地点输入框
2017-11-01 11:38:57.197 [main] ERROR com.witontek.ehospital2.base.Log - 【error】com.witontek.ehospital2.base.WebElementsUtils:查找医院信息-取卡地点输入框的网页元素时出错
2017-11-01 11:38:57.199 [main] ERROR com.witontek.ehospital2.base.Log - 【error】com.witontek.ehospital2.base.WebElementsUtils:查找医院信息-取卡地点输入框的网页元素时超时显示等待时间
2017-11-01 11:38:57.199 [main] ERROR com.witontek.ehospital2.base.Log - 【error】com.witontek.ehospital2.base.WebElementsUtils:未定位到页面元素，在医院信息-取卡地点输入框输入：取卡地点失败
2017-11-01 11:38:57.521 [main] INFO  com.witontek.ehospital2.base.Log - 【info】com.witontek.ehospital2.base.BrowserUtils:截图成功
2017-11-01 11:38:57.521 [main] INFO  com.witontek.ehospital2.base.Log - 【info】com.witontek.ehospital2.base.WebElementsUtils:在医院信息-取卡地点输入框输入：取卡地点
2017-11-01 11:39:27.574 [main] ERROR com.witontek.ehospital2.base.Log - 【error】com.witontek.ehospital2.base.WebElementsUtils:查找医院信息-医院等级输入框的网页元素时出错
2017-11-01 11:39:27.575 [main] ERROR com.witontek.ehospital2.base.Log - 【error】com.witontek.ehospital2.base.WebElementsUtils:查找医院信息-医院等级输入框的网页元素时超时显示等待时间
2017-11-01 11:39:27.576 [main] ERROR com.witontek.ehospital2.base.Log - 【error】com.witontek.ehospital2.base.WebElementsUtils:未定位到页面元素，清空医院信息-医院等级输入框失败
2017-11-01 11:39:27.909 [main] INFO  com.witontek.ehospital2.base.Log - 【info】com.witontek.ehospital2.base.BrowserUtils:截图成功
2017-11-01 11:39:27.909 [main] INFO  com.witontek.ehospital2.base.Log - 【info】com.witontek.ehospital2.base.WebElementsUtils:清空医院信息-医院等级输入框
2017-11-01 11:39:57.955 [main] ERROR com.witontek.ehospital2.base.Log - 【error】com.witontek.ehospital2.base.WebElementsUtils:查找医院信息-医院等级输入框的网页元素时出错
2017-11-01 11:39:57.956 [main] ERROR com.witontek.ehospital2.base.Log - 【error】com.witontek.ehospital2.base.WebElementsUtils:查找医院信息-医院等级输入框的网页元素时超时显示等待时间
2017-11-01 11:39:57.956 [main] ERROR com.witontek.ehospital2.base.Log - 【error】com.witontek.ehospital2.base.WebElementsUtils:未定位到页面元素，在医院信息-医院等级输入框输入：三级甲等失败
2017-11-01 11:39:58.249 [main] INFO  com.witontek.ehospital2.base.Log - 【info】com.witontek.ehospital2.base.BrowserUtils:截图成功
2017-11-01 11:39:58.249 [main] INFO  com.witontek.ehospital2.base.Log - 【info】com.witontek.ehospital2.base.WebElementsUtils:在医院信息-医院等级输入框输入：三级甲等
2017-11-01 11:40:28.301 [main] ERROR com.witontek.ehospital2.base.Log - 【error】com.witontek.ehospital2.base.WebElementsUtils:查找医院信息-请选择省下拉框的网页元素时出错
2017-11-01 11:40:28.302 [main] ERROR com.witontek.ehospital2.base.Log - 【error】com.witontek.ehospital2.base.WebElementsUtils:查找医院信息-请选择省下拉框的网页元素时超时显示等待时间
2017-11-01 11:40:28.302 [main] ERROR com.witontek.ehospital2.base.Log - 【error】com.witontek.ehospital2.base.WebElementsUtils:未定位到页面元素，点击医院信息-请选择省下拉框失败
2017-11-01 11:40:28.641 [main] INFO  com.witontek.ehospital2.base.Log - 【info】com.witontek.ehospital2.base.BrowserUtils:截图成功
2017-11-01 11:40:28.641 [main] INFO  com.witontek.ehospital2.base.Log - 【info】com.witontek.ehospital2.base.WebElementsUtils:点击医院信息-请选择省下拉框
2017-11-01 11:40:58.700 [main] ERROR com.witontek.ehospital2.base.Log - 【error】com.witontek.ehospital2.base.WebElementsUtils:查找医院信息-选择省按钮的网页元素时出错
2017-11-01 11:40:58.700 [main] ERROR com.witontek.ehospital2.base.Log - 【error】com.witontek.ehospital2.base.WebElementsUtils:查找医院信息-选择省按钮的网页元素时超时显示等待时间
2017-11-01 11:40:58.701 [main] ERROR com.witontek.ehospital2.base.Log - 【error】com.witontek.ehospital2.base.WebElementsUtils:未定位到页面元素，点击医院信息-选择省按钮失败
2017-11-01 11:40:59.127 [main] INFO  com.witontek.ehospital2.base.Log - 【info】com.witontek.ehospital2.base.BrowserUtils:截图成功
2017-11-01 11:40:59.127 [main] INFO  com.witontek.ehospital2.base.Log - 【info】com.witontek.ehospital2.base.WebElementsUtils:点击医院信息-选择省按钮
2017-11-01 11:41:29.147 [main] ERROR com.witontek.ehospital2.base.Log - 【error】com.witontek.ehospital2.base.WebElementsUtils:查找医院信息-请选择省下拉框的网页元素时出错
2017-11-01 11:41:29.148 [main] ERROR com.witontek.ehospital2.base.Log - 【error】com.witontek.ehospital2.base.WebElementsUtils:查找医院信息-请选择省下拉框的网页元素时超时显示等待时间
2017-11-01 11:41:29.148 [main] ERROR com.witontek.ehospital2.base.Log - 【error】com.witontek.ehospital2.base.WebElementsUtils:未定位到页面元素，点击医院信息-请选择省下拉框失败
2017-11-01 11:41:29.548 [main] INFO  com.witontek.ehospital2.base.Log - 【info】com.witontek.ehospital2.base.BrowserUtils:截图成功
2017-11-01 11:41:29.549 [main] INFO  com.witontek.ehospital2.base.Log - 【info】com.witontek.ehospital2.base.WebElementsUtils:点击医院信息-请选择省下拉框
2017-11-01 11:41:59.582 [main] ERROR com.witontek.ehospital2.base.Log - 【error】com.witontek.ehospital2.base.WebElementsUtils:查找医院信息-选择市按钮的网页元素时出错
2017-11-01 11:41:59.583 [main] ERROR com.witontek.ehospital2.base.Log - 【error】com.witontek.ehospital2.base.WebElementsUtils:查找医院信息-选择市按钮的网页元素时超时显示等待时间
2017-11-01 11:41:59.584 [main] ERROR com.witontek.ehospital2.base.Log - 【error】com.witontek.ehospital2.base.WebElementsUtils:未定位到页面元素，点击医院信息-选择市按钮失败
2017-11-01 11:41:59.897 [main] INFO  com.witontek.ehospital2.base.Log - 【info】com.witontek.ehospital2.base.BrowserUtils:截图成功
2017-11-01 11:41:59.897 [main] INFO  com.witontek.ehospital2.base.Log - 【info】com.witontek.ehospital2.base.WebElementsUtils:点击医院信息-选择市按钮
2017-11-01 11:42:29.914 [main] ERROR com.witontek.ehospital2.base.Log - 【error】com.witontek.ehospital2.base.WebElementsUtils:查找医院信息-医院地址输入框的网页元素时出错
2017-11-01 11:42:29.916 [main] ERROR com.witontek.ehospital2.base.Log - 【error】com.witontek.ehospital2.base.WebElementsUtils:查找医院信息-医院地址输入框的网页元素时超时显示等待时间
2017-11-01 11:42:29.916 [main] ERROR com.witontek.ehospital2.base.Log - 【error】com.witontek.ehospital2.base.WebElementsUtils:未定位到页面元素，清空医院信息-医院地址输入框失败
2017-11-01 11:42:30.237 [main] INFO  com.witontek.ehospital2.base.Log - 【info】com.witontek.ehospital2.base.BrowserUtils:截图成功
2017-11-01 11:42:30.237 [main] INFO  com.witontek.ehospital2.base.Log - 【info】com.witontek.ehospital2.base.WebElementsUtils:清空医院信息-医院地址输入框
2017-11-01 11:43:00.257 [main] ERROR com.witontek.ehospital2.base.Log - 【error】com.witontek.ehospital2.base.WebElementsUtils:查找医院信息-医院地址输入框的网页元素时出错
2017-11-01 11:43:00.258 [main] ERROR com.witontek.ehospital2.base.Log - 【error】com.witontek.ehospital2.base.WebElementsUtils:查找医院信息-医院地址输入框的网页元素时超时显示等待时间
2017-11-01 11:43:00.259 [main] ERROR com.witontek.ehospital2.base.Log - 【error】com.witontek.ehospital2.base.WebElementsUtils:未定位到页面元素，在医院信息-医院地址输入框输入：医院地址失败
2017-11-01 11:43:00.589 [main] INFO  com.witontek.ehospital2.base.Log - 【info】com.witontek.ehospital2.base.BrowserUtils:截图成功
2017-11-01 11:43:00.590 [main] INFO  com.witontek.ehospital2.base.Log - 【info】com.witontek.ehospital2.base.WebElementsUtils:在医院信息-医院地址输入框输入：医院地址
2017-11-01 11:43:30.644 [main] ERROR com.witontek.ehospital2.base.Log - 【error】com.witontek.ehospital2.base.WebElementsUtils:查找医院信息-官方网站输入框的网页元素时出错
2017-11-01 11:43:30.644 [main] ERROR com.witontek.ehospital2.base.Log - 【error】com.witontek.ehospital2.base.WebElementsUtils:查找医院信息-官方网站输入框的网页元素时超时显示等待时间
2017-11-01 11:43:30.644 [main] ERROR com.witontek.ehospital2.base.Log - 【error】com.witontek.ehospital2.base.WebElementsUtils:未定位到页面元素，清空医院信息-官方网站输入框失败
2017-11-01 11:43:30.985 [main] INFO  com.witontek.ehospital2.base.Log - 【info】com.witontek.ehospital2.base.BrowserUtils:截图成功
2017-11-01 11:43:30.985 [main] INFO  com.witontek.ehospital2.base.Log - 【info】com.witontek.ehospital2.base.WebElementsUtils:清空医院信息-官方网站输入框
2017-11-01 11:44:01.051 [main] ERROR com.witontek.ehospital2.base.Log - 【error】com.witontek.ehospital2.base.WebElementsUtils:查找医院信息-官方网站输入框的网页元素时出错
2017-11-01 11:44:01.052 [main] ERROR com.witontek.ehospital2.base.Log - 【error】com.witontek.ehospital2.base.WebElementsUtils:查找医院信息-官方网站输入框的网页元素时超时显示等待时间
2017-11-01 11:44:01.052 [main] ERROR com.witontek.ehospital2.base.Log - 【error】com.witontek.ehospital2.base.WebElementsUtils:未定位到页面元素，在医院信息-官方网站输入框输入：https://www.baidu/com失败
2017-11-01 11:44:01.396 [main] INFO  com.witontek.ehospital2.base.Log - 【info】com.witontek.ehospital2.base.BrowserUtils:截图成功
2017-11-01 11:44:01.396 [main] INFO  com.witontek.ehospital2.base.Log - 【info】com.witontek.ehospital2.base.WebElementsUtils:在医院信息-官方网站输入框输入：https://www.baidu/com
2017-11-01 11:44:31.451 [main] ERROR com.witontek.ehospital2.base.Log - 【error】com.witontek.ehospital2.base.WebElementsUtils:查找医院信息-医院电话输入框的网页元素时出错
2017-11-01 11:44:31.452 [main] ERROR com.witontek.ehospital2.base.Log - 【error】com.witontek.ehospital2.base.WebElementsUtils:查找医院信息-医院电话输入框的网页元素时超时显示等待时间
2017-11-01 11:44:31.452 [main] ERROR com.witontek.ehospital2.base.Log - 【error】com.witontek.ehospital2.base.WebElementsUtils:未定位到页面元素，清空医院信息-医院电话输入框失败
2017-11-01 11:44:31.802 [main] INFO  com.witontek.ehospital2.base.Log - 【info】com.witontek.ehospital2.base.BrowserUtils:截图成功
2017-11-01 11:44:31.802 [main] INFO  com.witontek.ehospital2.base.Log - 【info】com.witontek.ehospital2.base.WebElementsUtils:清空医院信息-医院电话输入框
2017-11-01 11:45:01.846 [main] ERROR com.witontek.ehospital2.base.Log - 【error】com.witontek.ehospital2.base.WebElementsUtils:查找医院信息-医院电话输入框的网页元素时出错
2017-11-01 11:45:01.846 [main] ERROR com.witontek.ehospital2.base.Log - 【error】com.witontek.ehospital2.base.WebElementsUtils:查找医院信息-医院电话输入框的网页元素时超时显示等待时间
2017-11-01 11:45:01.847 [main] ERROR com.witontek.ehospital2.base.Log - 【error】com.witontek.ehospital2.base.WebElementsUtils:未定位到页面元素，在医院信息-医院电话输入框输入：17621851286失败
2017-11-01 11:45:02.158 [main] INFO  com.witontek.ehospital2.base.Log - 【info】com.witontek.ehospital2.base.BrowserUtils:截图成功
2017-11-01 11:45:02.159 [main] INFO  com.witontek.ehospital2.base.Log - 【info】com.witontek.ehospital2.base.WebElementsUtils:在医院信息-医院电话输入框输入：17621851286
2017-11-01 11:45:32.208 [main] ERROR com.witontek.ehospital2.base.Log - 【error】com.witontek.ehospital2.base.WebElementsUtils:查找医院信息-医院交通输入框的网页元素时出错
2017-11-01 11:45:32.209 [main] ERROR com.witontek.ehospital2.base.Log - 【error】com.witontek.ehospital2.base.WebElementsUtils:查找医院信息-医院交通输入框的网页元素时超时显示等待时间
2017-11-01 11:45:32.209 [main] ERROR com.witontek.ehospital2.base.Log - 【error】com.witontek.ehospital2.base.WebElementsUtils:未定位到页面元素，清空医院信息-医院交通输入框失败
2017-11-01 11:45:32.521 [main] INFO  com.witontek.ehospital2.base.Log - 【info】com.witontek.ehospital2.base.BrowserUtils:截图成功
2017-11-01 11:45:32.521 [main] INFO  com.witontek.ehospital2.base.Log - 【info】com.witontek.ehospital2.base.WebElementsUtils:清空医院信息-医院交通输入框
2017-11-01 11:46:02.548 [main] ERROR com.witontek.ehospital2.base.Log - 【error】com.witontek.ehospital2.base.WebElementsUtils:查找医院信息-医院交通输入框的网页元素时出错
2017-11-01 11:46:02.549 [main] ERROR com.witontek.ehospital2.base.Log - 【error】com.witontek.ehospital2.base.WebElementsUtils:查找医院信息-医院交通输入框的网页元素时超时显示等待时间
2017-11-01 11:46:02.549 [main] ERROR com.witontek.ehospital2.base.Log - 【error】com.witontek.ehospital2.base.WebElementsUtils:未定位到页面元素，在医院信息-医院交通输入框输入：医院交通失败
2017-11-01 11:46:02.858 [main] INFO  com.witontek.ehospital2.base.Log - 【info】com.witontek.ehospital2.base.BrowserUtils:截图成功
2017-11-01 11:46:02.859 [main] INFO  com.witontek.ehospital2.base.Log - 【info】com.witontek.ehospital2.base.WebElementsUtils:在医院信息-医院交通输入框输入：医院交通
2017-11-01 11:46:32.913 [main] ERROR com.witontek.ehospital2.base.Log - 【error】com.witontek.ehospital2.base.WebElementsUtils:查找医院信息-医院介绍输入框的网页元素时出错
2017-11-01 11:46:32.914 [main] ERROR com.witontek.ehospital2.base.Log - 【error】com.witontek.ehospital2.base.WebElementsUtils:查找医院信息-医院介绍输入框的网页元素时超时显示等待时间
2017-11-01 11:46:32.914 [main] ERROR com.witontek.ehospital2.base.Log - 【error】com.witontek.ehospital2.base.WebElementsUtils:未定位到页面元素，清空医院信息-医院介绍输入框失败
2017-11-01 11:46:33.215 [main] INFO  com.witontek.ehospital2.base.Log - 【info】com.witontek.ehospital2.base.BrowserUtils:截图成功
2017-11-01 11:46:33.216 [main] INFO  com.witontek.ehospital2.base.Log - 【info】com.witontek.ehospital2.base.WebElementsUtils:清空医院信息-医院介绍输入框
2017-11-01 11:47:03.266 [main] ERROR com.witontek.ehospital2.base.Log - 【error】com.witontek.ehospital2.base.WebElementsUtils:查找医院信息-医院介绍输入框的网页元素时出错
2017-11-01 11:47:03.267 [main] ERROR com.witontek.ehospital2.base.Log - 【error】com.witontek.ehospital2.base.WebElementsUtils:查找医院信息-医院介绍输入框的网页元素时超时显示等待时间
2017-11-01 11:47:03.268 [main] ERROR com.witontek.ehospital2.base.Log - 【error】com.witontek.ehospital2.base.WebElementsUtils:未定位到页面元素，在医院信息-医院介绍输入框输入：医院简介失败
2017-11-01 11:47:03.574 [main] INFO  com.witontek.ehospital2.base.Log - 【info】com.witontek.ehospital2.base.BrowserUtils:截图成功
2017-11-01 11:47:03.575 [main] INFO  com.witontek.ehospital2.base.Log - 【info】com.witontek.ehospital2.base.WebElementsUtils:在医院信息-医院介绍输入框输入：医院简介
2017-11-01 11:47:33.610 [main] ERROR com.witontek.ehospital2.base.Log - 【error】com.witontek.ehospital2.base.WebElementsUtils:查找医院信息-经度输入框的网页元素时出错
2017-11-01 11:47:33.612 [main] ERROR com.witontek.ehospital2.base.Log - 【error】com.witontek.ehospital2.base.WebElementsUtils:查找医院信息-经度输入框的网页元素时超时显示等待时间
2017-11-01 11:47:33.612 [main] ERROR com.witontek.ehospital2.base.Log - 【error】com.witontek.ehospital2.base.WebElementsUtils:未定位到页面元素，清空医院信息-经度输入框失败
2017-11-01 11:47:33.913 [main] INFO  com.witontek.ehospital2.base.Log - 【info】com.witontek.ehospital2.base.BrowserUtils:截图成功
2017-11-01 11:47:33.914 [main] INFO  com.witontek.ehospital2.base.Log - 【info】com.witontek.ehospital2.base.WebElementsUtils:清空医院信息-经度输入框
2017-11-01 11:48:03.952 [main] ERROR com.witontek.ehospital2.base.Log - 【error】com.witontek.ehospital2.base.WebElementsUtils:查找医院信息-经度输入框的网页元素时出错
2017-11-01 11:48:03.954 [main] ERROR com.witontek.ehospital2.base.Log - 【error】com.witontek.ehospital2.base.WebElementsUtils:查找医院信息-经度输入框的网页元素时超时显示等待时间
2017-11-01 11:48:03.954 [main] ERROR com.witontek.ehospital2.base.Log - 【error】com.witontek.ehospital2.base.WebElementsUtils:未定位到页面元素，在医院信息-经度输入框输入：111.111失败
2017-11-01 11:48:04.262 [main] INFO  com.witontek.ehospital2.base.Log - 【info】com.witontek.ehospital2.base.BrowserUtils:截图成功
2017-11-01 11:48:04.262 [main] INFO  com.witontek.ehospital2.base.Log - 【info】com.witontek.ehospital2.base.WebElementsUtils:在医院信息-经度输入框输入：111.111
2017-11-01 11:48:34.283 [main] ERROR com.witontek.ehospital2.base.Log - 【error】com.witontek.ehospital2.base.WebElementsUtils:查找医院信息-纬度输入框的网页元素时出错
2017-11-01 11:48:34.284 [main] ERROR com.witontek.ehospital2.base.Log - 【error】com.witontek.ehospital2.base.WebElementsUtils:查找医院信息-纬度输入框的网页元素时超时显示等待时间
2017-11-01 11:48:34.284 [main] ERROR com.witontek.ehospital2.base.Log - 【error】com.witontek.ehospital2.base.WebElementsUtils:未定位到页面元素，清空医院信息-纬度输入框失败
2017-11-01 11:48:34.680 [main] INFO  com.witontek.ehospital2.base.Log - 【info】com.witontek.ehospital2.base.BrowserUtils:截图成功
2017-11-01 11:48:34.680 [main] INFO  com.witontek.ehospital2.base.Log - 【info】com.witontek.ehospital2.base.WebElementsUtils:清空医院信息-纬度输入框
2017-11-01 11:49:04.740 [main] ERROR com.witontek.ehospital2.base.Log - 【error】com.witontek.ehospital2.base.WebElementsUtils:查找医院信息-纬度输入框的网页元素时出错
2017-11-01 11:49:04.741 [main] ERROR com.witontek.ehospital2.base.Log - 【error】com.witontek.ehospital2.base.WebElementsUtils:查找医院信息-纬度输入框的网页元素时超时显示等待时间
2017-11-01 11:49:04.741 [main] ERROR com.witontek.ehospital2.base.Log - 【error】com.witontek.ehospital2.base.WebElementsUtils:未定位到页面元素，在医院信息-纬度输入框输入：111.111失败
2017-11-01 11:49:05.046 [main] INFO  com.witontek.ehospital2.base.Log - 【info】com.witontek.ehospital2.base.BrowserUtils:截图成功
2017-11-01 11:49:05.046 [main] INFO  com.witontek.ehospital2.base.Log - 【info】com.witontek.ehospital2.base.WebElementsUtils:在医院信息-纬度输入框输入：111.111
2017-11-01 11:49:08.049 [main] INFO  com.witontek.ehospital2.base.Log - 【info】com.witontek.ehospital2.base.BrowserUtils:等待3秒
2017-11-01 11:49:09.252 [main] INFO  com.witontek.ehospital2.base.Log - 【info】com.witontek.ehospital2.base.BrowserUtils:退出浏览器
