2017-11-15 11:04:36.075 [main] INFO  com.witontek.ehospital2.base.Log - 【info】com.witontek.ehospital2.base.DriverUtils:打开谷歌浏览器
2017-11-15 11:04:37.025 [main] INFO  com.witontek.ehospital2.base.Log - 【info】com.witontek.ehospital2.base.ExcelUtils:读取appraiseManage/insertAppraise.xlsx文件
2017-11-15 11:04:52.186 [main] INFO  com.witontek.ehospital2.base.Log - 【info】com.witontek.ehospital2.base.BrowserUtils:打开网址:http://yltest.witontek.com/ehospital3web/web/admin.html#!/
2017-11-15 11:04:52.484 [main] INFO  com.witontek.ehospital2.base.Log - 【info】com.witontek.ehospital2.base.WebElementsUtils:在用户名输入框输入：sqsrmyyadmin
2017-11-15 11:04:52.750 [main] INFO  com.witontek.ehospital2.base.Log - 【info】com.witontek.ehospital2.base.WebElementsUtils:在密码输入框输入：admin
2017-11-15 11:04:53.021 [main] INFO  com.witontek.ehospital2.base.Log - 【info】com.witontek.ehospital2.base.WebElementsUtils:在验证码输入框输入：1111
2017-11-15 11:04:53.242 [main] INFO  com.witontek.ehospital2.base.Log - 【info】com.witontek.ehospital2.base.WebElementsUtils:点击登录按钮
2017-11-15 11:04:54.095 [main] INFO  com.witontek.ehospital2.base.Log - 【info】com.witontek.ehospital2.base.WebElementsUtils:点击业务信息管理
2017-11-15 11:04:55.839 [main] INFO  com.witontek.ehospital2.base.Log - 【info】com.witontek.ehospital2.base.WebElementsUtils:点击就医评价管理
2017-11-15 11:04:56.127 [main] INFO  com.witontek.ehospital2.base.Log - 【info】com.witontek.ehospital2.base.WebElementsUtils:点击就医评价管理-新增评价问卷按钮
2017-11-15 11:04:56.453 [main] INFO  com.witontek.ehospital2.base.Log - 【info】com.witontek.ehospital2.base.WebElementsUtils:在新增评价问卷-问卷名称输入框输入：睿博医院评价
2017-11-15 11:04:56.735 [main] INFO  com.witontek.ehospital2.base.Log - 【info】com.witontek.ehospital2.base.WebElementsUtils:在新增评价问卷-问卷说明输入框输入：睿博医院评价
2017-11-15 11:04:56.997 [main] INFO  com.witontek.ehospital2.base.Log - 【info】com.witontek.ehospital2.base.WebElementsUtils:点击新增评价问卷-问卷类型下拉框
2017-11-15 11:04:57.224 [main] INFO  com.witontek.ehospital2.base.Log - 【info】com.witontek.ehospital2.base.WebElementsUtils:点击新增评价问卷-选择问卷类型按钮
2017-11-15 11:04:57.486 [main] INFO  com.witontek.ehospital2.base.Log - 【info】com.witontek.ehospital2.base.WebElementsUtils:点击新增评价问卷-问卷状态单选按钮
2017-11-15 11:04:57.714 [main] INFO  com.witontek.ehospital2.base.Log - 【info】com.witontek.ehospital2.base.WebElementsUtils:点击新增评价问卷-保存按钮
2017-11-15 11:04:58.467 [main] INFO  com.witontek.ehospital2.base.Log - 【info】com.witontek.ehospital2.base.WebElementsUtils:点击就医评价管理-弹框关闭按钮
2017-11-15 11:04:59.173 [main] INFO  com.witontek.ehospital2.base.Log - 【info】com.witontek.ehospital2.base.WebElementsUtils:获取就医评价管理-评价问卷名称的文本信息
2017-11-15 11:04:59.173 [main] INFO  com.witontek.ehospital2.base.Log - 【info】com.witontek.ehospital2.page.AppraiseManagePage:就医评价管理-评价问卷名称：睿博医院评价
2017-11-15 11:04:59.174 [main] INFO  com.witontek.ehospital2.base.Log - 【info】com.witontek.ehospital2.base.AssertUtils:实际结果（睿博医院评价）与预期结果（睿博医院评价）相等，新增评价问卷成功
2017-11-15 11:04:59.257 [main] INFO  com.witontek.ehospital2.base.Log - 【info】com.witontek.ehospital2.base.ExcelUtils:读取appraiseManage/searchAppraise.xlsx文件
2017-11-15 11:04:59.333 [main] INFO  com.witontek.ehospital2.base.Log - 【info】com.witontek.ehospital2.base.BrowserUtils:打开网址:http://yltest.witontek.com/ehospital3web/web/admin.html#!/
2017-11-15 11:04:59.583 [main] INFO  com.witontek.ehospital2.base.Log - 【info】com.witontek.ehospital2.base.WebElementsUtils:在用户名输入框输入：sqsrmyyadmin
2017-11-15 11:04:59.806 [main] INFO  com.witontek.ehospital2.base.Log - 【info】com.witontek.ehospital2.base.WebElementsUtils:在密码输入框输入：admin
2017-11-15 11:05:00.023 [main] INFO  com.witontek.ehospital2.base.Log - 【info】com.witontek.ehospital2.base.WebElementsUtils:在验证码输入框输入：1111
2017-11-15 11:05:00.238 [main] INFO  com.witontek.ehospital2.base.Log - 【info】com.witontek.ehospital2.base.WebElementsUtils:点击登录按钮
2017-11-15 11:05:00.838 [main] INFO  com.witontek.ehospital2.base.Log - 【info】com.witontek.ehospital2.base.WebElementsUtils:在就医评价管理-问卷名称输入框输入：睿博医院评价
2017-11-15 11:05:01.054 [main] INFO  com.witontek.ehospital2.base.Log - 【info】com.witontek.ehospital2.base.WebElementsUtils:点击就医评价管理-搜索按钮
2017-11-15 11:05:01.257 [main] INFO  com.witontek.ehospital2.base.Log - 【info】com.witontek.ehospital2.base.WebElementsUtils:获取就医评价管理-评价问卷名称的文本信息
2017-11-15 11:05:01.257 [main] INFO  com.witontek.ehospital2.base.Log - 【info】com.witontek.ehospital2.page.AppraiseManagePage:就医评价管理-评价问卷名称：睿博医院评价
2017-11-15 11:05:01.258 [main] INFO  com.witontek.ehospital2.base.Log - 【info】com.witontek.ehospital2.base.AssertUtils:实际结果（睿博医院评价）包含预期结果（睿博医院评价），搜索评价问卷成功
2017-11-15 11:05:01.333 [main] INFO  com.witontek.ehospital2.base.Log - 【info】com.witontek.ehospital2.base.ExcelUtils:读取appraiseManage/updateAppraise.xlsx文件
2017-11-15 11:05:01.402 [main] INFO  com.witontek.ehospital2.base.Log - 【info】com.witontek.ehospital2.base.BrowserUtils:打开网址:http://yltest.witontek.com/ehospital3web/web/admin.html#!/
2017-11-15 11:05:01.648 [main] INFO  com.witontek.ehospital2.base.Log - 【info】com.witontek.ehospital2.base.WebElementsUtils:在用户名输入框输入：sqsrmyyadmin
2017-11-15 11:05:01.869 [main] INFO  com.witontek.ehospital2.base.Log - 【info】com.witontek.ehospital2.base.WebElementsUtils:在密码输入框输入：admin
2017-11-15 11:05:02.116 [main] INFO  com.witontek.ehospital2.base.Log - 【info】com.witontek.ehospital2.base.WebElementsUtils:在验证码输入框输入：1111
2017-11-15 11:05:02.332 [main] INFO  com.witontek.ehospital2.base.Log - 【info】com.witontek.ehospital2.base.WebElementsUtils:点击登录按钮
2017-11-15 11:05:12.738 [main] ERROR com.witontek.ehospital2.base.Log - 【error】com.witontek.ehospital2.base.WebElementsUtils:查找就医咨询管理-编辑按钮带索引的网页元素时出错
2017-11-15 11:05:13.167 [main] INFO  com.witontek.ehospital2.base.Log - 【info】com.witontek.ehospital2.base.BrowserUtils:截图成功
2017-11-15 11:05:16.178 [main] INFO  com.witontek.ehospital2.base.Log - 【info】com.witontek.ehospital2.base.BrowserUtils:等待3秒
2017-11-15 11:05:17.543 [main] INFO  com.witontek.ehospital2.base.Log - 【info】com.witontek.ehospital2.base.BrowserUtils:退出浏览器
2017-11-15 11:10:22.064 [main] INFO  com.witontek.ehospital2.base.Log - 【info】com.witontek.ehospital2.base.DriverUtils:打开谷歌浏览器
2017-11-15 11:10:22.951 [main] INFO  com.witontek.ehospital2.base.Log - 【info】com.witontek.ehospital2.base.ExcelUtils:读取appraiseManage/insertAppraise.xlsx文件
2017-11-15 11:10:35.623 [main] INFO  com.witontek.ehospital2.base.Log - 【info】com.witontek.ehospital2.base.BrowserUtils:打开网址:http://yltest.witontek.com/ehospital3web/web/admin.html#!/
2017-11-15 11:10:35.933 [main] INFO  com.witontek.ehospital2.base.Log - 【info】com.witontek.ehospital2.base.WebElementsUtils:在用户名输入框输入：sqsrmyyadmin
2017-11-15 11:10:36.182 [main] INFO  com.witontek.ehospital2.base.Log - 【info】com.witontek.ehospital2.base.WebElementsUtils:在密码输入框输入：admin
2017-11-15 11:10:36.457 [main] INFO  com.witontek.ehospital2.base.Log - 【info】com.witontek.ehospital2.base.WebElementsUtils:在验证码输入框输入：1111
2017-11-15 11:10:36.689 [main] INFO  com.witontek.ehospital2.base.Log - 【info】com.witontek.ehospital2.base.WebElementsUtils:点击登录按钮
2017-11-15 11:10:37.476 [main] INFO  com.witontek.ehospital2.base.Log - 【info】com.witontek.ehospital2.base.WebElementsUtils:点击业务信息管理
2017-11-15 11:10:39.279 [main] INFO  com.witontek.ehospital2.base.Log - 【info】com.witontek.ehospital2.base.WebElementsUtils:点击就医评价管理
2017-11-15 11:10:39.569 [main] INFO  com.witontek.ehospital2.base.Log - 【info】com.witontek.ehospital2.base.WebElementsUtils:点击就医评价管理-新增评价问卷按钮
2017-11-15 11:10:39.893 [main] INFO  com.witontek.ehospital2.base.Log - 【info】com.witontek.ehospital2.base.WebElementsUtils:在新增评价问卷-问卷名称输入框输入：睿博医院评价
2017-11-15 11:10:40.167 [main] INFO  com.witontek.ehospital2.base.Log - 【info】com.witontek.ehospital2.base.WebElementsUtils:在新增评价问卷-问卷说明输入框输入：睿博医院评价
2017-11-15 11:10:40.431 [main] INFO  com.witontek.ehospital2.base.Log - 【info】com.witontek.ehospital2.base.WebElementsUtils:点击新增评价问卷-问卷类型下拉框
2017-11-15 11:10:40.655 [main] INFO  com.witontek.ehospital2.base.Log - 【info】com.witontek.ehospital2.base.WebElementsUtils:点击新增评价问卷-选择问卷类型按钮
2017-11-15 11:10:40.880 [main] INFO  com.witontek.ehospital2.base.Log - 【info】com.witontek.ehospital2.base.WebElementsUtils:点击新增评价问卷-问卷状态单选按钮
2017-11-15 11:10:41.104 [main] INFO  com.witontek.ehospital2.base.Log - 【info】com.witontek.ehospital2.base.WebElementsUtils:点击新增评价问卷-保存按钮
2017-11-15 11:10:41.843 [main] INFO  com.witontek.ehospital2.base.Log - 【info】com.witontek.ehospital2.base.WebElementsUtils:点击就医评价管理-弹框关闭按钮
2017-11-15 11:10:42.544 [main] INFO  com.witontek.ehospital2.base.Log - 【info】com.witontek.ehospital2.base.WebElementsUtils:获取就医评价管理-评价问卷名称的文本信息
2017-11-15 11:10:42.545 [main] INFO  com.witontek.ehospital2.base.Log - 【info】com.witontek.ehospital2.page.AppraiseManagePage:就医评价管理-评价问卷名称：睿博医院评价
2017-11-15 11:10:42.546 [main] INFO  com.witontek.ehospital2.base.Log - 【info】com.witontek.ehospital2.base.AssertUtils:实际结果（睿博医院评价）与预期结果（睿博医院评价）相等，新增评价问卷成功
2017-11-15 11:10:42.635 [main] INFO  com.witontek.ehospital2.base.Log - 【info】com.witontek.ehospital2.base.ExcelUtils:读取appraiseManage/searchAppraise.xlsx文件
2017-11-15 11:10:42.711 [main] INFO  com.witontek.ehospital2.base.Log - 【info】com.witontek.ehospital2.base.BrowserUtils:打开网址:http://yltest.witontek.com/ehospital3web/web/admin.html#!/
2017-11-15 11:10:42.985 [main] INFO  com.witontek.ehospital2.base.Log - 【info】com.witontek.ehospital2.base.WebElementsUtils:在用户名输入框输入：sqsrmyyadmin
2017-11-15 11:10:43.195 [main] INFO  com.witontek.ehospital2.base.Log - 【info】com.witontek.ehospital2.base.WebElementsUtils:在密码输入框输入：admin
2017-11-15 11:10:43.433 [main] INFO  com.witontek.ehospital2.base.Log - 【info】com.witontek.ehospital2.base.WebElementsUtils:在验证码输入框输入：1111
2017-11-15 11:10:43.650 [main] INFO  com.witontek.ehospital2.base.Log - 【info】com.witontek.ehospital2.base.WebElementsUtils:点击登录按钮
2017-11-15 11:10:44.387 [main] INFO  com.witontek.ehospital2.base.Log - 【info】com.witontek.ehospital2.base.WebElementsUtils:在就医评价管理-问卷名称输入框输入：睿博医院评价
2017-11-15 11:10:44.608 [main] INFO  com.witontek.ehospital2.base.Log - 【info】com.witontek.ehospital2.base.WebElementsUtils:点击就医评价管理-搜索按钮
2017-11-15 11:10:44.799 [main] INFO  com.witontek.ehospital2.base.Log - 【info】com.witontek.ehospital2.base.WebElementsUtils:获取就医评价管理-评价问卷名称的文本信息
2017-11-15 11:10:44.800 [main] INFO  com.witontek.ehospital2.base.Log - 【info】com.witontek.ehospital2.page.AppraiseManagePage:就医评价管理-评价问卷名称：睿博医院评价
2017-11-15 11:10:44.800 [main] INFO  com.witontek.ehospital2.base.Log - 【info】com.witontek.ehospital2.base.AssertUtils:实际结果（睿博医院评价）包含预期结果（睿博医院评价），搜索评价问卷成功
2017-11-15 11:10:44.873 [main] INFO  com.witontek.ehospital2.base.Log - 【info】com.witontek.ehospital2.base.ExcelUtils:读取appraiseManage/updateAppraise.xlsx文件
2017-11-15 11:10:44.946 [main] INFO  com.witontek.ehospital2.base.Log - 【info】com.witontek.ehospital2.base.BrowserUtils:打开网址:http://yltest.witontek.com/ehospital3web/web/admin.html#!/
2017-11-15 11:10:45.201 [main] INFO  com.witontek.ehospital2.base.Log - 【info】com.witontek.ehospital2.base.WebElementsUtils:在用户名输入框输入：sqsrmyyadmin
2017-11-15 11:10:45.433 [main] INFO  com.witontek.ehospital2.base.Log - 【info】com.witontek.ehospital2.base.WebElementsUtils:在密码输入框输入：admin
2017-11-15 11:10:45.651 [main] INFO  com.witontek.ehospital2.base.Log - 【info】com.witontek.ehospital2.base.WebElementsUtils:在验证码输入框输入：1111
2017-11-15 11:10:45.862 [main] INFO  com.witontek.ehospital2.base.Log - 【info】com.witontek.ehospital2.base.WebElementsUtils:点击登录按钮
2017-11-15 11:10:56.287 [main] ERROR com.witontek.ehospital2.base.Log - 【error】com.witontek.ehospital2.base.WebElementsUtils:查找就医咨询管理-编辑按钮带索引的网页元素时出错
2017-11-15 11:10:56.665 [main] INFO  com.witontek.ehospital2.base.Log - 【info】com.witontek.ehospital2.base.BrowserUtils:截图成功
2017-11-15 11:10:59.677 [main] INFO  com.witontek.ehospital2.base.Log - 【info】com.witontek.ehospital2.base.BrowserUtils:等待3秒
2017-11-15 11:11:00.782 [main] INFO  com.witontek.ehospital2.base.Log - 【info】com.witontek.ehospital2.base.BrowserUtils:退出浏览器
2017-11-15 11:13:03.954 [main] INFO  com.witontek.ehospital2.base.Log - 【info】com.witontek.ehospital2.base.DriverUtils:打开谷歌浏览器
2017-11-15 11:13:04.876 [main] INFO  com.witontek.ehospital2.base.Log - 【info】com.witontek.ehospital2.base.ExcelUtils:读取appraiseManage/insertAppraise.xlsx文件
2017-11-15 11:13:18.152 [main] INFO  com.witontek.ehospital2.base.Log - 【info】com.witontek.ehospital2.base.BrowserUtils:打开网址:http://yltest.witontek.com/ehospital3web/web/admin.html#!/
2017-11-15 11:13:18.460 [main] INFO  com.witontek.ehospital2.base.Log - 【info】com.witontek.ehospital2.base.WebElementsUtils:在用户名输入框输入：sqsrmyyadmin
2017-11-15 11:13:18.716 [main] INFO  com.witontek.ehospital2.base.Log - 【info】com.witontek.ehospital2.base.WebElementsUtils:在密码输入框输入：admin
2017-11-15 11:13:18.972 [main] INFO  com.witontek.ehospital2.base.Log - 【info】com.witontek.ehospital2.base.WebElementsUtils:在验证码输入框输入：1111
2017-11-15 11:13:19.195 [main] INFO  com.witontek.ehospital2.base.Log - 【info】com.witontek.ehospital2.base.WebElementsUtils:点击登录按钮
2017-11-15 11:13:19.894 [main] INFO  com.witontek.ehospital2.base.Log - 【info】com.witontek.ehospital2.base.WebElementsUtils:点击业务信息管理
2017-11-15 11:13:21.673 [main] INFO  com.witontek.ehospital2.base.Log - 【info】com.witontek.ehospital2.base.WebElementsUtils:点击就医评价管理
2017-11-15 11:13:21.977 [main] INFO  com.witontek.ehospital2.base.Log - 【info】com.witontek.ehospital2.base.WebElementsUtils:点击就医评价管理-新增评价问卷按钮
2017-11-15 11:13:22.295 [main] INFO  com.witontek.ehospital2.base.Log - 【info】com.witontek.ehospital2.base.WebElementsUtils:在新增评价问卷-问卷名称输入框输入：睿博医院评价
2017-11-15 11:13:22.573 [main] INFO  com.witontek.ehospital2.base.Log - 【info】com.witontek.ehospital2.base.WebElementsUtils:在新增评价问卷-问卷说明输入框输入：睿博医院评价
2017-11-15 11:13:22.837 [main] INFO  com.witontek.ehospital2.base.Log - 【info】com.witontek.ehospital2.base.WebElementsUtils:点击新增评价问卷-问卷类型下拉框
2017-11-15 11:13:23.066 [main] INFO  com.witontek.ehospital2.base.Log - 【info】com.witontek.ehospital2.base.WebElementsUtils:点击新增评价问卷-选择问卷类型按钮
2017-11-15 11:13:23.327 [main] INFO  com.witontek.ehospital2.base.Log - 【info】com.witontek.ehospital2.base.WebElementsUtils:点击新增评价问卷-问卷状态单选按钮
2017-11-15 11:13:23.587 [main] INFO  com.witontek.ehospital2.base.Log - 【info】com.witontek.ehospital2.base.WebElementsUtils:点击新增评价问卷-保存按钮
2017-11-15 11:13:24.320 [main] INFO  com.witontek.ehospital2.base.Log - 【info】com.witontek.ehospital2.base.WebElementsUtils:点击就医评价管理-弹框关闭按钮
2017-11-15 11:13:25.017 [main] INFO  com.witontek.ehospital2.base.Log - 【info】com.witontek.ehospital2.base.WebElementsUtils:获取就医评价管理-评价问卷名称的文本信息
2017-11-15 11:13:25.017 [main] INFO  com.witontek.ehospital2.base.Log - 【info】com.witontek.ehospital2.page.AppraiseManagePage:就医评价管理-评价问卷名称：睿博医院评价
2017-11-15 11:13:25.019 [main] INFO  com.witontek.ehospital2.base.Log - 【info】com.witontek.ehospital2.base.AssertUtils:实际结果（睿博医院评价）与预期结果（睿博医院评价）相等，新增评价问卷成功
2017-11-15 11:13:25.117 [main] INFO  com.witontek.ehospital2.base.Log - 【info】com.witontek.ehospital2.base.ExcelUtils:读取appraiseManage/searchAppraise.xlsx文件
2017-11-15 11:13:25.203 [main] INFO  com.witontek.ehospital2.base.Log - 【info】com.witontek.ehospital2.base.BrowserUtils:打开网址:http://yltest.witontek.com/ehospital3web/web/admin.html#!/
2017-11-15 11:13:25.455 [main] INFO  com.witontek.ehospital2.base.Log - 【info】com.witontek.ehospital2.base.WebElementsUtils:在用户名输入框输入：sqsrmyyadmin
2017-11-15 11:13:25.688 [main] INFO  com.witontek.ehospital2.base.Log - 【info】com.witontek.ehospital2.base.WebElementsUtils:在密码输入框输入：admin
2017-11-15 11:13:25.924 [main] INFO  com.witontek.ehospital2.base.Log - 【info】com.witontek.ehospital2.base.WebElementsUtils:在验证码输入框输入：1111
2017-11-15 11:13:26.154 [main] INFO  com.witontek.ehospital2.base.Log - 【info】com.witontek.ehospital2.base.WebElementsUtils:点击登录按钮
2017-11-15 11:13:26.743 [main] INFO  com.witontek.ehospital2.base.Log - 【info】com.witontek.ehospital2.base.WebElementsUtils:在就医评价管理-问卷名称输入框输入：睿博医院评价
2017-11-15 11:13:26.965 [main] INFO  com.witontek.ehospital2.base.Log - 【info】com.witontek.ehospital2.base.WebElementsUtils:点击就医评价管理-搜索按钮
2017-11-15 11:13:27.144 [main] INFO  com.witontek.ehospital2.base.Log - 【info】com.witontek.ehospital2.base.WebElementsUtils:获取就医评价管理-评价问卷名称的文本信息
2017-11-15 11:13:27.145 [main] INFO  com.witontek.ehospital2.base.Log - 【info】com.witontek.ehospital2.page.AppraiseManagePage:就医评价管理-评价问卷名称：睿博医院评价
2017-11-15 11:13:27.145 [main] INFO  com.witontek.ehospital2.base.Log - 【info】com.witontek.ehospital2.base.AssertUtils:实际结果（睿博医院评价）包含预期结果（睿博医院评价），搜索评价问卷成功
2017-11-15 11:13:27.261 [main] INFO  com.witontek.ehospital2.base.Log - 【info】com.witontek.ehospital2.base.ExcelUtils:读取appraiseManage/updateAppraise.xlsx文件
2017-11-15 11:13:27.350 [main] INFO  com.witontek.ehospital2.base.Log - 【info】com.witontek.ehospital2.base.BrowserUtils:打开网址:http://yltest.witontek.com/ehospital3web/web/admin.html#!/
2017-11-15 11:13:27.600 [main] INFO  com.witontek.ehospital2.base.Log - 【info】com.witontek.ehospital2.base.WebElementsUtils:在用户名输入框输入：sqsrmyyadmin
2017-11-15 11:13:27.831 [main] INFO  com.witontek.ehospital2.base.Log - 【info】com.witontek.ehospital2.base.WebElementsUtils:在密码输入框输入：admin
2017-11-15 11:13:28.078 [main] INFO  com.witontek.ehospital2.base.Log - 【info】com.witontek.ehospital2.base.WebElementsUtils:在验证码输入框输入：1111
2017-11-15 11:13:28.292 [main] INFO  com.witontek.ehospital2.base.Log - 【info】com.witontek.ehospital2.base.WebElementsUtils:点击登录按钮
2017-11-15 11:13:28.869 [main] INFO  com.witontek.ehospital2.base.Log - 【info】com.witontek.ehospital2.base.WebElementsUtils:点击就医咨询管理-编辑按钮
2017-11-15 11:13:29.042 [main] INFO  com.witontek.ehospital2.base.Log - 【info】com.witontek.ehospital2.base.WebElementsUtils:清空编辑评价问卷-问卷名称输入框
2017-11-15 11:13:29.344 [main] INFO  com.witontek.ehospital2.base.Log - 【info】com.witontek.ehospital2.base.WebElementsUtils:在编辑评价问卷-问卷名称输入框输入：睿博就医评价
2017-11-15 11:13:29.522 [main] INFO  com.witontek.ehospital2.base.Log - 【info】com.witontek.ehospital2.base.WebElementsUtils:清空编辑评价问卷-问卷说明输入框
2017-11-15 11:13:29.775 [main] INFO  com.witontek.ehospital2.base.Log - 【info】com.witontek.ehospital2.base.WebElementsUtils:在编辑评价问卷-问卷说明输入框输入：睿博就医评价
2017-11-15 11:13:30.031 [main] INFO  com.witontek.ehospital2.base.Log - 【info】com.witontek.ehospital2.base.WebElementsUtils:点击编辑评价问卷-问卷类型下拉框
2017-11-15 11:13:30.265 [main] INFO  com.witontek.ehospital2.base.Log - 【info】com.witontek.ehospital2.base.WebElementsUtils:点击编辑评价问卷-选择问卷类型按钮
2017-11-15 11:13:30.500 [main] INFO  com.witontek.ehospital2.base.Log - 【info】com.witontek.ehospital2.base.WebElementsUtils:点击编辑评价问卷-问卷状态单选按钮
2017-11-15 11:13:30.711 [main] INFO  com.witontek.ehospital2.base.Log - 【info】com.witontek.ehospital2.base.WebElementsUtils:点击编辑评价问卷-保存按钮
2017-11-15 11:13:31.452 [main] INFO  com.witontek.ehospital2.base.Log - 【info】com.witontek.ehospital2.base.WebElementsUtils:点击就医评价管理-弹框关闭按钮
2017-11-15 11:13:32.131 [main] INFO  com.witontek.ehospital2.base.Log - 【info】com.witontek.ehospital2.base.WebElementsUtils:获取就医评价管理-评价问卷名称的文本信息
2017-11-15 11:13:32.132 [main] INFO  com.witontek.ehospital2.base.Log - 【info】com.witontek.ehospital2.page.AppraiseManagePage:就医评价管理-评价问卷名称：睿博医院评价
2017-11-15 11:13:32.132 [main] ERROR com.witontek.ehospital2.base.Log - 【error】com.witontek.ehospital2.base.AssertUtils:实际结果（睿博医院评价）与预期结果（睿博就医评价）不相等，编辑评价问卷成功
2017-11-15 11:13:32.488 [main] INFO  com.witontek.ehospital2.base.Log - 【info】com.witontek.ehospital2.base.BrowserUtils:截图成功
2017-11-15 11:13:35.502 [main] INFO  com.witontek.ehospital2.base.Log - 【info】com.witontek.ehospital2.base.BrowserUtils:等待3秒
2017-11-15 11:13:36.547 [main] INFO  com.witontek.ehospital2.base.Log - 【info】com.witontek.ehospital2.base.BrowserUtils:退出浏览器
2017-11-15 11:28:38.484 [main] INFO  com.witontek.ehospital2.base.Log - 【info】com.witontek.ehospital2.base.DriverUtils:打开谷歌浏览器
2017-11-15 11:28:39.368 [main] INFO  com.witontek.ehospital2.base.Log - 【info】com.witontek.ehospital2.base.ExcelUtils:读取appraiseManage/insertAppraise.xlsx文件
2017-11-15 11:28:54.138 [main] INFO  com.witontek.ehospital2.base.Log - 【info】com.witontek.ehospital2.base.BrowserUtils:打开网址:http://yltest.witontek.com/ehospital3web/web/admin.html#!/
2017-11-15 11:28:54.436 [main] INFO  com.witontek.ehospital2.base.Log - 【info】com.witontek.ehospital2.base.WebElementsUtils:在用户名输入框输入：sqsrmyyadmin
2017-11-15 11:28:54.672 [main] INFO  com.witontek.ehospital2.base.Log - 【info】com.witontek.ehospital2.base.WebElementsUtils:在密码输入框输入：admin
2017-11-15 11:28:54.906 [main] INFO  com.witontek.ehospital2.base.Log - 【info】com.witontek.ehospital2.base.WebElementsUtils:在验证码输入框输入：1111
2017-11-15 11:28:55.167 [main] INFO  com.witontek.ehospital2.base.Log - 【info】com.witontek.ehospital2.base.WebElementsUtils:点击登录按钮
2017-11-15 11:28:55.870 [main] INFO  com.witontek.ehospital2.base.Log - 【info】com.witontek.ehospital2.base.WebElementsUtils:点击业务信息管理
2017-11-15 11:28:57.609 [main] INFO  com.witontek.ehospital2.base.Log - 【info】com.witontek.ehospital2.base.WebElementsUtils:点击就医评价管理
2017-11-15 11:28:57.930 [main] INFO  com.witontek.ehospital2.base.Log - 【info】com.witontek.ehospital2.base.WebElementsUtils:点击就医评价管理-新增评价问卷按钮
2017-11-15 11:28:58.244 [main] INFO  com.witontek.ehospital2.base.Log - 【info】com.witontek.ehospital2.base.WebElementsUtils:在新增评价问卷-问卷名称输入框输入：睿博医院评价
2017-11-15 11:28:58.527 [main] INFO  com.witontek.ehospital2.base.Log - 【info】com.witontek.ehospital2.base.WebElementsUtils:在新增评价问卷-问卷说明输入框输入：睿博医院评价
2017-11-15 11:28:58.772 [main] INFO  com.witontek.ehospital2.base.Log - 【info】com.witontek.ehospital2.base.WebElementsUtils:点击新增评价问卷-问卷类型下拉框
2017-11-15 11:28:59.005 [main] INFO  com.witontek.ehospital2.base.Log - 【info】com.witontek.ehospital2.base.WebElementsUtils:点击新增评价问卷-选择问卷类型按钮
2017-11-15 11:28:59.234 [main] INFO  com.witontek.ehospital2.base.Log - 【info】com.witontek.ehospital2.base.WebElementsUtils:点击新增评价问卷-问卷状态单选按钮
2017-11-15 11:28:59.453 [main] INFO  com.witontek.ehospital2.base.Log - 【info】com.witontek.ehospital2.base.WebElementsUtils:点击新增评价问卷-保存按钮
2017-11-15 11:29:00.186 [main] INFO  com.witontek.ehospital2.base.Log - 【info】com.witontek.ehospital2.base.WebElementsUtils:点击就医评价管理-弹框关闭按钮
2017-11-15 11:29:00.889 [main] INFO  com.witontek.ehospital2.base.Log - 【info】com.witontek.ehospital2.base.WebElementsUtils:获取就医评价管理-评价问卷名称的文本信息
2017-11-15 11:29:00.890 [main] INFO  com.witontek.ehospital2.base.Log - 【info】com.witontek.ehospital2.page.AppraiseManagePage:就医评价管理-评价问卷名称：睿博医院评价
2017-11-15 11:29:00.891 [main] INFO  com.witontek.ehospital2.base.Log - 【info】com.witontek.ehospital2.base.AssertUtils:实际结果（睿博医院评价）与预期结果（睿博医院评价）相等，新增评价问卷成功
2017-11-15 11:29:00.983 [main] INFO  com.witontek.ehospital2.base.Log - 【info】com.witontek.ehospital2.base.ExcelUtils:读取appraiseManage/searchAppraise.xlsx文件
2017-11-15 11:29:01.064 [main] INFO  com.witontek.ehospital2.base.Log - 【info】com.witontek.ehospital2.base.BrowserUtils:打开网址:http://yltest.witontek.com/ehospital3web/web/admin.html#!/
2017-11-15 11:29:01.331 [main] INFO  com.witontek.ehospital2.base.Log - 【info】com.witontek.ehospital2.base.WebElementsUtils:在用户名输入框输入：sqsrmyyadmin
2017-11-15 11:29:01.547 [main] INFO  com.witontek.ehospital2.base.Log - 【info】com.witontek.ehospital2.base.WebElementsUtils:在密码输入框输入：admin
2017-11-15 11:29:01.776 [main] INFO  com.witontek.ehospital2.base.Log - 【info】com.witontek.ehospital2.base.WebElementsUtils:在验证码输入框输入：1111
2017-11-15 11:29:01.967 [main] INFO  com.witontek.ehospital2.base.Log - 【info】com.witontek.ehospital2.base.WebElementsUtils:点击登录按钮
2017-11-15 11:29:02.645 [main] INFO  com.witontek.ehospital2.base.Log - 【info】com.witontek.ehospital2.base.WebElementsUtils:在就医评价管理-问卷名称输入框输入：睿博医院评价
2017-11-15 11:29:02.864 [main] INFO  com.witontek.ehospital2.base.Log - 【info】com.witontek.ehospital2.base.WebElementsUtils:点击就医评价管理-搜索按钮
2017-11-15 11:29:03.027 [main] INFO  com.witontek.ehospital2.base.Log - 【info】com.witontek.ehospital2.base.WebElementsUtils:获取就医评价管理-评价问卷名称的文本信息
2017-11-15 11:29:03.028 [main] INFO  com.witontek.ehospital2.base.Log - 【info】com.witontek.ehospital2.page.AppraiseManagePage:就医评价管理-评价问卷名称：睿博医院评价
2017-11-15 11:29:03.028 [main] INFO  com.witontek.ehospital2.base.Log - 【info】com.witontek.ehospital2.base.AssertUtils:实际结果（睿博医院评价）包含预期结果（睿博医院评价），搜索评价问卷成功
2017-11-15 11:29:03.106 [main] INFO  com.witontek.ehospital2.base.Log - 【info】com.witontek.ehospital2.base.BrowserUtils:打开网址:http://yltest.witontek.com/ehospital3web/web/admin.html#!/
2017-11-15 11:29:03.358 [main] INFO  com.witontek.ehospital2.base.Log - 【info】com.witontek.ehospital2.base.WebElementsUtils:在用户名输入框输入：sqsrmyyadmin
2017-11-15 11:29:03.569 [main] INFO  com.witontek.ehospital2.base.Log - 【info】com.witontek.ehospital2.base.WebElementsUtils:在密码输入框输入：admin
2017-11-15 11:29:03.820 [main] INFO  com.witontek.ehospital2.base.Log - 【info】com.witontek.ehospital2.base.WebElementsUtils:在验证码输入框输入：1111
2017-11-15 11:29:04.017 [main] INFO  com.witontek.ehospital2.base.Log - 【info】com.witontek.ehospital2.base.WebElementsUtils:点击登录按钮
2017-11-15 11:29:04.445 [main] INFO  com.witontek.ehospital2.base.Log - 【info】com.witontek.ehospital2.base.WebElementsUtils:获取就医评价管理-总记录数的文本信息
2017-11-15 11:29:04.445 [main] INFO  com.witontek.ehospital2.base.Log - 【info】com.witontek.ehospital2.page.AppraiseManagePage:就医评价管理-总记录数：13
2017-11-15 11:29:04.706 [main] INFO  com.witontek.ehospital2.base.Log - 【info】com.witontek.ehospital2.base.WebElementsUtils:点击就医评价管理-删除按钮
2017-11-15 11:29:05.445 [main] INFO  com.witontek.ehospital2.base.Log - 【info】com.witontek.ehospital2.base.WebElementsUtils:点击就医评价管理-弹框确认删除按钮
2017-11-15 11:29:06.673 [main] INFO  com.witontek.ehospital2.base.Log - 【info】com.witontek.ehospital2.base.WebElementsUtils:点击就医评价管理-弹框关闭按钮
2017-11-15 11:29:07.313 [main] INFO  com.witontek.ehospital2.base.Log - 【info】com.witontek.ehospital2.base.WebElementsUtils:获取就医评价管理-总记录数的文本信息
2017-11-15 11:29:07.313 [main] INFO  com.witontek.ehospital2.base.Log - 【info】com.witontek.ehospital2.page.AppraiseManagePage:就医评价管理-总记录数：12
2017-11-15 11:29:07.313 [main] INFO  com.witontek.ehospital2.base.Log - 【info】com.witontek.ehospital2.business.AppraiseManage:删除后评价问卷总数与删除前不一致，删除评价问卷成功
2017-11-15 11:29:10.317 [main] INFO  com.witontek.ehospital2.base.Log - 【info】com.witontek.ehospital2.base.BrowserUtils:等待3秒
2017-11-15 11:29:11.411 [main] INFO  com.witontek.ehospital2.base.Log - 【info】com.witontek.ehospital2.base.BrowserUtils:退出浏览器
