2017-10-31 10:29:18.872 [main] INFO  com.witontek.ehospital2.base.Log - 【info】com.witontek.ehospital2.base.PropertiesUtils:读取url.properties文件中的LOGIN_URL
2017-10-31 10:29:18.889 [main] INFO  com.witontek.ehospital2.base.Log - 【info】com.witontek.ehospital2.base.PropertiesUtils:读取url.properties文件中的NEW_LOGIN_URL
2017-10-31 10:29:18.889 [main] INFO  com.witontek.ehospital2.base.Log - 【info】com.witontek.ehospital2.base.PropertiesUtils:读取driverPath.properties文件中的CHROME_DRIVER_PATH
2017-10-31 10:29:24.035 [main] INFO  com.witontek.ehospital2.base.Log - 【info】com.witontek.ehospital2.base.DriverUtils:打开谷歌浏览器
2017-10-31 10:29:24.908 [main] INFO  com.witontek.ehospital2.base.Log - 【info】com.witontek.ehospital2.base.ExcelUtils:读取loginSuccess.xlsx文件
2017-10-31 10:29:39.993 [main] INFO  com.witontek.ehospital2.base.Log - 【info】com.witontek.ehospital2.base.BrowserUtils:打开网址:http://yltest.witontek.com/ehospital3web/web/admin.html#!/
2017-10-31 10:29:40.203 [main] INFO  com.witontek.ehospital2.base.Log - 【info】com.witontek.ehospital2.base.WebElementsUtils:在用户名输入框输入：sqsrmyyadmin
2017-10-31 10:29:40.324 [main] INFO  com.witontek.ehospital2.base.Log - 【info】com.witontek.ehospital2.base.WebElementsUtils:在密码输入框输入：admin
2017-10-31 10:29:40.461 [main] INFO  com.witontek.ehospital2.base.Log - 【info】com.witontek.ehospital2.base.WebElementsUtils:在验证码输入框输入：1111
2017-10-31 10:29:40.589 [main] INFO  com.witontek.ehospital2.base.Log - 【info】com.witontek.ehospital2.base.WebElementsUtils:点击登录按钮
2017-10-31 10:29:40.589 [main] INFO  com.witontek.ehospital2.base.Log - 【info】com.witontek.ehospital2.page.LoginPage:登录成功
2017-10-31 10:29:41.025 [main] INFO  com.witontek.ehospital2.base.Log - 【info】com.witontek.ehospital2.base.WebElementsUtils:点击业务信息管理
2017-10-31 10:29:42.026 [main] INFO  com.witontek.ehospital2.base.Log - 【info】com.witontek.ehospital2.base.BrowserUtils:等待1秒
2017-10-31 10:29:42.242 [main] INFO  com.witontek.ehospital2.base.Log - 【info】com.witontek.ehospital2.base.WebElementsUtils:点击医生管理
2017-10-31 10:29:42.531 [main] INFO  com.witontek.ehospital2.base.Log - 【info】com.witontek.ehospital2.base.WebElementsUtils:点击医生管理-置顶
2017-10-31 10:29:45.537 [main] INFO  com.witontek.ehospital2.base.Log - 【info】com.witontek.ehospital2.base.BrowserUtils:等待3秒
2017-10-31 10:29:46.578 [main] INFO  com.witontek.ehospital2.base.Log - 【info】com.witontek.ehospital2.base.BrowserUtils:退出浏览器
2017-10-31 10:30:29.434 [main] INFO  com.witontek.ehospital2.base.Log - 【info】com.witontek.ehospital2.base.PropertiesUtils:读取url.properties文件中的LOGIN_URL
2017-10-31 10:30:29.453 [main] INFO  com.witontek.ehospital2.base.Log - 【info】com.witontek.ehospital2.base.PropertiesUtils:读取url.properties文件中的NEW_LOGIN_URL
2017-10-31 10:30:29.453 [main] INFO  com.witontek.ehospital2.base.Log - 【info】com.witontek.ehospital2.base.PropertiesUtils:读取driverPath.properties文件中的CHROME_DRIVER_PATH
2017-10-31 10:30:33.719 [main] INFO  com.witontek.ehospital2.base.Log - 【info】com.witontek.ehospital2.base.DriverUtils:打开谷歌浏览器
2017-10-31 10:30:34.598 [main] INFO  com.witontek.ehospital2.base.Log - 【info】com.witontek.ehospital2.base.ExcelUtils:读取loginSuccess.xlsx文件
2017-10-31 10:30:47.322 [main] INFO  com.witontek.ehospital2.base.Log - 【info】com.witontek.ehospital2.base.BrowserUtils:打开网址:http://yltest.witontek.com/ehospital3web/web/admin.html#!/
2017-10-31 10:30:47.565 [main] INFO  com.witontek.ehospital2.base.Log - 【info】com.witontek.ehospital2.base.WebElementsUtils:在用户名输入框输入：sqsrmyyadmin
2017-10-31 10:30:47.689 [main] INFO  com.witontek.ehospital2.base.Log - 【info】com.witontek.ehospital2.base.WebElementsUtils:在密码输入框输入：admin
2017-10-31 10:30:47.853 [main] INFO  com.witontek.ehospital2.base.Log - 【info】com.witontek.ehospital2.base.WebElementsUtils:在验证码输入框输入：1111
2017-10-31 10:30:47.978 [main] INFO  com.witontek.ehospital2.base.Log - 【info】com.witontek.ehospital2.base.WebElementsUtils:点击登录按钮
2017-10-31 10:30:47.979 [main] INFO  com.witontek.ehospital2.base.Log - 【info】com.witontek.ehospital2.page.LoginPage:登录成功
2017-10-31 10:30:48.412 [main] INFO  com.witontek.ehospital2.base.Log - 【info】com.witontek.ehospital2.base.WebElementsUtils:点击业务信息管理
2017-10-31 10:30:49.412 [main] INFO  com.witontek.ehospital2.base.Log - 【info】com.witontek.ehospital2.base.BrowserUtils:等待1秒
2017-10-31 10:30:49.617 [main] INFO  com.witontek.ehospital2.base.Log - 【info】com.witontek.ehospital2.base.WebElementsUtils:点击医生管理
2017-10-31 10:30:49.886 [main] INFO  com.witontek.ehospital2.base.Log - 【info】com.witontek.ehospital2.base.WebElementsUtils:点击医生管理-置顶
2017-10-31 10:30:52.891 [main] INFO  com.witontek.ehospital2.base.Log - 【info】com.witontek.ehospital2.base.BrowserUtils:等待3秒
2017-10-31 10:30:53.890 [main] INFO  com.witontek.ehospital2.base.Log - 【info】com.witontek.ehospital2.base.BrowserUtils:退出浏览器
2017-10-31 10:31:32.144 [main] INFO  com.witontek.ehospital2.base.Log - 【info】com.witontek.ehospital2.base.PropertiesUtils:读取url.properties文件中的LOGIN_URL
2017-10-31 10:31:32.159 [main] INFO  com.witontek.ehospital2.base.Log - 【info】com.witontek.ehospital2.base.PropertiesUtils:读取url.properties文件中的NEW_LOGIN_URL
2017-10-31 10:31:32.159 [main] INFO  com.witontek.ehospital2.base.Log - 【info】com.witontek.ehospital2.base.PropertiesUtils:读取driverPath.properties文件中的CHROME_DRIVER_PATH
2017-10-31 10:31:36.703 [main] INFO  com.witontek.ehospital2.base.Log - 【info】com.witontek.ehospital2.base.DriverUtils:打开谷歌浏览器
2017-10-31 10:31:37.695 [main] INFO  com.witontek.ehospital2.base.Log - 【info】com.witontek.ehospital2.base.ExcelUtils:读取loginSuccess.xlsx文件
2017-10-31 10:31:55.729 [main] INFO  com.witontek.ehospital2.base.Log - 【info】com.witontek.ehospital2.base.BrowserUtils:打开网址:http://yltest.witontek.com/ehospital3web/web/admin.html#!/
2017-10-31 10:31:55.933 [main] INFO  com.witontek.ehospital2.base.Log - 【info】com.witontek.ehospital2.base.WebElementsUtils:在用户名输入框输入：sqsrmyyadmin
2017-10-31 10:31:56.056 [main] INFO  com.witontek.ehospital2.base.Log - 【info】com.witontek.ehospital2.base.WebElementsUtils:在密码输入框输入：admin
2017-10-31 10:31:56.197 [main] INFO  com.witontek.ehospital2.base.Log - 【info】com.witontek.ehospital2.base.WebElementsUtils:在验证码输入框输入：1111
2017-10-31 10:31:56.320 [main] INFO  com.witontek.ehospital2.base.Log - 【info】com.witontek.ehospital2.base.WebElementsUtils:点击登录按钮
2017-10-31 10:31:56.320 [main] INFO  com.witontek.ehospital2.base.Log - 【info】com.witontek.ehospital2.page.LoginPage:登录成功
2017-10-31 10:31:56.795 [main] INFO  com.witontek.ehospital2.base.Log - 【info】com.witontek.ehospital2.base.WebElementsUtils:点击业务信息管理
2017-10-31 10:31:57.795 [main] INFO  com.witontek.ehospital2.base.Log - 【info】com.witontek.ehospital2.base.BrowserUtils:等待1秒
2017-10-31 10:31:58.000 [main] INFO  com.witontek.ehospital2.base.Log - 【info】com.witontek.ehospital2.base.WebElementsUtils:点击医生管理
2017-10-31 10:31:58.264 [main] INFO  com.witontek.ehospital2.base.Log - 【info】com.witontek.ehospital2.base.WebElementsUtils:点击医生管理-置顶
2017-10-31 10:32:01.274 [main] INFO  com.witontek.ehospital2.base.Log - 【info】com.witontek.ehospital2.base.BrowserUtils:等待3秒
2017-10-31 10:32:02.401 [main] INFO  com.witontek.ehospital2.base.Log - 【info】com.witontek.ehospital2.base.BrowserUtils:退出浏览器
