2017-10-31 13:57:29.668 [main] INFO  com.witontek.ehospital2.base.Log - 【info】com.witontek.ehospital2.base.PropertiesUtils:读取url.properties文件中的LOGIN_URL
2017-10-31 13:57:29.680 [main] INFO  com.witontek.ehospital2.base.Log - 【info】com.witontek.ehospital2.base.PropertiesUtils:读取url.properties文件中的NEW_LOGIN_URL
2017-10-31 13:57:29.681 [main] INFO  com.witontek.ehospital2.base.Log - 【info】com.witontek.ehospital2.base.PropertiesUtils:读取driverPath.properties文件中的CHROME_DRIVER_PATH
2017-10-31 13:57:34.035 [main] INFO  com.witontek.ehospital2.base.Log - 【info】com.witontek.ehospital2.base.DriverUtils:打开谷歌浏览器
2017-10-31 13:57:34.881 [main] INFO  com.witontek.ehospital2.base.Log - 【info】com.witontek.ehospital2.base.ExcelUtils:读取searchDoctor.xlsx文件
2017-10-31 13:57:49.189 [main] INFO  com.witontek.ehospital2.base.Log - 【info】com.witontek.ehospital2.base.BrowserUtils:打开网址:http://yltest.witontek.com/ehospital3web/web/admin.html#!/
2017-10-31 13:57:49.404 [main] INFO  com.witontek.ehospital2.base.Log - 【info】com.witontek.ehospital2.base.WebElementsUtils:在用户名输入框输入：sqsrmyyadmin
2017-10-31 13:57:49.530 [main] INFO  com.witontek.ehospital2.base.Log - 【info】com.witontek.ehospital2.base.WebElementsUtils:在密码输入框输入：admin
2017-10-31 13:57:49.668 [main] INFO  com.witontek.ehospital2.base.Log - 【info】com.witontek.ehospital2.base.WebElementsUtils:在验证码输入框输入：1111
2017-10-31 13:57:49.791 [main] INFO  com.witontek.ehospital2.base.Log - 【info】com.witontek.ehospital2.base.WebElementsUtils:点击登录按钮
2017-10-31 13:57:50.295 [main] INFO  com.witontek.ehospital2.base.Log - 【info】com.witontek.ehospital2.base.WebElementsUtils:点击业务信息管理
2017-10-31 13:57:51.296 [main] INFO  com.witontek.ehospital2.base.Log - 【info】com.witontek.ehospital2.base.BrowserUtils:等待1秒
2017-10-31 13:57:51.361 [main] INFO  com.witontek.ehospital2.base.Log - 【info】com.witontek.ehospital2.base.WebElementsUtils:点击业务信息管理
2017-10-31 13:57:52.363 [main] INFO  com.witontek.ehospital2.base.Log - 【info】com.witontek.ehospital2.base.BrowserUtils:等待1秒
2017-10-31 13:57:55.473 [main] INFO  com.witontek.ehospital2.base.Log - 【info】com.witontek.ehospital2.base.BrowserUtils:等待3秒
2017-10-31 13:57:56.631 [main] INFO  com.witontek.ehospital2.base.Log - 【info】com.witontek.ehospital2.base.BrowserUtils:退出浏览器
2017-10-31 13:59:12.391 [main] INFO  com.witontek.ehospital2.base.Log - 【info】com.witontek.ehospital2.base.PropertiesUtils:读取url.properties文件中的LOGIN_URL
2017-10-31 13:59:12.397 [main] INFO  com.witontek.ehospital2.base.Log - 【info】com.witontek.ehospital2.base.PropertiesUtils:读取url.properties文件中的NEW_LOGIN_URL
2017-10-31 13:59:12.398 [main] INFO  com.witontek.ehospital2.base.Log - 【info】com.witontek.ehospital2.base.PropertiesUtils:读取driverPath.properties文件中的CHROME_DRIVER_PATH
2017-10-31 13:59:16.671 [main] INFO  com.witontek.ehospital2.base.Log - 【info】com.witontek.ehospital2.base.DriverUtils:打开谷歌浏览器
2017-10-31 13:59:17.567 [main] INFO  com.witontek.ehospital2.base.Log - 【info】com.witontek.ehospital2.base.ExcelUtils:读取searchDoctor.xlsx文件
2017-10-31 13:59:34.991 [main] INFO  com.witontek.ehospital2.base.Log - 【info】com.witontek.ehospital2.base.BrowserUtils:打开网址:http://yltest.witontek.com/ehospital3web/web/admin.html#!/
2017-10-31 13:59:35.250 [main] INFO  com.witontek.ehospital2.base.Log - 【info】com.witontek.ehospital2.base.WebElementsUtils:在用户名输入框输入：sqsrmyyadmin
2017-10-31 13:59:35.376 [main] INFO  com.witontek.ehospital2.base.Log - 【info】com.witontek.ehospital2.base.WebElementsUtils:在密码输入框输入：admin
2017-10-31 13:59:35.513 [main] INFO  com.witontek.ehospital2.base.Log - 【info】com.witontek.ehospital2.base.WebElementsUtils:在验证码输入框输入：1111
2017-10-31 13:59:35.635 [main] INFO  com.witontek.ehospital2.base.Log - 【info】com.witontek.ehospital2.base.WebElementsUtils:点击登录按钮
2017-10-31 13:59:36.114 [main] INFO  com.witontek.ehospital2.base.Log - 【info】com.witontek.ehospital2.base.WebElementsUtils:点击业务信息管理
2017-10-31 13:59:37.115 [main] INFO  com.witontek.ehospital2.base.Log - 【info】com.witontek.ehospital2.base.BrowserUtils:等待1秒
2017-10-31 13:59:37.294 [main] INFO  com.witontek.ehospital2.base.Log - 【info】com.witontek.ehospital2.base.WebElementsUtils:点击医生管理
2017-10-31 13:59:37.698 [main] INFO  com.witontek.ehospital2.base.Log - 【info】com.witontek.ehospital2.base.WebElementsUtils:在医生名称输入框输入：西
2017-10-31 13:59:37.920 [main] INFO  com.witontek.ehospital2.base.Log - 【info】com.witontek.ehospital2.base.WebElementsUtils:点击搜索医生按钮
2017-10-31 13:59:41.063 [main] INFO  com.witontek.ehospital2.base.Log - 【info】com.witontek.ehospital2.base.BrowserUtils:等待3秒
2017-10-31 13:59:42.096 [main] INFO  com.witontek.ehospital2.base.Log - 【info】com.witontek.ehospital2.base.BrowserUtils:退出浏览器
