2017-11-14 09:54:55.639 [main] INFO  com.witontek.ehospital2.base.Log - 【info】com.witontek.ehospital2.base.DriverUtils:打开谷歌浏览器
2017-11-14 09:54:56.698 [main] INFO  com.witontek.ehospital2.base.Log - 【info】com.witontek.ehospital2.base.ExcelUtils:读取insertDepartment.xlsx文件
2017-11-14 09:55:11.554 [main] INFO  com.witontek.ehospital2.base.Log - 【info】com.witontek.ehospital2.base.BrowserUtils:打开网址:http://yltest.witontek.com/ehospital3web/web/admin.html#!/
2017-11-14 09:55:11.858 [main] INFO  com.witontek.ehospital2.base.Log - 【info】com.witontek.ehospital2.base.WebElementsUtils:在用户名输入框输入：sqsrmyyadmin
2017-11-14 09:55:12.088 [main] INFO  com.witontek.ehospital2.base.Log - 【info】com.witontek.ehospital2.base.WebElementsUtils:在密码输入框输入：admin
2017-11-14 09:55:12.342 [main] INFO  com.witontek.ehospital2.base.Log - 【info】com.witontek.ehospital2.base.WebElementsUtils:在验证码输入框输入：1111
2017-11-14 09:55:12.567 [main] INFO  com.witontek.ehospital2.base.Log - 【info】com.witontek.ehospital2.base.WebElementsUtils:点击登录按钮
2017-11-14 09:55:13.679 [main] INFO  com.witontek.ehospital2.base.Log - 【info】com.witontek.ehospital2.base.WebElementsUtils:点击业务信息管理
2017-11-14 09:55:15.437 [main] INFO  com.witontek.ehospital2.base.Log - 【info】com.witontek.ehospital2.base.WebElementsUtils:点击科室管理
2017-11-14 09:55:15.756 [main] INFO  com.witontek.ehospital2.base.Log - 【info】com.witontek.ehospital2.base.WebElementsUtils:点击科室管理-新增一级科室按钮
2017-11-14 09:55:16.041 [main] INFO  com.witontek.ehospital2.base.Log - 【info】com.witontek.ehospital2.base.WebElementsUtils:在新增一级科室-科室名称输入框输入：睿博一级科室
2017-11-14 09:55:16.297 [main] INFO  com.witontek.ehospital2.base.Log - 【info】com.witontek.ehospital2.base.WebElementsUtils:在新增一级科室-科室编码输入框输入：123456
2017-11-14 09:55:16.547 [main] INFO  com.witontek.ehospital2.base.Log - 【info】com.witontek.ehospital2.base.WebElementsUtils:点击新增一级科室-保存按钮
2017-11-14 09:55:16.965 [main] INFO  com.witontek.ehospital2.base.Log - 【info】com.witontek.ehospital2.base.WebElementsUtils:点击科室管理-弹框关闭按钮
2017-11-14 09:55:17.966 [main] INFO  com.witontek.ehospital2.base.Log - 【info】com.witontek.ehospital2.base.BrowserUtils:等待1秒
2017-11-14 09:55:18.199 [main] INFO  com.witontek.ehospital2.base.Log - 【info】com.witontek.ehospital2.base.WebElementsUtils:点击科室管理-最末页按钮
2017-11-14 09:55:18.489 [main] INFO  com.witontek.ehospital2.base.Log - 【info】com.witontek.ehospital2.base.WebElementsUtils:点击科室管理-查看二级科室按钮
2017-11-14 09:55:18.787 [main] INFO  com.witontek.ehospital2.base.Log - 【info】com.witontek.ehospital2.base.WebElementsUtils:点击二级科室管理-新增一级科室按钮
2017-11-14 09:55:19.060 [main] INFO  com.witontek.ehospital2.base.Log - 【info】com.witontek.ehospital2.base.WebElementsUtils:在新增二级科室-科室名称输入框输入：睿博二级科室
2017-11-14 09:55:19.337 [main] INFO  com.witontek.ehospital2.base.Log - 【info】com.witontek.ehospital2.base.WebElementsUtils:在新增二级科室-科室编码输入框输入：12345601
2017-11-14 09:55:19.613 [main] INFO  com.witontek.ehospital2.base.Log - 【info】com.witontek.ehospital2.base.WebElementsUtils:点击新增二级科室-选择所属一级科室下拉框
2017-11-14 09:55:19.844 [main] INFO  com.witontek.ehospital2.base.Log - 【info】com.witontek.ehospital2.base.WebElementsUtils:点击新增二级科室-选择所属一级科室按钮
2017-11-14 09:55:20.146 [main] INFO  com.witontek.ehospital2.base.Log - 【info】com.witontek.ehospital2.base.WebElementsUtils:在新增二级科室-科室电话输入框输入：2713350
2017-11-14 09:55:20.425 [main] INFO  com.witontek.ehospital2.base.Log - 【info】com.witontek.ehospital2.base.WebElementsUtils:在新增二级科室-科室地址输入框输入：盛夏路560号
2017-11-14 09:55:20.677 [main] INFO  com.witontek.ehospital2.base.Log - 【info】com.witontek.ehospital2.base.WebElementsUtils:在新增二级科室-科室特色输入框输入：科室特色
2017-11-14 09:55:20.923 [main] INFO  com.witontek.ehospital2.base.Log - 【info】com.witontek.ehospital2.base.WebElementsUtils:在新增二级科室-科室简介输入框输入：科室简介
2017-11-14 09:55:21.157 [main] INFO  com.witontek.ehospital2.base.Log - 【info】com.witontek.ehospital2.base.WebElementsUtils:在新增二级科室-注意事项输入框输入：注意事项
2017-11-14 09:55:21.375 [main] INFO  com.witontek.ehospital2.base.Log - 【info】com.witontek.ehospital2.base.WebElementsUtils:点击新增二级科室-保存按钮
2017-11-14 09:55:21.722 [main] INFO  com.witontek.ehospital2.base.Log - 【info】com.witontek.ehospital2.base.WebElementsUtils:点击二级科室管理-弹框关闭按钮
2017-11-14 09:55:22.724 [main] INFO  com.witontek.ehospital2.base.Log - 【info】com.witontek.ehospital2.base.BrowserUtils:等待1秒
2017-11-14 09:55:22.965 [main] INFO  com.witontek.ehospital2.base.Log - 【info】com.witontek.ehospital2.base.WebElementsUtils:点击二级科室管理-新增一级科室按钮
2017-11-14 09:55:23.222 [main] INFO  com.witontek.ehospital2.base.Log - 【info】com.witontek.ehospital2.base.WebElementsUtils:在新增二级科室-科室名称输入框输入：睿博二级科室1
2017-11-14 09:55:23.496 [main] INFO  com.witontek.ehospital2.base.Log - 【info】com.witontek.ehospital2.base.WebElementsUtils:在新增二级科室-科室编码输入框输入：123456011
2017-11-14 09:55:23.744 [main] INFO  com.witontek.ehospital2.base.Log - 【info】com.witontek.ehospital2.base.WebElementsUtils:点击新增二级科室-选择所属一级科室下拉框
2017-11-14 09:55:23.944 [main] INFO  com.witontek.ehospital2.base.Log - 【info】com.witontek.ehospital2.base.WebElementsUtils:点击新增二级科室-选择所属一级科室按钮
2017-11-14 09:55:24.217 [main] INFO  com.witontek.ehospital2.base.Log - 【info】com.witontek.ehospital2.base.WebElementsUtils:在新增二级科室-科室电话输入框输入：2713350
2017-11-14 09:55:24.464 [main] INFO  com.witontek.ehospital2.base.Log - 【info】com.witontek.ehospital2.base.WebElementsUtils:在新增二级科室-科室地址输入框输入：盛夏路560号
2017-11-14 09:55:24.685 [main] INFO  com.witontek.ehospital2.base.Log - 【info】com.witontek.ehospital2.base.WebElementsUtils:在新增二级科室-科室特色输入框输入：科室特色
2017-11-14 09:55:24.903 [main] INFO  com.witontek.ehospital2.base.Log - 【info】com.witontek.ehospital2.base.WebElementsUtils:在新增二级科室-科室简介输入框输入：科室简介
2017-11-14 09:55:25.126 [main] INFO  com.witontek.ehospital2.base.Log - 【info】com.witontek.ehospital2.base.WebElementsUtils:在新增二级科室-注意事项输入框输入：注意事项
2017-11-14 09:55:25.339 [main] INFO  com.witontek.ehospital2.base.Log - 【info】com.witontek.ehospital2.base.WebElementsUtils:点击新增二级科室-保存按钮
2017-11-14 09:55:25.627 [main] INFO  com.witontek.ehospital2.base.Log - 【info】com.witontek.ehospital2.base.WebElementsUtils:点击二级科室管理-弹框关闭按钮
2017-11-14 09:55:26.627 [main] INFO  com.witontek.ehospital2.base.Log - 【info】com.witontek.ehospital2.base.BrowserUtils:等待1秒
2017-11-14 09:55:26.798 [main] INFO  com.witontek.ehospital2.base.Log - 【info】com.witontek.ehospital2.base.WebElementsUtils:获取二级科室管理-序号1的二级科室名称的文本信息
2017-11-14 09:55:26.798 [main] INFO  com.witontek.ehospital2.base.Log - 【info】com.witontek.ehospital2.page.SecondLevelDepartmentPage:序号1的二级科室名称：睿博二级科室
2017-11-14 09:55:26.800 [main] INFO  com.witontek.ehospital2.base.Log - 【info】com.witontek.ehospital2.base.AssertUtils:实际结果（睿博二级科室）与预期结果（睿博二级科室）相等，新增二级科室成功
2017-11-14 09:55:26.910 [main] INFO  com.witontek.ehospital2.base.Log - 【info】com.witontek.ehospital2.base.BrowserUtils:打开网址:http://yltest.witontek.com/ehospital3web/web/admin.html#!/
2017-11-14 09:55:27.183 [main] INFO  com.witontek.ehospital2.base.Log - 【info】com.witontek.ehospital2.base.WebElementsUtils:在用户名输入框输入：sqsrmyyadmin
2017-11-14 09:55:27.396 [main] INFO  com.witontek.ehospital2.base.Log - 【info】com.witontek.ehospital2.base.WebElementsUtils:在密码输入框输入：admin
2017-11-14 09:55:27.623 [main] INFO  com.witontek.ehospital2.base.Log - 【info】com.witontek.ehospital2.base.WebElementsUtils:在验证码输入框输入：1111
2017-11-14 09:55:27.817 [main] INFO  com.witontek.ehospital2.base.Log - 【info】com.witontek.ehospital2.base.WebElementsUtils:点击登录按钮
2017-11-14 09:55:28.427 [main] INFO  com.witontek.ehospital2.base.Log - 【info】com.witontek.ehospital2.base.WebElementsUtils:点击业务信息管理
2017-11-14 09:55:38.591 [main] ERROR com.witontek.ehospital2.base.Log - 【error】com.witontek.ehospital2.base.WebElementsUtils:查找科室管理的网页元素时出错
2017-11-14 09:55:38.981 [main] INFO  com.witontek.ehospital2.base.Log - 【info】com.witontek.ehospital2.base.BrowserUtils:截图成功
2017-11-14 09:55:39.144 [main] INFO  com.witontek.ehospital2.base.Log - 【info】com.witontek.ehospital2.base.ExcelUtils:读取searchDepartmentsByName.xlsx文件
2017-11-14 09:55:39.235 [main] INFO  com.witontek.ehospital2.base.Log - 【info】com.witontek.ehospital2.base.BrowserUtils:打开网址:http://yltest.witontek.com/ehospital3web/web/admin.html#!/
2017-11-14 09:55:39.497 [main] INFO  com.witontek.ehospital2.base.Log - 【info】com.witontek.ehospital2.base.WebElementsUtils:在用户名输入框输入：sqsrmyyadmin
2017-11-14 09:55:39.713 [main] INFO  com.witontek.ehospital2.base.Log - 【info】com.witontek.ehospital2.base.WebElementsUtils:在密码输入框输入：admin
2017-11-14 09:55:39.949 [main] INFO  com.witontek.ehospital2.base.Log - 【info】com.witontek.ehospital2.base.WebElementsUtils:在验证码输入框输入：1111
2017-11-14 09:55:40.148 [main] INFO  com.witontek.ehospital2.base.Log - 【info】com.witontek.ehospital2.base.WebElementsUtils:点击登录按钮
2017-11-14 09:55:50.786 [main] ERROR com.witontek.ehospital2.base.Log - 【error】com.witontek.ehospital2.base.WebElementsUtils:查找科室管理-查看二级科室按钮的网页元素时出错
2017-11-14 09:55:51.169 [main] INFO  com.witontek.ehospital2.base.Log - 【info】com.witontek.ehospital2.base.BrowserUtils:截图成功
2017-11-14 09:55:51.310 [main] INFO  com.witontek.ehospital2.base.Log - 【info】com.witontek.ehospital2.base.ExcelUtils:读取updateDepartment.xlsx文件
2017-11-14 09:55:51.418 [main] INFO  com.witontek.ehospital2.base.Log - 【info】com.witontek.ehospital2.base.BrowserUtils:打开网址:http://yltest.witontek.com/ehospital3web/web/admin.html#!/
2017-11-14 09:55:51.716 [main] INFO  com.witontek.ehospital2.base.Log - 【info】com.witontek.ehospital2.base.WebElementsUtils:在用户名输入框输入：sqsrmyyadmin
2017-11-14 09:55:51.975 [main] INFO  com.witontek.ehospital2.base.Log - 【info】com.witontek.ehospital2.base.WebElementsUtils:在密码输入框输入：admin
2017-11-14 09:55:52.238 [main] INFO  com.witontek.ehospital2.base.Log - 【info】com.witontek.ehospital2.base.WebElementsUtils:在验证码输入框输入：1111
2017-11-14 09:55:52.437 [main] INFO  com.witontek.ehospital2.base.Log - 【info】com.witontek.ehospital2.base.WebElementsUtils:点击登录按钮
2017-11-14 09:55:53.018 [main] INFO  com.witontek.ehospital2.base.Log - 【info】com.witontek.ehospital2.base.WebElementsUtils:点击科室管理-最末页按钮
2017-11-14 09:55:53.265 [main] INFO  com.witontek.ehospital2.base.Log - 【info】com.witontek.ehospital2.base.WebElementsUtils:点击科室管理-查看二级科室按钮
2017-11-14 09:55:53.549 [main] INFO  com.witontek.ehospital2.base.Log - 【info】com.witontek.ehospital2.base.WebElementsUtils:点击二级科室管理-编辑按钮
2017-11-14 09:55:53.743 [main] INFO  com.witontek.ehospital2.base.Log - 【info】com.witontek.ehospital2.base.WebElementsUtils:清空编辑二级科室-科室名称输入框
2017-11-14 09:55:54.026 [main] INFO  com.witontek.ehospital2.base.Log - 【info】com.witontek.ehospital2.base.WebElementsUtils:在编辑二级科室-科室名称输入框输入：睿博二级科室（改）
2017-11-14 09:55:54.215 [main] INFO  com.witontek.ehospital2.base.Log - 【info】com.witontek.ehospital2.base.WebElementsUtils:清空编辑二级科室-科室编码输入框
2017-11-14 09:55:54.480 [main] INFO  com.witontek.ehospital2.base.Log - 【info】com.witontek.ehospital2.base.WebElementsUtils:在编辑二级科室-科室编码输入框输入：12345601
2017-11-14 09:55:54.739 [main] INFO  com.witontek.ehospital2.base.Log - 【info】com.witontek.ehospital2.base.WebElementsUtils:点击编辑二级科室-选择所属一级科室下拉框
2017-11-14 09:55:54.948 [main] INFO  com.witontek.ehospital2.base.Log - 【info】com.witontek.ehospital2.base.WebElementsUtils:点击编辑二级科室-选择所属一级科室按钮
2017-11-14 09:55:55.124 [main] INFO  com.witontek.ehospital2.base.Log - 【info】com.witontek.ehospital2.base.WebElementsUtils:清空编辑二级科室-科室电话输入框
2017-11-14 09:55:55.383 [main] INFO  com.witontek.ehospital2.base.Log - 【info】com.witontek.ehospital2.base.WebElementsUtils:在编辑二级科室-科室电话输入框输入：2713350
2017-11-14 09:55:55.559 [main] INFO  com.witontek.ehospital2.base.Log - 【info】com.witontek.ehospital2.base.WebElementsUtils:清空编辑二级科室-科室地址输入框
2017-11-14 09:55:55.823 [main] INFO  com.witontek.ehospital2.base.Log - 【info】com.witontek.ehospital2.base.WebElementsUtils:在编辑二级科室-科室地址输入框输入：盛夏路560号（改）
2017-11-14 09:55:56.005 [main] INFO  com.witontek.ehospital2.base.Log - 【info】com.witontek.ehospital2.base.WebElementsUtils:清空编辑二级科室-科室特色输入框
2017-11-14 09:55:56.270 [main] INFO  com.witontek.ehospital2.base.Log - 【info】com.witontek.ehospital2.base.WebElementsUtils:在编辑二级科室-科室特色输入框输入：科室特色（改）
2017-11-14 09:55:56.458 [main] INFO  com.witontek.ehospital2.base.Log - 【info】com.witontek.ehospital2.base.WebElementsUtils:清空编辑二级科室-科室简介输入框
2017-11-14 09:55:56.692 [main] INFO  com.witontek.ehospital2.base.Log - 【info】com.witontek.ehospital2.base.WebElementsUtils:在编辑二级科室-科室简介输入框输入：科室简介（改）
2017-11-14 09:55:56.876 [main] INFO  com.witontek.ehospital2.base.Log - 【info】com.witontek.ehospital2.base.WebElementsUtils:清空编辑二级科室-注意事项输入框
2017-11-14 09:55:57.120 [main] INFO  com.witontek.ehospital2.base.Log - 【info】com.witontek.ehospital2.base.WebElementsUtils:在编辑二级科室-注意事项输入框输入：注意事项（改）
2017-11-14 09:55:57.344 [main] INFO  com.witontek.ehospital2.base.Log - 【info】com.witontek.ehospital2.base.WebElementsUtils:点击编辑二级科室-修改按钮
2017-11-14 09:55:57.628 [main] INFO  com.witontek.ehospital2.base.Log - 【info】com.witontek.ehospital2.base.WebElementsUtils:点击二级科室管理-弹框关闭按钮
2017-11-14 09:55:58.629 [main] INFO  com.witontek.ehospital2.base.Log - 【info】com.witontek.ehospital2.base.BrowserUtils:等待1秒
2017-11-14 09:56:08.801 [main] ERROR com.witontek.ehospital2.base.Log - 【error】com.witontek.ehospital2.base.WebElementsUtils:查找二级科室管理-序号1的二级科室名称的网页元素时出错
2017-11-14 09:56:09.121 [main] INFO  com.witontek.ehospital2.base.Log - 【info】com.witontek.ehospital2.base.BrowserUtils:截图成功
2017-11-14 09:56:12.124 [main] INFO  com.witontek.ehospital2.base.Log - 【info】com.witontek.ehospital2.base.BrowserUtils:等待3秒
2017-11-14 09:56:13.319 [main] INFO  com.witontek.ehospital2.base.Log - 【info】com.witontek.ehospital2.base.BrowserUtils:退出浏览器
