2017-10-30 11:11:28.062 [main] INFO  com.witontek.ehospital2.base.Log - 【info】com.witontek.ehospital2.base.PropertiesUtils:读取url.properties文件中的LOGIN_URL
2017-10-30 11:11:28.075 [main] INFO  com.witontek.ehospital2.base.Log - 【info】com.witontek.ehospital2.base.PropertiesUtils:读取url.properties文件中的NEW_LOGIN_URL
2017-10-30 11:11:28.081 [main] INFO  com.witontek.ehospital2.base.Log - 【info】com.witontek.ehospital2.base.PropertiesUtils:读取driverPath.properties文件中的CHROME_DRIVER_PATH
2017-10-30 11:11:34.674 [main] INFO  com.witontek.ehospital2.base.Log - 【info】com.witontek.ehospital2.base.DriverUtils:打开谷歌浏览器
2017-10-30 11:11:35.692 [main] INFO  com.witontek.ehospital2.base.Log - 【info】com.witontek.ehospital2.base.ExcelUtils:读取loginSuccess.xlsx文件
2017-10-30 11:11:49.833 [main] INFO  com.witontek.ehospital2.base.Log - 【info】com.witontek.ehospital2.base.BrowserUtils:打开网址:http://yltest.witontek.com/ehospital3web/web/admin.html#!/
2017-10-30 11:11:50.119 [main] INFO  com.witontek.ehospital2.base.Log - 【info】com.witontek.ehospital2.base.WebElementsUtils:在用户名输入框输入：sqsrmyyadmin
2017-10-30 11:11:50.250 [main] INFO  com.witontek.ehospital2.base.Log - 【info】com.witontek.ehospital2.base.WebElementsUtils:在密码输入框输入：admin
2017-10-30 11:11:50.395 [main] INFO  com.witontek.ehospital2.base.Log - 【info】com.witontek.ehospital2.base.WebElementsUtils:在验证码输入框输入：1111
2017-10-30 11:11:50.520 [main] INFO  com.witontek.ehospital2.base.Log - 【info】com.witontek.ehospital2.base.WebElementsUtils:点击登录按钮
2017-10-30 11:11:50.520 [main] INFO  com.witontek.ehospital2.base.Log - 【info】com.witontek.ehospital2.page.LoginPage:登录成功
2017-10-30 11:11:50.550 [main] INFO  com.witontek.ehospital2.base.Log - 【info】com.witontek.ehospital2.page.MainPage:得到退出按钮的文本信息
2017-10-30 11:12:20.643 [main] ERROR com.witontek.ehospital2.base.Log - 【error】com.witontek.ehospital2.base.WebElementsUtils:查找退出按钮的网页元素时出错
2017-10-30 11:12:20.645 [main] ERROR com.witontek.ehospital2.base.Log - 【error】com.witontek.ehospital2.base.WebElementsUtils:查找退出按钮的网页元素时超时显示等待时间
2017-10-30 11:12:23.657 [main] INFO  com.witontek.ehospital2.base.Log - 【info】com.witontek.ehospital2.base.BrowserUtils:等待3秒
2017-10-30 11:12:25.072 [main] INFO  com.witontek.ehospital2.base.Log - 【info】com.witontek.ehospital2.base.BrowserUtils:退出浏览器
2017-10-30 11:13:14.383 [main] INFO  com.witontek.ehospital2.base.Log - 【info】com.witontek.ehospital2.base.PropertiesUtils:读取url.properties文件中的LOGIN_URL
2017-10-30 11:13:14.389 [main] INFO  com.witontek.ehospital2.base.Log - 【info】com.witontek.ehospital2.base.PropertiesUtils:读取url.properties文件中的NEW_LOGIN_URL
2017-10-30 11:13:14.390 [main] INFO  com.witontek.ehospital2.base.Log - 【info】com.witontek.ehospital2.base.PropertiesUtils:读取driverPath.properties文件中的CHROME_DRIVER_PATH
2017-10-30 11:13:19.185 [main] INFO  com.witontek.ehospital2.base.Log - 【info】com.witontek.ehospital2.base.DriverUtils:打开谷歌浏览器
2017-10-30 11:13:20.356 [main] INFO  com.witontek.ehospital2.base.Log - 【info】com.witontek.ehospital2.base.ExcelUtils:读取loginSuccess.xlsx文件
2017-10-30 11:13:38.308 [main] INFO  com.witontek.ehospital2.base.Log - 【info】com.witontek.ehospital2.base.BrowserUtils:打开网址:http://yltest.witontek.com/ehospital3web/web/admin.html#!/
2017-10-30 11:13:38.585 [main] INFO  com.witontek.ehospital2.base.Log - 【info】com.witontek.ehospital2.base.WebElementsUtils:在用户名输入框输入：sqsrmyyadmin
2017-10-30 11:13:38.711 [main] INFO  com.witontek.ehospital2.base.Log - 【info】com.witontek.ehospital2.base.WebElementsUtils:在密码输入框输入：admin
2017-10-30 11:13:38.857 [main] INFO  com.witontek.ehospital2.base.Log - 【info】com.witontek.ehospital2.base.WebElementsUtils:在验证码输入框输入：1111
2017-10-30 11:13:38.984 [main] INFO  com.witontek.ehospital2.base.Log - 【info】com.witontek.ehospital2.base.WebElementsUtils:点击登录按钮
2017-10-30 11:13:38.984 [main] INFO  com.witontek.ehospital2.base.Log - 【info】com.witontek.ehospital2.page.LoginPage:登录成功
2017-10-30 11:13:39.000 [main] INFO  com.witontek.ehospital2.base.Log - 【info】com.witontek.ehospital2.page.MainPage:得到退出按钮的文本信息
2017-10-30 11:14:09.034 [main] ERROR com.witontek.ehospital2.base.Log - 【error】com.witontek.ehospital2.base.WebElementsUtils:查找退出按钮的网页元素时出错
2017-10-30 11:14:09.036 [main] ERROR com.witontek.ehospital2.base.Log - 【error】com.witontek.ehospital2.base.WebElementsUtils:查找退出按钮的网页元素时超时显示等待时间
2017-10-30 11:14:12.045 [main] INFO  com.witontek.ehospital2.base.Log - 【info】com.witontek.ehospital2.base.BrowserUtils:等待3秒
2017-10-30 11:14:13.110 [main] INFO  com.witontek.ehospital2.base.Log - 【info】com.witontek.ehospital2.base.BrowserUtils:退出浏览器
