main 2017-12-04 11:33:04:655 [ERROR] com.witontek.ehospital2.base.AssertUtils:实际结果（睿博二级科室（改））与预期结果（睿博二级科室）不相等，新增二级科室失败
main 2017-12-04 11:33:30:095 [ERROR] com.witontek.ehospital2.base.DatabaseUtils:从数据库删除数据出错，报错信息：null
main 2017-12-04 11:38:06:311 [ERROR] com.witontek.ehospital2.base.WebElementsUtils:查找二级科室管理-序号1的二级科室名称的网页元素时出错,报错信息：no such element: Unable to locate element: {"method":"xpath","selector":"//div[@class='second-department-list']/div[4]/ul[2]/li[2]"}
  (Session info: chrome=62.0.3202.94)
  (Driver info: chromedriver=2.33.506120 (e3e53437346286c0bc2d2dc9aa4915ba81d9023f),platform=Windows NT 10.0.14393 x86_64) (WARNING: The server did not provide any stacktrace information)
Command duration or timeout: 10.07 seconds
For documentation on this error, please visit: http://seleniumhq.org/exceptions/no_such_element.html
Build info: version: '3.4.0', revision: 'unknown', time: 'unknown'
System info: host: 'USER-20160525XQ', ip: '192.168.1.150', os.name: 'Windows 10', os.arch: 'amd64', os.version: '10.0', java.version: '1.8.0_121'
Driver info: org.openqa.selenium.chrome.ChromeDriver
Capabilities [{applicationCacheEnabled=false, rotatable=false, mobileEmulationEnabled=false, networkConnectionEnabled=false, chrome={chromedriverVersion=2.33.506120 (e3e53437346286c0bc2d2dc9aa4915ba81d9023f), userDataDir=C:\Users\ADMINI~1\AppData\Local\Temp\scoped_dir16440_1113}, takesHeapSnapshot=true, pageLoadStrategy=normal, databaseEnabled=false, handlesAlerts=true, hasTouchScreen=false, version=62.0.3202.94, platform=XP, browserConnectionEnabled=false, nativeEvents=true, acceptSslCerts=true, locationContextEnabled=true, webStorageEnabled=true, browserName=chrome, takesScreenshot=true, javascriptEnabled=true, cssSelectorsEnabled=true, setWindowRect=true, unexpectedAlertBehaviour=}]
Session ID: 155d54eede753a64db89e4c8f8124d23
*** Element info: {Using=xpath, value=//div[@class='second-department-list']/div[4]/ul[2]/li[2]}
main 2017-12-04 11:38:32:067 [ERROR] com.witontek.ehospital2.base.DatabaseUtils:从数据库删除数据出错，报错信息：null
main 2017-12-04 12:39:03:982 [ERROR] com.witontek.ehospital2.base.DatabaseUtils:从数据库删除数据出错，报错信息：null
main 2017-12-04 12:51:02:164 [ERROR] com.witontek.ehospital2.base.WebElementsUtils:查找二级科室管理-序号1的二级科室名称的网页元素时出错,报错信息：no such element: Unable to locate element: {"method":"xpath","selector":"//div[@class='second-department-list']/div[4]/ul[2]/li[2]"}
  (Session info: chrome=62.0.3202.94)
  (Driver info: chromedriver=2.33.506120 (e3e53437346286c0bc2d2dc9aa4915ba81d9023f),platform=Windows NT 10.0.14393 x86_64) (WARNING: The server did not provide any stacktrace information)
Command duration or timeout: 10.06 seconds
For documentation on this error, please visit: http://seleniumhq.org/exceptions/no_such_element.html
Build info: version: '3.4.0', revision: 'unknown', time: 'unknown'
System info: host: 'USER-20160525XQ', ip: '192.168.1.150', os.name: 'Windows 10', os.arch: 'amd64', os.version: '10.0', java.version: '1.8.0_121'
Driver info: org.openqa.selenium.chrome.ChromeDriver
Capabilities [{applicationCacheEnabled=false, rotatable=false, mobileEmulationEnabled=false, networkConnectionEnabled=false, chrome={chromedriverVersion=2.33.506120 (e3e53437346286c0bc2d2dc9aa4915ba81d9023f), userDataDir=C:\Users\ADMINI~1\AppData\Local\Temp\scoped_dir18328_32593}, takesHeapSnapshot=true, pageLoadStrategy=normal, databaseEnabled=false, handlesAlerts=true, hasTouchScreen=false, version=62.0.3202.94, platform=XP, browserConnectionEnabled=false, nativeEvents=true, acceptSslCerts=true, locationContextEnabled=true, webStorageEnabled=true, browserName=chrome, takesScreenshot=true, javascriptEnabled=true, cssSelectorsEnabled=true, setWindowRect=true, unexpectedAlertBehaviour=}]
Session ID: 1ecd9c4707d4c4daf1260cb7370d1037
*** Element info: {Using=xpath, value=//div[@class='second-department-list']/div[4]/ul[2]/li[2]}
main 2017-12-04 12:54:04:598 [ERROR] com.witontek.ehospital2.base.WebElementsUtils:查找二级科室管理-序号1的二级科室名称的网页元素时出错,报错信息：no such element: Unable to locate element: {"method":"xpath","selector":"//div[@class='second-department-list']/div[4]/ul[2]/li[2]"}
  (Session info: chrome=62.0.3202.94)
  (Driver info: chromedriver=2.33.506120 (e3e53437346286c0bc2d2dc9aa4915ba81d9023f),platform=Windows NT 10.0.14393 x86_64) (WARNING: The server did not provide any stacktrace information)
Command duration or timeout: 10.06 seconds
For documentation on this error, please visit: http://seleniumhq.org/exceptions/no_such_element.html
Build info: version: '3.4.0', revision: 'unknown', time: 'unknown'
System info: host: 'USER-20160525XQ', ip: '192.168.1.150', os.name: 'Windows 10', os.arch: 'amd64', os.version: '10.0', java.version: '1.8.0_121'
Driver info: org.openqa.selenium.chrome.ChromeDriver
Capabilities [{applicationCacheEnabled=false, rotatable=false, mobileEmulationEnabled=false, networkConnectionEnabled=false, chrome={chromedriverVersion=2.33.506120 (e3e53437346286c0bc2d2dc9aa4915ba81d9023f), userDataDir=C:\Users\ADMINI~1\AppData\Local\Temp\scoped_dir19768_18414}, takesHeapSnapshot=true, pageLoadStrategy=normal, databaseEnabled=false, handlesAlerts=true, hasTouchScreen=false, version=62.0.3202.94, platform=XP, browserConnectionEnabled=false, nativeEvents=true, acceptSslCerts=true, locationContextEnabled=true, webStorageEnabled=true, browserName=chrome, takesScreenshot=true, javascriptEnabled=true, cssSelectorsEnabled=true, setWindowRect=true, unexpectedAlertBehaviour=}]
Session ID: 23c01b852239fb0881691213ed35dc5d
*** Element info: {Using=xpath, value=//div[@class='second-department-list']/div[4]/ul[2]/li[2]}
main 2017-12-04 12:59:43:784 [ERROR] com.witontek.ehospital2.base.WebElementsUtils:查找二级科室管理-序号1的二级科室名称的网页元素时出错,报错信息：no such element: Unable to locate element: {"method":"xpath","selector":"//div[@class='second-department-list']/div[4]/ul[2]/li[2]"}
  (Session info: chrome=62.0.3202.94)
  (Driver info: chromedriver=2.33.506120 (e3e53437346286c0bc2d2dc9aa4915ba81d9023f),platform=Windows NT 10.0.14393 x86_64) (WARNING: The server did not provide any stacktrace information)
Command duration or timeout: 10.04 seconds
For documentation on this error, please visit: http://seleniumhq.org/exceptions/no_such_element.html
Build info: version: '3.4.0', revision: 'unknown', time: 'unknown'
System info: host: 'USER-20160525XQ', ip: '192.168.1.150', os.name: 'Windows 10', os.arch: 'amd64', os.version: '10.0', java.version: '1.8.0_121'
Driver info: org.openqa.selenium.chrome.ChromeDriver
Capabilities [{applicationCacheEnabled=false, rotatable=false, mobileEmulationEnabled=false, networkConnectionEnabled=false, chrome={chromedriverVersion=2.33.506120 (e3e53437346286c0bc2d2dc9aa4915ba81d9023f), userDataDir=C:\Users\ADMINI~1\AppData\Local\Temp\scoped_dir20852_9501}, takesHeapSnapshot=true, pageLoadStrategy=normal, databaseEnabled=false, handlesAlerts=true, hasTouchScreen=false, version=62.0.3202.94, platform=XP, browserConnectionEnabled=false, nativeEvents=true, acceptSslCerts=true, locationContextEnabled=true, webStorageEnabled=true, browserName=chrome, takesScreenshot=true, javascriptEnabled=true, cssSelectorsEnabled=true, setWindowRect=true, unexpectedAlertBehaviour=}]
Session ID: de93aba117e55fa9d7b1f1c6293c5942
*** Element info: {Using=xpath, value=//div[@class='second-department-list']/div[4]/ul[2]/li[2]}
main 2017-12-04 12:59:55:020 [ERROR] com.witontek.ehospital2.base.WebElementsUtils:查找科室管理-查看二级科室按钮的网页元素时出错,报错信息：no such element: Unable to locate element: {"method":"xpath","selector":"//li[contains(.,'睿博一级科室')]/parent::ul/li[4]/div/div[1]/a[3]"}
  (Session info: chrome=62.0.3202.94)
  (Driver info: chromedriver=2.33.506120 (e3e53437346286c0bc2d2dc9aa4915ba81d9023f),platform=Windows NT 10.0.14393 x86_64) (WARNING: The server did not provide any stacktrace information)
Command duration or timeout: 10.03 seconds
For documentation on this error, please visit: http://seleniumhq.org/exceptions/no_such_element.html
Build info: version: '3.4.0', revision: 'unknown', time: 'unknown'
System info: host: 'USER-20160525XQ', ip: '192.168.1.150', os.name: 'Windows 10', os.arch: 'amd64', os.version: '10.0', java.version: '1.8.0_121'
Driver info: org.openqa.selenium.chrome.ChromeDriver
Capabilities [{applicationCacheEnabled=false, rotatable=false, mobileEmulationEnabled=false, networkConnectionEnabled=false, chrome={chromedriverVersion=2.33.506120 (e3e53437346286c0bc2d2dc9aa4915ba81d9023f), userDataDir=C:\Users\ADMINI~1\AppData\Local\Temp\scoped_dir20852_9501}, takesHeapSnapshot=true, pageLoadStrategy=normal, databaseEnabled=false, handlesAlerts=true, hasTouchScreen=false, version=62.0.3202.94, platform=XP, browserConnectionEnabled=false, nativeEvents=true, acceptSslCerts=true, locationContextEnabled=true, webStorageEnabled=true, browserName=chrome, takesScreenshot=true, javascriptEnabled=true, cssSelectorsEnabled=true, setWindowRect=true, unexpectedAlertBehaviour=}]
Session ID: de93aba117e55fa9d7b1f1c6293c5942
*** Element info: {Using=xpath, value=//li[contains(.,'睿博一级科室')]/parent::ul/li[4]/div/div[1]/a[3]}
main 2017-12-04 13:03:51:695 [ERROR] com.witontek.ehospital2.base.WebElementsUtils:查找二级科室管理-序号1的二级科室名称的网页元素时出错,报错信息：no such element: Unable to locate element: {"method":"xpath","selector":"//div[@class='second-department-list']/div[4]/ul[2]/li[2]"}
  (Session info: chrome=62.0.3202.94)
  (Driver info: chromedriver=2.33.506120 (e3e53437346286c0bc2d2dc9aa4915ba81d9023f),platform=Windows NT 10.0.14393 x86_64) (WARNING: The server did not provide any stacktrace information)
Command duration or timeout: 10.05 seconds
For documentation on this error, please visit: http://seleniumhq.org/exceptions/no_such_element.html
Build info: version: '3.4.0', revision: 'unknown', time: 'unknown'
System info: host: 'USER-20160525XQ', ip: '192.168.1.150', os.name: 'Windows 10', os.arch: 'amd64', os.version: '10.0', java.version: '1.8.0_121'
Driver info: org.openqa.selenium.chrome.ChromeDriver
Capabilities [{applicationCacheEnabled=false, rotatable=false, mobileEmulationEnabled=false, networkConnectionEnabled=false, chrome={chromedriverVersion=2.33.506120 (e3e53437346286c0bc2d2dc9aa4915ba81d9023f), userDataDir=C:\Users\ADMINI~1\AppData\Local\Temp\scoped_dir7664_29643}, takesHeapSnapshot=true, pageLoadStrategy=normal, databaseEnabled=false, handlesAlerts=true, hasTouchScreen=false, version=62.0.3202.94, platform=XP, browserConnectionEnabled=false, nativeEvents=true, acceptSslCerts=true, locationContextEnabled=true, webStorageEnabled=true, browserName=chrome, takesScreenshot=true, javascriptEnabled=true, cssSelectorsEnabled=true, setWindowRect=true, unexpectedAlertBehaviour=}]
Session ID: dfbccb28fb752eafb63b5bd25c6d3bff
*** Element info: {Using=xpath, value=//div[@class='second-department-list']/div[4]/ul[2]/li[2]}
main 2017-12-04 13:06:58:568 [ERROR] com.witontek.ehospital2.base.WebElementsUtils:查找二级科室管理-序号1的二级科室名称的网页元素时出错,报错信息：no such element: Unable to locate element: {"method":"xpath","selector":"//div[@class='second-department-list']/div[4]/ul[2]/li[2]"}
  (Session info: chrome=62.0.3202.94)
  (Driver info: chromedriver=2.33.506120 (e3e53437346286c0bc2d2dc9aa4915ba81d9023f),platform=Windows NT 10.0.14393 x86_64) (WARNING: The server did not provide any stacktrace information)
Command duration or timeout: 10.05 seconds
For documentation on this error, please visit: http://seleniumhq.org/exceptions/no_such_element.html
Build info: version: '3.4.0', revision: 'unknown', time: 'unknown'
System info: host: 'USER-20160525XQ', ip: '192.168.1.150', os.name: 'Windows 10', os.arch: 'amd64', os.version: '10.0', java.version: '1.8.0_121'
Driver info: org.openqa.selenium.chrome.ChromeDriver
Capabilities [{applicationCacheEnabled=false, rotatable=false, mobileEmulationEnabled=false, networkConnectionEnabled=false, chrome={chromedriverVersion=2.33.506120 (e3e53437346286c0bc2d2dc9aa4915ba81d9023f), userDataDir=C:\Users\ADMINI~1\AppData\Local\Temp\scoped_dir19920_2350}, takesHeapSnapshot=true, pageLoadStrategy=normal, databaseEnabled=false, handlesAlerts=true, hasTouchScreen=false, version=62.0.3202.94, platform=XP, browserConnectionEnabled=false, nativeEvents=true, acceptSslCerts=true, locationContextEnabled=true, webStorageEnabled=true, browserName=chrome, takesScreenshot=true, javascriptEnabled=true, cssSelectorsEnabled=true, setWindowRect=true, unexpectedAlertBehaviour=}]
Session ID: 745deb134959672e620b32772786ea50
*** Element info: {Using=xpath, value=//div[@class='second-department-list']/div[4]/ul[2]/li[2]}
main 2017-12-04 13:09:07:545 [ERROR] com.witontek.ehospital2.base.WebElementsUtils:查找二级科室管理-序号2的二级科室名称的网页元素时出错,报错信息：no such element: Unable to locate element: {"method":"xpath","selector":"//div[@class='second-department-list']/div[4]/ul[3]/li[2]"}
  (Session info: chrome=62.0.3202.94)
  (Driver info: chromedriver=2.33.506120 (e3e53437346286c0bc2d2dc9aa4915ba81d9023f),platform=Windows NT 10.0.14393 x86_64) (WARNING: The server did not provide any stacktrace information)
Command duration or timeout: 10.05 seconds
For documentation on this error, please visit: http://seleniumhq.org/exceptions/no_such_element.html
Build info: version: '3.4.0', revision: 'unknown', time: 'unknown'
System info: host: 'USER-20160525XQ', ip: '192.168.1.150', os.name: 'Windows 10', os.arch: 'amd64', os.version: '10.0', java.version: '1.8.0_121'
Driver info: org.openqa.selenium.chrome.ChromeDriver
Capabilities [{applicationCacheEnabled=false, rotatable=false, mobileEmulationEnabled=false, networkConnectionEnabled=false, chrome={chromedriverVersion=2.33.506120 (e3e53437346286c0bc2d2dc9aa4915ba81d9023f), userDataDir=C:\Users\ADMINI~1\AppData\Local\Temp\scoped_dir20560_23518}, takesHeapSnapshot=true, pageLoadStrategy=normal, databaseEnabled=false, handlesAlerts=true, hasTouchScreen=false, version=62.0.3202.94, platform=XP, browserConnectionEnabled=false, nativeEvents=true, acceptSslCerts=true, locationContextEnabled=true, webStorageEnabled=true, browserName=chrome, takesScreenshot=true, javascriptEnabled=true, cssSelectorsEnabled=true, setWindowRect=true, unexpectedAlertBehaviour=}]
Session ID: da3464427f203cca79dec73775d71685
*** Element info: {Using=xpath, value=//div[@class='second-department-list']/div[4]/ul[3]/li[2]}
main 2017-12-04 13:09:24:091 [ERROR] com.witontek.ehospital2.base.WebElementsUtils:查找二级科室管理-序号2的二级科室名称的网页元素时出错,报错信息：no such element: Unable to locate element: {"method":"xpath","selector":"//div[@class='second-department-list']/div[4]/ul[3]/li[2]"}
  (Session info: chrome=62.0.3202.94)
  (Driver info: chromedriver=2.33.506120 (e3e53437346286c0bc2d2dc9aa4915ba81d9023f),platform=Windows NT 10.0.14393 x86_64) (WARNING: The server did not provide any stacktrace information)
Command duration or timeout: 10.02 seconds
For documentation on this error, please visit: http://seleniumhq.org/exceptions/no_such_element.html
Build info: version: '3.4.0', revision: 'unknown', time: 'unknown'
System info: host: 'USER-20160525XQ', ip: '192.168.1.150', os.name: 'Windows 10', os.arch: 'amd64', os.version: '10.0', java.version: '1.8.0_121'
Driver info: org.openqa.selenium.chrome.ChromeDriver
Capabilities [{applicationCacheEnabled=false, rotatable=false, mobileEmulationEnabled=false, networkConnectionEnabled=false, chrome={chromedriverVersion=2.33.506120 (e3e53437346286c0bc2d2dc9aa4915ba81d9023f), userDataDir=C:\Users\ADMINI~1\AppData\Local\Temp\scoped_dir20560_23518}, takesHeapSnapshot=true, pageLoadStrategy=normal, databaseEnabled=false, handlesAlerts=true, hasTouchScreen=false, version=62.0.3202.94, platform=XP, browserConnectionEnabled=false, nativeEvents=true, acceptSslCerts=true, locationContextEnabled=true, webStorageEnabled=true, browserName=chrome, takesScreenshot=true, javascriptEnabled=true, cssSelectorsEnabled=true, setWindowRect=true, unexpectedAlertBehaviour=}]
Session ID: da3464427f203cca79dec73775d71685
*** Element info: {Using=xpath, value=//div[@class='second-department-list']/div[4]/ul[3]/li[2]}
main 2017-12-04 13:09:37:871 [ERROR] com.witontek.ehospital2.base.WebElementsUtils:查找二级科室管理-序号2的二级科室名称的网页元素时出错,报错信息：no such element: Unable to locate element: {"method":"xpath","selector":"//div[@class='second-department-list']/div[4]/ul[3]/li[2]"}
  (Session info: chrome=62.0.3202.94)
  (Driver info: chromedriver=2.33.506120 (e3e53437346286c0bc2d2dc9aa4915ba81d9023f),platform=Windows NT 10.0.14393 x86_64) (WARNING: The server did not provide any stacktrace information)
Command duration or timeout: 10.02 seconds
For documentation on this error, please visit: http://seleniumhq.org/exceptions/no_such_element.html
Build info: version: '3.4.0', revision: 'unknown', time: 'unknown'
System info: host: 'USER-20160525XQ', ip: '192.168.1.150', os.name: 'Windows 10', os.arch: 'amd64', os.version: '10.0', java.version: '1.8.0_121'
Driver info: org.openqa.selenium.chrome.ChromeDriver
Capabilities [{applicationCacheEnabled=false, rotatable=false, mobileEmulationEnabled=false, networkConnectionEnabled=false, chrome={chromedriverVersion=2.33.506120 (e3e53437346286c0bc2d2dc9aa4915ba81d9023f), userDataDir=C:\Users\ADMINI~1\AppData\Local\Temp\scoped_dir20560_23518}, takesHeapSnapshot=true, pageLoadStrategy=normal, databaseEnabled=false, handlesAlerts=true, hasTouchScreen=false, version=62.0.3202.94, platform=XP, browserConnectionEnabled=false, nativeEvents=true, acceptSslCerts=true, locationContextEnabled=true, webStorageEnabled=true, browserName=chrome, takesScreenshot=true, javascriptEnabled=true, cssSelectorsEnabled=true, setWindowRect=true, unexpectedAlertBehaviour=}]
Session ID: da3464427f203cca79dec73775d71685
*** Element info: {Using=xpath, value=//div[@class='second-department-list']/div[4]/ul[3]/li[2]}
main 2017-12-04 13:14:02:700 [ERROR] com.witontek.ehospital2.business.DepartmentManage:置顶前二级科室（睿博二级科室）与置顶后二级科室（睿博二级科室（改））不相同，二级科室管理-置顶二级科室失败
main 2017-12-04 13:32:51:811 [ERROR] com.witontek.ehospital2.base.DatabaseUtils:从数据库删除数据出错，报错信息：null
main 2017-12-04 15:10:16:983 [ERROR] com.witontek.ehospital2.base.WebElementsUtils:查找科室管理-新增的一级科室名称带索引的网页元素时出错,报错信息：Index: 0, Size: 0
main 2017-12-04 15:18:20:211 [ERROR] com.witontek.ehospital2.base.AssertUtils:实际结果（睿博一级科室）与预期结果（睿博一级科室（改））不相等，编辑一级科室失败
main 2017-12-04 15:18:58:928 [ERROR] com.witontek.ehospital2.business.DepartmentCategoryManage:删除一级科室失败
main 2017-12-04 15:21:16:924 [ERROR] com.witontek.ehospital2.base.WebElementsUtils:查找科室管理-置顶按钮带索引的网页元素时出错,报错信息：Index: 0, Size: 0
main 2017-12-04 15:22:32:202 [ERROR] com.witontek.ehospital2.base.WebElementsUtils:未定位到页面元素，点击科室管理-搜索按钮失败,报错信息：unknown error: Element <button type="button" class="btn btn-success" ng-click="$ctrl.searchFirstDepartmentListData()">...</button> is not clickable at point (476, 246). Other element would receive the click: <div class="modal-body modal-alert" id="modal-body">...</div>
  (Session info: chrome=62.0.3202.94)
  (Driver info: chromedriver=2.33.506120 (e3e53437346286c0bc2d2dc9aa4915ba81d9023f),platform=Windows NT 10.0.14393 x86_64) (WARNING: The server did not provide any stacktrace information)
Command duration or timeout: 52 milliseconds
Build info: version: '3.4.0', revision: 'unknown', time: 'unknown'
System info: host: 'USER-20160525XQ', ip: '192.168.1.150', os.name: 'Windows 10', os.arch: 'amd64', os.version: '10.0', java.version: '1.8.0_121'
Driver info: org.openqa.selenium.chrome.ChromeDriver
Capabilities [{applicationCacheEnabled=false, rotatable=false, mobileEmulationEnabled=false, networkConnectionEnabled=false, chrome={chromedriverVersion=2.33.506120 (e3e53437346286c0bc2d2dc9aa4915ba81d9023f), userDataDir=C:\Users\ADMINI~1\AppData\Local\Temp\scoped_dir19016_21799}, takesHeapSnapshot=true, pageLoadStrategy=normal, databaseEnabled=false, handlesAlerts=true, hasTouchScreen=false, version=62.0.3202.94, platform=XP, browserConnectionEnabled=false, nativeEvents=true, acceptSslCerts=true, locationContextEnabled=true, webStorageEnabled=true, browserName=chrome, takesScreenshot=true, javascriptEnabled=true, cssSelectorsEnabled=true, setWindowRect=true, unexpectedAlertBehaviour=}]
Session ID: cbff6cb6098d699239fc70bc59d66b83
main 2017-12-04 15:25:22:550 [ERROR] com.witontek.ehospital2.business.DepartmentCategoryManage:删除一级科室失败
main 2017-12-04 21:11:35:581 [ERROR] com.witontek.ehospital2.base.WebElementsUtils:未定位到页面元素，点击最末页按钮失败,报错信息：unknown error: Element <a href="javascript:void(0);" ng-click="$ctrl.setPage(2)">...</a> is not clickable at point (1306, 614). Other element would receive the click: <div uib-modal-window="modal-window" class="modal fade ng-scope ng-isolate-scope in" role="dialog" index="0" animate="animate" ng-style="{'z-index': 1050 + $$topModalIndex*10, display: 'block'}" tabindex="-1" uib-modal-animation-class="fade" modal-in-class="in" modal-animation="true" style="z-index: 1050; display: block;">...</div>
  (Session info: chrome=62.0.3202.94)
  (Driver info: chromedriver=2.33.506120 (e3e53437346286c0bc2d2dc9aa4915ba81d9023f),platform=Windows NT 10.0.14393 x86_64) (WARNING: The server did not provide any stacktrace information)
Command duration or timeout: 94 milliseconds
Build info: version: '3.4.0', revision: 'unknown', time: 'unknown'
System info: host: 'USER-20160525XQ', ip: '192.168.1.150', os.name: 'Windows 10', os.arch: 'amd64', os.version: '10.0', java.version: '1.8.0_121'
Driver info: org.openqa.selenium.chrome.ChromeDriver
Capabilities [{applicationCacheEnabled=false, rotatable=false, mobileEmulationEnabled=false, networkConnectionEnabled=false, chrome={chromedriverVersion=2.33.506120 (e3e53437346286c0bc2d2dc9aa4915ba81d9023f), userDataDir=C:\Users\ADMINI~1\AppData\Local\Temp\scoped_dir14908_7173}, takesHeapSnapshot=true, pageLoadStrategy=normal, databaseEnabled=false, handlesAlerts=true, hasTouchScreen=false, version=62.0.3202.94, platform=XP, browserConnectionEnabled=false, nativeEvents=true, acceptSslCerts=true, locationContextEnabled=true, webStorageEnabled=true, browserName=chrome, takesScreenshot=true, javascriptEnabled=true, cssSelectorsEnabled=true, setWindowRect=true, unexpectedAlertBehaviour=}]
Session ID: 5fedd92c89aa69a5a90ff6c6579d9fb9
main 2017-12-04 21:12:07:404 [ERROR] com.witontek.ehospital2.base.WebElementsUtils:未定位到页面元素，点击最末页按钮失败,报错信息：unknown error: Element <a href="javascript:void(0);" ng-click="$ctrl.setPage(2)">...</a> is not clickable at point (1306, 614). Other element would receive the click: <div uib-modal-window="modal-window" class="modal fade ng-scope ng-isolate-scope in" role="dialog" index="0" animate="animate" ng-style="{'z-index': 1050 + $$topModalIndex*10, display: 'block'}" tabindex="-1" uib-modal-animation-class="fade" modal-in-class="in" modal-animation="true" style="z-index: 1050; display: block;">...</div>
  (Session info: chrome=62.0.3202.94)
  (Driver info: chromedriver=2.33.506120 (e3e53437346286c0bc2d2dc9aa4915ba81d9023f),platform=Windows NT 10.0.14393 x86_64) (WARNING: The server did not provide any stacktrace information)
Command duration or timeout: 85 milliseconds
Build info: version: '3.4.0', revision: 'unknown', time: 'unknown'
System info: host: 'USER-20160525XQ', ip: '192.168.1.150', os.name: 'Windows 10', os.arch: 'amd64', os.version: '10.0', java.version: '1.8.0_121'
Driver info: org.openqa.selenium.chrome.ChromeDriver
Capabilities [{applicationCacheEnabled=false, rotatable=false, mobileEmulationEnabled=false, networkConnectionEnabled=false, chrome={chromedriverVersion=2.33.506120 (e3e53437346286c0bc2d2dc9aa4915ba81d9023f), userDataDir=C:\Users\ADMINI~1\AppData\Local\Temp\scoped_dir19844_32330}, takesHeapSnapshot=true, pageLoadStrategy=normal, databaseEnabled=false, handlesAlerts=true, hasTouchScreen=false, version=62.0.3202.94, platform=XP, browserConnectionEnabled=false, nativeEvents=true, acceptSslCerts=true, locationContextEnabled=true, webStorageEnabled=true, browserName=chrome, takesScreenshot=true, javascriptEnabled=true, cssSelectorsEnabled=true, setWindowRect=true, unexpectedAlertBehaviour=}]
Session ID: a6b1b176b3b3bf8522f117a37aba3593
main 2017-12-04 21:15:34:946 [ERROR] com.witontek.ehospital2.base.WebElementsUtils:未定位到页面元素，点击最末页按钮失败,报错信息：unknown error: Element <a href="javascript:void(0);" ng-click="$ctrl.setPage(2)">...</a> is not clickable at point (1306, 614). Other element would receive the click: <div uib-modal-window="modal-window" class="modal fade ng-scope ng-isolate-scope ng-animate ng-leave ng-leave-active" role="dialog" index="0" animate="animate" ng-style="{'z-index': 1050 + $$topModalIndex*10, display: 'block'}" tabindex="-1" uib-modal-animation-class="fade" modal-in-class="in" modal-animation="true" data-ng-animate="2" style="z-index: 1050; display: block;">...</div>
  (Session info: chrome=62.0.3202.94)
  (Driver info: chromedriver=2.33.506120 (e3e53437346286c0bc2d2dc9aa4915ba81d9023f),platform=Windows NT 10.0.14393 x86_64) (WARNING: The server did not provide any stacktrace information)
Command duration or timeout: 85 milliseconds
Build info: version: '3.4.0', revision: 'unknown', time: 'unknown'
System info: host: 'USER-20160525XQ', ip: '192.168.1.150', os.name: 'Windows 10', os.arch: 'amd64', os.version: '10.0', java.version: '1.8.0_121'
Driver info: org.openqa.selenium.chrome.ChromeDriver
Capabilities [{applicationCacheEnabled=false, rotatable=false, mobileEmulationEnabled=false, networkConnectionEnabled=false, chrome={chromedriverVersion=2.33.506120 (e3e53437346286c0bc2d2dc9aa4915ba81d9023f), userDataDir=C:\Users\ADMINI~1\AppData\Local\Temp\scoped_dir22132_18541}, takesHeapSnapshot=true, pageLoadStrategy=normal, databaseEnabled=false, handlesAlerts=true, hasTouchScreen=false, version=62.0.3202.94, platform=XP, browserConnectionEnabled=false, nativeEvents=true, acceptSslCerts=true, locationContextEnabled=true, webStorageEnabled=true, browserName=chrome, takesScreenshot=true, javascriptEnabled=true, cssSelectorsEnabled=true, setWindowRect=true, unexpectedAlertBehaviour=}]
Session ID: 4b4e80f7910a209370766fe3fae0922b
main 2017-12-04 21:16:22:745 [ERROR] com.witontek.ehospital2.base.WebElementsUtils:查找就医咨询管理-删除按钮带索引的网页元素时出错,报错信息：Index: 0, Size: 0
main 2017-12-04 21:33:07:548 [ERROR] com.witontek.ehospital2.base.WebElementsUtils:未定位到页面元素，点击最末页按钮失败,报错信息：unknown error: Element <a href="javascript:void(0);" ng-click="$ctrl.setPage(2)">...</a> is not clickable at point (1306, 614). Other element would receive the click: <div uib-modal-window="modal-window" class="modal fade ng-scope ng-isolate-scope ng-animate ng-leave ng-leave-active" role="dialog" index="0" animate="animate" ng-style="{'z-index': 1050 + $$topModalIndex*10, display: 'block'}" tabindex="-1" uib-modal-animation-class="fade" modal-in-class="in" modal-animation="true" data-ng-animate="2" style="z-index: 1050; display: block;">...</div>
  (Session info: chrome=62.0.3202.94)
  (Driver info: chromedriver=2.33.506120 (e3e53437346286c0bc2d2dc9aa4915ba81d9023f),platform=Windows NT 10.0.14393 x86_64) (WARNING: The server did not provide any stacktrace information)
Command duration or timeout: 85 milliseconds
Build info: version: '3.4.0', revision: 'unknown', time: 'unknown'
System info: host: 'USER-20160525XQ', ip: '192.168.1.150', os.name: 'Windows 10', os.arch: 'amd64', os.version: '10.0', java.version: '1.8.0_121'
Driver info: org.openqa.selenium.chrome.ChromeDriver
Capabilities [{applicationCacheEnabled=false, rotatable=false, mobileEmulationEnabled=false, networkConnectionEnabled=false, chrome={chromedriverVersion=2.33.506120 (e3e53437346286c0bc2d2dc9aa4915ba81d9023f), userDataDir=C:\Users\ADMINI~1\AppData\Local\Temp\scoped_dir10316_14673}, takesHeapSnapshot=true, pageLoadStrategy=normal, databaseEnabled=false, handlesAlerts=true, hasTouchScreen=false, version=62.0.3202.94, platform=XP, browserConnectionEnabled=false, nativeEvents=true, acceptSslCerts=true, locationContextEnabled=true, webStorageEnabled=true, browserName=chrome, takesScreenshot=true, javascriptEnabled=true, cssSelectorsEnabled=true, setWindowRect=true, unexpectedAlertBehaviour=}]
Session ID: 2b72996d7ba621dd41688622de5804a8
main 2017-12-04 21:34:20:366 [ERROR] com.witontek.ehospital2.base.WebElementsUtils:查找就医咨询管理-科室名称输入框的网页元素时出错,报错信息：chrome not reachable
  (Session info: chrome=62.0.3202.94)
  (Driver info: chromedriver=2.33.506120 (e3e53437346286c0bc2d2dc9aa4915ba81d9023f),platform=Windows NT 10.0.14393 x86_64) (WARNING: The server did not provide any stacktrace information)
Command duration or timeout: 4.01 seconds
Build info: version: '3.4.0', revision: 'unknown', time: 'unknown'
System info: host: 'USER-20160525XQ', ip: '192.168.1.150', os.name: 'Windows 10', os.arch: 'amd64', os.version: '10.0', java.version: '1.8.0_121'
Driver info: org.openqa.selenium.chrome.ChromeDriver
Capabilities [{applicationCacheEnabled=false, rotatable=false, mobileEmulationEnabled=false, networkConnectionEnabled=false, chrome={chromedriverVersion=2.33.506120 (e3e53437346286c0bc2d2dc9aa4915ba81d9023f), userDataDir=C:\Users\ADMINI~1\AppData\Local\Temp\scoped_dir23860_88}, takesHeapSnapshot=true, pageLoadStrategy=normal, databaseEnabled=false, handlesAlerts=true, hasTouchScreen=false, version=62.0.3202.94, platform=XP, browserConnectionEnabled=false, nativeEvents=true, acceptSslCerts=true, locationContextEnabled=true, webStorageEnabled=true, browserName=chrome, takesScreenshot=true, javascriptEnabled=true, cssSelectorsEnabled=true, setWindowRect=true, unexpectedAlertBehaviour=}]
Session ID: 7bb1075f51b9eba3678cf6eab9998645
*** Element info: {Using=xpath, value=//input[@ng-model='$ctrl.getConsultListParams.search_condition']}
main 2017-12-04 21:34:24:386 [ERROR] com.witontek.ehospital2.base.BrowserUtils:截图失败,报错信息：chrome not reachable
  (Session info: chrome=62.0.3202.94)
  (Driver info: chromedriver=2.33.506120 (e3e53437346286c0bc2d2dc9aa4915ba81d9023f),platform=Windows NT 10.0.14393 x86_64) (WARNING: The server did not provide any stacktrace information)
Command duration or timeout: 4.02 seconds
Build info: version: '3.4.0', revision: 'unknown', time: 'unknown'
System info: host: 'USER-20160525XQ', ip: '192.168.1.150', os.name: 'Windows 10', os.arch: 'amd64', os.version: '10.0', java.version: '1.8.0_121'
Driver info: org.openqa.selenium.chrome.ChromeDriver
Capabilities [{applicationCacheEnabled=false, rotatable=false, mobileEmulationEnabled=false, networkConnectionEnabled=false, chrome={chromedriverVersion=2.33.506120 (e3e53437346286c0bc2d2dc9aa4915ba81d9023f), userDataDir=C:\Users\ADMINI~1\AppData\Local\Temp\scoped_dir23860_88}, takesHeapSnapshot=true, pageLoadStrategy=normal, databaseEnabled=false, handlesAlerts=true, hasTouchScreen=false, version=62.0.3202.94, platform=XP, browserConnectionEnabled=false, nativeEvents=true, acceptSslCerts=true, locationContextEnabled=true, webStorageEnabled=true, browserName=chrome, takesScreenshot=true, javascriptEnabled=true, cssSelectorsEnabled=true, setWindowRect=true, unexpectedAlertBehaviour=}]
Session ID: 7bb1075f51b9eba3678cf6eab9998645
main 2017-12-04 21:34:24:393 [ERROR] com.witontek.ehospital2.base.WebElementsUtils:查找就医咨询管理-科室名称输入框的网页元素时超时显示等待时间,报错信息：null
main 2017-12-04 21:34:28:408 [ERROR] com.witontek.ehospital2.base.BrowserUtils:截图失败,报错信息：chrome not reachable
  (Session info: chrome=62.0.3202.94)
  (Driver info: chromedriver=2.33.506120 (e3e53437346286c0bc2d2dc9aa4915ba81d9023f),platform=Windows NT 10.0.14393 x86_64) (WARNING: The server did not provide any stacktrace information)
Command duration or timeout: 4.01 seconds
Build info: version: '3.4.0', revision: 'unknown', time: 'unknown'
System info: host: 'USER-20160525XQ', ip: '192.168.1.150', os.name: 'Windows 10', os.arch: 'amd64', os.version: '10.0', java.version: '1.8.0_121'
Driver info: org.openqa.selenium.chrome.ChromeDriver
Capabilities [{applicationCacheEnabled=false, rotatable=false, mobileEmulationEnabled=false, networkConnectionEnabled=false, chrome={chromedriverVersion=2.33.506120 (e3e53437346286c0bc2d2dc9aa4915ba81d9023f), userDataDir=C:\Users\ADMINI~1\AppData\Local\Temp\scoped_dir23860_88}, takesHeapSnapshot=true, pageLoadStrategy=normal, databaseEnabled=false, handlesAlerts=true, hasTouchScreen=false, version=62.0.3202.94, platform=XP, browserConnectionEnabled=false, nativeEvents=true, acceptSslCerts=true, locationContextEnabled=true, webStorageEnabled=true, browserName=chrome, takesScreenshot=true, javascriptEnabled=true, cssSelectorsEnabled=true, setWindowRect=true, unexpectedAlertBehaviour=}]
Session ID: 7bb1075f51b9eba3678cf6eab9998645
main 2017-12-04 21:34:28:411 [ERROR] com.witontek.ehospital2.base.WebElementsUtils:未定位到页面元素，清空就医咨询管理-科室名称输入框失败,报错信息：null
main 2017-12-04 21:34:32:430 [ERROR] com.witontek.ehospital2.base.BrowserUtils:截图失败,报错信息：chrome not reachable
  (Session info: chrome=62.0.3202.94)
  (Driver info: chromedriver=2.33.506120 (e3e53437346286c0bc2d2dc9aa4915ba81d9023f),platform=Windows NT 10.0.14393 x86_64) (WARNING: The server did not provide any stacktrace information)
Command duration or timeout: 4.02 seconds
Build info: version: '3.4.0', revision: 'unknown', time: 'unknown'
System info: host: 'USER-20160525XQ', ip: '192.168.1.150', os.name: 'Windows 10', os.arch: 'amd64', os.version: '10.0', java.version: '1.8.0_121'
Driver info: org.openqa.selenium.chrome.ChromeDriver
Capabilities [{applicationCacheEnabled=false, rotatable=false, mobileEmulationEnabled=false, networkConnectionEnabled=false, chrome={chromedriverVersion=2.33.506120 (e3e53437346286c0bc2d2dc9aa4915ba81d9023f), userDataDir=C:\Users\ADMINI~1\AppData\Local\Temp\scoped_dir23860_88}, takesHeapSnapshot=true, pageLoadStrategy=normal, databaseEnabled=false, handlesAlerts=true, hasTouchScreen=false, version=62.0.3202.94, platform=XP, browserConnectionEnabled=false, nativeEvents=true, acceptSslCerts=true, locationContextEnabled=true, webStorageEnabled=true, browserName=chrome, takesScreenshot=true, javascriptEnabled=true, cssSelectorsEnabled=true, setWindowRect=true, unexpectedAlertBehaviour=}]
Session ID: 7bb1075f51b9eba3678cf6eab9998645
main 2017-12-04 21:44:37:275 [ERROR] com.witontek.ehospital2.base.WebElementsUtils:未定位到页面元素，点击最末页按钮失败,报错信息：unknown error: Element <a href="javascript:void(0);" ng-click="$ctrl.setPage(2)">...</a> is not clickable at point (1306, 614). Other element would receive the click: <div uib-modal-backdrop="modal-backdrop" class="modal-backdrop fade ng-scope ng-animate ng-leave ng-leave-active" ng-style="{'z-index': 1040 + (index &amp;&amp; 1 || 0) + index*10}" uib-modal-animation-class="fade" modal-in-class="in" modal-animation="true" data-ng-animate="2" style="z-index: 1040;"></div>
  (Session info: chrome=62.0.3202.94)
  (Driver info: chromedriver=2.33.506120 (e3e53437346286c0bc2d2dc9aa4915ba81d9023f),platform=Windows NT 10.0.14393 x86_64) (WARNING: The server did not provide any stacktrace information)
Command duration or timeout: 101 milliseconds
Build info: version: '3.4.0', revision: 'unknown', time: 'unknown'
System info: host: 'USER-20160525XQ', ip: '192.168.1.150', os.name: 'Windows 10', os.arch: 'amd64', os.version: '10.0', java.version: '1.8.0_121'
Driver info: org.openqa.selenium.chrome.ChromeDriver
Capabilities [{applicationCacheEnabled=false, rotatable=false, mobileEmulationEnabled=false, networkConnectionEnabled=false, chrome={chromedriverVersion=2.33.506120 (e3e53437346286c0bc2d2dc9aa4915ba81d9023f), userDataDir=C:\Users\ADMINI~1\AppData\Local\Temp\scoped_dir17740_31267}, takesHeapSnapshot=true, pageLoadStrategy=normal, databaseEnabled=false, handlesAlerts=true, hasTouchScreen=false, version=62.0.3202.94, platform=XP, browserConnectionEnabled=false, nativeEvents=true, acceptSslCerts=true, locationContextEnabled=true, webStorageEnabled=true, browserName=chrome, takesScreenshot=true, javascriptEnabled=true, cssSelectorsEnabled=true, setWindowRect=true, unexpectedAlertBehaviour=}]
Session ID: 1e87bb34731b86435a2c134d0056eba4
main 2017-12-04 21:45:45:158 [ERROR] com.witontek.ehospital2.base.WebElementsUtils:未定位到页面元素，点击最末页按钮失败,报错信息：unknown error: Element <a href="javascript:void(0);" ng-click="$ctrl.setPage(2)">...</a> is not clickable at point (1306, 614). Other element would receive the click: <div uib-modal-window="modal-window" class="modal fade ng-scope ng-isolate-scope ng-animate ng-leave ng-leave-active" role="dialog" index="0" animate="animate" ng-style="{'z-index': 1050 + $$topModalIndex*10, display: 'block'}" tabindex="-1" uib-modal-animation-class="fade" modal-in-class="in" modal-animation="true" data-ng-animate="2" style="z-index: 1050; display: block;">...</div>
  (Session info: chrome=62.0.3202.94)
  (Driver info: chromedriver=2.33.506120 (e3e53437346286c0bc2d2dc9aa4915ba81d9023f),platform=Windows NT 10.0.14393 x86_64) (WARNING: The server did not provide any stacktrace information)
Command duration or timeout: 90 milliseconds
Build info: version: '3.4.0', revision: 'unknown', time: 'unknown'
System info: host: 'USER-20160525XQ', ip: '192.168.1.150', os.name: 'Windows 10', os.arch: 'amd64', os.version: '10.0', java.version: '1.8.0_121'
Driver info: org.openqa.selenium.chrome.ChromeDriver
Capabilities [{applicationCacheEnabled=false, rotatable=false, mobileEmulationEnabled=false, networkConnectionEnabled=false, chrome={chromedriverVersion=2.33.506120 (e3e53437346286c0bc2d2dc9aa4915ba81d9023f), userDataDir=C:\Users\ADMINI~1\AppData\Local\Temp\scoped_dir23604_26252}, takesHeapSnapshot=true, pageLoadStrategy=normal, databaseEnabled=false, handlesAlerts=true, hasTouchScreen=false, version=62.0.3202.94, platform=XP, browserConnectionEnabled=false, nativeEvents=true, acceptSslCerts=true, locationContextEnabled=true, webStorageEnabled=true, browserName=chrome, takesScreenshot=true, javascriptEnabled=true, cssSelectorsEnabled=true, setWindowRect=true, unexpectedAlertBehaviour=}]
Session ID: f9518137b9a17ce7ffb5cae36de7e795
main 2017-12-04 21:47:53:384 [ERROR] com.witontek.ehospital2.base.WebElementsUtils:查找科室咨询框-科室名称输入框的网页元素时出错,报错信息：no such element: Unable to locate element: {"method":"xpath","selector":"//input[@id='departmentName']"}
  (Session info: chrome=62.0.3202.94)
  (Driver info: chromedriver=2.33.506120 (e3e53437346286c0bc2d2dc9aa4915ba81d9023f),platform=Windows NT 10.0.14393 x86_64) (WARNING: The server did not provide any stacktrace information)
Command duration or timeout: 10.03 seconds
For documentation on this error, please visit: http://seleniumhq.org/exceptions/no_such_element.html
Build info: version: '3.4.0', revision: 'unknown', time: 'unknown'
System info: host: 'USER-20160525XQ', ip: '192.168.1.150', os.name: 'Windows 10', os.arch: 'amd64', os.version: '10.0', java.version: '1.8.0_121'
Driver info: org.openqa.selenium.chrome.ChromeDriver
Capabilities [{applicationCacheEnabled=false, rotatable=false, mobileEmulationEnabled=false, networkConnectionEnabled=false, chrome={chromedriverVersion=2.33.506120 (e3e53437346286c0bc2d2dc9aa4915ba81d9023f), userDataDir=C:\Users\ADMINI~1\AppData\Local\Temp\scoped_dir21600_248}, takesHeapSnapshot=true, pageLoadStrategy=normal, databaseEnabled=false, handlesAlerts=true, hasTouchScreen=false, version=62.0.3202.94, platform=XP, browserConnectionEnabled=false, nativeEvents=true, acceptSslCerts=true, locationContextEnabled=true, webStorageEnabled=true, browserName=chrome, takesScreenshot=true, javascriptEnabled=true, cssSelectorsEnabled=true, setWindowRect=true, unexpectedAlertBehaviour=}]
Session ID: c05d06f96a190ce0c26c8f705489b67f
*** Element info: {Using=xpath, value=//input[@id='departmentName']}
main 2017-12-04 22:16:58:539 [ERROR] com.witontek.ehospital2.base.WebElementsUtils:查找就医咨询管理-编辑后的咨询科室名称带索引的网页元素时出错,报错信息：Index: 0, Size: 0
