2017-11-13 09:23:56.455 [main] INFO  com.witontek.ehospital2.base.Log - 【info】com.witontek.ehospital2.base.DriverUtils:打开谷歌浏览器
2017-11-13 09:24:00.750 [main] INFO  com.witontek.ehospital2.base.Log - 【info】com.witontek.ehospital2.base.DriverUtils:打开谷歌浏览器
2017-11-13 09:24:07.165 [main] INFO  com.witontek.ehospital2.base.Log - 【info】com.witontek.ehospital2.base.DriverUtils:打开谷歌浏览器
2017-11-13 09:24:12.730 [main] INFO  com.witontek.ehospital2.base.Log - 【info】com.witontek.ehospital2.base.ExcelUtils:读取insertDepartmentsCategory.xlsx文件
2017-11-13 09:24:29.022 [main] INFO  com.witontek.ehospital2.base.Log - 【info】com.witontek.ehospital2.base.BrowserUtils:打开网址:http://yltest.witontek.com/ehospital3web/web/admin.html#!/
2017-11-13 09:24:29.498 [main] INFO  com.witontek.ehospital2.base.Log - 【info】com.witontek.ehospital2.base.WebElementsUtils:在用户名输入框输入：sqsrmyyadmin
2017-11-13 09:24:29.860 [main] INFO  com.witontek.ehospital2.base.Log - 【info】com.witontek.ehospital2.base.WebElementsUtils:在密码输入框输入：admin
2017-11-13 09:24:30.197 [main] INFO  com.witontek.ehospital2.base.Log - 【info】com.witontek.ehospital2.base.WebElementsUtils:在验证码输入框输入：1111
2017-11-13 09:24:30.548 [main] INFO  com.witontek.ehospital2.base.Log - 【info】com.witontek.ehospital2.base.WebElementsUtils:点击登录按钮
2017-11-13 09:24:31.586 [main] INFO  com.witontek.ehospital2.base.Log - 【info】com.witontek.ehospital2.base.WebElementsUtils:点击业务信息管理
2017-11-13 09:24:33.644 [main] INFO  com.witontek.ehospital2.base.Log - 【info】com.witontek.ehospital2.base.WebElementsUtils:点击科室管理
2017-11-13 09:24:34.084 [main] INFO  com.witontek.ehospital2.base.Log - 【info】com.witontek.ehospital2.base.WebElementsUtils:点击科室管理-新增一级科室按钮
2017-11-13 09:24:34.454 [main] INFO  com.witontek.ehospital2.base.Log - 【info】com.witontek.ehospital2.base.WebElementsUtils:在新增一级科室-科室名称输入框输入：睿博一级科室
2017-11-13 09:24:34.841 [main] INFO  com.witontek.ehospital2.base.Log - 【info】com.witontek.ehospital2.base.WebElementsUtils:在新增一级科室-科室编码输入框输入：123456
2017-11-13 09:24:35.172 [main] INFO  com.witontek.ehospital2.base.Log - 【info】com.witontek.ehospital2.base.WebElementsUtils:点击新增一级科室-保存按钮
2017-11-13 09:24:35.686 [main] INFO  com.witontek.ehospital2.base.Log - 【info】com.witontek.ehospital2.base.WebElementsUtils:点击科室管理-弹框关闭按钮
2017-11-13 09:24:36.688 [main] INFO  com.witontek.ehospital2.base.Log - 【info】com.witontek.ehospital2.base.BrowserUtils:等待1秒
2017-11-13 09:24:37.033 [main] INFO  com.witontek.ehospital2.base.Log - 【info】com.witontek.ehospital2.base.WebElementsUtils:点击科室管理-最末页按钮
2017-11-13 09:24:37.417 [main] INFO  com.witontek.ehospital2.base.Log - 【info】com.witontek.ehospital2.base.WebElementsUtils:获取科室管理-被验证的新增一级科室名称的文本信息
2017-11-13 09:24:37.417 [main] INFO  com.witontek.ehospital2.base.Log - 【info】com.witontek.ehospital2.page.DepartmentManagePage:被验证的新增一级科室名称：睿博一级科室
2017-11-13 09:24:37.419 [main] INFO  com.witontek.ehospital2.base.Log - 【info】com.witontek.ehospital2.base.AssertUtils:实际结果（睿博一级科室）与预期结果（睿博一级科室）相等，新增一级科室成功
2017-11-13 09:24:37.492 [main] INFO  com.witontek.ehospital2.base.Log - 【info】com.witontek.ehospital2.base.BrowserUtils:打开网址:http://yltest.witontek.com/ehospital3web/web/admin.html#!/
2017-11-13 09:24:37.870 [main] INFO  com.witontek.ehospital2.base.Log - 【info】com.witontek.ehospital2.base.WebElementsUtils:在用户名输入框输入：sqsrmyyadmin
2017-11-13 09:24:38.222 [main] INFO  com.witontek.ehospital2.base.Log - 【info】com.witontek.ehospital2.base.WebElementsUtils:在密码输入框输入：admin
2017-11-13 09:24:38.589 [main] INFO  com.witontek.ehospital2.base.Log - 【info】com.witontek.ehospital2.base.WebElementsUtils:在验证码输入框输入：1111
2017-11-13 09:24:38.917 [main] INFO  com.witontek.ehospital2.base.Log - 【info】com.witontek.ehospital2.base.WebElementsUtils:点击登录按钮
2017-11-13 09:24:39.499 [main] INFO  com.witontek.ehospital2.base.Log - 【info】com.witontek.ehospital2.base.WebElementsUtils:获取科室管理-序号1的一级科室名称的文本信息
2017-11-13 09:24:39.500 [main] INFO  com.witontek.ehospital2.base.Log - 【info】com.witontek.ehospital2.page.DepartmentManagePage:序号为1的一级科室名称：作废科室
2017-11-13 09:24:39.831 [main] INFO  com.witontek.ehospital2.base.Log - 【info】com.witontek.ehospital2.base.WebElementsUtils:点击科室管理-最末页按钮
2017-11-13 09:24:40.246 [main] INFO  com.witontek.ehospital2.base.Log - 【info】com.witontek.ehospital2.base.WebElementsUtils:点击科室管理-置顶按钮
2017-11-13 09:24:40.666 [main] INFO  com.witontek.ehospital2.base.Log - 【info】com.witontek.ehospital2.base.WebElementsUtils:点击科室管理-弹框关闭按钮
2017-11-13 09:24:41.667 [main] INFO  com.witontek.ehospital2.base.Log - 【info】com.witontek.ehospital2.base.BrowserUtils:等待1秒
2017-11-13 09:24:42.040 [main] INFO  com.witontek.ehospital2.base.Log - 【info】com.witontek.ehospital2.base.WebElementsUtils:点击科室管理-第一页按钮
2017-11-13 09:24:43.040 [main] INFO  com.witontek.ehospital2.base.Log - 【info】com.witontek.ehospital2.base.BrowserUtils:等待1秒
2017-11-13 09:24:43.314 [main] INFO  com.witontek.ehospital2.base.Log - 【info】com.witontek.ehospital2.base.WebElementsUtils:获取科室管理-序号1的一级科室名称的文本信息
2017-11-13 09:24:43.314 [main] INFO  com.witontek.ehospital2.base.Log - 【info】com.witontek.ehospital2.page.DepartmentManagePage:序号为1的一级科室名称：睿博一级科室
2017-11-13 09:24:43.315 [main] INFO  com.witontek.ehospital2.base.Log - 【info】com.witontek.ehospital2.business.DepartmentMange:置顶一级科室成功
2017-11-13 09:24:43.670 [main] INFO  com.witontek.ehospital2.base.Log - 【info】com.witontek.ehospital2.base.ExcelUtils:读取updateDepartmentCategory.xlsx文件
2017-11-13 09:24:43.746 [main] INFO  com.witontek.ehospital2.base.Log - 【info】com.witontek.ehospital2.base.BrowserUtils:打开网址:http://yltest.witontek.com/ehospital3web/web/admin.html#!/
2017-11-13 09:24:44.130 [main] INFO  com.witontek.ehospital2.base.Log - 【info】com.witontek.ehospital2.base.WebElementsUtils:在用户名输入框输入：sqsrmyyadmin
2017-11-13 09:24:44.454 [main] INFO  com.witontek.ehospital2.base.Log - 【info】com.witontek.ehospital2.base.WebElementsUtils:在密码输入框输入：admin
2017-11-13 09:24:44.781 [main] INFO  com.witontek.ehospital2.base.Log - 【info】com.witontek.ehospital2.base.WebElementsUtils:在验证码输入框输入：1111
2017-11-13 09:24:45.092 [main] INFO  com.witontek.ehospital2.base.Log - 【info】com.witontek.ehospital2.base.WebElementsUtils:点击登录按钮
2017-11-13 09:24:46.166 [main] INFO  com.witontek.ehospital2.base.Log - 【info】com.witontek.ehospital2.base.WebElementsUtils:点击科室管理-编辑按钮
2017-11-13 09:24:46.432 [main] INFO  com.witontek.ehospital2.base.Log - 【info】com.witontek.ehospital2.base.WebElementsUtils:清空编辑一级科室-科室名称输入框
2017-11-13 09:24:46.781 [main] INFO  com.witontek.ehospital2.base.Log - 【info】com.witontek.ehospital2.base.WebElementsUtils:在编辑一级科室-科室名称输入框输入：睿博一级科室（改）
2017-11-13 09:24:47.058 [main] INFO  com.witontek.ehospital2.base.Log - 【info】com.witontek.ehospital2.base.WebElementsUtils:清空编辑一级科室-科室编码输入框
2017-11-13 09:24:47.380 [main] INFO  com.witontek.ehospital2.base.Log - 【info】com.witontek.ehospital2.base.WebElementsUtils:在编辑一级科室-科室编码输入框输入：111111
2017-11-13 09:24:47.711 [main] INFO  com.witontek.ehospital2.base.Log - 【info】com.witontek.ehospital2.base.WebElementsUtils:点击编辑一级科室-修改按钮
2017-11-13 09:24:48.117 [main] INFO  com.witontek.ehospital2.base.Log - 【info】com.witontek.ehospital2.base.WebElementsUtils:点击科室管理-弹框关闭按钮
2017-11-13 09:24:49.117 [main] INFO  com.witontek.ehospital2.base.Log - 【info】com.witontek.ehospital2.base.BrowserUtils:等待1秒
2017-11-13 09:24:49.392 [main] INFO  com.witontek.ehospital2.base.Log - 【info】com.witontek.ehospital2.base.WebElementsUtils:获取科室管理-序号1的一级科室名称的文本信息
2017-11-13 09:24:49.392 [main] INFO  com.witontek.ehospital2.base.Log - 【info】com.witontek.ehospital2.page.DepartmentManagePage:序号为1的一级科室名称：睿博一级科室（改）
2017-11-13 09:24:49.392 [main] INFO  com.witontek.ehospital2.base.Log - 【info】com.witontek.ehospital2.base.AssertUtils:实际结果（睿博一级科室（改））与预期结果（睿博一级科室（改））相等，编辑一级科室成功
2017-11-13 09:24:49.450 [main] INFO  com.witontek.ehospital2.base.Log - 【info】com.witontek.ehospital2.base.BrowserUtils:打开网址:http://yltest.witontek.com/ehospital3web/web/admin.html#!/
2017-11-13 09:24:49.838 [main] INFO  com.witontek.ehospital2.base.Log - 【info】com.witontek.ehospital2.base.WebElementsUtils:在用户名输入框输入：sqsrmyyadmin
2017-11-13 09:24:50.180 [main] INFO  com.witontek.ehospital2.base.Log - 【info】com.witontek.ehospital2.base.WebElementsUtils:在密码输入框输入：admin
2017-11-13 09:24:50.512 [main] INFO  com.witontek.ehospital2.base.Log - 【info】com.witontek.ehospital2.base.WebElementsUtils:在验证码输入框输入：1111
2017-11-13 09:24:50.823 [main] INFO  com.witontek.ehospital2.base.Log - 【info】com.witontek.ehospital2.base.WebElementsUtils:点击登录按钮
2017-11-13 09:24:51.426 [main] INFO  com.witontek.ehospital2.base.Log - 【info】com.witontek.ehospital2.base.WebElementsUtils:获取科室管理-总记录数的文本信息
2017-11-13 09:24:51.426 [main] INFO  com.witontek.ehospital2.base.Log - 【info】com.witontek.ehospital2.page.DepartmentManagePage:一级科室总数：16
2017-11-13 09:24:51.754 [main] INFO  com.witontek.ehospital2.base.Log - 【info】com.witontek.ehospital2.base.WebElementsUtils:点击科室管理-删除按钮
2017-11-13 09:24:52.166 [main] INFO  com.witontek.ehospital2.base.Log - 【info】com.witontek.ehospital2.base.WebElementsUtils:点击科室管理-弹框关闭按钮
2017-11-13 09:24:53.166 [main] INFO  com.witontek.ehospital2.base.Log - 【info】com.witontek.ehospital2.base.BrowserUtils:等待1秒
2017-11-13 09:24:53.395 [main] INFO  com.witontek.ehospital2.base.Log - 【info】com.witontek.ehospital2.base.WebElementsUtils:获取科室管理-总记录数的文本信息
2017-11-13 09:24:53.395 [main] INFO  com.witontek.ehospital2.base.Log - 【info】com.witontek.ehospital2.page.DepartmentManagePage:一级科室总数：15
2017-11-13 09:24:53.395 [main] INFO  com.witontek.ehospital2.base.Log - 【info】com.witontek.ehospital2.business.DepartmentMange:删除后一级科室总数与删除前不一致，删除一级科室成功
2017-11-13 09:24:56.397 [main] INFO  com.witontek.ehospital2.base.Log - 【info】com.witontek.ehospital2.base.BrowserUtils:等待3秒
2017-11-13 09:24:57.969 [main] INFO  com.witontek.ehospital2.base.Log - 【info】com.witontek.ehospital2.base.BrowserUtils:退出浏览器
2017-11-13 09:25:03.434 [main] INFO  com.witontek.ehospital2.base.Log - 【info】com.witontek.ehospital2.base.DriverUtils:打开谷歌浏览器
2017-11-13 09:25:05.014 [main] INFO  com.witontek.ehospital2.base.Log - 【info】com.witontek.ehospital2.base.ExcelUtils:读取searchDocManDoctor.xlsx文件
2017-11-13 09:25:20.985 [main] INFO  com.witontek.ehospital2.base.Log - 【info】com.witontek.ehospital2.base.BrowserUtils:打开网址:http://yltest.witontek.com/ehospital3web/web/admin.html#!/
2017-11-13 09:25:21.425 [main] INFO  com.witontek.ehospital2.base.Log - 【info】com.witontek.ehospital2.base.WebElementsUtils:在用户名输入框输入：sqsrmyyadmin
2017-11-13 09:25:21.751 [main] INFO  com.witontek.ehospital2.base.Log - 【info】com.witontek.ehospital2.base.WebElementsUtils:在密码输入框输入：admin
2017-11-13 09:25:22.099 [main] INFO  com.witontek.ehospital2.base.Log - 【info】com.witontek.ehospital2.base.WebElementsUtils:在验证码输入框输入：1111
2017-11-13 09:25:22.427 [main] INFO  com.witontek.ehospital2.base.Log - 【info】com.witontek.ehospital2.base.WebElementsUtils:点击登录按钮
2017-11-13 09:25:23.282 [main] INFO  com.witontek.ehospital2.base.Log - 【info】com.witontek.ehospital2.base.WebElementsUtils:点击业务信息管理
2017-11-13 09:25:23.744 [main] INFO  com.witontek.ehospital2.base.Log - 【info】com.witontek.ehospital2.base.WebElementsUtils:点击医生管理
2017-11-13 09:25:24.072 [main] INFO  com.witontek.ehospital2.base.Log - 【info】com.witontek.ehospital2.base.WebElementsUtils:在医生管理-医生名称输入框输入：西
2017-11-13 09:25:24.433 [main] INFO  com.witontek.ehospital2.base.Log - 【info】com.witontek.ehospital2.base.WebElementsUtils:点击医生管理-搜索医生按钮
2017-11-13 09:25:25.434 [main] INFO  com.witontek.ehospital2.base.Log - 【info】com.witontek.ehospital2.base.BrowserUtils:等待1秒
2017-11-13 09:25:25.731 [main] INFO  com.witontek.ehospital2.base.Log - 【info】com.witontek.ehospital2.base.WebElementsUtils:获取医生管理-医生姓名的文本信息
2017-11-13 09:25:25.732 [main] INFO  com.witontek.ehospital2.base.Log - 【info】com.witontek.ehospital2.page.DoctorManagePage:医生姓名："贾西贝"
2017-11-13 09:25:25.732 [main] INFO  com.witontek.ehospital2.base.Log - 【info】com.witontek.ehospital2.base.AssertUtils:实际结果（贾西贝）包含预期结果（贾西贝），搜索成功
2017-11-13 09:25:28.733 [main] INFO  com.witontek.ehospital2.base.Log - 【info】com.witontek.ehospital2.base.BrowserUtils:等待3秒
2017-11-13 09:25:29.607 [main] INFO  com.witontek.ehospital2.base.Log - 【info】com.witontek.ehospital2.base.BrowserUtils:退出浏览器
2017-11-13 09:25:29.757 [main] INFO  com.witontek.ehospital2.base.Log - 【info】com.witontek.ehospital2.base.ExcelUtils:读取updateHospitalInformation.xlsx文件
2017-11-13 09:25:43.908 [main] INFO  com.witontek.ehospital2.base.Log - 【info】com.witontek.ehospital2.base.BrowserUtils:打开网址:http://yltest.witontek.com/ehospital3web/web/admin.html#!/
2017-11-13 09:25:44.328 [main] INFO  com.witontek.ehospital2.base.Log - 【info】com.witontek.ehospital2.base.WebElementsUtils:在用户名输入框输入：sqsrmyyadmin
2017-11-13 09:25:44.670 [main] INFO  com.witontek.ehospital2.base.Log - 【info】com.witontek.ehospital2.base.WebElementsUtils:在密码输入框输入：admin
2017-11-13 09:25:45.043 [main] INFO  com.witontek.ehospital2.base.Log - 【info】com.witontek.ehospital2.base.WebElementsUtils:在验证码输入框输入：1111
2017-11-13 09:25:45.397 [main] INFO  com.witontek.ehospital2.base.Log - 【info】com.witontek.ehospital2.base.WebElementsUtils:点击登录按钮
2017-11-13 09:25:46.054 [main] INFO  com.witontek.ehospital2.base.Log - 【info】com.witontek.ehospital2.base.WebElementsUtils:点击微官网管理
2017-11-13 09:25:46.537 [main] INFO  com.witontek.ehospital2.base.Log - 【info】com.witontek.ehospital2.base.WebElementsUtils:点击医院基本信息
2017-11-13 09:25:46.821 [main] INFO  com.witontek.ehospital2.base.Log - 【info】com.witontek.ehospital2.base.WebElementsUtils:清空医院信息-医院名称输入框
2017-11-13 09:25:47.213 [main] INFO  com.witontek.ehospital2.base.Log - 【info】com.witontek.ehospital2.base.WebElementsUtils:在医院信息-医院名称输入框输入：宿迁市人民医院
2017-11-13 09:25:47.487 [main] INFO  com.witontek.ehospital2.base.Log - 【info】com.witontek.ehospital2.base.WebElementsUtils:清空医院信息-取号地点输入框
2017-11-13 09:25:47.840 [main] INFO  com.witontek.ehospital2.base.Log - 【info】com.witontek.ehospital2.base.WebElementsUtils:在医院信息-取号地点输入框输入：取号地点
2017-11-13 09:25:48.121 [main] INFO  com.witontek.ehospital2.base.Log - 【info】com.witontek.ehospital2.base.WebElementsUtils:清空医院信息-取卡地点输入框
2017-11-13 09:25:48.433 [main] INFO  com.witontek.ehospital2.base.Log - 【info】com.witontek.ehospital2.base.WebElementsUtils:在医院信息-取卡地点输入框输入：取卡地点
2017-11-13 09:25:48.730 [main] INFO  com.witontek.ehospital2.base.Log - 【info】com.witontek.ehospital2.base.WebElementsUtils:清空医院信息-医院等级输入框
2017-11-13 09:25:49.071 [main] INFO  com.witontek.ehospital2.base.Log - 【info】com.witontek.ehospital2.base.WebElementsUtils:在医院信息-医院等级输入框输入：三级甲等
2017-11-13 09:25:49.423 [main] INFO  com.witontek.ehospital2.base.Log - 【info】com.witontek.ehospital2.base.WebElementsUtils:点击医院信息-请选择省下拉框
2017-11-13 09:25:49.757 [main] INFO  com.witontek.ehospital2.base.Log - 【info】com.witontek.ehospital2.base.WebElementsUtils:点击医院信息-选择省按钮
2017-11-13 09:25:50.051 [main] INFO  com.witontek.ehospital2.base.Log - 【info】com.witontek.ehospital2.base.WebElementsUtils:点击医院信息-请选择省下拉框
2017-11-13 09:25:50.370 [main] INFO  com.witontek.ehospital2.base.Log - 【info】com.witontek.ehospital2.base.WebElementsUtils:点击医院信息-选择市按钮
2017-11-13 09:25:50.673 [main] INFO  com.witontek.ehospital2.base.Log - 【info】com.witontek.ehospital2.base.WebElementsUtils:清空医院信息-医院地址输入框
2017-11-13 09:25:51.028 [main] INFO  com.witontek.ehospital2.base.Log - 【info】com.witontek.ehospital2.base.WebElementsUtils:在医院信息-医院地址输入框输入：医院地址
2017-11-13 09:25:51.304 [main] INFO  com.witontek.ehospital2.base.Log - 【info】com.witontek.ehospital2.base.WebElementsUtils:清空医院信息-官方网站输入框
2017-11-13 09:25:51.776 [main] INFO  com.witontek.ehospital2.base.Log - 【info】com.witontek.ehospital2.base.WebElementsUtils:在医院信息-官方网站输入框输入：https://www.baidu/com
2017-11-13 09:25:52.068 [main] INFO  com.witontek.ehospital2.base.Log - 【info】com.witontek.ehospital2.base.WebElementsUtils:清空医院信息-医院电话输入框
2017-11-13 09:25:52.458 [main] INFO  com.witontek.ehospital2.base.Log - 【info】com.witontek.ehospital2.base.WebElementsUtils:在医院信息-医院电话输入框输入：17621851286
2017-11-13 09:25:52.765 [main] INFO  com.witontek.ehospital2.base.Log - 【info】com.witontek.ehospital2.base.WebElementsUtils:清空医院信息-医院交通输入框
2017-11-13 09:25:53.070 [main] INFO  com.witontek.ehospital2.base.Log - 【info】com.witontek.ehospital2.base.WebElementsUtils:在医院信息-医院交通输入框输入：医院交通
2017-11-13 09:25:53.356 [main] INFO  com.witontek.ehospital2.base.Log - 【info】com.witontek.ehospital2.base.WebElementsUtils:清空医院信息-医院介绍输入框
2017-11-13 09:25:53.686 [main] INFO  com.witontek.ehospital2.base.Log - 【info】com.witontek.ehospital2.base.WebElementsUtils:在医院信息-医院介绍输入框输入：医院简介
2017-11-13 09:25:53.979 [main] INFO  com.witontek.ehospital2.base.Log - 【info】com.witontek.ehospital2.base.WebElementsUtils:清空医院信息-经度输入框
2017-11-13 09:25:54.341 [main] INFO  com.witontek.ehospital2.base.Log - 【info】com.witontek.ehospital2.base.WebElementsUtils:在医院信息-经度输入框输入：111.111
2017-11-13 09:25:54.639 [main] INFO  com.witontek.ehospital2.base.Log - 【info】com.witontek.ehospital2.base.WebElementsUtils:清空医院信息-纬度输入框
2017-11-13 09:25:55.010 [main] INFO  com.witontek.ehospital2.base.Log - 【info】com.witontek.ehospital2.base.WebElementsUtils:在医院信息-纬度输入框输入：111.111
2017-11-13 09:25:59.359 [main] INFO  com.witontek.ehospital2.base.Log - 【info】com.witontek.ehospital2.base.DriverUtils:打开谷歌浏览器
2017-11-13 09:25:59.667 [main] INFO  com.witontek.ehospital2.base.Log - 【info】com.witontek.ehospital2.base.ExcelUtils:读取loginSuccess.xlsx文件
2017-11-13 09:26:16.710 [main] INFO  com.witontek.ehospital2.base.Log - 【info】com.witontek.ehospital2.base.BrowserUtils:打开网址:http://yltest.witontek.com/ehospital3web/web/admin.html#!/
2017-11-13 09:26:17.121 [main] INFO  com.witontek.ehospital2.base.Log - 【info】com.witontek.ehospital2.base.WebElementsUtils:在用户名输入框输入：sqsrmyyadmin
2017-11-13 09:26:17.457 [main] INFO  com.witontek.ehospital2.base.Log - 【info】com.witontek.ehospital2.base.WebElementsUtils:在密码输入框输入：admin
2017-11-13 09:26:17.816 [main] INFO  com.witontek.ehospital2.base.Log - 【info】com.witontek.ehospital2.base.WebElementsUtils:在验证码输入框输入：1111
2017-11-13 09:26:18.143 [main] INFO  com.witontek.ehospital2.base.Log - 【info】com.witontek.ehospital2.base.WebElementsUtils:点击登录按钮
2017-11-13 09:26:18.851 [main] INFO  com.witontek.ehospital2.base.Log - 【info】com.witontek.ehospital2.base.WebElementsUtils:获取用户名的文本信息
2017-11-13 09:26:18.852 [main] INFO  com.witontek.ehospital2.base.Log - 【info】com.witontek.ehospital2.base.AssertUtils:实际结果（undefined）与预期结果（undefined）相等，登录成功
2017-11-13 09:26:21.853 [main] INFO  com.witontek.ehospital2.base.Log - 【info】com.witontek.ehospital2.base.BrowserUtils:等待3秒
2017-11-13 09:26:22.705 [main] INFO  com.witontek.ehospital2.base.Log - 【info】com.witontek.ehospital2.base.BrowserUtils:退出浏览器
2017-11-13 09:26:22.768 [main] INFO  com.witontek.ehospital2.base.Log - 【info】com.witontek.ehospital2.base.ExcelUtils:读取selectSubscriptionDate.xlsx文件
2017-11-13 09:26:39.270 [main] INFO  com.witontek.ehospital2.base.Log - 【info】com.witontek.ehospital2.base.BrowserUtils:打开网址:http://yltest.witontek.com/ehospital3web/web/admin.html#!/
2017-11-13 09:26:39.661 [main] INFO  com.witontek.ehospital2.base.Log - 【info】com.witontek.ehospital2.base.WebElementsUtils:在用户名输入框输入：sqsrmyyadmin
2017-11-13 09:26:40.003 [main] INFO  com.witontek.ehospital2.base.Log - 【info】com.witontek.ehospital2.base.WebElementsUtils:在密码输入框输入：admin
2017-11-13 09:26:40.363 [main] INFO  com.witontek.ehospital2.base.Log - 【info】com.witontek.ehospital2.base.WebElementsUtils:在验证码输入框输入：1111
2017-11-13 09:26:40.694 [main] INFO  com.witontek.ehospital2.base.Log - 【info】com.witontek.ehospital2.base.WebElementsUtils:点击登录按钮
2017-11-13 09:26:41.448 [main] INFO  com.witontek.ehospital2.base.Log - 【info】com.witontek.ehospital2.base.WebElementsUtils:点击业务信息管理
2017-11-13 09:26:41.731 [main] ERROR com.witontek.ehospital2.base.Log - 【error】com.witontek.ehospital2.base.WebElementsUtils:未定位到页面元素，点击预约管理失败
2017-11-13 09:26:42.186 [main] INFO  com.witontek.ehospital2.base.Log - 【info】com.witontek.ehospital2.base.BrowserUtils:截图成功
2017-11-13 09:26:45.193 [main] INFO  com.witontek.ehospital2.base.Log - 【info】com.witontek.ehospital2.base.BrowserUtils:等待3秒
2017-11-13 09:26:46.049 [main] INFO  com.witontek.ehospital2.base.Log - 【info】com.witontek.ehospital2.base.BrowserUtils:退出浏览器
2017-11-13 09:26:49.051 [main] INFO  com.witontek.ehospital2.base.Log - 【info】com.witontek.ehospital2.base.BrowserUtils:等待3秒
2017-11-13 09:26:49.051 [main] INFO  com.witontek.ehospital2.base.Log - 【info】com.witontek.ehospital2.base.BrowserUtils:退出浏览器
2017-11-13 09:34:18.717 [main] INFO  com.witontek.ehospital2.base.Log - 【info】com.witontek.ehospital2.base.DriverUtils:打开谷歌浏览器
2017-11-13 09:34:20.209 [main] INFO  com.witontek.ehospital2.base.Log - 【info】com.witontek.ehospital2.base.ExcelUtils:读取insertDepartmentsCategory.xlsx文件
2017-11-13 09:34:33.392 [main] INFO  com.witontek.ehospital2.base.Log - 【info】com.witontek.ehospital2.base.BrowserUtils:打开网址:http://yltest.witontek.com/ehospital3web/web/admin.html#!/
2017-11-13 09:34:34.174 [main] INFO  com.witontek.ehospital2.base.Log - 【info】com.witontek.ehospital2.base.WebElementsUtils:在用户名输入框输入：sqsrmyyadmin
2017-11-13 09:34:34.552 [main] INFO  com.witontek.ehospital2.base.Log - 【info】com.witontek.ehospital2.base.WebElementsUtils:在密码输入框输入：admin
2017-11-13 09:34:34.911 [main] INFO  com.witontek.ehospital2.base.Log - 【info】com.witontek.ehospital2.base.WebElementsUtils:在验证码输入框输入：1111
2017-11-13 09:34:35.334 [main] INFO  com.witontek.ehospital2.base.Log - 【info】com.witontek.ehospital2.base.WebElementsUtils:点击登录按钮
2017-11-13 09:34:36.602 [main] INFO  com.witontek.ehospital2.base.Log - 【info】com.witontek.ehospital2.base.WebElementsUtils:点击业务信息管理
2017-11-13 09:34:38.628 [main] INFO  com.witontek.ehospital2.base.Log - 【info】com.witontek.ehospital2.base.WebElementsUtils:点击科室管理
2017-11-13 09:34:39.038 [main] INFO  com.witontek.ehospital2.base.Log - 【info】com.witontek.ehospital2.base.WebElementsUtils:点击科室管理-新增一级科室按钮
2017-11-13 09:34:39.466 [main] INFO  com.witontek.ehospital2.base.Log - 【info】com.witontek.ehospital2.base.WebElementsUtils:在新增一级科室-科室名称输入框输入：睿博一级科室
2017-11-13 09:34:39.853 [main] INFO  com.witontek.ehospital2.base.Log - 【info】com.witontek.ehospital2.base.WebElementsUtils:在新增一级科室-科室编码输入框输入：123456
2017-11-13 09:34:40.204 [main] INFO  com.witontek.ehospital2.base.Log - 【info】com.witontek.ehospital2.base.WebElementsUtils:点击新增一级科室-保存按钮
2017-11-13 09:34:40.662 [main] INFO  com.witontek.ehospital2.base.Log - 【info】com.witontek.ehospital2.base.WebElementsUtils:点击科室管理-弹框关闭按钮
2017-11-13 09:34:41.663 [main] INFO  com.witontek.ehospital2.base.Log - 【info】com.witontek.ehospital2.base.BrowserUtils:等待1秒
2017-11-13 09:34:42.011 [main] INFO  com.witontek.ehospital2.base.Log - 【info】com.witontek.ehospital2.base.WebElementsUtils:点击科室管理-最末页按钮
2017-11-13 09:34:42.448 [main] INFO  com.witontek.ehospital2.base.Log - 【info】com.witontek.ehospital2.base.WebElementsUtils:获取科室管理-被验证的新增一级科室名称的文本信息
2017-11-13 09:34:42.448 [main] INFO  com.witontek.ehospital2.base.Log - 【info】com.witontek.ehospital2.page.DepartmentManagePage:被验证的新增一级科室名称：睿博一级科室
2017-11-13 09:34:42.450 [main] INFO  com.witontek.ehospital2.base.Log - 【info】com.witontek.ehospital2.base.AssertUtils:实际结果（睿博一级科室）与预期结果（睿博一级科室）相等，新增一级科室成功
2017-11-13 09:34:42.524 [main] INFO  com.witontek.ehospital2.base.Log - 【info】com.witontek.ehospital2.base.BrowserUtils:打开网址:http://yltest.witontek.com/ehospital3web/web/admin.html#!/
2017-11-13 09:34:42.901 [main] INFO  com.witontek.ehospital2.base.Log - 【info】com.witontek.ehospital2.base.WebElementsUtils:在用户名输入框输入：sqsrmyyadmin
2017-11-13 09:34:43.210 [main] INFO  com.witontek.ehospital2.base.Log - 【info】com.witontek.ehospital2.base.WebElementsUtils:在密码输入框输入：admin
2017-11-13 09:34:43.549 [main] INFO  com.witontek.ehospital2.base.Log - 【info】com.witontek.ehospital2.base.WebElementsUtils:在验证码输入框输入：1111
2017-11-13 09:34:43.866 [main] INFO  com.witontek.ehospital2.base.Log - 【info】com.witontek.ehospital2.base.WebElementsUtils:点击登录按钮
2017-11-13 09:34:44.461 [main] INFO  com.witontek.ehospital2.base.Log - 【info】com.witontek.ehospital2.base.WebElementsUtils:获取科室管理-序号1的一级科室名称的文本信息
2017-11-13 09:34:44.461 [main] INFO  com.witontek.ehospital2.base.Log - 【info】com.witontek.ehospital2.page.DepartmentManagePage:序号为1的一级科室名称：作废科室
2017-11-13 09:34:44.757 [main] INFO  com.witontek.ehospital2.base.Log - 【info】com.witontek.ehospital2.base.WebElementsUtils:点击科室管理-最末页按钮
2017-11-13 09:34:45.198 [main] INFO  com.witontek.ehospital2.base.Log - 【info】com.witontek.ehospital2.base.WebElementsUtils:点击科室管理-置顶按钮
2017-11-13 09:34:45.622 [main] INFO  com.witontek.ehospital2.base.Log - 【info】com.witontek.ehospital2.base.WebElementsUtils:点击科室管理-弹框关闭按钮
2017-11-13 09:34:46.622 [main] INFO  com.witontek.ehospital2.base.Log - 【info】com.witontek.ehospital2.base.BrowserUtils:等待1秒
2017-11-13 09:34:46.960 [main] INFO  com.witontek.ehospital2.base.Log - 【info】com.witontek.ehospital2.base.WebElementsUtils:点击科室管理-第一页按钮
2017-11-13 09:34:47.960 [main] INFO  com.witontek.ehospital2.base.Log - 【info】com.witontek.ehospital2.base.BrowserUtils:等待1秒
2017-11-13 09:34:48.227 [main] INFO  com.witontek.ehospital2.base.Log - 【info】com.witontek.ehospital2.base.WebElementsUtils:获取科室管理-序号1的一级科室名称的文本信息
2017-11-13 09:34:48.228 [main] INFO  com.witontek.ehospital2.base.Log - 【info】com.witontek.ehospital2.page.DepartmentManagePage:序号为1的一级科室名称：睿博一级科室
2017-11-13 09:34:48.228 [main] INFO  com.witontek.ehospital2.base.Log - 【info】com.witontek.ehospital2.business.DepartmentMange:置顶一级科室成功
2017-11-13 09:34:48.336 [main] INFO  com.witontek.ehospital2.base.Log - 【info】com.witontek.ehospital2.base.ExcelUtils:读取updateDepartmentCategory.xlsx文件
2017-11-13 09:34:48.415 [main] INFO  com.witontek.ehospital2.base.Log - 【info】com.witontek.ehospital2.base.BrowserUtils:打开网址:http://yltest.witontek.com/ehospital3web/web/admin.html#!/
2017-11-13 09:34:48.769 [main] INFO  com.witontek.ehospital2.base.Log - 【info】com.witontek.ehospital2.base.WebElementsUtils:在用户名输入框输入：sqsrmyyadmin
2017-11-13 09:34:49.073 [main] INFO  com.witontek.ehospital2.base.Log - 【info】com.witontek.ehospital2.base.WebElementsUtils:在密码输入框输入：admin
2017-11-13 09:34:49.398 [main] INFO  com.witontek.ehospital2.base.Log - 【info】com.witontek.ehospital2.base.WebElementsUtils:在验证码输入框输入：1111
2017-11-13 09:34:49.699 [main] INFO  com.witontek.ehospital2.base.Log - 【info】com.witontek.ehospital2.base.WebElementsUtils:点击登录按钮
2017-11-13 09:34:50.544 [main] INFO  com.witontek.ehospital2.base.Log - 【info】com.witontek.ehospital2.base.WebElementsUtils:点击科室管理-编辑按钮
2017-11-13 09:34:50.818 [main] INFO  com.witontek.ehospital2.base.Log - 【info】com.witontek.ehospital2.base.WebElementsUtils:清空编辑一级科室-科室名称输入框
2017-11-13 09:34:51.162 [main] INFO  com.witontek.ehospital2.base.Log - 【info】com.witontek.ehospital2.base.WebElementsUtils:在编辑一级科室-科室名称输入框输入：睿博一级科室（改）
2017-11-13 09:34:51.414 [main] INFO  com.witontek.ehospital2.base.Log - 【info】com.witontek.ehospital2.base.WebElementsUtils:清空编辑一级科室-科室编码输入框
2017-11-13 09:34:51.741 [main] INFO  com.witontek.ehospital2.base.Log - 【info】com.witontek.ehospital2.base.WebElementsUtils:在编辑一级科室-科室编码输入框输入：111111
2017-11-13 09:34:52.078 [main] INFO  com.witontek.ehospital2.base.Log - 【info】com.witontek.ehospital2.base.WebElementsUtils:点击编辑一级科室-修改按钮
2017-11-13 09:34:52.507 [main] INFO  com.witontek.ehospital2.base.Log - 【info】com.witontek.ehospital2.base.WebElementsUtils:点击科室管理-弹框关闭按钮
2017-11-13 09:34:53.508 [main] INFO  com.witontek.ehospital2.base.Log - 【info】com.witontek.ehospital2.base.BrowserUtils:等待1秒
2017-11-13 09:34:53.759 [main] INFO  com.witontek.ehospital2.base.Log - 【info】com.witontek.ehospital2.base.WebElementsUtils:获取科室管理-序号1的一级科室名称的文本信息
2017-11-13 09:34:53.760 [main] INFO  com.witontek.ehospital2.base.Log - 【info】com.witontek.ehospital2.page.DepartmentManagePage:序号为1的一级科室名称：睿博一级科室（改）
2017-11-13 09:34:53.760 [main] INFO  com.witontek.ehospital2.base.Log - 【info】com.witontek.ehospital2.base.AssertUtils:实际结果（睿博一级科室（改））与预期结果（睿博一级科室（改））相等，编辑一级科室成功
2017-11-13 09:34:53.863 [main] INFO  com.witontek.ehospital2.base.Log - 【info】com.witontek.ehospital2.base.BrowserUtils:打开网址:http://yltest.witontek.com/ehospital3web/web/admin.html#!/
2017-11-13 09:34:54.244 [main] INFO  com.witontek.ehospital2.base.Log - 【info】com.witontek.ehospital2.base.WebElementsUtils:在用户名输入框输入：sqsrmyyadmin
2017-11-13 09:34:54.547 [main] INFO  com.witontek.ehospital2.base.Log - 【info】com.witontek.ehospital2.base.WebElementsUtils:在密码输入框输入：admin
2017-11-13 09:34:54.911 [main] INFO  com.witontek.ehospital2.base.Log - 【info】com.witontek.ehospital2.base.WebElementsUtils:在验证码输入框输入：1111
2017-11-13 09:34:55.239 [main] INFO  com.witontek.ehospital2.base.Log - 【info】com.witontek.ehospital2.base.WebElementsUtils:点击登录按钮
2017-11-13 09:34:55.785 [main] INFO  com.witontek.ehospital2.base.Log - 【info】com.witontek.ehospital2.base.WebElementsUtils:获取科室管理-总记录数的文本信息
2017-11-13 09:34:55.785 [main] INFO  com.witontek.ehospital2.base.Log - 【info】com.witontek.ehospital2.page.DepartmentManagePage:一级科室总数：16
2017-11-13 09:34:56.132 [main] INFO  com.witontek.ehospital2.base.Log - 【info】com.witontek.ehospital2.base.WebElementsUtils:点击科室管理-删除按钮
2017-11-13 09:34:56.525 [main] INFO  com.witontek.ehospital2.base.Log - 【info】com.witontek.ehospital2.base.WebElementsUtils:点击科室管理-弹框关闭按钮
2017-11-13 09:34:57.525 [main] INFO  com.witontek.ehospital2.base.Log - 【info】com.witontek.ehospital2.base.BrowserUtils:等待1秒
2017-11-13 09:34:57.773 [main] INFO  com.witontek.ehospital2.base.Log - 【info】com.witontek.ehospital2.base.WebElementsUtils:获取科室管理-总记录数的文本信息
2017-11-13 09:34:57.774 [main] INFO  com.witontek.ehospital2.base.Log - 【info】com.witontek.ehospital2.page.DepartmentManagePage:一级科室总数：15
2017-11-13 09:34:57.775 [main] INFO  com.witontek.ehospital2.base.Log - 【info】com.witontek.ehospital2.business.DepartmentMange:删除后一级科室总数与删除前不一致，删除一级科室成功
2017-11-13 09:35:00.777 [main] INFO  com.witontek.ehospital2.base.Log - 【info】com.witontek.ehospital2.base.BrowserUtils:等待3秒
2017-11-13 09:35:01.805 [main] INFO  com.witontek.ehospital2.base.Log - 【info】com.witontek.ehospital2.base.BrowserUtils:退出浏览器
2017-11-13 09:35:05.587 [main] INFO  com.witontek.ehospital2.base.Log - 【info】com.witontek.ehospital2.base.DriverUtils:打开谷歌浏览器
2017-11-13 09:35:05.905 [main] INFO  com.witontek.ehospital2.base.Log - 【info】com.witontek.ehospital2.base.ExcelUtils:读取searchDocManDoctor.xlsx文件
2017-11-13 09:36:02.194 [main] INFO  com.witontek.ehospital2.base.Log - 【info】com.witontek.ehospital2.base.BrowserUtils:打开网址:http://yltest.witontek.com/ehospital3web/web/admin.html#!/
2017-11-13 09:36:02.622 [main] INFO  com.witontek.ehospital2.base.Log - 【info】com.witontek.ehospital2.base.WebElementsUtils:在用户名输入框输入：sqsrmyyadmin
2017-11-13 09:36:02.994 [main] INFO  com.witontek.ehospital2.base.Log - 【info】com.witontek.ehospital2.base.WebElementsUtils:在密码输入框输入：admin
2017-11-13 09:36:03.383 [main] INFO  com.witontek.ehospital2.base.Log - 【info】com.witontek.ehospital2.base.WebElementsUtils:在验证码输入框输入：1111
2017-11-13 09:36:03.709 [main] INFO  com.witontek.ehospital2.base.Log - 【info】com.witontek.ehospital2.base.WebElementsUtils:点击登录按钮
2017-11-13 09:36:04.419 [main] INFO  com.witontek.ehospital2.base.Log - 【info】com.witontek.ehospital2.base.WebElementsUtils:点击业务信息管理
2017-11-13 09:36:04.810 [main] INFO  com.witontek.ehospital2.base.Log - 【info】com.witontek.ehospital2.base.WebElementsUtils:点击医生管理
2017-11-13 09:36:05.136 [main] INFO  com.witontek.ehospital2.base.Log - 【info】com.witontek.ehospital2.base.WebElementsUtils:在医生管理-医生名称输入框输入：西
2017-11-13 09:36:05.475 [main] INFO  com.witontek.ehospital2.base.Log - 【info】com.witontek.ehospital2.base.WebElementsUtils:点击医生管理-搜索医生按钮
2017-11-13 09:36:06.476 [main] INFO  com.witontek.ehospital2.base.Log - 【info】com.witontek.ehospital2.base.BrowserUtils:等待1秒
2017-11-13 09:36:06.784 [main] INFO  com.witontek.ehospital2.base.Log - 【info】com.witontek.ehospital2.base.WebElementsUtils:获取医生管理-医生姓名的文本信息
2017-11-13 09:36:06.785 [main] INFO  com.witontek.ehospital2.base.Log - 【info】com.witontek.ehospital2.page.DoctorManagePage:医生姓名："贾西贝"
2017-11-13 09:36:06.785 [main] INFO  com.witontek.ehospital2.base.Log - 【info】com.witontek.ehospital2.base.AssertUtils:实际结果（贾西贝）包含预期结果（贾西贝），搜索成功
2017-11-13 09:36:09.787 [main] INFO  com.witontek.ehospital2.base.Log - 【info】com.witontek.ehospital2.base.BrowserUtils:等待3秒
2017-11-13 09:36:10.635 [main] INFO  com.witontek.ehospital2.base.Log - 【info】com.witontek.ehospital2.base.BrowserUtils:退出浏览器
2017-11-13 09:36:14.017 [main] INFO  com.witontek.ehospital2.base.Log - 【info】com.witontek.ehospital2.base.DriverUtils:打开谷歌浏览器
2017-11-13 09:36:14.436 [main] INFO  com.witontek.ehospital2.base.Log - 【info】com.witontek.ehospital2.base.ExcelUtils:读取updateHospitalInformation.xlsx文件
2017-11-13 09:36:28.161 [main] INFO  com.witontek.ehospital2.base.Log - 【info】com.witontek.ehospital2.base.BrowserUtils:打开网址:http://yltest.witontek.com/ehospital3web/web/admin.html#!/
2017-11-13 09:36:28.567 [main] INFO  com.witontek.ehospital2.base.Log - 【info】com.witontek.ehospital2.base.WebElementsUtils:在用户名输入框输入：sqsrmyyadmin
2017-11-13 09:36:28.912 [main] INFO  com.witontek.ehospital2.base.Log - 【info】com.witontek.ehospital2.base.WebElementsUtils:在密码输入框输入：admin
2017-11-13 09:36:29.254 [main] INFO  com.witontek.ehospital2.base.Log - 【info】com.witontek.ehospital2.base.WebElementsUtils:在验证码输入框输入：1111
2017-11-13 09:36:29.576 [main] INFO  com.witontek.ehospital2.base.Log - 【info】com.witontek.ehospital2.base.WebElementsUtils:点击登录按钮
2017-11-13 09:36:30.276 [main] INFO  com.witontek.ehospital2.base.Log - 【info】com.witontek.ehospital2.base.WebElementsUtils:点击微官网管理
2017-11-13 09:36:30.705 [main] INFO  com.witontek.ehospital2.base.Log - 【info】com.witontek.ehospital2.base.WebElementsUtils:点击医院基本信息
2017-11-13 09:36:31.024 [main] INFO  com.witontek.ehospital2.base.Log - 【info】com.witontek.ehospital2.base.WebElementsUtils:清空医院信息-医院名称输入框
2017-11-13 09:36:31.404 [main] INFO  com.witontek.ehospital2.base.Log - 【info】com.witontek.ehospital2.base.WebElementsUtils:在医院信息-医院名称输入框输入：宿迁市人民医院
2017-11-13 09:36:31.691 [main] INFO  com.witontek.ehospital2.base.Log - 【info】com.witontek.ehospital2.base.WebElementsUtils:清空医院信息-取号地点输入框
2017-11-13 09:36:32.015 [main] INFO  com.witontek.ehospital2.base.Log - 【info】com.witontek.ehospital2.base.WebElementsUtils:在医院信息-取号地点输入框输入：取号地点
2017-11-13 09:36:32.307 [main] INFO  com.witontek.ehospital2.base.Log - 【info】com.witontek.ehospital2.base.WebElementsUtils:清空医院信息-取卡地点输入框
2017-11-13 09:36:32.623 [main] INFO  com.witontek.ehospital2.base.Log - 【info】com.witontek.ehospital2.base.WebElementsUtils:在医院信息-取卡地点输入框输入：取卡地点
2017-11-13 09:36:32.942 [main] INFO  com.witontek.ehospital2.base.Log - 【info】com.witontek.ehospital2.base.WebElementsUtils:清空医院信息-医院等级输入框
2017-11-13 09:36:33.292 [main] INFO  com.witontek.ehospital2.base.Log - 【info】com.witontek.ehospital2.base.WebElementsUtils:在医院信息-医院等级输入框输入：三级甲等
2017-11-13 09:36:33.738 [main] INFO  com.witontek.ehospital2.base.Log - 【info】com.witontek.ehospital2.base.WebElementsUtils:点击医院信息-请选择省下拉框
2017-11-13 09:36:34.125 [main] INFO  com.witontek.ehospital2.base.Log - 【info】com.witontek.ehospital2.base.WebElementsUtils:点击医院信息-选择省按钮
2017-11-13 09:36:34.412 [main] INFO  com.witontek.ehospital2.base.Log - 【info】com.witontek.ehospital2.base.WebElementsUtils:点击医院信息-请选择省下拉框
2017-11-13 09:36:34.723 [main] INFO  com.witontek.ehospital2.base.Log - 【info】com.witontek.ehospital2.base.WebElementsUtils:点击医院信息-选择市按钮
2017-11-13 09:36:35.022 [main] INFO  com.witontek.ehospital2.base.Log - 【info】com.witontek.ehospital2.base.WebElementsUtils:清空医院信息-医院地址输入框
2017-11-13 09:36:35.366 [main] INFO  com.witontek.ehospital2.base.Log - 【info】com.witontek.ehospital2.base.WebElementsUtils:在医院信息-医院地址输入框输入：医院地址
2017-11-13 09:36:35.661 [main] INFO  com.witontek.ehospital2.base.Log - 【info】com.witontek.ehospital2.base.WebElementsUtils:清空医院信息-官方网站输入框
2017-11-13 09:36:36.167 [main] INFO  com.witontek.ehospital2.base.Log - 【info】com.witontek.ehospital2.base.WebElementsUtils:在医院信息-官方网站输入框输入：https://www.baidu/com
2017-11-13 09:36:36.467 [main] INFO  com.witontek.ehospital2.base.Log - 【info】com.witontek.ehospital2.base.WebElementsUtils:清空医院信息-医院电话输入框
2017-11-13 09:36:36.875 [main] INFO  com.witontek.ehospital2.base.Log - 【info】com.witontek.ehospital2.base.WebElementsUtils:在医院信息-医院电话输入框输入：17621851286
2017-11-13 09:36:37.159 [main] INFO  com.witontek.ehospital2.base.Log - 【info】com.witontek.ehospital2.base.WebElementsUtils:清空医院信息-医院交通输入框
2017-11-13 09:36:37.484 [main] INFO  com.witontek.ehospital2.base.Log - 【info】com.witontek.ehospital2.base.WebElementsUtils:在医院信息-医院交通输入框输入：医院交通
2017-11-13 09:36:37.779 [main] INFO  com.witontek.ehospital2.base.Log - 【info】com.witontek.ehospital2.base.WebElementsUtils:清空医院信息-医院介绍输入框
2017-11-13 09:36:38.104 [main] INFO  com.witontek.ehospital2.base.Log - 【info】com.witontek.ehospital2.base.WebElementsUtils:在医院信息-医院介绍输入框输入：医院简介
2017-11-13 09:36:38.413 [main] INFO  com.witontek.ehospital2.base.Log - 【info】com.witontek.ehospital2.base.WebElementsUtils:清空医院信息-经度输入框
2017-11-13 09:36:38.782 [main] INFO  com.witontek.ehospital2.base.Log - 【info】com.witontek.ehospital2.base.WebElementsUtils:在医院信息-经度输入框输入：111.111
2017-11-13 09:36:39.092 [main] INFO  com.witontek.ehospital2.base.Log - 【info】com.witontek.ehospital2.base.WebElementsUtils:清空医院信息-纬度输入框
2017-11-13 09:36:39.475 [main] INFO  com.witontek.ehospital2.base.Log - 【info】com.witontek.ehospital2.base.WebElementsUtils:在医院信息-纬度输入框输入：111.111
2017-11-13 09:36:42.477 [main] INFO  com.witontek.ehospital2.base.Log - 【info】com.witontek.ehospital2.base.BrowserUtils:等待3秒
2017-11-13 09:36:43.331 [main] INFO  com.witontek.ehospital2.base.Log - 【info】com.witontek.ehospital2.base.BrowserUtils:退出浏览器
2017-11-13 09:36:46.505 [main] INFO  com.witontek.ehospital2.base.Log - 【info】com.witontek.ehospital2.base.DriverUtils:打开谷歌浏览器
2017-11-13 09:36:46.584 [main] INFO  com.witontek.ehospital2.base.Log - 【info】com.witontek.ehospital2.base.ExcelUtils:读取loginSuccess.xlsx文件
2017-11-13 09:37:00.385 [main] INFO  com.witontek.ehospital2.base.Log - 【info】com.witontek.ehospital2.base.BrowserUtils:打开网址:http://yltest.witontek.com/ehospital3web/web/admin.html#!/
2017-11-13 09:37:00.802 [main] INFO  com.witontek.ehospital2.base.Log - 【info】com.witontek.ehospital2.base.WebElementsUtils:在用户名输入框输入：sqsrmyyadmin
2017-11-13 09:37:01.160 [main] INFO  com.witontek.ehospital2.base.Log - 【info】com.witontek.ehospital2.base.WebElementsUtils:在密码输入框输入：admin
2017-11-13 09:37:01.547 [main] INFO  com.witontek.ehospital2.base.Log - 【info】com.witontek.ehospital2.base.WebElementsUtils:在验证码输入框输入：1111
2017-11-13 09:37:01.900 [main] INFO  com.witontek.ehospital2.base.Log - 【info】com.witontek.ehospital2.base.WebElementsUtils:点击登录按钮
2017-11-13 09:37:02.547 [main] INFO  com.witontek.ehospital2.base.Log - 【info】com.witontek.ehospital2.base.WebElementsUtils:获取用户名的文本信息
2017-11-13 09:37:02.549 [main] INFO  com.witontek.ehospital2.base.Log - 【info】com.witontek.ehospital2.base.AssertUtils:实际结果（undefined）与预期结果（undefined）相等，登录成功
2017-11-13 09:37:05.550 [main] INFO  com.witontek.ehospital2.base.Log - 【info】com.witontek.ehospital2.base.BrowserUtils:等待3秒
2017-11-13 09:37:06.346 [main] INFO  com.witontek.ehospital2.base.Log - 【info】com.witontek.ehospital2.base.BrowserUtils:退出浏览器
2017-11-13 09:37:09.478 [main] INFO  com.witontek.ehospital2.base.Log - 【info】com.witontek.ehospital2.base.DriverUtils:打开谷歌浏览器
2017-11-13 09:37:09.549 [main] INFO  com.witontek.ehospital2.base.Log - 【info】com.witontek.ehospital2.base.ExcelUtils:读取selectSubscriptionDate.xlsx文件
2017-11-13 09:37:22.777 [main] INFO  com.witontek.ehospital2.base.Log - 【info】com.witontek.ehospital2.base.BrowserUtils:打开网址:http://yltest.witontek.com/ehospital3web/web/admin.html#!/
2017-11-13 09:37:23.189 [main] INFO  com.witontek.ehospital2.base.Log - 【info】com.witontek.ehospital2.base.WebElementsUtils:在用户名输入框输入：sqsrmyyadmin
2017-11-13 09:37:23.532 [main] INFO  com.witontek.ehospital2.base.Log - 【info】com.witontek.ehospital2.base.WebElementsUtils:在密码输入框输入：admin
2017-11-13 09:37:23.899 [main] INFO  com.witontek.ehospital2.base.Log - 【info】com.witontek.ehospital2.base.WebElementsUtils:在验证码输入框输入：1111
2017-11-13 09:37:24.237 [main] INFO  com.witontek.ehospital2.base.Log - 【info】com.witontek.ehospital2.base.WebElementsUtils:点击登录按钮
2017-11-13 09:37:24.999 [main] INFO  com.witontek.ehospital2.base.Log - 【info】com.witontek.ehospital2.base.WebElementsUtils:点击业务信息管理
2017-11-13 09:37:27.013 [main] INFO  com.witontek.ehospital2.base.Log - 【info】com.witontek.ehospital2.base.WebElementsUtils:点击预约管理
2017-11-13 09:37:27.624 [main] INFO  com.witontek.ehospital2.base.Log - 【info】com.witontek.ehospital2.base.WebElementsUtils:点击预约管理-预约日期-起始日期选择器
2017-11-13 09:37:28.029 [main] INFO  com.witontek.ehospital2.base.Log - 【info】com.witontek.ehospital2.base.WebElementsUtils:点击预约管理-切换年/月份按钮
2017-11-13 09:37:28.379 [main] INFO  com.witontek.ehospital2.base.Log - 【info】com.witontek.ehospital2.base.WebElementsUtils:点击预约管理-切换年/月份按钮
2017-11-13 09:37:28.736 [main] INFO  com.witontek.ehospital2.base.Log - 【info】com.witontek.ehospital2.base.WebElementsUtils:点击预约管理-默认年份按钮
2017-11-13 09:37:29.103 [main] INFO  com.witontek.ehospital2.base.Log - 【info】com.witontek.ehospital2.base.WebElementsUtils:点击预约管理-默认月份按钮
2017-11-13 09:37:29.463 [main] INFO  com.witontek.ehospital2.base.Log - 【info】com.witontek.ehospital2.base.WebElementsUtils:点击预约管理-默认日期按钮
2017-11-13 09:37:32.464 [main] INFO  com.witontek.ehospital2.base.Log - 【info】com.witontek.ehospital2.base.BrowserUtils:等待3秒
2017-11-13 09:37:33.292 [main] INFO  com.witontek.ehospital2.base.Log - 【info】com.witontek.ehospital2.base.BrowserUtils:退出浏览器
2017-11-13 09:38:04.553 [main] INFO  com.witontek.ehospital2.base.Log - 【info】com.witontek.ehospital2.base.DriverUtils:打开谷歌浏览器
2017-11-13 09:38:05.820 [main] INFO  com.witontek.ehospital2.base.Log - 【info】com.witontek.ehospital2.base.ExcelUtils:读取insertDepartmentsCategory.xlsx文件
2017-11-13 09:38:20.251 [main] INFO  com.witontek.ehospital2.base.Log - 【info】com.witontek.ehospital2.base.BrowserUtils:打开网址:http://yltest.witontek.com/ehospital3web/web/admin.html#!/
2017-11-13 09:38:20.666 [main] INFO  com.witontek.ehospital2.base.Log - 【info】com.witontek.ehospital2.base.WebElementsUtils:在用户名输入框输入：sqsrmyyadmin
2017-11-13 09:38:20.990 [main] INFO  com.witontek.ehospital2.base.Log - 【info】com.witontek.ehospital2.base.WebElementsUtils:在密码输入框输入：admin
2017-11-13 09:38:21.381 [main] INFO  com.witontek.ehospital2.base.Log - 【info】com.witontek.ehospital2.base.WebElementsUtils:在验证码输入框输入：1111
2017-11-13 09:38:21.702 [main] INFO  com.witontek.ehospital2.base.Log - 【info】com.witontek.ehospital2.base.WebElementsUtils:点击登录按钮
2017-11-13 09:38:22.790 [main] INFO  com.witontek.ehospital2.base.Log - 【info】com.witontek.ehospital2.base.WebElementsUtils:点击业务信息管理
2017-11-13 09:38:24.743 [main] INFO  com.witontek.ehospital2.base.Log - 【info】com.witontek.ehospital2.base.WebElementsUtils:点击科室管理
2017-11-13 09:38:25.159 [main] INFO  com.witontek.ehospital2.base.Log - 【info】com.witontek.ehospital2.base.WebElementsUtils:点击科室管理-新增一级科室按钮
2017-11-13 09:38:25.561 [main] INFO  com.witontek.ehospital2.base.Log - 【info】com.witontek.ehospital2.base.WebElementsUtils:在新增一级科室-科室名称输入框输入：睿博一级科室
2017-11-13 09:38:25.931 [main] INFO  com.witontek.ehospital2.base.Log - 【info】com.witontek.ehospital2.base.WebElementsUtils:在新增一级科室-科室编码输入框输入：123456
2017-11-13 09:38:26.266 [main] INFO  com.witontek.ehospital2.base.Log - 【info】com.witontek.ehospital2.base.WebElementsUtils:点击新增一级科室-保存按钮
2017-11-13 09:38:26.720 [main] INFO  com.witontek.ehospital2.base.Log - 【info】com.witontek.ehospital2.base.WebElementsUtils:点击科室管理-弹框关闭按钮
2017-11-13 09:38:27.722 [main] INFO  com.witontek.ehospital2.base.Log - 【info】com.witontek.ehospital2.base.BrowserUtils:等待1秒
2017-11-13 09:38:28.057 [main] INFO  com.witontek.ehospital2.base.Log - 【info】com.witontek.ehospital2.base.WebElementsUtils:点击科室管理-最末页按钮
2017-11-13 09:38:28.455 [main] INFO  com.witontek.ehospital2.base.Log - 【info】com.witontek.ehospital2.base.WebElementsUtils:获取科室管理-被验证的新增一级科室名称的文本信息
2017-11-13 09:38:28.455 [main] INFO  com.witontek.ehospital2.base.Log - 【info】com.witontek.ehospital2.page.DepartmentManagePage:被验证的新增一级科室名称：睿博一级科室
2017-11-13 09:38:28.457 [main] INFO  com.witontek.ehospital2.base.Log - 【info】com.witontek.ehospital2.base.AssertUtils:实际结果（睿博一级科室）与预期结果（睿博一级科室）相等，新增一级科室成功
2017-11-13 09:38:28.519 [main] INFO  com.witontek.ehospital2.base.Log - 【info】com.witontek.ehospital2.base.BrowserUtils:打开网址:http://yltest.witontek.com/ehospital3web/web/admin.html#!/
2017-11-13 09:38:28.896 [main] INFO  com.witontek.ehospital2.base.Log - 【info】com.witontek.ehospital2.base.WebElementsUtils:在用户名输入框输入：sqsrmyyadmin
2017-11-13 09:38:29.223 [main] INFO  com.witontek.ehospital2.base.Log - 【info】com.witontek.ehospital2.base.WebElementsUtils:在密码输入框输入：admin
2017-11-13 09:38:29.562 [main] INFO  com.witontek.ehospital2.base.Log - 【info】com.witontek.ehospital2.base.WebElementsUtils:在验证码输入框输入：1111
2017-11-13 09:38:29.886 [main] INFO  com.witontek.ehospital2.base.Log - 【info】com.witontek.ehospital2.base.WebElementsUtils:点击登录按钮
2017-11-13 09:38:30.443 [main] INFO  com.witontek.ehospital2.base.Log - 【info】com.witontek.ehospital2.base.WebElementsUtils:获取科室管理-序号1的一级科室名称的文本信息
2017-11-13 09:38:30.443 [main] INFO  com.witontek.ehospital2.base.Log - 【info】com.witontek.ehospital2.page.DepartmentManagePage:序号为1的一级科室名称：作废科室
2017-11-13 09:38:30.765 [main] INFO  com.witontek.ehospital2.base.Log - 【info】com.witontek.ehospital2.base.WebElementsUtils:点击科室管理-最末页按钮
2017-11-13 09:38:31.193 [main] INFO  com.witontek.ehospital2.base.Log - 【info】com.witontek.ehospital2.base.WebElementsUtils:点击科室管理-置顶按钮
2017-11-13 09:38:31.598 [main] INFO  com.witontek.ehospital2.base.Log - 【info】com.witontek.ehospital2.base.WebElementsUtils:点击科室管理-弹框关闭按钮
2017-11-13 09:38:32.600 [main] INFO  com.witontek.ehospital2.base.Log - 【info】com.witontek.ehospital2.base.BrowserUtils:等待1秒
2017-11-13 09:38:32.918 [main] INFO  com.witontek.ehospital2.base.Log - 【info】com.witontek.ehospital2.base.WebElementsUtils:点击科室管理-第一页按钮
2017-11-13 09:38:33.918 [main] INFO  com.witontek.ehospital2.base.Log - 【info】com.witontek.ehospital2.base.BrowserUtils:等待1秒
2017-11-13 09:38:34.180 [main] INFO  com.witontek.ehospital2.base.Log - 【info】com.witontek.ehospital2.base.WebElementsUtils:获取科室管理-序号1的一级科室名称的文本信息
2017-11-13 09:38:34.180 [main] INFO  com.witontek.ehospital2.base.Log - 【info】com.witontek.ehospital2.page.DepartmentManagePage:序号为1的一级科室名称：睿博一级科室
2017-11-13 09:38:34.181 [main] INFO  com.witontek.ehospital2.base.Log - 【info】com.witontek.ehospital2.business.DepartmentMange:置顶一级科室成功
2017-11-13 09:38:34.283 [main] INFO  com.witontek.ehospital2.base.Log - 【info】com.witontek.ehospital2.base.ExcelUtils:读取updateDepartmentCategory.xlsx文件
2017-11-13 09:38:34.363 [main] INFO  com.witontek.ehospital2.base.Log - 【info】com.witontek.ehospital2.base.BrowserUtils:打开网址:http://yltest.witontek.com/ehospital3web/web/admin.html#!/
2017-11-13 09:38:34.737 [main] INFO  com.witontek.ehospital2.base.Log - 【info】com.witontek.ehospital2.base.WebElementsUtils:在用户名输入框输入：sqsrmyyadmin
2017-11-13 09:38:35.057 [main] INFO  com.witontek.ehospital2.base.Log - 【info】com.witontek.ehospital2.base.WebElementsUtils:在密码输入框输入：admin
2017-11-13 09:38:35.395 [main] INFO  com.witontek.ehospital2.base.Log - 【info】com.witontek.ehospital2.base.WebElementsUtils:在验证码输入框输入：1111
2017-11-13 09:38:35.734 [main] INFO  com.witontek.ehospital2.base.Log - 【info】com.witontek.ehospital2.base.WebElementsUtils:点击登录按钮
2017-11-13 09:38:36.598 [main] INFO  com.witontek.ehospital2.base.Log - 【info】com.witontek.ehospital2.base.WebElementsUtils:点击科室管理-编辑按钮
2017-11-13 09:38:36.874 [main] INFO  com.witontek.ehospital2.base.Log - 【info】com.witontek.ehospital2.base.WebElementsUtils:清空编辑一级科室-科室名称输入框
2017-11-13 09:38:37.219 [main] INFO  com.witontek.ehospital2.base.Log - 【info】com.witontek.ehospital2.base.WebElementsUtils:在编辑一级科室-科室名称输入框输入：睿博一级科室（改）
2017-11-13 09:38:37.478 [main] INFO  com.witontek.ehospital2.base.Log - 【info】com.witontek.ehospital2.base.WebElementsUtils:清空编辑一级科室-科室编码输入框
2017-11-13 09:38:37.795 [main] INFO  com.witontek.ehospital2.base.Log - 【info】com.witontek.ehospital2.base.WebElementsUtils:在编辑一级科室-科室编码输入框输入：111111
2017-11-13 09:38:38.133 [main] INFO  com.witontek.ehospital2.base.Log - 【info】com.witontek.ehospital2.base.WebElementsUtils:点击编辑一级科室-修改按钮
2017-11-13 09:38:38.553 [main] INFO  com.witontek.ehospital2.base.Log - 【info】com.witontek.ehospital2.base.WebElementsUtils:点击科室管理-弹框关闭按钮
2017-11-13 09:38:39.554 [main] INFO  com.witontek.ehospital2.base.Log - 【info】com.witontek.ehospital2.base.BrowserUtils:等待1秒
2017-11-13 09:38:39.814 [main] INFO  com.witontek.ehospital2.base.Log - 【info】com.witontek.ehospital2.base.WebElementsUtils:获取科室管理-序号1的一级科室名称的文本信息
2017-11-13 09:38:39.815 [main] INFO  com.witontek.ehospital2.base.Log - 【info】com.witontek.ehospital2.page.DepartmentManagePage:序号为1的一级科室名称：睿博一级科室（改）
2017-11-13 09:38:39.815 [main] INFO  com.witontek.ehospital2.base.Log - 【info】com.witontek.ehospital2.base.AssertUtils:实际结果（睿博一级科室（改））与预期结果（睿博一级科室（改））相等，编辑一级科室成功
2017-11-13 09:38:39.878 [main] INFO  com.witontek.ehospital2.base.Log - 【info】com.witontek.ehospital2.base.BrowserUtils:打开网址:http://yltest.witontek.com/ehospital3web/web/admin.html#!/
2017-11-13 09:38:40.276 [main] INFO  com.witontek.ehospital2.base.Log - 【info】com.witontek.ehospital2.base.WebElementsUtils:在用户名输入框输入：sqsrmyyadmin
2017-11-13 09:38:40.580 [main] INFO  com.witontek.ehospital2.base.Log - 【info】com.witontek.ehospital2.base.WebElementsUtils:在密码输入框输入：admin
2017-11-13 09:38:40.919 [main] INFO  com.witontek.ehospital2.base.Log - 【info】com.witontek.ehospital2.base.WebElementsUtils:在验证码输入框输入：1111
2017-11-13 09:38:41.222 [main] INFO  com.witontek.ehospital2.base.Log - 【info】com.witontek.ehospital2.base.WebElementsUtils:点击登录按钮
2017-11-13 09:38:41.792 [main] INFO  com.witontek.ehospital2.base.Log - 【info】com.witontek.ehospital2.base.WebElementsUtils:获取科室管理-总记录数的文本信息
2017-11-13 09:38:41.792 [main] INFO  com.witontek.ehospital2.base.Log - 【info】com.witontek.ehospital2.page.DepartmentManagePage:一级科室总数：16
2017-11-13 09:38:42.107 [main] INFO  com.witontek.ehospital2.base.Log - 【info】com.witontek.ehospital2.base.WebElementsUtils:点击科室管理-删除按钮
2017-11-13 09:38:42.500 [main] INFO  com.witontek.ehospital2.base.Log - 【info】com.witontek.ehospital2.base.WebElementsUtils:点击科室管理-弹框关闭按钮
2017-11-13 09:38:43.501 [main] INFO  com.witontek.ehospital2.base.Log - 【info】com.witontek.ehospital2.base.BrowserUtils:等待1秒
2017-11-13 09:38:43.745 [main] INFO  com.witontek.ehospital2.base.Log - 【info】com.witontek.ehospital2.base.WebElementsUtils:获取科室管理-总记录数的文本信息
2017-11-13 09:38:43.746 [main] INFO  com.witontek.ehospital2.base.Log - 【info】com.witontek.ehospital2.page.DepartmentManagePage:一级科室总数：15
2017-11-13 09:38:43.747 [main] INFO  com.witontek.ehospital2.base.Log - 【info】com.witontek.ehospital2.business.DepartmentMange:删除后一级科室总数与删除前不一致，删除一级科室成功
2017-11-13 09:38:46.751 [main] INFO  com.witontek.ehospital2.base.Log - 【info】com.witontek.ehospital2.base.BrowserUtils:等待3秒
2017-11-13 09:38:47.763 [main] INFO  com.witontek.ehospital2.base.Log - 【info】com.witontek.ehospital2.base.BrowserUtils:退出浏览器
2017-11-13 09:38:51.845 [main] INFO  com.witontek.ehospital2.base.Log - 【info】com.witontek.ehospital2.base.DriverUtils:打开谷歌浏览器
2017-11-13 09:38:52.008 [main] INFO  com.witontek.ehospital2.base.Log - 【info】com.witontek.ehospital2.base.ExcelUtils:读取searchDocManDoctor.xlsx文件
2017-11-13 09:39:06.706 [main] INFO  com.witontek.ehospital2.base.Log - 【info】com.witontek.ehospital2.base.BrowserUtils:打开网址:http://yltest.witontek.com/ehospital3web/web/admin.html#!/
2017-11-13 09:39:07.169 [main] INFO  com.witontek.ehospital2.base.Log - 【info】com.witontek.ehospital2.base.WebElementsUtils:在用户名输入框输入：sqsrmyyadmin
2017-11-13 09:39:07.533 [main] INFO  com.witontek.ehospital2.base.Log - 【info】com.witontek.ehospital2.base.WebElementsUtils:在密码输入框输入：admin
2017-11-13 09:39:07.915 [main] INFO  com.witontek.ehospital2.base.Log - 【info】com.witontek.ehospital2.base.WebElementsUtils:在验证码输入框输入：1111
2017-11-13 09:39:08.260 [main] INFO  com.witontek.ehospital2.base.Log - 【info】com.witontek.ehospital2.base.WebElementsUtils:点击登录按钮
2017-11-13 09:39:09.051 [main] INFO  com.witontek.ehospital2.base.Log - 【info】com.witontek.ehospital2.base.WebElementsUtils:点击业务信息管理
2017-11-13 09:39:09.461 [main] INFO  com.witontek.ehospital2.base.Log - 【info】com.witontek.ehospital2.base.WebElementsUtils:点击医生管理
2017-11-13 09:39:09.805 [main] INFO  com.witontek.ehospital2.base.Log - 【info】com.witontek.ehospital2.base.WebElementsUtils:在医生管理-医生名称输入框输入：西
2017-11-13 09:39:10.170 [main] INFO  com.witontek.ehospital2.base.Log - 【info】com.witontek.ehospital2.base.WebElementsUtils:点击医生管理-搜索医生按钮
2017-11-13 09:39:11.171 [main] INFO  com.witontek.ehospital2.base.Log - 【info】com.witontek.ehospital2.base.BrowserUtils:等待1秒
2017-11-13 09:39:11.477 [main] INFO  com.witontek.ehospital2.base.Log - 【info】com.witontek.ehospital2.base.WebElementsUtils:获取医生管理-医生姓名的文本信息
2017-11-13 09:39:11.477 [main] INFO  com.witontek.ehospital2.base.Log - 【info】com.witontek.ehospital2.page.DoctorManagePage:医生姓名："贾西贝"
2017-11-13 09:39:11.478 [main] INFO  com.witontek.ehospital2.base.Log - 【info】com.witontek.ehospital2.base.AssertUtils:实际结果（贾西贝）包含预期结果（贾西贝），搜索成功
2017-11-13 09:39:14.479 [main] INFO  com.witontek.ehospital2.base.Log - 【info】com.witontek.ehospital2.base.BrowserUtils:等待3秒
2017-11-13 09:39:15.353 [main] INFO  com.witontek.ehospital2.base.Log - 【info】com.witontek.ehospital2.base.BrowserUtils:退出浏览器
2017-11-13 09:39:18.823 [main] INFO  com.witontek.ehospital2.base.Log - 【info】com.witontek.ehospital2.base.DriverUtils:打开谷歌浏览器
2017-11-13 09:39:19.112 [main] INFO  com.witontek.ehospital2.base.Log - 【info】com.witontek.ehospital2.base.ExcelUtils:读取updateHospitalInformation.xlsx文件
2017-11-13 09:39:33.972 [main] INFO  com.witontek.ehospital2.base.Log - 【info】com.witontek.ehospital2.base.BrowserUtils:打开网址:http://yltest.witontek.com/ehospital3web/web/admin.html#!/
2017-11-13 09:39:34.446 [main] INFO  com.witontek.ehospital2.base.Log - 【info】com.witontek.ehospital2.base.WebElementsUtils:在用户名输入框输入：sqsrmyyadmin
2017-11-13 09:39:34.811 [main] INFO  com.witontek.ehospital2.base.Log - 【info】com.witontek.ehospital2.base.WebElementsUtils:在密码输入框输入：admin
2017-11-13 09:39:35.160 [main] INFO  com.witontek.ehospital2.base.Log - 【info】com.witontek.ehospital2.base.WebElementsUtils:在验证码输入框输入：1111
2017-11-13 09:39:35.512 [main] INFO  com.witontek.ehospital2.base.Log - 【info】com.witontek.ehospital2.base.WebElementsUtils:点击登录按钮
2017-11-13 09:39:36.635 [main] INFO  com.witontek.ehospital2.base.Log - 【info】com.witontek.ehospital2.base.WebElementsUtils:点击微官网管理
2017-11-13 09:39:37.050 [main] INFO  com.witontek.ehospital2.base.Log - 【info】com.witontek.ehospital2.base.WebElementsUtils:点击医院基本信息
2017-11-13 09:39:37.377 [main] INFO  com.witontek.ehospital2.base.Log - 【info】com.witontek.ehospital2.base.WebElementsUtils:清空医院信息-医院名称输入框
2017-11-13 09:39:37.744 [main] INFO  com.witontek.ehospital2.base.Log - 【info】com.witontek.ehospital2.base.WebElementsUtils:在医院信息-医院名称输入框输入：宿迁市人民医院
2017-11-13 09:39:38.017 [main] INFO  com.witontek.ehospital2.base.Log - 【info】com.witontek.ehospital2.base.WebElementsUtils:清空医院信息-取号地点输入框
2017-11-13 09:39:38.383 [main] INFO  com.witontek.ehospital2.base.Log - 【info】com.witontek.ehospital2.base.WebElementsUtils:在医院信息-取号地点输入框输入：取号地点
2017-11-13 09:39:38.665 [main] INFO  com.witontek.ehospital2.base.Log - 【info】com.witontek.ehospital2.base.WebElementsUtils:清空医院信息-取卡地点输入框
2017-11-13 09:39:38.997 [main] INFO  com.witontek.ehospital2.base.Log - 【info】com.witontek.ehospital2.base.WebElementsUtils:在医院信息-取卡地点输入框输入：取卡地点
2017-11-13 09:39:39.290 [main] INFO  com.witontek.ehospital2.base.Log - 【info】com.witontek.ehospital2.base.WebElementsUtils:清空医院信息-医院等级输入框
2017-11-13 09:39:39.598 [main] INFO  com.witontek.ehospital2.base.Log - 【info】com.witontek.ehospital2.base.WebElementsUtils:在医院信息-医院等级输入框输入：三级甲等
2017-11-13 09:39:39.948 [main] INFO  com.witontek.ehospital2.base.Log - 【info】com.witontek.ehospital2.base.WebElementsUtils:点击医院信息-请选择省下拉框
2017-11-13 09:39:40.296 [main] INFO  com.witontek.ehospital2.base.Log - 【info】com.witontek.ehospital2.base.WebElementsUtils:点击医院信息-选择省按钮
2017-11-13 09:39:40.573 [main] INFO  com.witontek.ehospital2.base.Log - 【info】com.witontek.ehospital2.base.WebElementsUtils:点击医院信息-请选择省下拉框
2017-11-13 09:39:40.906 [main] INFO  com.witontek.ehospital2.base.Log - 【info】com.witontek.ehospital2.base.WebElementsUtils:点击医院信息-选择市按钮
2017-11-13 09:39:41.220 [main] INFO  com.witontek.ehospital2.base.Log - 【info】com.witontek.ehospital2.base.WebElementsUtils:清空医院信息-医院地址输入框
2017-11-13 09:39:41.566 [main] INFO  com.witontek.ehospital2.base.Log - 【info】com.witontek.ehospital2.base.WebElementsUtils:在医院信息-医院地址输入框输入：医院地址
2017-11-13 09:39:41.842 [main] INFO  com.witontek.ehospital2.base.Log - 【info】com.witontek.ehospital2.base.WebElementsUtils:清空医院信息-官方网站输入框
2017-11-13 09:39:42.325 [main] INFO  com.witontek.ehospital2.base.Log - 【info】com.witontek.ehospital2.base.WebElementsUtils:在医院信息-官方网站输入框输入：https://www.baidu/com
2017-11-13 09:39:42.628 [main] INFO  com.witontek.ehospital2.base.Log - 【info】com.witontek.ehospital2.base.WebElementsUtils:清空医院信息-医院电话输入框
2017-11-13 09:39:43.052 [main] INFO  com.witontek.ehospital2.base.Log - 【info】com.witontek.ehospital2.base.WebElementsUtils:在医院信息-医院电话输入框输入：17621851286
2017-11-13 09:39:43.364 [main] INFO  com.witontek.ehospital2.base.Log - 【info】com.witontek.ehospital2.base.WebElementsUtils:清空医院信息-医院交通输入框
2017-11-13 09:39:43.707 [main] INFO  com.witontek.ehospital2.base.Log - 【info】com.witontek.ehospital2.base.WebElementsUtils:在医院信息-医院交通输入框输入：医院交通
2017-11-13 09:39:43.977 [main] INFO  com.witontek.ehospital2.base.Log - 【info】com.witontek.ehospital2.base.WebElementsUtils:清空医院信息-医院介绍输入框
2017-11-13 09:39:44.355 [main] INFO  com.witontek.ehospital2.base.Log - 【info】com.witontek.ehospital2.base.WebElementsUtils:在医院信息-医院介绍输入框输入：医院简介
2017-11-13 09:39:44.656 [main] INFO  com.witontek.ehospital2.base.Log - 【info】com.witontek.ehospital2.base.WebElementsUtils:清空医院信息-经度输入框
2017-11-13 09:39:44.997 [main] INFO  com.witontek.ehospital2.base.Log - 【info】com.witontek.ehospital2.base.WebElementsUtils:在医院信息-经度输入框输入：111.111
2017-11-13 09:39:45.284 [main] INFO  com.witontek.ehospital2.base.Log - 【info】com.witontek.ehospital2.base.WebElementsUtils:清空医院信息-纬度输入框
2017-11-13 09:39:45.649 [main] INFO  com.witontek.ehospital2.base.Log - 【info】com.witontek.ehospital2.base.WebElementsUtils:在医院信息-纬度输入框输入：111.111
2017-11-13 09:39:48.650 [main] INFO  com.witontek.ehospital2.base.Log - 【info】com.witontek.ehospital2.base.BrowserUtils:等待3秒
2017-11-13 09:39:49.530 [main] INFO  com.witontek.ehospital2.base.Log - 【info】com.witontek.ehospital2.base.BrowserUtils:退出浏览器
2017-11-13 09:39:53.224 [main] INFO  com.witontek.ehospital2.base.Log - 【info】com.witontek.ehospital2.base.DriverUtils:打开谷歌浏览器
2017-11-13 09:39:53.310 [main] INFO  com.witontek.ehospital2.base.Log - 【info】com.witontek.ehospital2.base.ExcelUtils:读取loginSuccess.xlsx文件
2017-11-13 09:40:06.325 [main] INFO  com.witontek.ehospital2.base.Log - 【info】com.witontek.ehospital2.base.BrowserUtils:打开网址:http://yltest.witontek.com/ehospital3web/web/admin.html#!/
2017-11-13 09:40:06.712 [main] INFO  com.witontek.ehospital2.base.Log - 【info】com.witontek.ehospital2.base.WebElementsUtils:在用户名输入框输入：sqsrmyyadmin
2017-11-13 09:40:07.062 [main] INFO  com.witontek.ehospital2.base.Log - 【info】com.witontek.ehospital2.base.WebElementsUtils:在密码输入框输入：admin
2017-11-13 09:40:07.407 [main] INFO  com.witontek.ehospital2.base.Log - 【info】com.witontek.ehospital2.base.WebElementsUtils:在验证码输入框输入：1111
2017-11-13 09:40:07.750 [main] INFO  com.witontek.ehospital2.base.Log - 【info】com.witontek.ehospital2.base.WebElementsUtils:点击登录按钮
2017-11-13 09:40:08.889 [main] INFO  com.witontek.ehospital2.base.Log - 【info】com.witontek.ehospital2.base.WebElementsUtils:获取用户名的文本信息
2017-11-13 09:40:08.889 [main] INFO  com.witontek.ehospital2.base.Log - 【info】com.witontek.ehospital2.base.AssertUtils:实际结果（undefined）与预期结果（undefined）相等，登录成功
2017-11-13 09:40:11.891 [main] INFO  com.witontek.ehospital2.base.Log - 【info】com.witontek.ehospital2.base.BrowserUtils:等待3秒
2017-11-13 09:40:12.685 [main] INFO  com.witontek.ehospital2.base.Log - 【info】com.witontek.ehospital2.base.BrowserUtils:退出浏览器
2017-11-13 09:40:16.110 [main] INFO  com.witontek.ehospital2.base.Log - 【info】com.witontek.ehospital2.base.DriverUtils:打开谷歌浏览器
2017-11-13 09:40:16.286 [main] INFO  com.witontek.ehospital2.base.Log - 【info】com.witontek.ehospital2.base.ExcelUtils:读取selectSubscriptionDate.xlsx文件
2017-11-13 09:40:30.061 [main] INFO  com.witontek.ehospital2.base.Log - 【info】com.witontek.ehospital2.base.BrowserUtils:打开网址:http://yltest.witontek.com/ehospital3web/web/admin.html#!/
2017-11-13 09:40:30.478 [main] INFO  com.witontek.ehospital2.base.Log - 【info】com.witontek.ehospital2.base.WebElementsUtils:在用户名输入框输入：sqsrmyyadmin
2017-11-13 09:40:30.834 [main] INFO  com.witontek.ehospital2.base.Log - 【info】com.witontek.ehospital2.base.WebElementsUtils:在密码输入框输入：admin
2017-11-13 09:40:31.196 [main] INFO  com.witontek.ehospital2.base.Log - 【info】com.witontek.ehospital2.base.WebElementsUtils:在验证码输入框输入：1111
2017-11-13 09:40:31.549 [main] INFO  com.witontek.ehospital2.base.Log - 【info】com.witontek.ehospital2.base.WebElementsUtils:点击登录按钮
2017-11-13 09:40:32.314 [main] INFO  com.witontek.ehospital2.base.Log - 【info】com.witontek.ehospital2.base.WebElementsUtils:点击业务信息管理
2017-11-13 09:40:34.352 [main] INFO  com.witontek.ehospital2.base.Log - 【info】com.witontek.ehospital2.base.WebElementsUtils:点击预约管理
2017-11-13 09:40:34.858 [main] INFO  com.witontek.ehospital2.base.Log - 【info】com.witontek.ehospital2.base.WebElementsUtils:点击预约管理-预约日期-起始日期选择器
2017-11-13 09:40:35.274 [main] INFO  com.witontek.ehospital2.base.Log - 【info】com.witontek.ehospital2.base.WebElementsUtils:点击预约管理-切换年/月份按钮
2017-11-13 09:40:35.587 [main] INFO  com.witontek.ehospital2.base.Log - 【info】com.witontek.ehospital2.base.WebElementsUtils:点击预约管理-切换年/月份按钮
2017-11-13 09:40:35.946 [main] INFO  com.witontek.ehospital2.base.Log - 【info】com.witontek.ehospital2.base.WebElementsUtils:点击预约管理-默认年份按钮
2017-11-13 09:40:36.318 [main] INFO  com.witontek.ehospital2.base.Log - 【info】com.witontek.ehospital2.base.WebElementsUtils:点击预约管理-默认月份按钮
2017-11-13 09:40:36.659 [main] INFO  com.witontek.ehospital2.base.Log - 【info】com.witontek.ehospital2.base.WebElementsUtils:点击预约管理-默认日期按钮
2017-11-13 09:40:39.660 [main] INFO  com.witontek.ehospital2.base.Log - 【info】com.witontek.ehospital2.base.BrowserUtils:等待3秒
2017-11-13 09:40:40.491 [main] INFO  com.witontek.ehospital2.base.Log - 【info】com.witontek.ehospital2.base.BrowserUtils:退出浏览器
