main 2017-12-05 00:07:46:200 [INFO] com.witontek.ehospital2.base.DriverUtils:打开谷歌浏览器
main 2017-12-05 00:08:27:802 [INFO] com.witontek.ehospital2.base.BrowserUtils:打开网址:http://yltest.witontek.com/ehospital3web/web/admin.html#!/
main 2017-12-05 00:08:28:279 [ERROR] com.witontek.ehospital2.base.WebElementsUtils:查找用户名输入框的网页元素时出错,报错信息：no such window: target window already closed
from unknown error: web view not found
  (Session info: chrome=60.0.3112.113)
  (Driver info: chromedriver=2.33.506120 (e3e53437346286c0bc2d2dc9aa4915ba81d9023f),platform=Windows NT 10.0.15063 x86_64) (WARNING: The server did not provide any stacktrace information)
Command duration or timeout: 19 milliseconds
Build info: version: '3.4.0', revision: 'unknown', time: 'unknown'
System info: host: 'DESKTOP-26I71CM', ip: '192.168.1.9', os.name: 'Windows 10', os.arch: 'amd64', os.version: '10.0', java.version: '1.8.0_144'
Driver info: org.openqa.selenium.chrome.ChromeDriver
Capabilities [{applicationCacheEnabled=false, rotatable=false, mobileEmulationEnabled=false, networkConnectionEnabled=false, chrome={chromedriverVersion=2.33.506120 (e3e53437346286c0bc2d2dc9aa4915ba81d9023f), userDataDir=C:\Users\ningjing\AppData\Local\Temp\scoped_dir8944_9559}, takesHeapSnapshot=true, pageLoadStrategy=normal, databaseEnabled=false, handlesAlerts=true, hasTouchScreen=false, version=60.0.3112.113, platform=XP, browserConnectionEnabled=false, nativeEvents=true, acceptSslCerts=true, locationContextEnabled=true, webStorageEnabled=true, browserName=chrome, takesScreenshot=true, javascriptEnabled=true, cssSelectorsEnabled=true, setWindowRect=true, unexpectedAlertBehaviour=}]
Session ID: 3c00d0f1dd273de96035c936487452d2
*** Element info: {Using=xpath, value=//*[@name='u_name']}
main 2017-12-05 00:08:28:299 [ERROR] com.witontek.ehospital2.base.BrowserUtils:截图失败,报错信息：no such window: target window already closed
from unknown error: web view not found
  (Session info: chrome=60.0.3112.113)
  (Driver info: chromedriver=2.33.506120 (e3e53437346286c0bc2d2dc9aa4915ba81d9023f),platform=Windows NT 10.0.15063 x86_64) (WARNING: The server did not provide any stacktrace information)
Command duration or timeout: 7 milliseconds
Build info: version: '3.4.0', revision: 'unknown', time: 'unknown'
System info: host: 'DESKTOP-26I71CM', ip: '192.168.1.9', os.name: 'Windows 10', os.arch: 'amd64', os.version: '10.0', java.version: '1.8.0_144'
Driver info: org.openqa.selenium.chrome.ChromeDriver
Capabilities [{applicationCacheEnabled=false, rotatable=false, mobileEmulationEnabled=false, networkConnectionEnabled=false, chrome={chromedriverVersion=2.33.506120 (e3e53437346286c0bc2d2dc9aa4915ba81d9023f), userDataDir=C:\Users\ningjing\AppData\Local\Temp\scoped_dir8944_9559}, takesHeapSnapshot=true, pageLoadStrategy=normal, databaseEnabled=false, handlesAlerts=true, hasTouchScreen=false, version=60.0.3112.113, platform=XP, browserConnectionEnabled=false, nativeEvents=true, acceptSslCerts=true, locationContextEnabled=true, webStorageEnabled=true, browserName=chrome, takesScreenshot=true, javascriptEnabled=true, cssSelectorsEnabled=true, setWindowRect=true, unexpectedAlertBehaviour=}]
Session ID: 3c00d0f1dd273de96035c936487452d2
main 2017-12-05 00:08:28:321 [ERROR] com.witontek.ehospital2.base.WebElementsUtils:查找用户名输入框的网页元素时超时显示等待时间,报错信息：null
main 2017-12-05 00:08:28:328 [ERROR] com.witontek.ehospital2.base.BrowserUtils:截图失败,报错信息：no such window: target window already closed
from unknown error: web view not found
  (Session info: chrome=60.0.3112.113)
  (Driver info: chromedriver=2.33.506120 (e3e53437346286c0bc2d2dc9aa4915ba81d9023f),platform=Windows NT 10.0.15063 x86_64) (WARNING: The server did not provide any stacktrace information)
Command duration or timeout: 6 milliseconds
Build info: version: '3.4.0', revision: 'unknown', time: 'unknown'
System info: host: 'DESKTOP-26I71CM', ip: '192.168.1.9', os.name: 'Windows 10', os.arch: 'amd64', os.version: '10.0', java.version: '1.8.0_144'
Driver info: org.openqa.selenium.chrome.ChromeDriver
Capabilities [{applicationCacheEnabled=false, rotatable=false, mobileEmulationEnabled=false, networkConnectionEnabled=false, chrome={chromedriverVersion=2.33.506120 (e3e53437346286c0bc2d2dc9aa4915ba81d9023f), userDataDir=C:\Users\ningjing\AppData\Local\Temp\scoped_dir8944_9559}, takesHeapSnapshot=true, pageLoadStrategy=normal, databaseEnabled=false, handlesAlerts=true, hasTouchScreen=false, version=60.0.3112.113, platform=XP, browserConnectionEnabled=false, nativeEvents=true, acceptSslCerts=true, locationContextEnabled=true, webStorageEnabled=true, browserName=chrome, takesScreenshot=true, javascriptEnabled=true, cssSelectorsEnabled=true, setWindowRect=true, unexpectedAlertBehaviour=}]
Session ID: 3c00d0f1dd273de96035c936487452d2
main 2017-12-05 00:08:28:330 [ERROR] com.witontek.ehospital2.base.WebElementsUtils:未定位到页面元素，在用户名输入框输入：sqszyyadmin失败,报错信息：null
main 2017-12-05 00:08:28:337 [ERROR] com.witontek.ehospital2.base.BrowserUtils:截图失败,报错信息：no such window: target window already closed
from unknown error: web view not found
  (Session info: chrome=60.0.3112.113)
  (Driver info: chromedriver=2.33.506120 (e3e53437346286c0bc2d2dc9aa4915ba81d9023f),platform=Windows NT 10.0.15063 x86_64) (WARNING: The server did not provide any stacktrace information)
Command duration or timeout: 5 milliseconds
Build info: version: '3.4.0', revision: 'unknown', time: 'unknown'
System info: host: 'DESKTOP-26I71CM', ip: '192.168.1.9', os.name: 'Windows 10', os.arch: 'amd64', os.version: '10.0', java.version: '1.8.0_144'
Driver info: org.openqa.selenium.chrome.ChromeDriver
Capabilities [{applicationCacheEnabled=false, rotatable=false, mobileEmulationEnabled=false, networkConnectionEnabled=false, chrome={chromedriverVersion=2.33.506120 (e3e53437346286c0bc2d2dc9aa4915ba81d9023f), userDataDir=C:\Users\ningjing\AppData\Local\Temp\scoped_dir8944_9559}, takesHeapSnapshot=true, pageLoadStrategy=normal, databaseEnabled=false, handlesAlerts=true, hasTouchScreen=false, version=60.0.3112.113, platform=XP, browserConnectionEnabled=false, nativeEvents=true, acceptSslCerts=true, locationContextEnabled=true, webStorageEnabled=true, browserName=chrome, takesScreenshot=true, javascriptEnabled=true, cssSelectorsEnabled=true, setWindowRect=true, unexpectedAlertBehaviour=}]
Session ID: 3c00d0f1dd273de96035c936487452d2
main 2017-12-05 00:08:31:352 [INFO] com.witontek.ehospital2.base.BrowserUtils:等待3秒
main 2017-12-05 00:08:33:062 [INFO] com.witontek.ehospital2.base.BrowserUtils:退出浏览器
