main 2017-12-11 00:25:23:528 [INFO] com.witontek.ehospital2.base.ExcelUtils:删除下载的Excel文件(宿迁市中医院缴费信息.xls)成功
main 2017-12-11 00:27:25:589 [INFO] com.witontek.ehospital2.base.ExcelUtils:删除下载的Excel文件(宿迁市中医院缴费信息.xls)成功
main 2017-12-11 00:53:44:410 [INFO] com.witontek.ehospital2.base.DriverUtils:打开谷歌浏览器
main 2017-12-11 00:53:46:199 [INFO] com.witontek.ehospital2.base.ExcelUtils:读取payRecordManage.xlsx文件中downloadPayRecords表单成功
main 2017-12-11 00:53:53:046 [INFO] com.witontek.ehospital2.base.BrowserUtils:打开网址:http://web.witontek.com/ehospital4web/web/admin.html#!/
main 2017-12-11 00:53:53:600【ERROR】 com.witontek.ehospital2.base.WebElementsUtils:查找用户名输入框的网页元素时出错,报错信息：no such window: target window already closed
from unknown error: web view not found
  (Session info: chrome=60.0.3112.113)
  (Driver info: chromedriver=2.33.506120 (e3e53437346286c0bc2d2dc9aa4915ba81d9023f),platform=Windows NT 10.0.15063 x86_64) (WARNING: The server did not provide any stacktrace information)
Command duration or timeout: 16 milliseconds
Build info: version: '3.4.0', revision: 'unknown', time: 'unknown'
System info: host: 'DESKTOP-26I71CM', ip: '192.168.1.4', os.name: 'Windows 10', os.arch: 'amd64', os.version: '10.0', java.version: '1.8.0_144'
Driver info: org.openqa.selenium.chrome.ChromeDriver
Capabilities [{applicationCacheEnabled=false, rotatable=false, mobileEmulationEnabled=false, networkConnectionEnabled=false, chrome={chromedriverVersion=2.33.506120 (e3e53437346286c0bc2d2dc9aa4915ba81d9023f), userDataDir=C:\Users\ningjing\AppData\Local\Temp\scoped_dir6480_25774}, takesHeapSnapshot=true, pageLoadStrategy=normal, databaseEnabled=false, handlesAlerts=true, hasTouchScreen=false, version=60.0.3112.113, platform=XP, browserConnectionEnabled=false, nativeEvents=true, acceptSslCerts=true, locationContextEnabled=true, webStorageEnabled=true, browserName=chrome, takesScreenshot=true, javascriptEnabled=true, cssSelectorsEnabled=true, setWindowRect=true, unexpectedAlertBehaviour=}]
Session ID: 327371ff886f6b2a7cec44f3a9bf4c8e
*** Element info: {Using=xpath, value=//*[@name='u_name']}
main 2017-12-11 00:53:53:631 【ERROR】 com.witontek.ehospital2.base.BrowserUtils:截图失败,报错信息：no such window: target window already closed
from unknown error: web view not found
  (Session info: chrome=60.0.3112.113)
  (Driver info: chromedriver=2.33.506120 (e3e53437346286c0bc2d2dc9aa4915ba81d9023f),platform=Windows NT 10.0.15063 x86_64) (WARNING: The server did not provide any stacktrace information)
Command duration or timeout: 15 milliseconds
Build info: version: '3.4.0', revision: 'unknown', time: 'unknown'
System info: host: 'DESKTOP-26I71CM', ip: '192.168.1.4', os.name: 'Windows 10', os.arch: 'amd64', os.version: '10.0', java.version: '1.8.0_144'
Driver info: org.openqa.selenium.chrome.ChromeDriver
Capabilities [{applicationCacheEnabled=false, rotatable=false, mobileEmulationEnabled=false, networkConnectionEnabled=false, chrome={chromedriverVersion=2.33.506120 (e3e53437346286c0bc2d2dc9aa4915ba81d9023f), userDataDir=C:\Users\ningjing\AppData\Local\Temp\scoped_dir6480_25774}, takesHeapSnapshot=true, pageLoadStrategy=normal, databaseEnabled=false, handlesAlerts=true, hasTouchScreen=false, version=60.0.3112.113, platform=XP, browserConnectionEnabled=false, nativeEvents=true, acceptSslCerts=true, locationContextEnabled=true, webStorageEnabled=true, browserName=chrome, takesScreenshot=true, javascriptEnabled=true, cssSelectorsEnabled=true, setWindowRect=true, unexpectedAlertBehaviour=}]
Session ID: 327371ff886f6b2a7cec44f3a9bf4c8e
main 2017-12-11 00:54:48:395 [INFO] com.witontek.ehospital2.base.DriverUtils:打开谷歌浏览器
main 2017-12-11 00:54:49:088 [INFO] com.witontek.ehospital2.base.ExcelUtils:读取payRecordManage.xlsx文件中downloadPayRecords表单成功
main 2017-12-11 00:54:56:738 [INFO] com.witontek.ehospital2.base.BrowserUtils:打开网址:http://web.witontek.com/ehospital4web/web/admin.html#!/
main 2017-12-11 00:54:57:482 [INFO] com.witontek.ehospital2.base.WebElementsUtils:在用户名输入框输入：sqszyyadmin
main 2017-12-11 00:54:58:146 [INFO] com.witontek.ehospital2.base.WebElementsUtils:在密码输入框输入：admin
main 2017-12-11 00:54:58:773 [INFO] com.witontek.ehospital2.base.WebElementsUtils:点击登录按钮
main 2017-12-11 00:55:00:052 [INFO] com.witontek.ehospital2.base.WebElementsUtils:点击缴费记录管理-导出缴费信息按钮
main 2017-12-11 00:55:00:058 【ERROR】 com.witontek.ehospital2.base.ExcelUtils:下载的Excel文件(宿迁市中医院缴费信息.xls)不存在
main 2017-12-11 00:55:03:078 [INFO] com.witontek.ehospital2.base.BrowserUtils:等待3秒
main 2017-12-11 00:55:04:898 [INFO] com.witontek.ehospital2.base.BrowserUtils:退出浏览器
main 2017-12-11 00:56:43:680 [INFO] com.witontek.ehospital2.base.DriverUtils:打开谷歌浏览器
main 2017-12-11 00:56:44:342 [INFO] com.witontek.ehospital2.base.ExcelUtils:读取payRecordManage.xlsx文件中downloadPayRecords表单成功
main 2017-12-11 00:56:51:138 [INFO] com.witontek.ehospital2.base.BrowserUtils:打开网址:http://web.witontek.com/ehospital4web/web/admin.html#!/
main 2017-12-11 00:56:51:772 [INFO] com.witontek.ehospital2.base.WebElementsUtils:在用户名输入框输入：sqszyyadmin
main 2017-12-11 00:56:52:324 [INFO] com.witontek.ehospital2.base.WebElementsUtils:在密码输入框输入：admin
main 2017-12-11 00:56:57:846 [INFO] com.witontek.ehospital2.base.WebElementsUtils:点击登录按钮
main 2017-12-11 00:56:58:375 [INFO] com.witontek.ehospital2.base.ExcelUtils:删除下载的Excel文件(宿迁市中医院缴费信息.xls)成功
main 2017-12-11 00:57:05:033 [INFO] com.witontek.ehospital2.base.WebElementsUtils:点击缴费记录管理-导出缴费信息按钮
main 2017-12-11 00:57:05:038 【ERROR】 com.witontek.ehospital2.base.ExcelUtils:下载的Excel文件(宿迁市中医院缴费信息.xls)不存在
main 2017-12-11 00:57:08:048 [INFO] com.witontek.ehospital2.base.BrowserUtils:等待3秒
main 2017-12-11 00:57:09:148 [INFO] com.witontek.ehospital2.base.BrowserUtils:退出浏览器
main 2017-12-11 00:58:11:828 [INFO] com.witontek.ehospital2.base.DriverUtils:打开谷歌浏览器
main 2017-12-11 00:58:12:682 [INFO] com.witontek.ehospital2.base.ExcelUtils:读取payRecordManage.xlsx文件中downloadPayRecords表单成功
main 2017-12-11 00:58:19:505 [INFO] com.witontek.ehospital2.base.BrowserUtils:打开网址:http://web.witontek.com/ehospital4web/web/admin.html#!/
main 2017-12-11 00:58:20:268 [INFO] com.witontek.ehospital2.base.WebElementsUtils:在用户名输入框输入：sqszyyadmin
main 2017-12-11 00:58:20:885 [INFO] com.witontek.ehospital2.base.WebElementsUtils:在密码输入框输入：admin
main 2017-12-11 00:58:21:454 [INFO] com.witontek.ehospital2.base.WebElementsUtils:点击登录按钮
main 2017-12-11 00:58:21:931 [INFO] com.witontek.ehospital2.base.ExcelUtils:删除下载的Excel文件(宿迁市中医院缴费信息.xls)成功
main 2017-12-11 00:58:22:631 [INFO] com.witontek.ehospital2.base.WebElementsUtils:点击缴费记录管理-导出缴费信息按钮
main 2017-12-11 00:58:22:634 【ERROR】 com.witontek.ehospital2.base.ExcelUtils:下载的Excel文件(宿迁市中医院缴费信息.xls)不存在
main 2017-12-11 00:58:25:647 [INFO] com.witontek.ehospital2.base.BrowserUtils:等待3秒
main 2017-12-11 00:58:26:742 [INFO] com.witontek.ehospital2.base.BrowserUtils:退出浏览器
main 2017-12-11 01:05:53:049 [INFO] com.witontek.ehospital2.base.DriverUtils:打开谷歌浏览器
main 2017-12-11 01:05:53:705 [INFO] com.witontek.ehospital2.base.ExcelUtils:读取payRecordManage.xlsx文件中downloadPayRecords表单成功
main 2017-12-11 01:06:01:166 [INFO] com.witontek.ehospital2.base.BrowserUtils:打开网址:http://web.witontek.com/ehospital4web/web/admin.html#!/
main 2017-12-11 01:06:01:737 [INFO] com.witontek.ehospital2.base.WebElementsUtils:在用户名输入框输入：sqszyyadmin
main 2017-12-11 01:06:02:368 [INFO] com.witontek.ehospital2.base.WebElementsUtils:在密码输入框输入：admin
main 2017-12-11 01:06:02:966 [INFO] com.witontek.ehospital2.base.WebElementsUtils:点击登录按钮
main 2017-12-11 01:06:03:293 [INFO] com.witontek.ehospital2.base.ExcelUtils:删除Excel文件(宿迁市中医院缴费信息.xls)
main 2017-12-11 01:06:04:572 [INFO] com.witontek.ehospital2.base.WebElementsUtils:点击缴费记录管理-导出缴费信息按钮
main 2017-12-11 01:06:07:576 [INFO] com.witontek.ehospital2.base.BrowserUtils:等待3秒
main 2017-12-11 01:06:07:892 [INFO] com.witontek.ehospital2.base.ExcelUtils:删除Excel文件(宿迁市中医院缴费信息.xls)
main 2017-12-11 01:06:07:892 [INFO] com.witontek.ehospital2.base.AssertUtils:实际结果（订单号）与预期结果（订单号）相等，缴费记录管理-导出缴费信息成功
main 2017-12-11 01:06:10:900 [INFO] com.witontek.ehospital2.base.BrowserUtils:等待3秒
main 2017-12-11 01:06:11:838 [INFO] com.witontek.ehospital2.base.BrowserUtils:退出浏览器
