2017-11-03 17:47:25.945 [main] INFO  com.witontek.ehospital2.base.Log - 【info】com.witontek.ehospital2.base.DriverUtils:打开谷歌浏览器
2017-11-03 17:47:27.126 [main] INFO  com.witontek.ehospital2.base.Log - 【info】com.witontek.ehospital2.base.ExcelUtils:读取loginSuccess.xlsx文件
2017-11-03 17:47:41.148 [main] INFO  com.witontek.ehospital2.base.Log - 【info】com.witontek.ehospital2.base.BrowserUtils:打开网址:http://yltest.witontek.com/ehospital3web/web/admin.html#!/
2017-11-03 17:47:41.379 [main] INFO  com.witontek.ehospital2.base.Log - 【info】com.witontek.ehospital2.base.WebElementsUtils:在用户名输入框输入：sqsrmyyadmin
2017-11-03 17:47:41.510 [main] INFO  com.witontek.ehospital2.base.Log - 【info】com.witontek.ehospital2.base.WebElementsUtils:在密码输入框输入：admin
2017-11-03 17:47:41.652 [main] INFO  com.witontek.ehospital2.base.Log - 【info】com.witontek.ehospital2.base.WebElementsUtils:在验证码输入框输入：1111
2017-11-03 17:47:41.784 [main] INFO  com.witontek.ehospital2.base.Log - 【info】com.witontek.ehospital2.base.WebElementsUtils:点击登录按钮
2017-11-03 17:47:42.267 [main] INFO  com.witontek.ehospital2.base.Log - 【info】com.witontek.ehospital2.base.WebElementsUtils:获取用户名的文本信息
2017-11-03 17:47:42.268 [main] INFO  com.witontek.ehospital2.base.Log - 【info】com.witontek.ehospital2.base.AssertUtils:实际结果（undefined）与预期结果（undefined）相等，登录成功
2017-11-03 17:47:45.274 [main] INFO  com.witontek.ehospital2.base.Log - 【info】com.witontek.ehospital2.base.BrowserUtils:等待3秒
2017-11-03 17:47:46.390 [main] INFO  com.witontek.ehospital2.base.Log - 【info】com.witontek.ehospital2.base.BrowserUtils:退出浏览器
2017-11-03 17:47:49.781 [main] INFO  com.witontek.ehospital2.base.Log - 【info】com.witontek.ehospital2.base.DriverUtils:打开谷歌浏览器
2017-11-03 17:47:52.783 [main] INFO  com.witontek.ehospital2.base.Log - 【info】com.witontek.ehospital2.base.BrowserUtils:等待3秒
2017-11-03 17:47:52.783 [main] INFO  com.witontek.ehospital2.base.Log - 【info】com.witontek.ehospital2.base.BrowserUtils:退出浏览器
2017-11-03 17:47:56.244 [main] INFO  com.witontek.ehospital2.base.Log - 【info】com.witontek.ehospital2.base.DriverUtils:打开谷歌浏览器
2017-11-03 17:47:59.245 [main] INFO  com.witontek.ehospital2.base.Log - 【info】com.witontek.ehospital2.base.BrowserUtils:等待3秒
2017-11-03 17:47:59.245 [main] INFO  com.witontek.ehospital2.base.Log - 【info】com.witontek.ehospital2.base.BrowserUtils:退出浏览器
2017-11-03 17:54:15.476 [main] INFO  com.witontek.ehospital2.base.Log - 【info】com.witontek.ehospital2.base.DriverUtils:打开谷歌浏览器
2017-11-03 17:54:18.495 [main] INFO  com.witontek.ehospital2.base.Log - 【info】com.witontek.ehospital2.base.BrowserUtils:等待3秒
2017-11-03 17:54:58.495 [main] INFO  com.witontek.ehospital2.base.Log - 【info】com.witontek.ehospital2.base.DriverUtils:打开谷歌浏览器
2017-11-03 17:55:01.518 [main] INFO  com.witontek.ehospital2.base.Log - 【info】com.witontek.ehospital2.base.BrowserUtils:等待3秒
