2017-11-13 13:41:54.732 [main] INFO  com.witontek.ehospital2.base.Log - 【info】com.witontek.ehospital2.base.DriverUtils:打开谷歌浏览器
2017-11-13 13:42:08.148 [main] INFO  com.witontek.ehospital2.base.Log - 【info】com.witontek.ehospital2.base.BrowserUtils:打开网址:http://yltest.witontek.com/ehospital3web/web/admin.html#!/
2017-11-13 13:42:08.459 [main] INFO  com.witontek.ehospital2.base.Log - 【info】com.witontek.ehospital2.base.WebElementsUtils:在用户名输入框输入：sqsrmyyadmin
2017-11-13 13:42:08.716 [main] INFO  com.witontek.ehospital2.base.Log - 【info】com.witontek.ehospital2.base.WebElementsUtils:在密码输入框输入：admin
2017-11-13 13:42:08.975 [main] INFO  com.witontek.ehospital2.base.Log - 【info】com.witontek.ehospital2.base.WebElementsUtils:在验证码输入框输入：1111
2017-11-13 13:42:09.249 [main] INFO  com.witontek.ehospital2.base.Log - 【info】com.witontek.ehospital2.base.WebElementsUtils:点击登录按钮
2017-11-13 13:42:10.146 [main] INFO  com.witontek.ehospital2.base.Log - 【info】com.witontek.ehospital2.base.WebElementsUtils:点击业务信息管理
2017-11-13 13:42:11.976 [main] INFO  com.witontek.ehospital2.base.Log - 【info】com.witontek.ehospital2.base.WebElementsUtils:点击科室管理
2017-11-13 13:42:12.261 [main] INFO  com.witontek.ehospital2.base.Log - 【info】com.witontek.ehospital2.base.WebElementsUtils:点击科室管理-查看二级科室按钮
2017-11-13 13:42:12.440 [main] INFO  com.witontek.ehospital2.base.Log - 【info】com.witontek.ehospital2.base.WebElementsUtils:获取二级科室管理-序号1的二级科室名称的文本信息
2017-11-13 13:42:12.440 [main] INFO  com.witontek.ehospital2.base.Log - 【info】com.witontek.ehospital2.page.SecondLevelDepartmentPage:序号1的二级科室名称：B超室
2017-11-13 13:42:12.680 [main] INFO  com.witontek.ehospital2.base.Log - 【info】com.witontek.ehospital2.base.WebElementsUtils:点击二级科室管理-下移按钮
2017-11-13 13:42:12.983 [main] INFO  com.witontek.ehospital2.base.Log - 【info】com.witontek.ehospital2.base.WebElementsUtils:点击二级科室管理-弹框关闭按钮
2017-11-13 13:42:13.174 [main] INFO  com.witontek.ehospital2.base.Log - 【info】com.witontek.ehospital2.base.WebElementsUtils:获取二级科室管理-序号2的二级科室名称的文本信息
2017-11-13 13:42:13.174 [main] INFO  com.witontek.ehospital2.base.Log - 【info】com.witontek.ehospital2.page.SecondLevelDepartmentPage:序号2的二级科室名称：CTMRI
2017-11-13 13:42:13.174 [main] ERROR com.witontek.ehospital2.base.Log - 【error】com.witontek.ehospital2.business.SecondLevelDepartment:下移二级科室失败
2017-11-13 13:42:13.567 [main] INFO  com.witontek.ehospital2.base.Log - 【info】com.witontek.ehospital2.base.BrowserUtils:截图成功
2017-11-13 13:42:16.578 [main] INFO  com.witontek.ehospital2.base.Log - 【info】com.witontek.ehospital2.base.BrowserUtils:等待3秒
2017-11-13 13:42:17.679 [main] INFO  com.witontek.ehospital2.base.Log - 【info】com.witontek.ehospital2.base.BrowserUtils:退出浏览器
2017-11-13 13:43:45.725 [main] INFO  com.witontek.ehospital2.base.Log - 【info】com.witontek.ehospital2.base.DriverUtils:打开谷歌浏览器
2017-11-13 13:43:59.031 [main] INFO  com.witontek.ehospital2.base.Log - 【info】com.witontek.ehospital2.base.BrowserUtils:打开网址:http://yltest.witontek.com/ehospital3web/web/admin.html#!/
2017-11-13 13:43:59.340 [main] INFO  com.witontek.ehospital2.base.Log - 【info】com.witontek.ehospital2.base.WebElementsUtils:在用户名输入框输入：sqsrmyyadmin
2017-11-13 13:43:59.572 [main] INFO  com.witontek.ehospital2.base.Log - 【info】com.witontek.ehospital2.base.WebElementsUtils:在密码输入框输入：admin
2017-11-13 13:43:59.843 [main] INFO  com.witontek.ehospital2.base.Log - 【info】com.witontek.ehospital2.base.WebElementsUtils:在验证码输入框输入：1111
2017-11-13 13:44:00.090 [main] INFO  com.witontek.ehospital2.base.Log - 【info】com.witontek.ehospital2.base.WebElementsUtils:点击登录按钮
2017-11-13 13:44:01.022 [main] INFO  com.witontek.ehospital2.base.Log - 【info】com.witontek.ehospital2.base.WebElementsUtils:点击业务信息管理
2017-11-13 13:44:02.840 [main] INFO  com.witontek.ehospital2.base.Log - 【info】com.witontek.ehospital2.base.WebElementsUtils:点击科室管理
2017-11-13 13:44:03.112 [main] INFO  com.witontek.ehospital2.base.Log - 【info】com.witontek.ehospital2.base.WebElementsUtils:点击科室管理-查看二级科室按钮
2017-11-13 13:44:03.290 [main] INFO  com.witontek.ehospital2.base.Log - 【info】com.witontek.ehospital2.base.WebElementsUtils:获取二级科室管理-序号1的二级科室名称的文本信息
2017-11-13 13:44:03.291 [main] INFO  com.witontek.ehospital2.base.Log - 【info】com.witontek.ehospital2.page.SecondLevelDepartmentPage:序号1的二级科室名称：B超室
2017-11-13 13:44:03.529 [main] INFO  com.witontek.ehospital2.base.Log - 【info】com.witontek.ehospital2.base.WebElementsUtils:点击二级科室管理-下移按钮
2017-11-13 13:44:03.835 [main] INFO  com.witontek.ehospital2.base.Log - 【info】com.witontek.ehospital2.base.WebElementsUtils:点击二级科室管理-弹框关闭按钮
2017-11-13 13:44:04.836 [main] INFO  com.witontek.ehospital2.base.Log - 【info】com.witontek.ehospital2.base.BrowserUtils:等待1秒
2017-11-13 13:44:05.034 [main] INFO  com.witontek.ehospital2.base.Log - 【info】com.witontek.ehospital2.base.WebElementsUtils:获取二级科室管理-序号2的二级科室名称的文本信息
2017-11-13 13:44:05.034 [main] INFO  com.witontek.ehospital2.base.Log - 【info】com.witontek.ehospital2.page.SecondLevelDepartmentPage:序号2的二级科室名称：CTMRI
2017-11-13 13:44:05.034 [main] ERROR com.witontek.ehospital2.base.Log - 【error】com.witontek.ehospital2.business.SecondLevelDepartment:下移二级科室失败
2017-11-13 13:44:05.383 [main] INFO  com.witontek.ehospital2.base.Log - 【info】com.witontek.ehospital2.base.BrowserUtils:截图成功
2017-11-13 13:44:08.397 [main] INFO  com.witontek.ehospital2.base.Log - 【info】com.witontek.ehospital2.base.BrowserUtils:等待3秒
2017-11-13 13:44:09.429 [main] INFO  com.witontek.ehospital2.base.Log - 【info】com.witontek.ehospital2.base.BrowserUtils:退出浏览器
2017-11-13 13:45:40.026 [main] INFO  com.witontek.ehospital2.base.Log - 【info】com.witontek.ehospital2.base.DriverUtils:打开谷歌浏览器
2017-11-13 13:45:54.793 [main] INFO  com.witontek.ehospital2.base.Log - 【info】com.witontek.ehospital2.base.BrowserUtils:打开网址:http://yltest.witontek.com/ehospital3web/web/admin.html#!/
2017-11-13 13:45:55.111 [main] INFO  com.witontek.ehospital2.base.Log - 【info】com.witontek.ehospital2.base.WebElementsUtils:在用户名输入框输入：sqsrmyyadmin
2017-11-13 13:45:55.362 [main] INFO  com.witontek.ehospital2.base.Log - 【info】com.witontek.ehospital2.base.WebElementsUtils:在密码输入框输入：admin
2017-11-13 13:45:55.623 [main] INFO  com.witontek.ehospital2.base.Log - 【info】com.witontek.ehospital2.base.WebElementsUtils:在验证码输入框输入：1111
2017-11-13 13:45:55.869 [main] INFO  com.witontek.ehospital2.base.Log - 【info】com.witontek.ehospital2.base.WebElementsUtils:点击登录按钮
2017-11-13 13:45:56.744 [main] INFO  com.witontek.ehospital2.base.Log - 【info】com.witontek.ehospital2.base.WebElementsUtils:点击业务信息管理
2017-11-13 13:45:58.543 [main] INFO  com.witontek.ehospital2.base.Log - 【info】com.witontek.ehospital2.base.WebElementsUtils:点击科室管理
2017-11-13 13:45:58.841 [main] INFO  com.witontek.ehospital2.base.Log - 【info】com.witontek.ehospital2.base.WebElementsUtils:点击科室管理-查看二级科室按钮
2017-11-13 13:45:59.026 [main] INFO  com.witontek.ehospital2.base.Log - 【info】com.witontek.ehospital2.base.WebElementsUtils:获取二级科室管理-序号1的二级科室名称的文本信息
2017-11-13 13:45:59.027 [main] INFO  com.witontek.ehospital2.base.Log - 【info】com.witontek.ehospital2.page.SecondLevelDepartmentPage:序号1的二级科室名称：B超室
2017-11-13 13:45:59.259 [main] INFO  com.witontek.ehospital2.base.Log - 【info】com.witontek.ehospital2.base.WebElementsUtils:点击二级科室管理-下移按钮
2017-11-13 13:45:59.620 [main] INFO  com.witontek.ehospital2.base.Log - 【info】com.witontek.ehospital2.base.WebElementsUtils:点击二级科室管理-弹框关闭按钮
2017-11-13 13:46:00.621 [main] INFO  com.witontek.ehospital2.base.Log - 【info】com.witontek.ehospital2.base.BrowserUtils:等待1秒
2017-11-13 13:46:00.813 [main] INFO  com.witontek.ehospital2.base.Log - 【info】com.witontek.ehospital2.base.WebElementsUtils:获取二级科室管理-序号2的二级科室名称的文本信息
2017-11-13 13:46:00.814 [main] INFO  com.witontek.ehospital2.base.Log - 【info】com.witontek.ehospital2.page.SecondLevelDepartmentPage:序号2的二级科室名称：CTMRI
2017-11-13 13:46:00.814 [main] ERROR com.witontek.ehospital2.base.Log - 【error】com.witontek.ehospital2.business.SecondLevelDepartment:下移二级科室失败
2017-11-13 13:46:01.180 [main] INFO  com.witontek.ehospital2.base.Log - 【info】com.witontek.ehospital2.base.BrowserUtils:截图成功
2017-11-13 13:46:04.195 [main] INFO  com.witontek.ehospital2.base.Log - 【info】com.witontek.ehospital2.base.BrowserUtils:等待3秒
2017-11-13 13:46:05.230 [main] INFO  com.witontek.ehospital2.base.Log - 【info】com.witontek.ehospital2.base.BrowserUtils:退出浏览器
