2017-11-13 16:03:15.814 [main] INFO  com.witontek.ehospital2.base.Log - 【info】com.witontek.ehospital2.base.DriverUtils:打开谷歌浏览器
2017-11-13 16:03:16.870 [main] INFO  com.witontek.ehospital2.base.Log - 【info】com.witontek.ehospital2.base.ExcelUtils:读取insertDepartment.xlsx文件
2017-11-13 16:03:32.326 [main] INFO  com.witontek.ehospital2.base.Log - 【info】com.witontek.ehospital2.base.BrowserUtils:打开网址:http://yltest.witontek.com/ehospital3web/web/admin.html#!/
2017-11-13 16:03:32.636 [main] INFO  com.witontek.ehospital2.base.Log - 【info】com.witontek.ehospital2.base.WebElementsUtils:在用户名输入框输入：sqsrmyyadmin
2017-11-13 16:03:32.873 [main] INFO  com.witontek.ehospital2.base.Log - 【info】com.witontek.ehospital2.base.WebElementsUtils:在密码输入框输入：admin
2017-11-13 16:03:33.127 [main] INFO  com.witontek.ehospital2.base.Log - 【info】com.witontek.ehospital2.base.WebElementsUtils:在验证码输入框输入：1111
2017-11-13 16:03:33.370 [main] INFO  com.witontek.ehospital2.base.Log - 【info】com.witontek.ehospital2.base.WebElementsUtils:点击登录按钮
2017-11-13 16:03:34.485 [main] INFO  com.witontek.ehospital2.base.Log - 【info】com.witontek.ehospital2.base.WebElementsUtils:点击业务信息管理
2017-11-13 16:03:36.278 [main] INFO  com.witontek.ehospital2.base.Log - 【info】com.witontek.ehospital2.base.WebElementsUtils:点击科室管理
2017-11-13 16:03:36.587 [main] INFO  com.witontek.ehospital2.base.Log - 【info】com.witontek.ehospital2.base.WebElementsUtils:点击科室管理-新增一级科室按钮
2017-11-13 16:03:36.881 [main] INFO  com.witontek.ehospital2.base.Log - 【info】com.witontek.ehospital2.base.WebElementsUtils:在新增一级科室-科室名称输入框输入：睿博一级科室
2017-11-13 16:03:37.142 [main] INFO  com.witontek.ehospital2.base.Log - 【info】com.witontek.ehospital2.base.WebElementsUtils:在新增一级科室-科室编码输入框输入：123456
2017-11-13 16:03:37.401 [main] INFO  com.witontek.ehospital2.base.Log - 【info】com.witontek.ehospital2.base.WebElementsUtils:点击新增一级科室-保存按钮
2017-11-13 16:03:37.780 [main] INFO  com.witontek.ehospital2.base.Log - 【info】com.witontek.ehospital2.base.WebElementsUtils:点击科室管理-弹框关闭按钮
2017-11-13 16:03:38.781 [main] INFO  com.witontek.ehospital2.base.Log - 【info】com.witontek.ehospital2.base.BrowserUtils:等待1秒
2017-11-13 16:03:39.006 [main] INFO  com.witontek.ehospital2.base.Log - 【info】com.witontek.ehospital2.base.WebElementsUtils:点击科室管理-最末页按钮
2017-11-13 16:03:39.261 [main] INFO  com.witontek.ehospital2.base.Log - 【info】com.witontek.ehospital2.base.WebElementsUtils:点击科室管理-查看二级科室按钮
2017-11-13 16:03:39.580 [main] INFO  com.witontek.ehospital2.base.Log - 【info】com.witontek.ehospital2.base.WebElementsUtils:点击二级科室管理-新增一级科室按钮
2017-11-13 16:03:39.860 [main] INFO  com.witontek.ehospital2.base.Log - 【info】com.witontek.ehospital2.base.WebElementsUtils:在新增二级科室-科室名称输入框输入：睿博二级科室
2017-11-13 16:03:40.132 [main] INFO  com.witontek.ehospital2.base.Log - 【info】com.witontek.ehospital2.base.WebElementsUtils:在新增二级科室-科室编码输入框输入：12345601
2017-11-13 16:03:40.417 [main] INFO  com.witontek.ehospital2.base.Log - 【info】com.witontek.ehospital2.base.WebElementsUtils:点击新增二级科室-选择所属一级科室下拉框
2017-11-13 16:03:40.653 [main] INFO  com.witontek.ehospital2.base.Log - 【info】com.witontek.ehospital2.base.WebElementsUtils:点击新增二级科室-选择所属一级科室按钮
2017-11-13 16:03:40.980 [main] INFO  com.witontek.ehospital2.base.Log - 【info】com.witontek.ehospital2.base.WebElementsUtils:在新增二级科室-科室电话输入框输入：2713350
2017-11-13 16:03:41.257 [main] INFO  com.witontek.ehospital2.base.Log - 【info】com.witontek.ehospital2.base.WebElementsUtils:在新增二级科室-科室地址输入框输入：盛夏路560号
2017-11-13 16:03:41.503 [main] INFO  com.witontek.ehospital2.base.Log - 【info】com.witontek.ehospital2.base.WebElementsUtils:在新增二级科室-科室特色输入框输入：科室特色
2017-11-13 16:03:41.750 [main] INFO  com.witontek.ehospital2.base.Log - 【info】com.witontek.ehospital2.base.WebElementsUtils:在新增二级科室-科室简介输入框输入：科室简介
2017-11-13 16:03:42.021 [main] INFO  com.witontek.ehospital2.base.Log - 【info】com.witontek.ehospital2.base.WebElementsUtils:在新增二级科室-注意事项输入框输入：注意事项
2017-11-13 16:03:42.255 [main] INFO  com.witontek.ehospital2.base.Log - 【info】com.witontek.ehospital2.base.WebElementsUtils:点击新增二级科室-保存按钮
2017-11-13 16:03:42.542 [main] INFO  com.witontek.ehospital2.base.Log - 【info】com.witontek.ehospital2.base.WebElementsUtils:点击二级科室管理-弹框关闭按钮
2017-11-13 16:03:43.543 [main] INFO  com.witontek.ehospital2.base.Log - 【info】com.witontek.ehospital2.base.BrowserUtils:等待1秒
2017-11-13 16:03:43.795 [main] INFO  com.witontek.ehospital2.base.Log - 【info】com.witontek.ehospital2.base.WebElementsUtils:点击二级科室管理-新增一级科室按钮
2017-11-13 16:03:44.043 [main] INFO  com.witontek.ehospital2.base.Log - 【info】com.witontek.ehospital2.base.WebElementsUtils:在新增二级科室-科室名称输入框输入：睿博二级科室1
2017-11-13 16:03:44.310 [main] INFO  com.witontek.ehospital2.base.Log - 【info】com.witontek.ehospital2.base.WebElementsUtils:在新增二级科室-科室编码输入框输入：12345601
2017-11-13 16:03:44.580 [main] INFO  com.witontek.ehospital2.base.Log - 【info】com.witontek.ehospital2.base.WebElementsUtils:点击新增二级科室-选择所属一级科室下拉框
2017-11-13 16:03:44.782 [main] INFO  com.witontek.ehospital2.base.Log - 【info】com.witontek.ehospital2.base.WebElementsUtils:点击新增二级科室-选择所属一级科室按钮
2017-11-13 16:03:45.084 [main] INFO  com.witontek.ehospital2.base.Log - 【info】com.witontek.ehospital2.base.WebElementsUtils:在新增二级科室-科室电话输入框输入：2713350
2017-11-13 16:03:45.339 [main] INFO  com.witontek.ehospital2.base.Log - 【info】com.witontek.ehospital2.base.WebElementsUtils:在新增二级科室-科室地址输入框输入：盛夏路560号
2017-11-13 16:03:45.568 [main] INFO  com.witontek.ehospital2.base.Log - 【info】com.witontek.ehospital2.base.WebElementsUtils:在新增二级科室-科室特色输入框输入：科室特色
2017-11-13 16:03:45.792 [main] INFO  com.witontek.ehospital2.base.Log - 【info】com.witontek.ehospital2.base.WebElementsUtils:在新增二级科室-科室简介输入框输入：科室简介
2017-11-13 16:03:46.012 [main] INFO  com.witontek.ehospital2.base.Log - 【info】com.witontek.ehospital2.base.WebElementsUtils:在新增二级科室-注意事项输入框输入：注意事项
2017-11-13 16:03:46.230 [main] INFO  com.witontek.ehospital2.base.Log - 【info】com.witontek.ehospital2.base.WebElementsUtils:点击新增二级科室-保存按钮
2017-11-13 16:03:46.462 [main] INFO  com.witontek.ehospital2.base.Log - 【info】com.witontek.ehospital2.base.WebElementsUtils:点击二级科室管理-弹框关闭按钮
2017-11-13 16:03:47.464 [main] INFO  com.witontek.ehospital2.base.Log - 【info】com.witontek.ehospital2.base.BrowserUtils:等待1秒
2017-11-13 16:03:57.644 [main] ERROR com.witontek.ehospital2.base.Log - 【error】com.witontek.ehospital2.base.WebElementsUtils:查找二级科室管理-序号1的二级科室名称的网页元素时出错
2017-11-13 16:03:58.009 [main] INFO  com.witontek.ehospital2.base.Log - 【info】com.witontek.ehospital2.base.BrowserUtils:截图成功
2017-11-13 16:04:01.047 [main] INFO  com.witontek.ehospital2.base.Log - 【info】com.witontek.ehospital2.base.BrowserUtils:等待3秒
2017-11-13 16:04:02.144 [main] INFO  com.witontek.ehospital2.base.Log - 【info】com.witontek.ehospital2.base.BrowserUtils:退出浏览器
2017-11-13 16:07:25.354 [main] INFO  com.witontek.ehospital2.base.Log - 【info】com.witontek.ehospital2.base.DriverUtils:打开谷歌浏览器
2017-11-13 16:07:26.381 [main] INFO  com.witontek.ehospital2.base.Log - 【info】com.witontek.ehospital2.base.ExcelUtils:读取insertDepartment.xlsx文件
2017-11-13 16:07:39.561 [main] INFO  com.witontek.ehospital2.base.Log - 【info】com.witontek.ehospital2.base.BrowserUtils:打开网址:http://yltest.witontek.com/ehospital3web/web/admin.html#!/
2017-11-13 16:07:39.880 [main] INFO  com.witontek.ehospital2.base.Log - 【info】com.witontek.ehospital2.base.WebElementsUtils:在用户名输入框输入：sqsrmyyadmin
2017-11-13 16:07:40.113 [main] INFO  com.witontek.ehospital2.base.Log - 【info】com.witontek.ehospital2.base.WebElementsUtils:在密码输入框输入：admin
2017-11-13 16:07:40.376 [main] INFO  com.witontek.ehospital2.base.Log - 【info】com.witontek.ehospital2.base.WebElementsUtils:在验证码输入框输入：1111
2017-11-13 16:07:40.600 [main] INFO  com.witontek.ehospital2.base.Log - 【info】com.witontek.ehospital2.base.WebElementsUtils:点击登录按钮
2017-11-13 16:07:41.734 [main] INFO  com.witontek.ehospital2.base.Log - 【info】com.witontek.ehospital2.base.WebElementsUtils:点击业务信息管理
2017-11-13 16:07:43.482 [main] INFO  com.witontek.ehospital2.base.Log - 【info】com.witontek.ehospital2.base.WebElementsUtils:点击科室管理
2017-11-13 16:07:43.801 [main] INFO  com.witontek.ehospital2.base.Log - 【info】com.witontek.ehospital2.base.WebElementsUtils:点击科室管理-新增一级科室按钮
2017-11-13 16:07:44.103 [main] INFO  com.witontek.ehospital2.base.Log - 【info】com.witontek.ehospital2.base.WebElementsUtils:在新增一级科室-科室名称输入框输入：睿博一级科室
2017-11-13 16:07:44.372 [main] INFO  com.witontek.ehospital2.base.Log - 【info】com.witontek.ehospital2.base.WebElementsUtils:在新增一级科室-科室编码输入框输入：123456
2017-11-13 16:07:44.621 [main] INFO  com.witontek.ehospital2.base.Log - 【info】com.witontek.ehospital2.base.WebElementsUtils:点击新增一级科室-保存按钮
2017-11-13 16:07:44.932 [main] INFO  com.witontek.ehospital2.base.Log - 【info】com.witontek.ehospital2.base.WebElementsUtils:点击科室管理-弹框关闭按钮
2017-11-13 16:07:45.933 [main] INFO  com.witontek.ehospital2.base.Log - 【info】com.witontek.ehospital2.base.BrowserUtils:等待1秒
2017-11-13 16:07:56.069 [main] ERROR com.witontek.ehospital2.base.Log - 【error】com.witontek.ehospital2.base.WebElementsUtils:查找科室管理-最末页按钮的网页元素时出错
2017-11-13 16:07:56.492 [main] INFO  com.witontek.ehospital2.base.Log - 【info】com.witontek.ehospital2.base.BrowserUtils:截图成功
2017-11-13 16:07:59.504 [main] INFO  com.witontek.ehospital2.base.Log - 【info】com.witontek.ehospital2.base.BrowserUtils:等待3秒
2017-11-13 16:08:00.696 [main] INFO  com.witontek.ehospital2.base.Log - 【info】com.witontek.ehospital2.base.BrowserUtils:退出浏览器
2017-11-13 16:08:42.239 [main] INFO  com.witontek.ehospital2.base.Log - 【info】com.witontek.ehospital2.base.DriverUtils:打开谷歌浏览器
2017-11-13 16:08:43.277 [main] INFO  com.witontek.ehospital2.base.Log - 【info】com.witontek.ehospital2.base.ExcelUtils:读取insertDepartment.xlsx文件
2017-11-13 16:08:56.353 [main] INFO  com.witontek.ehospital2.base.Log - 【info】com.witontek.ehospital2.base.BrowserUtils:打开网址:http://yltest.witontek.com/ehospital3web/web/admin.html#!/
2017-11-13 16:08:56.674 [main] INFO  com.witontek.ehospital2.base.Log - 【info】com.witontek.ehospital2.base.WebElementsUtils:在用户名输入框输入：sqsrmyyadmin
2017-11-13 16:08:56.911 [main] INFO  com.witontek.ehospital2.base.Log - 【info】com.witontek.ehospital2.base.WebElementsUtils:在密码输入框输入：admin
2017-11-13 16:08:57.164 [main] INFO  com.witontek.ehospital2.base.Log - 【info】com.witontek.ehospital2.base.WebElementsUtils:在验证码输入框输入：1111
2017-11-13 16:08:57.389 [main] INFO  com.witontek.ehospital2.base.Log - 【info】com.witontek.ehospital2.base.WebElementsUtils:点击登录按钮
2017-11-13 16:08:58.474 [main] INFO  com.witontek.ehospital2.base.Log - 【info】com.witontek.ehospital2.base.WebElementsUtils:点击业务信息管理
2017-11-13 16:09:00.265 [main] INFO  com.witontek.ehospital2.base.Log - 【info】com.witontek.ehospital2.base.WebElementsUtils:点击科室管理
2017-11-13 16:09:00.584 [main] INFO  com.witontek.ehospital2.base.Log - 【info】com.witontek.ehospital2.base.WebElementsUtils:点击科室管理-新增一级科室按钮
2017-11-13 16:09:00.888 [main] INFO  com.witontek.ehospital2.base.Log - 【info】com.witontek.ehospital2.base.WebElementsUtils:在新增一级科室-科室名称输入框输入：睿博一级科室
2017-11-13 16:09:01.139 [main] INFO  com.witontek.ehospital2.base.Log - 【info】com.witontek.ehospital2.base.WebElementsUtils:在新增一级科室-科室编码输入框输入：123456
2017-11-13 16:09:01.376 [main] INFO  com.witontek.ehospital2.base.Log - 【info】com.witontek.ehospital2.base.WebElementsUtils:点击新增一级科室-保存按钮
2017-11-13 16:09:01.713 [main] INFO  com.witontek.ehospital2.base.Log - 【info】com.witontek.ehospital2.base.WebElementsUtils:点击科室管理-弹框关闭按钮
2017-11-13 16:09:02.715 [main] INFO  com.witontek.ehospital2.base.Log - 【info】com.witontek.ehospital2.base.BrowserUtils:等待1秒
2017-11-13 16:09:02.952 [main] INFO  com.witontek.ehospital2.base.Log - 【info】com.witontek.ehospital2.base.WebElementsUtils:点击科室管理-最末页按钮
2017-11-13 16:09:04.754 [main] INFO  com.witontek.ehospital2.base.Log - 【info】com.witontek.ehospital2.base.WebElementsUtils:点击科室管理-查看二级科室按钮
2017-11-13 16:09:05.058 [main] INFO  com.witontek.ehospital2.base.Log - 【info】com.witontek.ehospital2.base.WebElementsUtils:点击二级科室管理-新增一级科室按钮
2017-11-13 16:09:05.346 [main] INFO  com.witontek.ehospital2.base.Log - 【info】com.witontek.ehospital2.base.WebElementsUtils:在新增二级科室-科室名称输入框输入：睿博二级科室
2017-11-13 16:09:05.622 [main] INFO  com.witontek.ehospital2.base.Log - 【info】com.witontek.ehospital2.base.WebElementsUtils:在新增二级科室-科室编码输入框输入：12345601
2017-11-13 16:09:05.896 [main] INFO  com.witontek.ehospital2.base.Log - 【info】com.witontek.ehospital2.base.WebElementsUtils:点击新增二级科室-选择所属一级科室下拉框
2017-11-13 16:09:06.134 [main] INFO  com.witontek.ehospital2.base.Log - 【info】com.witontek.ehospital2.base.WebElementsUtils:点击新增二级科室-选择所属一级科室按钮
2017-11-13 16:09:06.446 [main] INFO  com.witontek.ehospital2.base.Log - 【info】com.witontek.ehospital2.base.WebElementsUtils:在新增二级科室-科室电话输入框输入：2713350
2017-11-13 16:09:06.757 [main] INFO  com.witontek.ehospital2.base.Log - 【info】com.witontek.ehospital2.base.WebElementsUtils:在新增二级科室-科室地址输入框输入：盛夏路560号
2017-11-13 16:09:07.009 [main] INFO  com.witontek.ehospital2.base.Log - 【info】com.witontek.ehospital2.base.WebElementsUtils:在新增二级科室-科室特色输入框输入：科室特色
2017-11-13 16:09:07.256 [main] INFO  com.witontek.ehospital2.base.Log - 【info】com.witontek.ehospital2.base.WebElementsUtils:在新增二级科室-科室简介输入框输入：科室简介
2017-11-13 16:09:07.505 [main] INFO  com.witontek.ehospital2.base.Log - 【info】com.witontek.ehospital2.base.WebElementsUtils:在新增二级科室-注意事项输入框输入：注意事项
2017-11-13 16:09:07.726 [main] INFO  com.witontek.ehospital2.base.Log - 【info】com.witontek.ehospital2.base.WebElementsUtils:点击新增二级科室-保存按钮
2017-11-13 16:09:07.991 [main] INFO  com.witontek.ehospital2.base.Log - 【info】com.witontek.ehospital2.base.WebElementsUtils:点击二级科室管理-弹框关闭按钮
2017-11-13 16:09:08.993 [main] INFO  com.witontek.ehospital2.base.Log - 【info】com.witontek.ehospital2.base.BrowserUtils:等待1秒
2017-11-13 16:09:09.256 [main] INFO  com.witontek.ehospital2.base.Log - 【info】com.witontek.ehospital2.base.WebElementsUtils:点击二级科室管理-新增一级科室按钮
2017-11-13 16:09:09.499 [main] INFO  com.witontek.ehospital2.base.Log - 【info】com.witontek.ehospital2.base.WebElementsUtils:在新增二级科室-科室名称输入框输入：睿博二级科室1
2017-11-13 16:09:09.769 [main] INFO  com.witontek.ehospital2.base.Log - 【info】com.witontek.ehospital2.base.WebElementsUtils:在新增二级科室-科室编码输入框输入：123456011
2017-11-13 16:09:10.029 [main] INFO  com.witontek.ehospital2.base.Log - 【info】com.witontek.ehospital2.base.WebElementsUtils:点击新增二级科室-选择所属一级科室下拉框
2017-11-13 16:09:10.220 [main] INFO  com.witontek.ehospital2.base.Log - 【info】com.witontek.ehospital2.base.WebElementsUtils:点击新增二级科室-选择所属一级科室按钮
2017-11-13 16:09:10.506 [main] INFO  com.witontek.ehospital2.base.Log - 【info】com.witontek.ehospital2.base.WebElementsUtils:在新增二级科室-科室电话输入框输入：2713350
2017-11-13 16:09:10.762 [main] INFO  com.witontek.ehospital2.base.Log - 【info】com.witontek.ehospital2.base.WebElementsUtils:在新增二级科室-科室地址输入框输入：盛夏路560号
2017-11-13 16:09:11.001 [main] INFO  com.witontek.ehospital2.base.Log - 【info】com.witontek.ehospital2.base.WebElementsUtils:在新增二级科室-科室特色输入框输入：科室特色
2017-11-13 16:09:11.213 [main] INFO  com.witontek.ehospital2.base.Log - 【info】com.witontek.ehospital2.base.WebElementsUtils:在新增二级科室-科室简介输入框输入：科室简介
2017-11-13 16:09:11.443 [main] INFO  com.witontek.ehospital2.base.Log - 【info】com.witontek.ehospital2.base.WebElementsUtils:在新增二级科室-注意事项输入框输入：注意事项
2017-11-13 16:09:11.665 [main] INFO  com.witontek.ehospital2.base.Log - 【info】com.witontek.ehospital2.base.WebElementsUtils:点击新增二级科室-保存按钮
2017-11-13 16:09:11.946 [main] INFO  com.witontek.ehospital2.base.Log - 【info】com.witontek.ehospital2.base.WebElementsUtils:点击二级科室管理-弹框关闭按钮
2017-11-13 16:09:12.948 [main] INFO  com.witontek.ehospital2.base.Log - 【info】com.witontek.ehospital2.base.BrowserUtils:等待1秒
2017-11-13 16:09:13.132 [main] INFO  com.witontek.ehospital2.base.Log - 【info】com.witontek.ehospital2.base.WebElementsUtils:获取二级科室管理-序号1的二级科室名称的文本信息
2017-11-13 16:09:13.132 [main] INFO  com.witontek.ehospital2.base.Log - 【info】com.witontek.ehospital2.page.SecondLevelDepartmentPage:序号1的二级科室名称：睿博二级科室
2017-11-13 16:09:13.134 [main] INFO  com.witontek.ehospital2.base.Log - 【info】com.witontek.ehospital2.base.AssertUtils:实际结果（睿博二级科室）与预期结果（睿博二级科室）相等，新增二级科室成功
2017-11-13 16:09:16.137 [main] INFO  com.witontek.ehospital2.base.Log - 【info】com.witontek.ehospital2.base.BrowserUtils:等待3秒
2017-11-13 16:09:17.261 [main] INFO  com.witontek.ehospital2.base.Log - 【info】com.witontek.ehospital2.base.BrowserUtils:退出浏览器
