2017-11-28 01:29:53.859 [main] INFO  com.witontek.ehospital2.base.Log - 【info】com.witontek.ehospital2.base.DriverUtils:打开谷歌浏览器
2017-11-28 01:29:54.804 [main] INFO  com.witontek.ehospital2.base.Log - 【info】com.witontek.ehospital2.base.ExcelUtils:读取departmentCategoryManage/insertCategory.xlsx文件
2017-11-28 01:30:09.548 [main] INFO  com.witontek.ehospital2.base.Log - 【info】com.witontek.ehospital2.base.BrowserUtils:打开网址:http://yltest.witontek.com/ehospital3web/web/admin.html#!/
2017-11-28 01:30:10.266 [main] INFO  com.witontek.ehospital2.base.Log - 【info】com.witontek.ehospital2.base.WebElementsUtils:在用户名输入框输入：sqsrmyyadmin
2017-11-28 01:30:10.820 [main] INFO  com.witontek.ehospital2.base.Log - 【info】com.witontek.ehospital2.base.WebElementsUtils:在密码输入框输入：admin
2017-11-28 01:30:11.389 [main] INFO  com.witontek.ehospital2.base.Log - 【info】com.witontek.ehospital2.base.WebElementsUtils:在验证码输入框输入：1111
2017-11-28 01:30:11.935 [main] INFO  com.witontek.ehospital2.base.Log - 【info】com.witontek.ehospital2.base.WebElementsUtils:点击登录按钮
2017-11-28 01:30:13.022 [main] INFO  com.witontek.ehospital2.base.Log - 【info】com.witontek.ehospital2.base.WebElementsUtils:点击业务信息管理
2017-11-28 01:30:14.854 [main] INFO  com.witontek.ehospital2.base.Log - 【info】com.witontek.ehospital2.base.WebElementsUtils:点击科室管理
2017-11-28 01:30:15.710 [main] INFO  com.witontek.ehospital2.base.Log - 【info】com.witontek.ehospital2.base.WebElementsUtils:点击科室管理-新增一级科室按钮
2017-11-28 01:30:16.388 [main] INFO  com.witontek.ehospital2.base.Log - 【info】com.witontek.ehospital2.base.WebElementsUtils:在一级科室页面-科室名称输入框输入：睿博一级科室
2017-11-28 01:30:26.868 [main] ERROR com.witontek.ehospital2.base.Log - 【error】com.witontek.ehospital2.base.WebElementsUtils:查找科室管理-科室名称输入框的网页元素时出错,报错信息：no such element: Unable to locate element: {"method":"xpath","selector":"//input[@ng-model='$ctrl.searchDepartmentStr']"}
  (Session info: chrome=62.0.3202.94)
  (Driver info: chromedriver=2.33.506120 (e3e53437346286c0bc2d2dc9aa4915ba81d9023f),platform=Windows NT 10.0.14393 x86_64) (WARNING: The server did not provide any stacktrace information)
Command duration or timeout: 10.07 seconds
For documentation on this error, please visit: http://seleniumhq.org/exceptions/no_such_element.html
Build info: version: '3.4.0', revision: 'unknown', time: 'unknown'
System info: host: 'USER-20160525XQ', ip: '192.168.1.150', os.name: 'Windows 10', os.arch: 'amd64', os.version: '10.0', java.version: '1.8.0_121'
Driver info: org.openqa.selenium.chrome.ChromeDriver
Capabilities [{applicationCacheEnabled=false, rotatable=false, mobileEmulationEnabled=false, networkConnectionEnabled=false, chrome={chromedriverVersion=2.33.506120 (e3e53437346286c0bc2d2dc9aa4915ba81d9023f), userDataDir=C:\Users\ADMINI~1\AppData\Local\Temp\scoped_dir17220_4221}, takesHeapSnapshot=true, pageLoadStrategy=normal, databaseEnabled=false, handlesAlerts=true, hasTouchScreen=false, version=62.0.3202.94, platform=XP, browserConnectionEnabled=false, nativeEvents=true, acceptSslCerts=true, locationContextEnabled=true, webStorageEnabled=true, browserName=chrome, takesScreenshot=true, javascriptEnabled=true, cssSelectorsEnabled=true, setWindowRect=true, unexpectedAlertBehaviour=}]
Session ID: 22778eb80bcf78cabbce87bb2473d82a
*** Element info: {Using=xpath, value=//input[@ng-model='$ctrl.searchDepartmentStr']}
2017-11-28 01:30:27.285 [main] INFO  com.witontek.ehospital2.base.Log - 【info】com.witontek.ehospital2.base.BrowserUtils:截图成功
2017-11-28 01:30:30.311 [main] INFO  com.witontek.ehospital2.base.Log - 【info】com.witontek.ehospital2.base.BrowserUtils:等待3秒
2017-11-28 01:30:31.616 [main] INFO  com.witontek.ehospital2.base.Log - 【info】com.witontek.ehospital2.base.BrowserUtils:退出浏览器
2017-11-28 01:30:35.056 [main] INFO  com.witontek.ehospital2.base.Log - 【info】com.witontek.ehospital2.base.DriverUtils:打开谷歌浏览器
2017-11-28 01:30:35.155 [main] INFO  com.witontek.ehospital2.base.Log - 【info】com.witontek.ehospital2.base.ExcelUtils:读取departmentCategoryManage/deleteCategory.xlsx文件
2017-11-28 01:30:49.574 [main] INFO  com.witontek.ehospital2.base.Log - 【info】com.witontek.ehospital2.base.BrowserUtils:打开网址:http://yltest.witontek.com/ehospital3web/web/admin.html#!/
2017-11-28 01:30:50.260 [main] INFO  com.witontek.ehospital2.base.Log - 【info】com.witontek.ehospital2.base.WebElementsUtils:在用户名输入框输入：sqsrmyyadmin
2017-11-28 01:30:50.826 [main] INFO  com.witontek.ehospital2.base.Log - 【info】com.witontek.ehospital2.base.WebElementsUtils:在密码输入框输入：admin
2017-11-28 01:30:51.399 [main] INFO  com.witontek.ehospital2.base.Log - 【info】com.witontek.ehospital2.base.WebElementsUtils:在验证码输入框输入：1111
2017-11-28 01:30:51.944 [main] INFO  com.witontek.ehospital2.base.Log - 【info】com.witontek.ehospital2.base.WebElementsUtils:点击登录按钮
2017-11-28 01:30:52.785 [main] INFO  com.witontek.ehospital2.base.Log - 【info】com.witontek.ehospital2.base.WebElementsUtils:点击业务信息管理
2017-11-28 01:30:54.567 [main] INFO  com.witontek.ehospital2.base.Log - 【info】com.witontek.ehospital2.base.WebElementsUtils:点击科室管理
2017-11-28 01:30:55.161 [main] INFO  com.witontek.ehospital2.base.Log - 【info】com.witontek.ehospital2.base.WebElementsUtils:清空科室管理-科室名称输入框
2017-11-28 01:30:55.761 [main] INFO  com.witontek.ehospital2.base.Log - 【info】com.witontek.ehospital2.base.WebElementsUtils:在科室管理-科室名称输入框输入：睿博一级科室
2017-11-28 01:30:56.292 [main] INFO  com.witontek.ehospital2.base.Log - 【info】com.witontek.ehospital2.base.WebElementsUtils:点击科室管理-搜索按钮
2017-11-28 01:30:56.769 [main] INFO  com.witontek.ehospital2.base.Log - 【info】com.witontek.ehospital2.base.WebElementsUtils:获取总记录数的文本信息
2017-11-28 01:30:56.770 [main] INFO  com.witontek.ehospital2.base.Log - 【info】com.witontek.ehospital2.page.MainPage:总记录数：1
2017-11-28 01:30:57.207 [main] INFO  com.witontek.ehospital2.base.Log - 【info】com.witontek.ehospital2.base.WebElementsUtils:清空科室管理-科室名称输入框
2017-11-28 01:30:57.734 [main] INFO  com.witontek.ehospital2.base.Log - 【info】com.witontek.ehospital2.base.WebElementsUtils:在科室管理-科室名称输入框输入：睿博一级科室
2017-11-28 01:30:58.194 [main] INFO  com.witontek.ehospital2.base.Log - 【info】com.witontek.ehospital2.base.WebElementsUtils:点击科室管理-搜索按钮
2017-11-28 01:30:58.759 [main] INFO  com.witontek.ehospital2.base.Log - 【info】com.witontek.ehospital2.base.WebElementsUtils:点击科室管理-删除按钮
2017-11-28 01:30:59.787 [main] INFO  com.witontek.ehospital2.base.Log - 【info】com.witontek.ehospital2.base.WebElementsUtils:点击弹框关闭按钮
2017-11-28 01:31:00.724 [main] INFO  com.witontek.ehospital2.base.Log - 【info】com.witontek.ehospital2.base.WebElementsUtils:清空科室管理-科室名称输入框
2017-11-28 01:31:01.247 [main] INFO  com.witontek.ehospital2.base.Log - 【info】com.witontek.ehospital2.base.WebElementsUtils:在科室管理-科室名称输入框输入：睿博一级科室
2017-11-28 01:31:01.749 [main] INFO  com.witontek.ehospital2.base.Log - 【info】com.witontek.ehospital2.base.WebElementsUtils:点击科室管理-搜索按钮
2017-11-28 01:31:02.195 [main] INFO  com.witontek.ehospital2.base.Log - 【info】com.witontek.ehospital2.base.WebElementsUtils:获取总记录数的文本信息
2017-11-28 01:31:02.196 [main] INFO  com.witontek.ehospital2.base.Log - 【info】com.witontek.ehospital2.page.MainPage:总记录数：0
2017-11-28 01:31:02.196 [main] INFO  com.witontek.ehospital2.base.Log - 【info】com.witontek.ehospital2.business.DepartmentCategoryManage:删除一级科室成功
2017-11-28 01:31:02.641 [main] INFO  com.witontek.ehospital2.base.Log - 【info】com.witontek.ehospital2.base.WebElementsUtils:获取总记录数的文本信息
2017-11-28 01:31:02.642 [main] INFO  com.witontek.ehospital2.base.Log - 【info】com.witontek.ehospital2.page.MainPage:总记录数：0
2017-11-28 01:31:05.645 [main] INFO  com.witontek.ehospital2.base.Log - 【info】com.witontek.ehospital2.base.BrowserUtils:等待3秒
2017-11-28 01:31:06.596 [main] INFO  com.witontek.ehospital2.base.Log - 【info】com.witontek.ehospital2.base.BrowserUtils:退出浏览器
2017-11-28 01:33:16.797 [main] INFO  com.witontek.ehospital2.base.Log - 【info】com.witontek.ehospital2.base.DriverUtils:打开谷歌浏览器
2017-11-28 01:33:17.691 [main] INFO  com.witontek.ehospital2.base.Log - 【info】com.witontek.ehospital2.base.ExcelUtils:读取departmentCategoryManage/insertCategory.xlsx文件
2017-11-28 01:33:31.103 [main] INFO  com.witontek.ehospital2.base.Log - 【info】com.witontek.ehospital2.base.BrowserUtils:打开网址:http://yltest.witontek.com/ehospital3web/web/admin.html#!/
2017-11-28 01:33:31.792 [main] INFO  com.witontek.ehospital2.base.Log - 【info】com.witontek.ehospital2.base.WebElementsUtils:在用户名输入框输入：sqsrmyyadmin
2017-11-28 01:33:32.359 [main] INFO  com.witontek.ehospital2.base.Log - 【info】com.witontek.ehospital2.base.WebElementsUtils:在密码输入框输入：admin
2017-11-28 01:33:32.950 [main] INFO  com.witontek.ehospital2.base.Log - 【info】com.witontek.ehospital2.base.WebElementsUtils:在验证码输入框输入：1111
2017-11-28 01:33:33.496 [main] INFO  com.witontek.ehospital2.base.Log - 【info】com.witontek.ehospital2.base.WebElementsUtils:点击登录按钮
2017-11-28 01:33:34.553 [main] INFO  com.witontek.ehospital2.base.Log - 【info】com.witontek.ehospital2.base.WebElementsUtils:点击业务信息管理
2017-11-28 01:33:36.327 [main] INFO  com.witontek.ehospital2.base.Log - 【info】com.witontek.ehospital2.base.WebElementsUtils:点击科室管理
2017-11-28 01:33:37.153 [main] INFO  com.witontek.ehospital2.base.Log - 【info】com.witontek.ehospital2.base.WebElementsUtils:点击科室管理-新增一级科室按钮
2017-11-28 01:33:37.844 [main] INFO  com.witontek.ehospital2.base.Log - 【info】com.witontek.ehospital2.base.WebElementsUtils:在一级科室页面-科室名称输入框输入：睿博一级科室
2017-11-28 01:33:38.459 [main] INFO  com.witontek.ehospital2.base.Log - 【info】com.witontek.ehospital2.base.WebElementsUtils:在一级科室页面-科室编码输入框输入：100001
2017-11-28 01:33:39.002 [main] INFO  com.witontek.ehospital2.base.Log - 【info】com.witontek.ehospital2.base.WebElementsUtils:点击一级科室页面-保存按钮
2017-11-28 01:33:40.201 [main] INFO  com.witontek.ehospital2.base.Log - 【info】com.witontek.ehospital2.base.WebElementsUtils:点击弹框关闭按钮
2017-11-28 01:33:41.267 [main] INFO  com.witontek.ehospital2.base.Log - 【info】com.witontek.ehospital2.base.WebElementsUtils:点击最末页按钮
2017-11-28 01:33:41.755 [main] INFO  com.witontek.ehospital2.base.Log - 【info】com.witontek.ehospital2.base.WebElementsUtils:获取科室管理-新增的一级科室名称的文本信息
2017-11-28 01:33:41.755 [main] INFO  com.witontek.ehospital2.base.Log - 【info】com.witontek.ehospital2.page.DepartmentCategoryManagePage:科室管理-新增的一级科室名称：睿博一级科室
2017-11-28 01:33:41.757 [main] INFO  com.witontek.ehospital2.base.Log - 【info】com.witontek.ehospital2.base.AssertUtils:实际结果（睿博一级科室）包含预期结果（睿博一级科室），新增一级科室成功
2017-11-28 01:33:41.859 [main] INFO  com.witontek.ehospital2.base.Log - 【info】com.witontek.ehospital2.base.ExcelUtils:读取departmentCategoryManage/searchCategory.xlsx文件
2017-11-28 01:33:41.932 [main] INFO  com.witontek.ehospital2.base.Log - 【info】com.witontek.ehospital2.base.BrowserUtils:打开网址:http://yltest.witontek.com/ehospital3web/web/admin.html#!/
2017-11-28 01:33:42.589 [main] INFO  com.witontek.ehospital2.base.Log - 【info】com.witontek.ehospital2.base.WebElementsUtils:在用户名输入框输入：sqsrmyyadmin
2017-11-28 01:33:43.152 [main] INFO  com.witontek.ehospital2.base.Log - 【info】com.witontek.ehospital2.base.WebElementsUtils:在密码输入框输入：admin
2017-11-28 01:33:43.704 [main] INFO  com.witontek.ehospital2.base.Log - 【info】com.witontek.ehospital2.base.WebElementsUtils:在验证码输入框输入：1111
2017-11-28 01:33:44.235 [main] INFO  com.witontek.ehospital2.base.Log - 【info】com.witontek.ehospital2.base.WebElementsUtils:点击登录按钮
2017-11-28 01:33:45.086 [main] INFO  com.witontek.ehospital2.base.Log - 【info】com.witontek.ehospital2.base.WebElementsUtils:清空科室管理-科室名称输入框
2017-11-28 01:33:45.648 [main] INFO  com.witontek.ehospital2.base.Log - 【info】com.witontek.ehospital2.base.WebElementsUtils:在科室管理-科室名称输入框输入：睿博一级科室
2017-11-28 01:33:46.186 [main] INFO  com.witontek.ehospital2.base.Log - 【info】com.witontek.ehospital2.base.WebElementsUtils:点击科室管理-搜索按钮
2017-11-28 01:33:46.675 [main] INFO  com.witontek.ehospital2.base.Log - 【info】com.witontek.ehospital2.base.WebElementsUtils:获取科室管理-序号1的一级科室名称的文本信息
2017-11-28 01:33:46.675 [main] INFO  com.witontek.ehospital2.base.Log - 【info】com.witontek.ehospital2.page.DepartmentCategoryManagePage:科室管理-序号2的一级科室名称：睿博一级科室
2017-11-28 01:33:46.675 [main] INFO  com.witontek.ehospital2.base.Log - 【info】com.witontek.ehospital2.base.AssertUtils:实际结果（睿博一级科室）包含预期结果（睿博一级科室），搜索一级科室成功
2017-11-28 01:33:46.783 [main] INFO  com.witontek.ehospital2.base.Log - 【info】com.witontek.ehospital2.base.ExcelUtils:读取departmentCategoryManage/moveTopCategory.xlsx文件
2017-11-28 01:33:46.886 [main] INFO  com.witontek.ehospital2.base.Log - 【info】com.witontek.ehospital2.base.BrowserUtils:打开网址:http://yltest.witontek.com/ehospital3web/web/admin.html#!/
2017-11-28 01:33:47.543 [main] INFO  com.witontek.ehospital2.base.Log - 【info】com.witontek.ehospital2.base.WebElementsUtils:在用户名输入框输入：sqsrmyyadmin
2017-11-28 01:33:48.127 [main] INFO  com.witontek.ehospital2.base.Log - 【info】com.witontek.ehospital2.base.WebElementsUtils:在密码输入框输入：admin
2017-11-28 01:33:48.700 [main] INFO  com.witontek.ehospital2.base.Log - 【info】com.witontek.ehospital2.base.WebElementsUtils:在验证码输入框输入：1111
2017-11-28 01:33:49.203 [main] INFO  com.witontek.ehospital2.base.Log - 【info】com.witontek.ehospital2.base.WebElementsUtils:点击登录按钮
2017-11-28 01:33:50.069 [main] INFO  com.witontek.ehospital2.base.Log - 【info】com.witontek.ehospital2.base.WebElementsUtils:点击最末页按钮
2017-11-28 01:33:50.608 [main] INFO  com.witontek.ehospital2.base.Log - 【info】com.witontek.ehospital2.base.WebElementsUtils:点击科室管理-置顶按钮
2017-11-28 01:33:51.074 [main] INFO  com.witontek.ehospital2.base.Log - 【info】com.witontek.ehospital2.base.WebElementsUtils:获取科室管理-序号1的一级科室名称的文本信息
2017-11-28 01:33:51.074 [main] INFO  com.witontek.ehospital2.base.Log - 【info】com.witontek.ehospital2.page.DepartmentCategoryManagePage:科室管理-序号2的一级科室名称：整形美容
2017-11-28 01:33:51.074 [main] ERROR com.witontek.ehospital2.base.Log - 【error】com.witontek.ehospital2.base.AssertUtils:实际结果（整形美容）不包含预期结果（睿博一级科室），置顶一级科室成功
2017-11-28 01:33:51.459 [main] INFO  com.witontek.ehospital2.base.Log - 【info】com.witontek.ehospital2.base.BrowserUtils:截图成功
2017-11-28 01:33:51.538 [main] INFO  com.witontek.ehospital2.base.Log - 【info】com.witontek.ehospital2.base.ExcelUtils:读取departmentCategoryManage/updateCategory.xlsx文件
2017-11-28 01:33:51.665 [main] INFO  com.witontek.ehospital2.base.Log - 【info】com.witontek.ehospital2.base.BrowserUtils:打开网址:http://yltest.witontek.com/ehospital3web/web/admin.html#!/
2017-11-28 01:33:52.277 [main] INFO  com.witontek.ehospital2.base.Log - 【info】com.witontek.ehospital2.base.WebElementsUtils:在用户名输入框输入：sqsrmyyadmin
2017-11-28 01:33:52.813 [main] INFO  com.witontek.ehospital2.base.Log - 【info】com.witontek.ehospital2.base.WebElementsUtils:在密码输入框输入：admin
2017-11-28 01:33:53.375 [main] INFO  com.witontek.ehospital2.base.Log - 【info】com.witontek.ehospital2.base.WebElementsUtils:在验证码输入框输入：1111
2017-11-28 01:33:53.899 [main] INFO  com.witontek.ehospital2.base.Log - 【info】com.witontek.ehospital2.base.WebElementsUtils:点击登录按钮
2017-11-28 01:33:54.807 [main] INFO  com.witontek.ehospital2.base.Log - 【info】com.witontek.ehospital2.base.WebElementsUtils:点击科室管理-编辑按钮
2017-11-28 01:33:55.318 [main] INFO  com.witontek.ehospital2.base.Log - 【info】com.witontek.ehospital2.base.WebElementsUtils:清空一级科室页面-科室名称输入框
2017-11-28 01:33:55.969 [main] INFO  com.witontek.ehospital2.base.Log - 【info】com.witontek.ehospital2.base.WebElementsUtils:在一级科室页面-科室名称输入框输入：睿博一级科室（改）
2017-11-28 01:33:56.452 [main] INFO  com.witontek.ehospital2.base.Log - 【info】com.witontek.ehospital2.base.WebElementsUtils:清空一级科室页面-科室编码输入框
2017-11-28 01:33:56.987 [main] INFO  com.witontek.ehospital2.base.Log - 【info】com.witontek.ehospital2.base.WebElementsUtils:在一级科室页面-科室编码输入框输入：100002
2017-11-28 01:34:07.429 [main] ERROR com.witontek.ehospital2.base.Log - 【error】com.witontek.ehospital2.base.WebElementsUtils:查找一级科室页面-保存按钮的网页元素时出错,报错信息：no such element: Unable to locate element: {"method":"xpath","selector":"//button[@ng-if='$ctrl.isAdd']"}
  (Session info: chrome=62.0.3202.94)
  (Driver info: chromedriver=2.33.506120 (e3e53437346286c0bc2d2dc9aa4915ba81d9023f),platform=Windows NT 10.0.14393 x86_64) (WARNING: The server did not provide any stacktrace information)
Command duration or timeout: 10.03 seconds
For documentation on this error, please visit: http://seleniumhq.org/exceptions/no_such_element.html
Build info: version: '3.4.0', revision: 'unknown', time: 'unknown'
System info: host: 'USER-20160525XQ', ip: '192.168.1.150', os.name: 'Windows 10', os.arch: 'amd64', os.version: '10.0', java.version: '1.8.0_121'
Driver info: org.openqa.selenium.chrome.ChromeDriver
Capabilities [{applicationCacheEnabled=false, rotatable=false, mobileEmulationEnabled=false, networkConnectionEnabled=false, chrome={chromedriverVersion=2.33.506120 (e3e53437346286c0bc2d2dc9aa4915ba81d9023f), userDataDir=C:\Users\ADMINI~1\AppData\Local\Temp\scoped_dir7156_9483}, takesHeapSnapshot=true, pageLoadStrategy=normal, databaseEnabled=false, handlesAlerts=true, hasTouchScreen=false, version=62.0.3202.94, platform=XP, browserConnectionEnabled=false, nativeEvents=true, acceptSslCerts=true, locationContextEnabled=true, webStorageEnabled=true, browserName=chrome, takesScreenshot=true, javascriptEnabled=true, cssSelectorsEnabled=true, setWindowRect=true, unexpectedAlertBehaviour=}]
Session ID: 5475cf647b18f94cd36f52c969305c84
*** Element info: {Using=xpath, value=//button[@ng-if='$ctrl.isAdd']}
2017-11-28 01:34:07.760 [main] INFO  com.witontek.ehospital2.base.Log - 【info】com.witontek.ehospital2.base.BrowserUtils:截图成功
2017-11-28 01:34:10.771 [main] INFO  com.witontek.ehospital2.base.Log - 【info】com.witontek.ehospital2.base.BrowserUtils:等待3秒
2017-11-28 01:34:11.873 [main] INFO  com.witontek.ehospital2.base.Log - 【info】com.witontek.ehospital2.base.BrowserUtils:退出浏览器
2017-11-28 01:34:15.158 [main] INFO  com.witontek.ehospital2.base.Log - 【info】com.witontek.ehospital2.base.DriverUtils:打开谷歌浏览器
2017-11-28 01:34:15.235 [main] INFO  com.witontek.ehospital2.base.Log - 【info】com.witontek.ehospital2.base.ExcelUtils:读取departmentCategoryManage/deleteCategory.xlsx文件
2017-11-28 01:34:29.416 [main] INFO  com.witontek.ehospital2.base.Log - 【info】com.witontek.ehospital2.base.BrowserUtils:打开网址:http://yltest.witontek.com/ehospital3web/web/admin.html#!/
2017-11-28 01:34:30.087 [main] INFO  com.witontek.ehospital2.base.Log - 【info】com.witontek.ehospital2.base.WebElementsUtils:在用户名输入框输入：sqsrmyyadmin
2017-11-28 01:34:30.661 [main] INFO  com.witontek.ehospital2.base.Log - 【info】com.witontek.ehospital2.base.WebElementsUtils:在密码输入框输入：admin
2017-11-28 01:34:31.255 [main] INFO  com.witontek.ehospital2.base.Log - 【info】com.witontek.ehospital2.base.WebElementsUtils:在验证码输入框输入：1111
2017-11-28 01:34:31.798 [main] INFO  com.witontek.ehospital2.base.Log - 【info】com.witontek.ehospital2.base.WebElementsUtils:点击登录按钮
2017-11-28 01:34:32.546 [main] INFO  com.witontek.ehospital2.base.Log - 【info】com.witontek.ehospital2.base.WebElementsUtils:点击业务信息管理
2017-11-28 01:34:34.344 [main] INFO  com.witontek.ehospital2.base.Log - 【info】com.witontek.ehospital2.base.WebElementsUtils:点击科室管理
2017-11-28 01:34:34.960 [main] INFO  com.witontek.ehospital2.base.Log - 【info】com.witontek.ehospital2.base.WebElementsUtils:清空科室管理-科室名称输入框
2017-11-28 01:34:35.564 [main] INFO  com.witontek.ehospital2.base.Log - 【info】com.witontek.ehospital2.base.WebElementsUtils:在科室管理-科室名称输入框输入：睿博一级科室
2017-11-28 01:34:36.113 [main] INFO  com.witontek.ehospital2.base.Log - 【info】com.witontek.ehospital2.base.WebElementsUtils:点击科室管理-搜索按钮
2017-11-28 01:34:36.584 [main] INFO  com.witontek.ehospital2.base.Log - 【info】com.witontek.ehospital2.base.WebElementsUtils:获取总记录数的文本信息
2017-11-28 01:34:36.584 [main] INFO  com.witontek.ehospital2.base.Log - 【info】com.witontek.ehospital2.page.MainPage:总记录数：1
2017-11-28 01:34:37.022 [main] INFO  com.witontek.ehospital2.base.Log - 【info】com.witontek.ehospital2.base.WebElementsUtils:清空科室管理-科室名称输入框
2017-11-28 01:34:37.547 [main] INFO  com.witontek.ehospital2.base.Log - 【info】com.witontek.ehospital2.base.WebElementsUtils:在科室管理-科室名称输入框输入：睿博一级科室
2017-11-28 01:34:38.007 [main] INFO  com.witontek.ehospital2.base.Log - 【info】com.witontek.ehospital2.base.WebElementsUtils:点击科室管理-搜索按钮
2017-11-28 01:34:38.548 [main] INFO  com.witontek.ehospital2.base.Log - 【info】com.witontek.ehospital2.base.WebElementsUtils:点击科室管理-删除按钮
2017-11-28 01:34:39.581 [main] INFO  com.witontek.ehospital2.base.Log - 【info】com.witontek.ehospital2.base.WebElementsUtils:点击弹框关闭按钮
2017-11-28 01:34:40.540 [main] INFO  com.witontek.ehospital2.base.Log - 【info】com.witontek.ehospital2.base.WebElementsUtils:清空科室管理-科室名称输入框
2017-11-28 01:34:41.038 [main] INFO  com.witontek.ehospital2.base.Log - 【info】com.witontek.ehospital2.base.WebElementsUtils:在科室管理-科室名称输入框输入：睿博一级科室
2017-11-28 01:34:41.548 [main] INFO  com.witontek.ehospital2.base.Log - 【info】com.witontek.ehospital2.base.WebElementsUtils:点击科室管理-搜索按钮
2017-11-28 01:34:42.000 [main] INFO  com.witontek.ehospital2.base.Log - 【info】com.witontek.ehospital2.base.WebElementsUtils:获取总记录数的文本信息
2017-11-28 01:34:42.000 [main] INFO  com.witontek.ehospital2.base.Log - 【info】com.witontek.ehospital2.page.MainPage:总记录数：0
2017-11-28 01:34:42.001 [main] INFO  com.witontek.ehospital2.base.Log - 【info】com.witontek.ehospital2.business.DepartmentCategoryManage:删除一级科室成功
2017-11-28 01:34:42.453 [main] INFO  com.witontek.ehospital2.base.Log - 【info】com.witontek.ehospital2.base.WebElementsUtils:获取总记录数的文本信息
2017-11-28 01:34:42.454 [main] INFO  com.witontek.ehospital2.base.Log - 【info】com.witontek.ehospital2.page.MainPage:总记录数：0
2017-11-28 01:34:45.456 [main] INFO  com.witontek.ehospital2.base.Log - 【info】com.witontek.ehospital2.base.BrowserUtils:等待3秒
2017-11-28 01:34:46.469 [main] INFO  com.witontek.ehospital2.base.Log - 【info】com.witontek.ehospital2.base.BrowserUtils:退出浏览器
2017-11-28 01:39:07.811 [main] INFO  com.witontek.ehospital2.base.Log - 【info】com.witontek.ehospital2.base.DriverUtils:打开谷歌浏览器
2017-11-28 01:39:08.767 [main] INFO  com.witontek.ehospital2.base.Log - 【info】com.witontek.ehospital2.base.ExcelUtils:读取departmentCategoryManage/insertCategory.xlsx文件
2017-11-28 01:39:22.947 [main] INFO  com.witontek.ehospital2.base.Log - 【info】com.witontek.ehospital2.base.BrowserUtils:打开网址:http://yltest.witontek.com/ehospital3web/web/admin.html#!/
2017-11-28 01:39:23.631 [main] INFO  com.witontek.ehospital2.base.Log - 【info】com.witontek.ehospital2.base.WebElementsUtils:在用户名输入框输入：sqsrmyyadmin
2017-11-28 01:39:24.187 [main] INFO  com.witontek.ehospital2.base.Log - 【info】com.witontek.ehospital2.base.WebElementsUtils:在密码输入框输入：admin
2017-11-28 01:39:24.773 [main] INFO  com.witontek.ehospital2.base.Log - 【info】com.witontek.ehospital2.base.WebElementsUtils:在验证码输入框输入：1111
2017-11-28 01:39:25.334 [main] INFO  com.witontek.ehospital2.base.Log - 【info】com.witontek.ehospital2.base.WebElementsUtils:点击登录按钮
2017-11-28 01:39:26.414 [main] INFO  com.witontek.ehospital2.base.Log - 【info】com.witontek.ehospital2.base.WebElementsUtils:点击业务信息管理
2017-11-28 01:39:28.223 [main] INFO  com.witontek.ehospital2.base.Log - 【info】com.witontek.ehospital2.base.WebElementsUtils:点击科室管理
2017-11-28 01:39:29.012 [main] INFO  com.witontek.ehospital2.base.Log - 【info】com.witontek.ehospital2.base.WebElementsUtils:点击科室管理-新增一级科室按钮
2017-11-28 01:39:29.699 [main] INFO  com.witontek.ehospital2.base.Log - 【info】com.witontek.ehospital2.base.WebElementsUtils:在一级科室页面-科室名称输入框输入：睿博一级科室
2017-11-28 01:39:30.308 [main] INFO  com.witontek.ehospital2.base.Log - 【info】com.witontek.ehospital2.base.WebElementsUtils:在一级科室页面-科室编码输入框输入：100001
2017-11-28 01:39:30.855 [main] INFO  com.witontek.ehospital2.base.Log - 【info】com.witontek.ehospital2.base.WebElementsUtils:点击一级科室页面-保存按钮
2017-11-28 01:39:32.009 [main] INFO  com.witontek.ehospital2.base.Log - 【info】com.witontek.ehospital2.base.WebElementsUtils:点击弹框关闭按钮
2017-11-28 01:39:33.082 [main] INFO  com.witontek.ehospital2.base.Log - 【info】com.witontek.ehospital2.base.WebElementsUtils:点击最末页按钮
2017-11-28 01:39:33.572 [main] INFO  com.witontek.ehospital2.base.Log - 【info】com.witontek.ehospital2.base.WebElementsUtils:获取科室管理-新增的一级科室名称的文本信息
2017-11-28 01:39:33.572 [main] INFO  com.witontek.ehospital2.base.Log - 【info】com.witontek.ehospital2.page.DepartmentCategoryManagePage:科室管理-新增的一级科室名称：睿博一级科室
2017-11-28 01:39:33.573 [main] INFO  com.witontek.ehospital2.base.Log - 【info】com.witontek.ehospital2.base.AssertUtils:实际结果（睿博一级科室）包含预期结果（睿博一级科室），新增一级科室成功
2017-11-28 01:39:33.656 [main] INFO  com.witontek.ehospital2.base.Log - 【info】com.witontek.ehospital2.base.ExcelUtils:读取departmentCategoryManage/searchCategory.xlsx文件
2017-11-28 01:39:33.746 [main] INFO  com.witontek.ehospital2.base.Log - 【info】com.witontek.ehospital2.base.BrowserUtils:打开网址:http://yltest.witontek.com/ehospital3web/web/admin.html#!/
2017-11-28 01:39:34.405 [main] INFO  com.witontek.ehospital2.base.Log - 【info】com.witontek.ehospital2.base.WebElementsUtils:在用户名输入框输入：sqsrmyyadmin
2017-11-28 01:39:34.943 [main] INFO  com.witontek.ehospital2.base.Log - 【info】com.witontek.ehospital2.base.WebElementsUtils:在密码输入框输入：admin
2017-11-28 01:39:35.494 [main] INFO  com.witontek.ehospital2.base.Log - 【info】com.witontek.ehospital2.base.WebElementsUtils:在验证码输入框输入：1111
2017-11-28 01:39:36.029 [main] INFO  com.witontek.ehospital2.base.Log - 【info】com.witontek.ehospital2.base.WebElementsUtils:点击登录按钮
2017-11-28 01:39:37.021 [main] INFO  com.witontek.ehospital2.base.Log - 【info】com.witontek.ehospital2.base.WebElementsUtils:清空科室管理-科室名称输入框
2017-11-28 01:39:37.578 [main] INFO  com.witontek.ehospital2.base.Log - 【info】com.witontek.ehospital2.base.WebElementsUtils:在科室管理-科室名称输入框输入：睿博一级科室
2017-11-28 01:39:38.117 [main] INFO  com.witontek.ehospital2.base.Log - 【info】com.witontek.ehospital2.base.WebElementsUtils:点击科室管理-搜索按钮
2017-11-28 01:39:38.601 [main] INFO  com.witontek.ehospital2.base.Log - 【info】com.witontek.ehospital2.base.WebElementsUtils:获取科室管理-序号1的一级科室名称的文本信息
2017-11-28 01:39:38.601 [main] INFO  com.witontek.ehospital2.base.Log - 【info】com.witontek.ehospital2.page.DepartmentCategoryManagePage:科室管理-序号2的一级科室名称：睿博一级科室
2017-11-28 01:39:38.601 [main] INFO  com.witontek.ehospital2.base.Log - 【info】com.witontek.ehospital2.base.AssertUtils:实际结果（睿博一级科室）包含预期结果（睿博一级科室），搜索一级科室成功
2017-11-28 01:39:38.752 [main] INFO  com.witontek.ehospital2.base.Log - 【info】com.witontek.ehospital2.base.ExcelUtils:读取departmentCategoryManage/moveTopCategory.xlsx文件
2017-11-28 01:39:38.846 [main] INFO  com.witontek.ehospital2.base.Log - 【info】com.witontek.ehospital2.base.BrowserUtils:打开网址:http://yltest.witontek.com/ehospital3web/web/admin.html#!/
2017-11-28 01:39:39.470 [main] INFO  com.witontek.ehospital2.base.Log - 【info】com.witontek.ehospital2.base.WebElementsUtils:在用户名输入框输入：sqsrmyyadmin
2017-11-28 01:39:40.002 [main] INFO  com.witontek.ehospital2.base.Log - 【info】com.witontek.ehospital2.base.WebElementsUtils:在密码输入框输入：admin
2017-11-28 01:39:40.553 [main] INFO  com.witontek.ehospital2.base.Log - 【info】com.witontek.ehospital2.base.WebElementsUtils:在验证码输入框输入：1111
2017-11-28 01:39:41.069 [main] INFO  com.witontek.ehospital2.base.Log - 【info】com.witontek.ehospital2.base.WebElementsUtils:点击登录按钮
2017-11-28 01:39:41.875 [main] INFO  com.witontek.ehospital2.base.Log - 【info】com.witontek.ehospital2.base.WebElementsUtils:点击最末页按钮
2017-11-28 01:39:42.409 [main] INFO  com.witontek.ehospital2.base.Log - 【info】com.witontek.ehospital2.base.WebElementsUtils:点击科室管理-置顶按钮
2017-11-28 01:39:42.874 [main] INFO  com.witontek.ehospital2.base.Log - 【info】com.witontek.ehospital2.base.WebElementsUtils:获取科室管理-序号1的一级科室名称的文本信息
2017-11-28 01:39:42.874 [main] INFO  com.witontek.ehospital2.base.Log - 【info】com.witontek.ehospital2.page.DepartmentCategoryManagePage:科室管理-序号2的一级科室名称：整形美容
2017-11-28 01:39:42.875 [main] ERROR com.witontek.ehospital2.base.Log - 【error】com.witontek.ehospital2.base.AssertUtils:实际结果（整形美容）不包含预期结果（睿博一级科室），置顶一级科室成功
2017-11-28 01:39:43.249 [main] INFO  com.witontek.ehospital2.base.Log - 【info】com.witontek.ehospital2.base.BrowserUtils:截图成功
2017-11-28 01:39:43.386 [main] INFO  com.witontek.ehospital2.base.Log - 【info】com.witontek.ehospital2.base.ExcelUtils:读取departmentCategoryManage/updateCategory.xlsx文件
2017-11-28 01:39:43.466 [main] INFO  com.witontek.ehospital2.base.Log - 【info】com.witontek.ehospital2.base.BrowserUtils:打开网址:http://yltest.witontek.com/ehospital3web/web/admin.html#!/
2017-11-28 01:39:44.102 [main] INFO  com.witontek.ehospital2.base.Log - 【info】com.witontek.ehospital2.base.WebElementsUtils:在用户名输入框输入：sqsrmyyadmin
2017-11-28 01:39:44.654 [main] INFO  com.witontek.ehospital2.base.Log - 【info】com.witontek.ehospital2.base.WebElementsUtils:在密码输入框输入：admin
2017-11-28 01:39:45.194 [main] INFO  com.witontek.ehospital2.base.Log - 【info】com.witontek.ehospital2.base.WebElementsUtils:在验证码输入框输入：1111
2017-11-28 01:39:45.712 [main] INFO  com.witontek.ehospital2.base.Log - 【info】com.witontek.ehospital2.base.WebElementsUtils:点击登录按钮
2017-11-28 01:39:46.604 [main] INFO  com.witontek.ehospital2.base.Log - 【info】com.witontek.ehospital2.base.WebElementsUtils:点击科室管理-编辑按钮
2017-11-28 01:39:47.097 [main] INFO  com.witontek.ehospital2.base.Log - 【info】com.witontek.ehospital2.base.WebElementsUtils:清空一级科室页面-科室名称输入框
2017-11-28 01:39:47.775 [main] INFO  com.witontek.ehospital2.base.Log - 【info】com.witontek.ehospital2.base.WebElementsUtils:在一级科室页面-科室名称输入框输入：睿博一级科室（改）
2017-11-28 01:39:48.261 [main] INFO  com.witontek.ehospital2.base.Log - 【info】com.witontek.ehospital2.base.WebElementsUtils:清空一级科室页面-科室编码输入框
2017-11-28 01:39:48.849 [main] INFO  com.witontek.ehospital2.base.Log - 【info】com.witontek.ehospital2.base.WebElementsUtils:在一级科室页面-科室编码输入框输入：100002
2017-11-28 01:39:49.399 [main] INFO  com.witontek.ehospital2.base.Log - 【info】com.witontek.ehospital2.base.WebElementsUtils:点击一级科室页面-修改按钮
2017-11-28 01:39:50.593 [main] INFO  com.witontek.ehospital2.base.Log - 【info】com.witontek.ehospital2.base.WebElementsUtils:点击弹框关闭按钮
2017-11-28 01:39:51.570 [main] INFO  com.witontek.ehospital2.base.Log - 【info】com.witontek.ehospital2.base.WebElementsUtils:获取科室管理-序号1的一级科室名称的文本信息
2017-11-28 01:39:51.570 [main] INFO  com.witontek.ehospital2.base.Log - 【info】com.witontek.ehospital2.page.DepartmentCategoryManagePage:科室管理-序号2的一级科室名称：睿博一级科室（改）
2017-11-28 01:39:51.571 [main] INFO  com.witontek.ehospital2.base.Log - 【info】com.witontek.ehospital2.base.AssertUtils:实际结果（睿博一级科室（改））与预期结果（睿博一级科室（改））相等，编辑一级科室成功
2017-11-28 01:39:51.654 [main] INFO  com.witontek.ehospital2.base.Log - 【info】com.witontek.ehospital2.base.ExcelUtils:读取departmentCategoryManage/moveDownCategory.xlsx文件
2017-11-28 01:39:51.776 [main] INFO  com.witontek.ehospital2.base.Log - 【info】com.witontek.ehospital2.base.BrowserUtils:打开网址:http://yltest.witontek.com/ehospital3web/web/admin.html#!/
2017-11-28 01:39:52.417 [main] INFO  com.witontek.ehospital2.base.Log - 【info】com.witontek.ehospital2.base.WebElementsUtils:在用户名输入框输入：sqsrmyyadmin
2017-11-28 01:39:52.979 [main] INFO  com.witontek.ehospital2.base.Log - 【info】com.witontek.ehospital2.base.WebElementsUtils:在密码输入框输入：admin
2017-11-28 01:39:53.570 [main] INFO  com.witontek.ehospital2.base.Log - 【info】com.witontek.ehospital2.base.WebElementsUtils:在验证码输入框输入：1111
2017-11-28 01:39:54.142 [main] INFO  com.witontek.ehospital2.base.Log - 【info】com.witontek.ehospital2.base.WebElementsUtils:点击登录按钮
2017-11-28 01:39:54.956 [main] INFO  com.witontek.ehospital2.base.Log - 【info】com.witontek.ehospital2.base.WebElementsUtils:点击微官网管理
2017-11-28 01:39:55.623 [main] INFO  com.witontek.ehospital2.base.Log - 【info】com.witontek.ehospital2.base.WebElementsUtils:点击分类管理
2017-11-28 01:39:56.284 [main] ERROR com.witontek.ehospital2.base.Log - 【error】com.witontek.ehospital2.base.WebElementsUtils:未定位到页面元素，点击业务信息管理失败,报错信息：unknown error: Element <span ng-bind="item.title" class="ng-binding">...</span> is not clickable at point (88, 266). Other element would receive the click: <div uib-modal-window="modal-window" class="modal fade ng-scope ng-isolate-scope in" role="dialog" index="0" animate="animate" ng-style="{'z-index': 1050 + $$topModalIndex*10, display: 'block'}" tabindex="-1" uib-modal-animation-class="fade" modal-in-class="in" modal-animation="true" style="z-index: 1050; display: block;">...</div>
  (Session info: chrome=62.0.3202.94)
  (Driver info: chromedriver=2.33.506120 (e3e53437346286c0bc2d2dc9aa4915ba81d9023f),platform=Windows NT 10.0.14393 x86_64) (WARNING: The server did not provide any stacktrace information)
Command duration or timeout: 174 milliseconds
Build info: version: '3.4.0', revision: 'unknown', time: 'unknown'
System info: host: 'USER-20160525XQ', ip: '192.168.1.150', os.name: 'Windows 10', os.arch: 'amd64', os.version: '10.0', java.version: '1.8.0_121'
Driver info: org.openqa.selenium.chrome.ChromeDriver
Capabilities [{applicationCacheEnabled=false, rotatable=false, mobileEmulationEnabled=false, networkConnectionEnabled=false, chrome={chromedriverVersion=2.33.506120 (e3e53437346286c0bc2d2dc9aa4915ba81d9023f), userDataDir=C:\Users\ADMINI~1\AppData\Local\Temp\scoped_dir9252_1297}, takesHeapSnapshot=true, pageLoadStrategy=normal, databaseEnabled=false, handlesAlerts=true, hasTouchScreen=false, version=62.0.3202.94, platform=XP, browserConnectionEnabled=false, nativeEvents=true, acceptSslCerts=true, locationContextEnabled=true, webStorageEnabled=true, browserName=chrome, takesScreenshot=true, javascriptEnabled=true, cssSelectorsEnabled=true, setWindowRect=true, unexpectedAlertBehaviour=}]
Session ID: 153ae2b7aa2b731aac06d74e6afccc97
2017-11-28 01:39:56.706 [main] INFO  com.witontek.ehospital2.base.Log - 【info】com.witontek.ehospital2.base.BrowserUtils:截图成功
2017-11-28 01:39:59.715 [main] INFO  com.witontek.ehospital2.base.Log - 【info】com.witontek.ehospital2.base.BrowserUtils:等待3秒
2017-11-28 01:40:00.847 [main] INFO  com.witontek.ehospital2.base.Log - 【info】com.witontek.ehospital2.base.BrowserUtils:退出浏览器
2017-11-28 01:40:04.128 [main] INFO  com.witontek.ehospital2.base.Log - 【info】com.witontek.ehospital2.base.DriverUtils:打开谷歌浏览器
2017-11-28 01:40:04.294 [main] INFO  com.witontek.ehospital2.base.Log - 【info】com.witontek.ehospital2.base.ExcelUtils:读取departmentCategoryManage/deleteCategory.xlsx文件
2017-11-28 01:40:18.067 [main] INFO  com.witontek.ehospital2.base.Log - 【info】com.witontek.ehospital2.base.BrowserUtils:打开网址:http://yltest.witontek.com/ehospital3web/web/admin.html#!/
2017-11-28 01:40:18.732 [main] INFO  com.witontek.ehospital2.base.Log - 【info】com.witontek.ehospital2.base.WebElementsUtils:在用户名输入框输入：sqsrmyyadmin
2017-11-28 01:40:19.272 [main] INFO  com.witontek.ehospital2.base.Log - 【info】com.witontek.ehospital2.base.WebElementsUtils:在密码输入框输入：admin
2017-11-28 01:40:19.847 [main] INFO  com.witontek.ehospital2.base.Log - 【info】com.witontek.ehospital2.base.WebElementsUtils:在验证码输入框输入：1111
2017-11-28 01:40:20.385 [main] INFO  com.witontek.ehospital2.base.Log - 【info】com.witontek.ehospital2.base.WebElementsUtils:点击登录按钮
2017-11-28 01:40:21.144 [main] INFO  com.witontek.ehospital2.base.Log - 【info】com.witontek.ehospital2.base.WebElementsUtils:点击业务信息管理
2017-11-28 01:40:22.968 [main] INFO  com.witontek.ehospital2.base.Log - 【info】com.witontek.ehospital2.base.WebElementsUtils:点击科室管理
2017-11-28 01:40:23.578 [main] INFO  com.witontek.ehospital2.base.Log - 【info】com.witontek.ehospital2.base.WebElementsUtils:清空科室管理-科室名称输入框
2017-11-28 01:40:24.161 [main] INFO  com.witontek.ehospital2.base.Log - 【info】com.witontek.ehospital2.base.WebElementsUtils:在科室管理-科室名称输入框输入：睿博一级科室
2017-11-28 01:40:24.686 [main] INFO  com.witontek.ehospital2.base.Log - 【info】com.witontek.ehospital2.base.WebElementsUtils:点击科室管理-搜索按钮
2017-11-28 01:40:25.161 [main] INFO  com.witontek.ehospital2.base.Log - 【info】com.witontek.ehospital2.base.WebElementsUtils:获取总记录数的文本信息
2017-11-28 01:40:25.162 [main] INFO  com.witontek.ehospital2.base.Log - 【info】com.witontek.ehospital2.page.MainPage:总记录数：1
2017-11-28 01:40:25.611 [main] INFO  com.witontek.ehospital2.base.Log - 【info】com.witontek.ehospital2.base.WebElementsUtils:清空科室管理-科室名称输入框
2017-11-28 01:40:26.120 [main] INFO  com.witontek.ehospital2.base.Log - 【info】com.witontek.ehospital2.base.WebElementsUtils:在科室管理-科室名称输入框输入：睿博一级科室
2017-11-28 01:40:26.576 [main] INFO  com.witontek.ehospital2.base.Log - 【info】com.witontek.ehospital2.base.WebElementsUtils:点击科室管理-搜索按钮
2017-11-28 01:40:27.111 [main] INFO  com.witontek.ehospital2.base.Log - 【info】com.witontek.ehospital2.base.WebElementsUtils:点击科室管理-删除按钮
2017-11-28 01:40:28.138 [main] INFO  com.witontek.ehospital2.base.Log - 【info】com.witontek.ehospital2.base.WebElementsUtils:点击弹框关闭按钮
2017-11-28 01:40:29.094 [main] INFO  com.witontek.ehospital2.base.Log - 【info】com.witontek.ehospital2.base.WebElementsUtils:清空科室管理-科室名称输入框
2017-11-28 01:40:29.596 [main] INFO  com.witontek.ehospital2.base.Log - 【info】com.witontek.ehospital2.base.WebElementsUtils:在科室管理-科室名称输入框输入：睿博一级科室
2017-11-28 01:40:30.109 [main] INFO  com.witontek.ehospital2.base.Log - 【info】com.witontek.ehospital2.base.WebElementsUtils:点击科室管理-搜索按钮
2017-11-28 01:40:30.554 [main] INFO  com.witontek.ehospital2.base.Log - 【info】com.witontek.ehospital2.base.WebElementsUtils:获取总记录数的文本信息
2017-11-28 01:40:30.554 [main] INFO  com.witontek.ehospital2.base.Log - 【info】com.witontek.ehospital2.page.MainPage:总记录数：0
2017-11-28 01:40:30.554 [main] INFO  com.witontek.ehospital2.base.Log - 【info】com.witontek.ehospital2.business.DepartmentCategoryManage:删除一级科室成功
2017-11-28 01:40:30.996 [main] INFO  com.witontek.ehospital2.base.Log - 【info】com.witontek.ehospital2.base.WebElementsUtils:获取总记录数的文本信息
2017-11-28 01:40:30.997 [main] INFO  com.witontek.ehospital2.base.Log - 【info】com.witontek.ehospital2.page.MainPage:总记录数：0
2017-11-28 01:40:33.999 [main] INFO  com.witontek.ehospital2.base.Log - 【info】com.witontek.ehospital2.base.BrowserUtils:等待3秒
2017-11-28 01:40:34.990 [main] INFO  com.witontek.ehospital2.base.Log - 【info】com.witontek.ehospital2.base.BrowserUtils:退出浏览器
2017-11-28 01:42:45.806 [main] INFO  com.witontek.ehospital2.base.Log - 【info】com.witontek.ehospital2.base.DriverUtils:打开谷歌浏览器
2017-11-28 01:42:46.762 [main] INFO  com.witontek.ehospital2.base.Log - 【info】com.witontek.ehospital2.base.ExcelUtils:读取departmentCategoryManage/insertCategory.xlsx文件
2017-11-28 01:43:00.164 [main] INFO  com.witontek.ehospital2.base.Log - 【info】com.witontek.ehospital2.base.BrowserUtils:打开网址:http://yltest.witontek.com/ehospital3web/web/admin.html#!/
2017-11-28 01:43:00.875 [main] INFO  com.witontek.ehospital2.base.Log - 【info】com.witontek.ehospital2.base.WebElementsUtils:在用户名输入框输入：sqsrmyyadmin
2017-11-28 01:43:01.433 [main] INFO  com.witontek.ehospital2.base.Log - 【info】com.witontek.ehospital2.base.WebElementsUtils:在密码输入框输入：admin
2017-11-28 01:43:02.002 [main] INFO  com.witontek.ehospital2.base.Log - 【info】com.witontek.ehospital2.base.WebElementsUtils:在验证码输入框输入：1111
2017-11-28 01:43:02.539 [main] INFO  com.witontek.ehospital2.base.Log - 【info】com.witontek.ehospital2.base.WebElementsUtils:点击登录按钮
2017-11-28 01:43:03.707 [main] INFO  com.witontek.ehospital2.base.Log - 【info】com.witontek.ehospital2.base.WebElementsUtils:点击业务信息管理
2017-11-28 01:43:05.493 [main] INFO  com.witontek.ehospital2.base.Log - 【info】com.witontek.ehospital2.base.WebElementsUtils:点击科室管理
2017-11-28 01:43:06.325 [main] INFO  com.witontek.ehospital2.base.Log - 【info】com.witontek.ehospital2.base.WebElementsUtils:点击科室管理-新增一级科室按钮
2017-11-28 01:43:07.028 [main] INFO  com.witontek.ehospital2.base.Log - 【info】com.witontek.ehospital2.base.WebElementsUtils:在一级科室页面-科室名称输入框输入：睿博一级科室
2017-11-28 01:43:07.639 [main] INFO  com.witontek.ehospital2.base.Log - 【info】com.witontek.ehospital2.base.WebElementsUtils:在一级科室页面-科室编码输入框输入：100001
2017-11-28 01:43:08.185 [main] INFO  com.witontek.ehospital2.base.Log - 【info】com.witontek.ehospital2.base.WebElementsUtils:点击一级科室页面-保存按钮
2017-11-28 01:43:09.372 [main] INFO  com.witontek.ehospital2.base.Log - 【info】com.witontek.ehospital2.base.WebElementsUtils:点击弹框关闭按钮
2017-11-28 01:43:10.424 [main] INFO  com.witontek.ehospital2.base.Log - 【info】com.witontek.ehospital2.base.WebElementsUtils:点击最末页按钮
2017-11-28 01:43:10.902 [main] INFO  com.witontek.ehospital2.base.Log - 【info】com.witontek.ehospital2.base.WebElementsUtils:获取科室管理-新增的一级科室名称的文本信息
2017-11-28 01:43:10.902 [main] INFO  com.witontek.ehospital2.base.Log - 【info】com.witontek.ehospital2.page.DepartmentCategoryManagePage:科室管理-新增的一级科室名称：睿博一级科室
2017-11-28 01:43:10.903 [main] INFO  com.witontek.ehospital2.base.Log - 【info】com.witontek.ehospital2.base.AssertUtils:实际结果（睿博一级科室）包含预期结果（睿博一级科室），新增一级科室成功
2017-11-28 01:43:10.988 [main] INFO  com.witontek.ehospital2.base.Log - 【info】com.witontek.ehospital2.base.ExcelUtils:读取departmentCategoryManage/searchCategory.xlsx文件
2017-11-28 01:43:11.091 [main] INFO  com.witontek.ehospital2.base.Log - 【info】com.witontek.ehospital2.base.BrowserUtils:打开网址:http://yltest.witontek.com/ehospital3web/web/admin.html#!/
2017-11-28 01:43:11.770 [main] INFO  com.witontek.ehospital2.base.Log - 【info】com.witontek.ehospital2.base.WebElementsUtils:在用户名输入框输入：sqsrmyyadmin
2017-11-28 01:43:12.315 [main] INFO  com.witontek.ehospital2.base.Log - 【info】com.witontek.ehospital2.base.WebElementsUtils:在密码输入框输入：admin
2017-11-28 01:43:12.854 [main] INFO  com.witontek.ehospital2.base.Log - 【info】com.witontek.ehospital2.base.WebElementsUtils:在验证码输入框输入：1111
2017-11-28 01:43:13.375 [main] INFO  com.witontek.ehospital2.base.Log - 【info】com.witontek.ehospital2.base.WebElementsUtils:点击登录按钮
2017-11-28 01:43:14.326 [main] INFO  com.witontek.ehospital2.base.Log - 【info】com.witontek.ehospital2.base.WebElementsUtils:清空科室管理-科室名称输入框
2017-11-28 01:43:14.878 [main] INFO  com.witontek.ehospital2.base.Log - 【info】com.witontek.ehospital2.base.WebElementsUtils:在科室管理-科室名称输入框输入：睿博一级科室
2017-11-28 01:43:15.438 [main] INFO  com.witontek.ehospital2.base.Log - 【info】com.witontek.ehospital2.base.WebElementsUtils:点击科室管理-搜索按钮
2017-11-28 01:43:15.925 [main] INFO  com.witontek.ehospital2.base.Log - 【info】com.witontek.ehospital2.base.WebElementsUtils:获取科室管理-序号1的一级科室名称的文本信息
2017-11-28 01:43:15.925 [main] INFO  com.witontek.ehospital2.base.Log - 【info】com.witontek.ehospital2.page.DepartmentCategoryManagePage:科室管理-序号2的一级科室名称：睿博一级科室
2017-11-28 01:43:15.925 [main] INFO  com.witontek.ehospital2.base.Log - 【info】com.witontek.ehospital2.base.AssertUtils:实际结果（睿博一级科室）包含预期结果（睿博一级科室），搜索一级科室成功
2017-11-28 01:43:16.010 [main] INFO  com.witontek.ehospital2.base.Log - 【info】com.witontek.ehospital2.base.ExcelUtils:读取departmentCategoryManage/moveTopCategory.xlsx文件
2017-11-28 01:43:16.124 [main] INFO  com.witontek.ehospital2.base.Log - 【info】com.witontek.ehospital2.base.BrowserUtils:打开网址:http://yltest.witontek.com/ehospital3web/web/admin.html#!/
2017-11-28 01:43:16.756 [main] INFO  com.witontek.ehospital2.base.Log - 【info】com.witontek.ehospital2.base.WebElementsUtils:在用户名输入框输入：sqsrmyyadmin
2017-11-28 01:43:17.299 [main] INFO  com.witontek.ehospital2.base.Log - 【info】com.witontek.ehospital2.base.WebElementsUtils:在密码输入框输入：admin
2017-11-28 01:43:17.860 [main] INFO  com.witontek.ehospital2.base.Log - 【info】com.witontek.ehospital2.base.WebElementsUtils:在验证码输入框输入：1111
2017-11-28 01:43:18.368 [main] INFO  com.witontek.ehospital2.base.Log - 【info】com.witontek.ehospital2.base.WebElementsUtils:点击登录按钮
2017-11-28 01:43:19.187 [main] INFO  com.witontek.ehospital2.base.Log - 【info】com.witontek.ehospital2.base.WebElementsUtils:点击最末页按钮
2017-11-28 01:43:19.722 [main] INFO  com.witontek.ehospital2.base.Log - 【info】com.witontek.ehospital2.base.WebElementsUtils:点击科室管理-置顶按钮
2017-11-28 01:43:20.191 [main] INFO  com.witontek.ehospital2.base.Log - 【info】com.witontek.ehospital2.base.WebElementsUtils:获取科室管理-序号1的一级科室名称的文本信息
2017-11-28 01:43:20.191 [main] INFO  com.witontek.ehospital2.base.Log - 【info】com.witontek.ehospital2.page.DepartmentCategoryManagePage:科室管理-序号2的一级科室名称：整形美容
2017-11-28 01:43:20.191 [main] ERROR com.witontek.ehospital2.base.Log - 【error】com.witontek.ehospital2.base.AssertUtils:实际结果（整形美容）不包含预期结果（睿博一级科室），置顶一级科室成功
2017-11-28 01:43:20.563 [main] INFO  com.witontek.ehospital2.base.Log - 【info】com.witontek.ehospital2.base.BrowserUtils:截图成功
2017-11-28 01:43:20.640 [main] INFO  com.witontek.ehospital2.base.Log - 【info】com.witontek.ehospital2.base.ExcelUtils:读取departmentCategoryManage/updateCategory.xlsx文件
2017-11-28 01:43:20.763 [main] INFO  com.witontek.ehospital2.base.Log - 【info】com.witontek.ehospital2.base.BrowserUtils:打开网址:http://yltest.witontek.com/ehospital3web/web/admin.html#!/
2017-11-28 01:43:21.404 [main] INFO  com.witontek.ehospital2.base.Log - 【info】com.witontek.ehospital2.base.WebElementsUtils:在用户名输入框输入：sqsrmyyadmin
2017-11-28 01:43:21.947 [main] INFO  com.witontek.ehospital2.base.Log - 【info】com.witontek.ehospital2.base.WebElementsUtils:在密码输入框输入：admin
2017-11-28 01:43:22.495 [main] INFO  com.witontek.ehospital2.base.Log - 【info】com.witontek.ehospital2.base.WebElementsUtils:在验证码输入框输入：1111
2017-11-28 01:43:23.022 [main] INFO  com.witontek.ehospital2.base.Log - 【info】com.witontek.ehospital2.base.WebElementsUtils:点击登录按钮
2017-11-28 01:43:23.907 [main] INFO  com.witontek.ehospital2.base.Log - 【info】com.witontek.ehospital2.base.WebElementsUtils:点击科室管理-编辑按钮
2017-11-28 01:43:24.413 [main] INFO  com.witontek.ehospital2.base.Log - 【info】com.witontek.ehospital2.base.WebElementsUtils:清空一级科室页面-科室名称输入框
2017-11-28 01:43:25.054 [main] INFO  com.witontek.ehospital2.base.Log - 【info】com.witontek.ehospital2.base.WebElementsUtils:在一级科室页面-科室名称输入框输入：睿博一级科室（改）
2017-11-28 01:43:25.538 [main] INFO  com.witontek.ehospital2.base.Log - 【info】com.witontek.ehospital2.base.WebElementsUtils:清空一级科室页面-科室编码输入框
2017-11-28 01:43:26.093 [main] INFO  com.witontek.ehospital2.base.Log - 【info】com.witontek.ehospital2.base.WebElementsUtils:在一级科室页面-科室编码输入框输入：100002
2017-11-28 01:43:26.641 [main] INFO  com.witontek.ehospital2.base.Log - 【info】com.witontek.ehospital2.base.WebElementsUtils:点击一级科室页面-修改按钮
2017-11-28 01:43:27.812 [main] INFO  com.witontek.ehospital2.base.Log - 【info】com.witontek.ehospital2.base.WebElementsUtils:点击弹框关闭按钮
2017-11-28 01:43:28.774 [main] INFO  com.witontek.ehospital2.base.Log - 【info】com.witontek.ehospital2.base.WebElementsUtils:获取科室管理-序号1的一级科室名称的文本信息
2017-11-28 01:43:28.774 [main] INFO  com.witontek.ehospital2.base.Log - 【info】com.witontek.ehospital2.page.DepartmentCategoryManagePage:科室管理-序号2的一级科室名称：睿博一级科室（改）
2017-11-28 01:43:28.774 [main] INFO  com.witontek.ehospital2.base.Log - 【info】com.witontek.ehospital2.base.AssertUtils:实际结果（睿博一级科室（改））与预期结果（睿博一级科室（改））相等，编辑一级科室成功
2017-11-28 01:43:28.845 [main] INFO  com.witontek.ehospital2.base.Log - 【info】com.witontek.ehospital2.base.ExcelUtils:读取departmentCategoryManage/moveDownCategory.xlsx文件
2017-11-28 01:43:28.940 [main] INFO  com.witontek.ehospital2.base.Log - 【info】com.witontek.ehospital2.base.BrowserUtils:打开网址:http://yltest.witontek.com/ehospital3web/web/admin.html#!/
2017-11-28 01:43:29.590 [main] INFO  com.witontek.ehospital2.base.Log - 【info】com.witontek.ehospital2.base.WebElementsUtils:在用户名输入框输入：sqsrmyyadmin
2017-11-28 01:43:30.122 [main] INFO  com.witontek.ehospital2.base.Log - 【info】com.witontek.ehospital2.base.WebElementsUtils:在密码输入框输入：admin
2017-11-28 01:43:30.685 [main] INFO  com.witontek.ehospital2.base.Log - 【info】com.witontek.ehospital2.base.WebElementsUtils:在验证码输入框输入：1111
2017-11-28 01:43:31.217 [main] INFO  com.witontek.ehospital2.base.Log - 【info】com.witontek.ehospital2.base.WebElementsUtils:点击登录按钮
2017-11-28 01:43:31.975 [main] INFO  com.witontek.ehospital2.base.Log - 【info】com.witontek.ehospital2.base.WebElementsUtils:点击业务信息管理
2017-11-28 01:43:32.477 [main] INFO  com.witontek.ehospital2.base.Log - 【info】com.witontek.ehospital2.base.WebElementsUtils:点击业务信息管理
2017-11-28 01:43:35.001 [main] INFO  com.witontek.ehospital2.base.Log - 【info】com.witontek.ehospital2.base.WebElementsUtils:点击科室管理
2017-11-28 01:43:35.545 [main] INFO  com.witontek.ehospital2.base.Log - 【info】com.witontek.ehospital2.base.WebElementsUtils:点击科室管理-新增一级科室按钮
2017-11-28 01:43:36.199 [main] INFO  com.witontek.ehospital2.base.Log - 【info】com.witontek.ehospital2.base.WebElementsUtils:在一级科室页面-科室名称输入框输入：睿博一级科室
2017-11-28 01:43:36.760 [main] INFO  com.witontek.ehospital2.base.Log - 【info】com.witontek.ehospital2.base.WebElementsUtils:在一级科室页面-科室编码输入框输入：100001
2017-11-28 01:43:37.284 [main] INFO  com.witontek.ehospital2.base.Log - 【info】com.witontek.ehospital2.base.WebElementsUtils:点击一级科室页面-保存按钮
2017-11-28 01:43:38.407 [main] INFO  com.witontek.ehospital2.base.Log - 【info】com.witontek.ehospital2.base.WebElementsUtils:点击弹框关闭按钮
2017-11-28 01:43:39.454 [main] INFO  com.witontek.ehospital2.base.Log - 【info】com.witontek.ehospital2.base.WebElementsUtils:点击最末页按钮
2017-11-28 01:43:39.928 [main] INFO  com.witontek.ehospital2.base.Log - 【info】com.witontek.ehospital2.base.WebElementsUtils:获取科室管理-新增的一级科室名称的文本信息
2017-11-28 01:43:39.928 [main] INFO  com.witontek.ehospital2.base.Log - 【info】com.witontek.ehospital2.page.DepartmentCategoryManagePage:科室管理-新增的一级科室名称：睿博一级科室
2017-11-28 01:43:40.468 [main] INFO  com.witontek.ehospital2.base.Log - 【info】com.witontek.ehospital2.base.WebElementsUtils:点击科室管理-置顶按钮
2017-11-28 01:43:40.998 [main] ERROR com.witontek.ehospital2.base.Log - 【error】com.witontek.ehospital2.base.WebElementsUtils:未定位到页面元素，点击第一页按钮失败,报错信息：unknown error: Element <a href="javascript:void(0);" ng-click="$ctrl.setPage(0)">...</a> is not clickable at point (1178, 584). Other element would receive the click: <div uib-modal-window="modal-window" class="modal fade ng-scope ng-isolate-scope in" role="dialog" index="0" animate="animate" ng-style="{'z-index': 1050 + $$topModalIndex*10, display: 'block'}" tabindex="-1" uib-modal-animation-class="fade" modal-in-class="in" modal-animation="true" style="z-index: 1050; display: block;">...</div>
  (Session info: chrome=62.0.3202.94)
  (Driver info: chromedriver=2.33.506120 (e3e53437346286c0bc2d2dc9aa4915ba81d9023f),platform=Windows NT 10.0.14393 x86_64) (WARNING: The server did not provide any stacktrace information)
Command duration or timeout: 79 milliseconds
Build info: version: '3.4.0', revision: 'unknown', time: 'unknown'
System info: host: 'USER-20160525XQ', ip: '192.168.1.150', os.name: 'Windows 10', os.arch: 'amd64', os.version: '10.0', java.version: '1.8.0_121'
Driver info: org.openqa.selenium.chrome.ChromeDriver
Capabilities [{applicationCacheEnabled=false, rotatable=false, mobileEmulationEnabled=false, networkConnectionEnabled=false, chrome={chromedriverVersion=2.33.506120 (e3e53437346286c0bc2d2dc9aa4915ba81d9023f), userDataDir=C:\Users\ADMINI~1\AppData\Local\Temp\scoped_dir17040_16820}, takesHeapSnapshot=true, pageLoadStrategy=normal, databaseEnabled=false, handlesAlerts=true, hasTouchScreen=false, version=62.0.3202.94, platform=XP, browserConnectionEnabled=false, nativeEvents=true, acceptSslCerts=true, locationContextEnabled=true, webStorageEnabled=true, browserName=chrome, takesScreenshot=true, javascriptEnabled=true, cssSelectorsEnabled=true, setWindowRect=true, unexpectedAlertBehaviour=}]
Session ID: 6af1911dc4b5c02f9c1e35aaa533873f
2017-11-28 01:43:41.327 [main] INFO  com.witontek.ehospital2.base.Log - 【info】com.witontek.ehospital2.base.BrowserUtils:截图成功
2017-11-28 01:43:44.332 [main] INFO  com.witontek.ehospital2.base.Log - 【info】com.witontek.ehospital2.base.BrowserUtils:等待3秒
2017-11-28 01:43:45.441 [main] INFO  com.witontek.ehospital2.base.Log - 【info】com.witontek.ehospital2.base.BrowserUtils:退出浏览器
2017-11-28 01:43:49.025 [main] INFO  com.witontek.ehospital2.base.Log - 【info】com.witontek.ehospital2.base.DriverUtils:打开谷歌浏览器
2017-11-28 01:43:49.124 [main] INFO  com.witontek.ehospital2.base.Log - 【info】com.witontek.ehospital2.base.ExcelUtils:读取departmentCategoryManage/deleteCategory.xlsx文件
2017-11-28 01:44:04.040 [main] INFO  com.witontek.ehospital2.base.Log - 【info】com.witontek.ehospital2.base.BrowserUtils:打开网址:http://yltest.witontek.com/ehospital3web/web/admin.html#!/
2017-11-28 01:44:04.760 [main] INFO  com.witontek.ehospital2.base.Log - 【info】com.witontek.ehospital2.base.WebElementsUtils:在用户名输入框输入：sqsrmyyadmin
2017-11-28 01:44:05.300 [main] INFO  com.witontek.ehospital2.base.Log - 【info】com.witontek.ehospital2.base.WebElementsUtils:在密码输入框输入：admin
2017-11-28 01:44:05.871 [main] INFO  com.witontek.ehospital2.base.Log - 【info】com.witontek.ehospital2.base.WebElementsUtils:在验证码输入框输入：1111
2017-11-28 01:44:06.405 [main] INFO  com.witontek.ehospital2.base.Log - 【info】com.witontek.ehospital2.base.WebElementsUtils:点击登录按钮
2017-11-28 01:44:07.156 [main] INFO  com.witontek.ehospital2.base.Log - 【info】com.witontek.ehospital2.base.WebElementsUtils:点击业务信息管理
2017-11-28 01:44:08.941 [main] INFO  com.witontek.ehospital2.base.Log - 【info】com.witontek.ehospital2.base.WebElementsUtils:点击科室管理
2017-11-28 01:44:09.447 [main] INFO  com.witontek.ehospital2.base.Log - 【info】com.witontek.ehospital2.base.WebElementsUtils:清空科室管理-科室名称输入框
2017-11-28 01:44:10.069 [main] INFO  com.witontek.ehospital2.base.Log - 【info】com.witontek.ehospital2.base.WebElementsUtils:在科室管理-科室名称输入框输入：睿博一级科室
2017-11-28 01:44:10.609 [main] INFO  com.witontek.ehospital2.base.Log - 【info】com.witontek.ehospital2.base.WebElementsUtils:点击科室管理-搜索按钮
2017-11-28 01:44:11.093 [main] INFO  com.witontek.ehospital2.base.Log - 【info】com.witontek.ehospital2.base.WebElementsUtils:获取总记录数的文本信息
2017-11-28 01:44:11.093 [main] INFO  com.witontek.ehospital2.base.Log - 【info】com.witontek.ehospital2.page.MainPage:总记录数：2
2017-11-28 01:44:11.548 [main] INFO  com.witontek.ehospital2.base.Log - 【info】com.witontek.ehospital2.base.WebElementsUtils:清空科室管理-科室名称输入框
2017-11-28 01:44:12.098 [main] INFO  com.witontek.ehospital2.base.Log - 【info】com.witontek.ehospital2.base.WebElementsUtils:在科室管理-科室名称输入框输入：睿博一级科室
2017-11-28 01:44:12.565 [main] INFO  com.witontek.ehospital2.base.Log - 【info】com.witontek.ehospital2.base.WebElementsUtils:点击科室管理-搜索按钮
2017-11-28 01:44:13.101 [main] INFO  com.witontek.ehospital2.base.Log - 【info】com.witontek.ehospital2.base.WebElementsUtils:点击科室管理-删除按钮
2017-11-28 01:44:14.177 [main] INFO  com.witontek.ehospital2.base.Log - 【info】com.witontek.ehospital2.base.WebElementsUtils:点击弹框关闭按钮
2017-11-28 01:44:15.132 [main] INFO  com.witontek.ehospital2.base.Log - 【info】com.witontek.ehospital2.base.WebElementsUtils:清空科室管理-科室名称输入框
2017-11-28 01:44:15.639 [main] INFO  com.witontek.ehospital2.base.Log - 【info】com.witontek.ehospital2.base.WebElementsUtils:在科室管理-科室名称输入框输入：睿博一级科室
2017-11-28 01:44:16.122 [main] INFO  com.witontek.ehospital2.base.Log - 【info】com.witontek.ehospital2.base.WebElementsUtils:点击科室管理-搜索按钮
2017-11-28 01:44:16.564 [main] INFO  com.witontek.ehospital2.base.Log - 【info】com.witontek.ehospital2.base.WebElementsUtils:获取总记录数的文本信息
2017-11-28 01:44:16.565 [main] INFO  com.witontek.ehospital2.base.Log - 【info】com.witontek.ehospital2.page.MainPage:总记录数：1
2017-11-28 01:44:16.990 [main] INFO  com.witontek.ehospital2.base.Log - 【info】com.witontek.ehospital2.base.WebElementsUtils:获取总记录数的文本信息
2017-11-28 01:44:16.990 [main] INFO  com.witontek.ehospital2.base.Log - 【info】com.witontek.ehospital2.page.MainPage:总记录数：1
2017-11-28 01:44:19.992 [main] INFO  com.witontek.ehospital2.base.Log - 【info】com.witontek.ehospital2.base.BrowserUtils:等待3秒
2017-11-28 01:44:21.072 [main] INFO  com.witontek.ehospital2.base.Log - 【info】com.witontek.ehospital2.base.BrowserUtils:退出浏览器
2017-11-28 01:58:05.371 [main] INFO  com.witontek.ehospital2.base.Log - 【info】com.witontek.ehospital2.base.DriverUtils:打开谷歌浏览器
2017-11-28 01:58:06.295 [main] INFO  com.witontek.ehospital2.base.Log - 【info】com.witontek.ehospital2.base.ExcelUtils:读取departmentCategoryManage/insertCategory.xlsx文件
2017-11-28 01:58:20.165 [main] INFO  com.witontek.ehospital2.base.Log - 【info】com.witontek.ehospital2.base.BrowserUtils:打开网址:http://yltest.witontek.com/ehospital3web/web/admin.html#!/
2017-11-28 01:58:20.879 [main] INFO  com.witontek.ehospital2.base.Log - 【info】com.witontek.ehospital2.base.WebElementsUtils:在用户名输入框输入：sqsrmyyadmin
2017-11-28 01:58:21.440 [main] INFO  com.witontek.ehospital2.base.Log - 【info】com.witontek.ehospital2.base.WebElementsUtils:在密码输入框输入：admin
2017-11-28 01:58:22.002 [main] INFO  com.witontek.ehospital2.base.Log - 【info】com.witontek.ehospital2.base.WebElementsUtils:在验证码输入框输入：1111
2017-11-28 01:58:22.546 [main] INFO  com.witontek.ehospital2.base.Log - 【info】com.witontek.ehospital2.base.WebElementsUtils:点击登录按钮
2017-11-28 01:58:23.688 [main] INFO  com.witontek.ehospital2.base.Log - 【info】com.witontek.ehospital2.base.WebElementsUtils:点击业务信息管理
2017-11-28 01:58:25.482 [main] INFO  com.witontek.ehospital2.base.Log - 【info】com.witontek.ehospital2.base.WebElementsUtils:点击科室管理
2017-11-28 01:58:26.322 [main] INFO  com.witontek.ehospital2.base.Log - 【info】com.witontek.ehospital2.base.WebElementsUtils:点击科室管理-新增一级科室按钮
2017-11-28 01:58:27.026 [main] INFO  com.witontek.ehospital2.base.Log - 【info】com.witontek.ehospital2.base.WebElementsUtils:在一级科室页面-科室名称输入框输入：睿博一级科室
2017-11-28 01:58:27.643 [main] INFO  com.witontek.ehospital2.base.Log - 【info】com.witontek.ehospital2.base.WebElementsUtils:在一级科室页面-科室编码输入框输入：100001
2017-11-28 01:58:28.214 [main] INFO  com.witontek.ehospital2.base.Log - 【info】com.witontek.ehospital2.base.WebElementsUtils:点击一级科室页面-保存按钮
2017-11-28 01:58:29.401 [main] INFO  com.witontek.ehospital2.base.Log - 【info】com.witontek.ehospital2.base.WebElementsUtils:点击弹框关闭按钮
2017-11-28 01:58:30.479 [main] INFO  com.witontek.ehospital2.base.Log - 【info】com.witontek.ehospital2.base.WebElementsUtils:点击最末页按钮
2017-11-28 01:58:30.952 [main] INFO  com.witontek.ehospital2.base.Log - 【info】com.witontek.ehospital2.base.WebElementsUtils:获取科室管理-新增的一级科室名称的文本信息
2017-11-28 01:58:30.952 [main] INFO  com.witontek.ehospital2.base.Log - 【info】com.witontek.ehospital2.page.DepartmentCategoryManagePage:科室管理-新增的一级科室名称：睿博一级科室
2017-11-28 01:58:30.954 [main] INFO  com.witontek.ehospital2.base.Log - 【info】com.witontek.ehospital2.base.AssertUtils:实际结果（睿博一级科室）包含预期结果（睿博一级科室），新增一级科室成功
2017-11-28 01:58:31.041 [main] INFO  com.witontek.ehospital2.base.Log - 【info】com.witontek.ehospital2.base.ExcelUtils:读取departmentCategoryManage/searchCategory.xlsx文件
2017-11-28 01:58:31.130 [main] INFO  com.witontek.ehospital2.base.Log - 【info】com.witontek.ehospital2.base.BrowserUtils:打开网址:http://yltest.witontek.com/ehospital3web/web/admin.html#!/
2017-11-28 01:58:31.772 [main] INFO  com.witontek.ehospital2.base.Log - 【info】com.witontek.ehospital2.base.WebElementsUtils:在用户名输入框输入：sqsrmyyadmin
2017-11-28 01:58:32.309 [main] INFO  com.witontek.ehospital2.base.Log - 【info】com.witontek.ehospital2.base.WebElementsUtils:在密码输入框输入：admin
2017-11-28 01:58:32.884 [main] INFO  com.witontek.ehospital2.base.Log - 【info】com.witontek.ehospital2.base.WebElementsUtils:在验证码输入框输入：1111
2017-11-28 01:58:33.407 [main] INFO  com.witontek.ehospital2.base.Log - 【info】com.witontek.ehospital2.base.WebElementsUtils:点击登录按钮
2017-11-28 01:58:34.344 [main] INFO  com.witontek.ehospital2.base.Log - 【info】com.witontek.ehospital2.base.WebElementsUtils:清空科室管理-科室名称输入框
2017-11-28 01:58:34.886 [main] INFO  com.witontek.ehospital2.base.Log - 【info】com.witontek.ehospital2.base.WebElementsUtils:在科室管理-科室名称输入框输入：睿博一级科室
2017-11-28 01:58:35.456 [main] INFO  com.witontek.ehospital2.base.Log - 【info】com.witontek.ehospital2.base.WebElementsUtils:点击科室管理-搜索按钮
2017-11-28 01:58:35.940 [main] INFO  com.witontek.ehospital2.base.Log - 【info】com.witontek.ehospital2.base.WebElementsUtils:获取科室管理-序号1的一级科室名称的文本信息
2017-11-28 01:58:35.941 [main] INFO  com.witontek.ehospital2.base.Log - 【info】com.witontek.ehospital2.page.DepartmentCategoryManagePage:科室管理-序号2的一级科室名称：睿博一级科室（改）
2017-11-28 01:58:35.941 [main] INFO  com.witontek.ehospital2.base.Log - 【info】com.witontek.ehospital2.base.AssertUtils:实际结果（睿博一级科室（改））包含预期结果（睿博一级科室），搜索一级科室成功
2017-11-28 01:58:36.037 [main] INFO  com.witontek.ehospital2.base.Log - 【info】com.witontek.ehospital2.base.ExcelUtils:读取departmentCategoryManage/moveTopCategory.xlsx文件
2017-11-28 01:58:36.144 [main] INFO  com.witontek.ehospital2.base.Log - 【info】com.witontek.ehospital2.base.BrowserUtils:打开网址:http://yltest.witontek.com/ehospital3web/web/admin.html#!/
2017-11-28 01:58:36.744 [main] INFO  com.witontek.ehospital2.base.Log - 【info】com.witontek.ehospital2.base.WebElementsUtils:在用户名输入框输入：sqsrmyyadmin
2017-11-28 01:58:37.284 [main] INFO  com.witontek.ehospital2.base.Log - 【info】com.witontek.ehospital2.base.WebElementsUtils:在密码输入框输入：admin
2017-11-28 01:58:37.852 [main] INFO  com.witontek.ehospital2.base.Log - 【info】com.witontek.ehospital2.base.WebElementsUtils:在验证码输入框输入：1111
2017-11-28 01:58:38.390 [main] INFO  com.witontek.ehospital2.base.Log - 【info】com.witontek.ehospital2.base.WebElementsUtils:点击登录按钮
2017-11-28 01:58:39.222 [main] INFO  com.witontek.ehospital2.base.Log - 【info】com.witontek.ehospital2.base.WebElementsUtils:点击最末页按钮
2017-11-28 01:58:39.760 [main] INFO  com.witontek.ehospital2.base.Log - 【info】com.witontek.ehospital2.base.WebElementsUtils:点击科室管理-置顶按钮
2017-11-28 01:58:40.807 [main] INFO  com.witontek.ehospital2.base.Log - 【info】com.witontek.ehospital2.base.WebElementsUtils:点击弹框关闭按钮
2017-11-28 01:58:41.841 [main] INFO  com.witontek.ehospital2.base.Log - 【info】com.witontek.ehospital2.base.WebElementsUtils:点击第一页按钮
2017-11-28 01:58:42.328 [main] INFO  com.witontek.ehospital2.base.Log - 【info】com.witontek.ehospital2.base.WebElementsUtils:获取科室管理-序号1的一级科室名称的文本信息
2017-11-28 01:58:42.329 [main] INFO  com.witontek.ehospital2.base.Log - 【info】com.witontek.ehospital2.page.DepartmentCategoryManagePage:科室管理-序号2的一级科室名称：睿博一级科室
2017-11-28 01:58:42.329 [main] INFO  com.witontek.ehospital2.base.Log - 【info】com.witontek.ehospital2.base.AssertUtils:实际结果（睿博一级科室）包含预期结果（睿博一级科室），置顶一级科室成功
2017-11-28 01:58:42.404 [main] INFO  com.witontek.ehospital2.base.Log - 【info】com.witontek.ehospital2.base.ExcelUtils:读取departmentCategoryManage/updateCategory.xlsx文件
2017-11-28 01:58:42.510 [main] INFO  com.witontek.ehospital2.base.Log - 【info】com.witontek.ehospital2.base.BrowserUtils:打开网址:http://yltest.witontek.com/ehospital3web/web/admin.html#!/
2017-11-28 01:58:43.149 [main] INFO  com.witontek.ehospital2.base.Log - 【info】com.witontek.ehospital2.base.WebElementsUtils:在用户名输入框输入：sqsrmyyadmin
2017-11-28 01:58:43.714 [main] INFO  com.witontek.ehospital2.base.Log - 【info】com.witontek.ehospital2.base.WebElementsUtils:在密码输入框输入：admin
2017-11-28 01:58:44.283 [main] INFO  com.witontek.ehospital2.base.Log - 【info】com.witontek.ehospital2.base.WebElementsUtils:在验证码输入框输入：1111
2017-11-28 01:58:44.810 [main] INFO  com.witontek.ehospital2.base.Log - 【info】com.witontek.ehospital2.base.WebElementsUtils:点击登录按钮
2017-11-28 01:58:45.743 [main] INFO  com.witontek.ehospital2.base.Log - 【info】com.witontek.ehospital2.base.WebElementsUtils:点击科室管理-编辑按钮
2017-11-28 01:58:46.289 [main] INFO  com.witontek.ehospital2.base.Log - 【info】com.witontek.ehospital2.base.WebElementsUtils:清空一级科室页面-科室名称输入框
2017-11-28 01:58:46.911 [main] INFO  com.witontek.ehospital2.base.Log - 【info】com.witontek.ehospital2.base.WebElementsUtils:在一级科室页面-科室名称输入框输入：睿博一级科室（改）
2017-11-28 01:58:47.463 [main] INFO  com.witontek.ehospital2.base.Log - 【info】com.witontek.ehospital2.base.WebElementsUtils:清空一级科室页面-科室编码输入框
2017-11-28 01:58:48.088 [main] INFO  com.witontek.ehospital2.base.Log - 【info】com.witontek.ehospital2.base.WebElementsUtils:在一级科室页面-科室编码输入框输入：100002
2017-11-28 01:58:48.636 [main] INFO  com.witontek.ehospital2.base.Log - 【info】com.witontek.ehospital2.base.WebElementsUtils:点击一级科室页面-修改按钮
2017-11-28 01:58:49.782 [main] INFO  com.witontek.ehospital2.base.Log - 【info】com.witontek.ehospital2.base.WebElementsUtils:点击弹框关闭按钮
2017-11-28 01:58:50.757 [main] INFO  com.witontek.ehospital2.base.Log - 【info】com.witontek.ehospital2.base.WebElementsUtils:获取科室管理-序号1的一级科室名称的文本信息
2017-11-28 01:58:50.757 [main] INFO  com.witontek.ehospital2.base.Log - 【info】com.witontek.ehospital2.page.DepartmentCategoryManagePage:科室管理-序号2的一级科室名称：睿博一级科室（改）
2017-11-28 01:58:50.758 [main] INFO  com.witontek.ehospital2.base.Log - 【info】com.witontek.ehospital2.base.AssertUtils:实际结果（睿博一级科室（改））与预期结果（睿博一级科室（改））相等，编辑一级科室成功
2017-11-28 01:58:50.835 [main] INFO  com.witontek.ehospital2.base.Log - 【info】com.witontek.ehospital2.base.ExcelUtils:读取departmentCategoryManage/moveDownCategory.xlsx文件
2017-11-28 01:58:50.952 [main] INFO  com.witontek.ehospital2.base.Log - 【info】com.witontek.ehospital2.base.BrowserUtils:打开网址:http://yltest.witontek.com/ehospital3web/web/admin.html#!/
2017-11-28 01:58:51.572 [main] INFO  com.witontek.ehospital2.base.Log - 【info】com.witontek.ehospital2.base.WebElementsUtils:在用户名输入框输入：sqsrmyyadmin
2017-11-28 01:58:52.110 [main] INFO  com.witontek.ehospital2.base.Log - 【info】com.witontek.ehospital2.base.WebElementsUtils:在密码输入框输入：admin
2017-11-28 01:58:52.677 [main] INFO  com.witontek.ehospital2.base.Log - 【info】com.witontek.ehospital2.base.WebElementsUtils:在验证码输入框输入：1111
2017-11-28 01:58:53.209 [main] INFO  com.witontek.ehospital2.base.Log - 【info】com.witontek.ehospital2.base.WebElementsUtils:点击登录按钮
2017-11-28 01:58:54.003 [main] INFO  com.witontek.ehospital2.base.Log - 【info】com.witontek.ehospital2.base.WebElementsUtils:点击业务信息管理
2017-11-28 01:58:54.505 [main] INFO  com.witontek.ehospital2.base.Log - 【info】com.witontek.ehospital2.base.WebElementsUtils:点击业务信息管理
2017-11-28 01:58:57.042 [main] INFO  com.witontek.ehospital2.base.Log - 【info】com.witontek.ehospital2.base.WebElementsUtils:点击科室管理
2017-11-28 01:58:57.628 [main] INFO  com.witontek.ehospital2.base.Log - 【info】com.witontek.ehospital2.base.WebElementsUtils:点击科室管理-新增一级科室按钮
2017-11-28 01:58:58.337 [main] INFO  com.witontek.ehospital2.base.Log - 【info】com.witontek.ehospital2.base.WebElementsUtils:在一级科室页面-科室名称输入框输入：睿博一级科室
2017-11-28 01:58:58.894 [main] INFO  com.witontek.ehospital2.base.Log - 【info】com.witontek.ehospital2.base.WebElementsUtils:在一级科室页面-科室编码输入框输入：100001
2017-11-28 01:58:59.443 [main] INFO  com.witontek.ehospital2.base.Log - 【info】com.witontek.ehospital2.base.WebElementsUtils:点击一级科室页面-保存按钮
2017-11-28 01:59:00.604 [main] INFO  com.witontek.ehospital2.base.Log - 【info】com.witontek.ehospital2.base.WebElementsUtils:点击弹框关闭按钮
2017-11-28 01:59:01.638 [main] INFO  com.witontek.ehospital2.base.Log - 【info】com.witontek.ehospital2.base.WebElementsUtils:点击最末页按钮
2017-11-28 01:59:02.124 [main] INFO  com.witontek.ehospital2.base.Log - 【info】com.witontek.ehospital2.base.WebElementsUtils:获取科室管理-新增的一级科室名称的文本信息
2017-11-28 01:59:02.124 [main] INFO  com.witontek.ehospital2.base.Log - 【info】com.witontek.ehospital2.page.DepartmentCategoryManagePage:科室管理-新增的一级科室名称：睿博一级科室
2017-11-28 01:59:02.601 [main] INFO  com.witontek.ehospital2.base.Log - 【info】com.witontek.ehospital2.base.WebElementsUtils:点击最末页按钮
2017-11-28 01:59:03.128 [main] INFO  com.witontek.ehospital2.base.Log - 【info】com.witontek.ehospital2.base.WebElementsUtils:点击科室管理-置顶按钮
2017-11-28 01:59:04.168 [main] INFO  com.witontek.ehospital2.base.Log - 【info】com.witontek.ehospital2.base.WebElementsUtils:点击弹框关闭按钮
2017-11-28 01:59:05.177 [main] INFO  com.witontek.ehospital2.base.Log - 【info】com.witontek.ehospital2.base.WebElementsUtils:点击第一页按钮
2017-11-28 01:59:05.644 [main] INFO  com.witontek.ehospital2.base.Log - 【info】com.witontek.ehospital2.base.WebElementsUtils:获取科室管理-序号1的一级科室名称的文本信息
2017-11-28 01:59:05.645 [main] INFO  com.witontek.ehospital2.base.Log - 【info】com.witontek.ehospital2.page.DepartmentCategoryManagePage:科室管理-序号2的一级科室名称：睿博一级科室
2017-11-28 01:59:06.200 [main] INFO  com.witontek.ehospital2.base.Log - 【info】com.witontek.ehospital2.base.WebElementsUtils:点击科室管理-下移按钮
2017-11-28 01:59:07.229 [main] INFO  com.witontek.ehospital2.base.Log - 【info】com.witontek.ehospital2.base.WebElementsUtils:点击弹框关闭按钮
2017-11-28 01:59:08.194 [main] INFO  com.witontek.ehospital2.base.Log - 【info】com.witontek.ehospital2.base.WebElementsUtils:获取科室管理-序号2的一级科室名称的文本信息
2017-11-28 01:59:08.194 [main] INFO  com.witontek.ehospital2.base.Log - 【info】com.witontek.ehospital2.page.DepartmentCategoryManagePage:科室管理-序号2的一级科室名称：睿博一级科室
2017-11-28 01:59:08.194 [main] INFO  com.witontek.ehospital2.base.Log - 【info】com.witontek.ehospital2.base.AssertUtils:实际结果（睿博一级科室）与预期结果（睿博一级科室）相等，下移一级科室成功
2017-11-28 01:59:08.257 [main] INFO  com.witontek.ehospital2.base.Log - 【info】com.witontek.ehospital2.base.ExcelUtils:读取departmentCategoryManage/moveUpCategory.xlsx文件
2017-11-28 01:59:08.338 [main] INFO  com.witontek.ehospital2.base.Log - 【info】com.witontek.ehospital2.base.BrowserUtils:打开网址:http://yltest.witontek.com/ehospital3web/web/admin.html#!/
2017-11-28 01:59:08.997 [main] INFO  com.witontek.ehospital2.base.Log - 【info】com.witontek.ehospital2.base.WebElementsUtils:在用户名输入框输入：sqsrmyyadmin
2017-11-28 01:59:09.520 [main] INFO  com.witontek.ehospital2.base.Log - 【info】com.witontek.ehospital2.base.WebElementsUtils:在密码输入框输入：admin
2017-11-28 01:59:10.081 [main] INFO  com.witontek.ehospital2.base.Log - 【info】com.witontek.ehospital2.base.WebElementsUtils:在验证码输入框输入：1111
2017-11-28 01:59:10.622 [main] INFO  com.witontek.ehospital2.base.Log - 【info】com.witontek.ehospital2.base.WebElementsUtils:点击登录按钮
2017-11-28 01:59:11.435 [main] INFO  com.witontek.ehospital2.base.Log - 【info】com.witontek.ehospital2.base.WebElementsUtils:点击科室管理-上移按钮
2017-11-28 01:59:12.447 [main] INFO  com.witontek.ehospital2.base.Log - 【info】com.witontek.ehospital2.base.WebElementsUtils:点击弹框关闭按钮
2017-11-28 01:59:13.403 [main] INFO  com.witontek.ehospital2.base.Log - 【info】com.witontek.ehospital2.base.WebElementsUtils:获取科室管理-序号1的一级科室名称的文本信息
2017-11-28 01:59:13.403 [main] INFO  com.witontek.ehospital2.base.Log - 【info】com.witontek.ehospital2.page.DepartmentCategoryManagePage:科室管理-序号2的一级科室名称：睿博一级科室
2017-11-28 01:59:13.403 [main] INFO  com.witontek.ehospital2.base.Log - 【info】com.witontek.ehospital2.base.AssertUtils:实际结果（睿博一级科室）包含预期结果（睿博一级科室），上移一级科室成功
2017-11-28 01:59:16.406 [main] INFO  com.witontek.ehospital2.base.Log - 【info】com.witontek.ehospital2.base.BrowserUtils:等待3秒
2017-11-28 01:59:17.579 [main] INFO  com.witontek.ehospital2.base.Log - 【info】com.witontek.ehospital2.base.BrowserUtils:退出浏览器
2017-11-28 01:59:20.825 [main] INFO  com.witontek.ehospital2.base.Log - 【info】com.witontek.ehospital2.base.DriverUtils:打开谷歌浏览器
2017-11-28 01:59:21.082 [main] INFO  com.witontek.ehospital2.base.Log - 【info】com.witontek.ehospital2.base.ExcelUtils:读取departmentCategoryManage/deleteCategory.xlsx文件
2017-11-28 01:59:34.334 [main] INFO  com.witontek.ehospital2.base.Log - 【info】com.witontek.ehospital2.base.BrowserUtils:打开网址:http://yltest.witontek.com/ehospital3web/web/admin.html#!/
2017-11-28 01:59:34.986 [main] INFO  com.witontek.ehospital2.base.Log - 【info】com.witontek.ehospital2.base.WebElementsUtils:在用户名输入框输入：sqsrmyyadmin
2017-11-28 01:59:35.550 [main] INFO  com.witontek.ehospital2.base.Log - 【info】com.witontek.ehospital2.base.WebElementsUtils:在密码输入框输入：admin
2017-11-28 01:59:36.125 [main] INFO  com.witontek.ehospital2.base.Log - 【info】com.witontek.ehospital2.base.WebElementsUtils:在验证码输入框输入：1111
2017-11-28 01:59:36.683 [main] INFO  com.witontek.ehospital2.base.Log - 【info】com.witontek.ehospital2.base.WebElementsUtils:点击登录按钮
2017-11-28 01:59:37.407 [main] INFO  com.witontek.ehospital2.base.Log - 【info】com.witontek.ehospital2.base.WebElementsUtils:点击业务信息管理
2017-11-28 01:59:39.239 [main] INFO  com.witontek.ehospital2.base.Log - 【info】com.witontek.ehospital2.base.WebElementsUtils:点击科室管理
2017-11-28 01:59:39.847 [main] INFO  com.witontek.ehospital2.base.Log - 【info】com.witontek.ehospital2.base.WebElementsUtils:清空科室管理-科室名称输入框
2017-11-28 01:59:40.475 [main] INFO  com.witontek.ehospital2.base.Log - 【info】com.witontek.ehospital2.base.WebElementsUtils:在科室管理-科室名称输入框输入：睿博一级科室
2017-11-28 01:59:41.002 [main] INFO  com.witontek.ehospital2.base.Log - 【info】com.witontek.ehospital2.base.WebElementsUtils:点击科室管理-搜索按钮
2017-11-28 01:59:41.495 [main] INFO  com.witontek.ehospital2.base.Log - 【info】com.witontek.ehospital2.base.WebElementsUtils:获取总记录数的文本信息
2017-11-28 01:59:41.495 [main] INFO  com.witontek.ehospital2.base.Log - 【info】com.witontek.ehospital2.page.MainPage:总记录数：3
2017-11-28 01:59:41.935 [main] INFO  com.witontek.ehospital2.base.Log - 【info】com.witontek.ehospital2.base.WebElementsUtils:清空科室管理-科室名称输入框
2017-11-28 01:59:42.449 [main] INFO  com.witontek.ehospital2.base.Log - 【info】com.witontek.ehospital2.base.WebElementsUtils:在科室管理-科室名称输入框输入：睿博一级科室
2017-11-28 01:59:42.919 [main] INFO  com.witontek.ehospital2.base.Log - 【info】com.witontek.ehospital2.base.WebElementsUtils:点击科室管理-搜索按钮
2017-11-28 01:59:43.456 [main] INFO  com.witontek.ehospital2.base.Log - 【info】com.witontek.ehospital2.base.WebElementsUtils:点击科室管理-删除按钮
2017-11-28 01:59:44.498 [main] INFO  com.witontek.ehospital2.base.Log - 【info】com.witontek.ehospital2.base.WebElementsUtils:点击弹框关闭按钮
2017-11-28 01:59:45.445 [main] INFO  com.witontek.ehospital2.base.Log - 【info】com.witontek.ehospital2.base.WebElementsUtils:清空科室管理-科室名称输入框
2017-11-28 01:59:45.991 [main] INFO  com.witontek.ehospital2.base.Log - 【info】com.witontek.ehospital2.base.WebElementsUtils:在科室管理-科室名称输入框输入：睿博一级科室
2017-11-28 01:59:46.476 [main] INFO  com.witontek.ehospital2.base.Log - 【info】com.witontek.ehospital2.base.WebElementsUtils:点击科室管理-搜索按钮
2017-11-28 01:59:46.923 [main] INFO  com.witontek.ehospital2.base.Log - 【info】com.witontek.ehospital2.base.WebElementsUtils:获取总记录数的文本信息
2017-11-28 01:59:46.924 [main] INFO  com.witontek.ehospital2.base.Log - 【info】com.witontek.ehospital2.page.MainPage:总记录数：2
2017-11-28 01:59:46.924 [main] ERROR com.witontek.ehospital2.base.Log - 【error】com.witontek.ehospital2.business.DepartmentCategoryManage:删除一级科室失败
2017-11-28 01:59:47.368 [main] INFO  com.witontek.ehospital2.base.Log - 【info】com.witontek.ehospital2.base.WebElementsUtils:获取总记录数的文本信息
2017-11-28 01:59:47.368 [main] INFO  com.witontek.ehospital2.base.Log - 【info】com.witontek.ehospital2.page.MainPage:总记录数：2
2017-11-28 01:59:47.825 [main] INFO  com.witontek.ehospital2.base.Log - 【info】com.witontek.ehospital2.base.WebElementsUtils:清空科室管理-科室名称输入框
2017-11-28 01:59:48.355 [main] INFO  com.witontek.ehospital2.base.Log - 【info】com.witontek.ehospital2.base.WebElementsUtils:在科室管理-科室名称输入框输入：睿博一级科室
2017-11-28 01:59:48.810 [main] INFO  com.witontek.ehospital2.base.Log - 【info】com.witontek.ehospital2.base.WebElementsUtils:点击科室管理-搜索按钮
2017-11-28 01:59:49.305 [main] INFO  com.witontek.ehospital2.base.Log - 【info】com.witontek.ehospital2.base.WebElementsUtils:点击科室管理-删除按钮
2017-11-28 01:59:50.339 [main] INFO  com.witontek.ehospital2.base.Log - 【info】com.witontek.ehospital2.base.WebElementsUtils:点击弹框关闭按钮
2017-11-28 01:59:51.287 [main] INFO  com.witontek.ehospital2.base.Log - 【info】com.witontek.ehospital2.base.WebElementsUtils:清空科室管理-科室名称输入框
2017-11-28 01:59:51.813 [main] INFO  com.witontek.ehospital2.base.Log - 【info】com.witontek.ehospital2.base.WebElementsUtils:在科室管理-科室名称输入框输入：睿博一级科室
2017-11-28 01:59:52.335 [main] INFO  com.witontek.ehospital2.base.Log - 【info】com.witontek.ehospital2.base.WebElementsUtils:点击科室管理-搜索按钮
2017-11-28 01:59:52.818 [main] INFO  com.witontek.ehospital2.base.Log - 【info】com.witontek.ehospital2.base.WebElementsUtils:获取总记录数的文本信息
2017-11-28 01:59:52.818 [main] INFO  com.witontek.ehospital2.base.Log - 【info】com.witontek.ehospital2.page.MainPage:总记录数：1
2017-11-28 01:59:52.818 [main] ERROR com.witontek.ehospital2.base.Log - 【error】com.witontek.ehospital2.business.DepartmentCategoryManage:删除一级科室失败
2017-11-28 01:59:53.250 [main] INFO  com.witontek.ehospital2.base.Log - 【info】com.witontek.ehospital2.base.WebElementsUtils:获取总记录数的文本信息
2017-11-28 01:59:53.250 [main] INFO  com.witontek.ehospital2.base.Log - 【info】com.witontek.ehospital2.page.MainPage:总记录数：1
2017-11-28 01:59:56.253 [main] INFO  com.witontek.ehospital2.base.Log - 【info】com.witontek.ehospital2.base.BrowserUtils:等待3秒
2017-11-28 01:59:57.272 [main] INFO  com.witontek.ehospital2.base.Log - 【info】com.witontek.ehospital2.base.BrowserUtils:退出浏览器
