2017-11-28 10:17:37.079 [main] INFO  com.witontek.ehospital2.base.Log - 【info】com.witontek.ehospital2.base.DriverUtils:打开谷歌浏览器
2017-11-28 10:17:37.209 [main] ERROR com.witontek.ehospital2.base.Log - 【error】com.witontek.ehospital2.base.ExcelUtils:读取DepartmentManage/insertDepartment.xlsx文件失败,报错信息：Can't open the specified file input stream from file: 'D:\java\workspace\ehospital2_auto\testCase\sqsrmyyadmin\DepartmentManage\insertDepartment.xlsx'
2017-11-28 10:17:40.242 [main] INFO  com.witontek.ehospital2.base.Log - 【info】com.witontek.ehospital2.base.BrowserUtils:等待3秒
2017-11-28 10:19:20.687 [main] INFO  com.witontek.ehospital2.base.Log - 【info】com.witontek.ehospital2.base.DriverUtils:打开谷歌浏览器
2017-11-28 10:19:21.819 [main] INFO  com.witontek.ehospital2.base.Log - 【info】com.witontek.ehospital2.base.ExcelUtils:读取DepartmentManage/insertDepartment.xlsx文件
2017-11-28 10:19:38.880 [main] INFO  com.witontek.ehospital2.base.Log - 【info】com.witontek.ehospital2.base.BrowserUtils:打开网址:http://yltest.witontek.com/ehospital3web/web/admin.html#!/
2017-11-28 10:19:39.528 [main] INFO  com.witontek.ehospital2.base.Log - 【info】com.witontek.ehospital2.base.WebElementsUtils:在用户名输入框输入：sqsrmyyadmin
2017-11-28 10:19:40.077 [main] INFO  com.witontek.ehospital2.base.Log - 【info】com.witontek.ehospital2.base.WebElementsUtils:在密码输入框输入：admin
2017-11-28 10:19:40.650 [main] INFO  com.witontek.ehospital2.base.Log - 【info】com.witontek.ehospital2.base.WebElementsUtils:在验证码输入框输入：1111
2017-11-28 10:19:41.192 [main] INFO  com.witontek.ehospital2.base.Log - 【info】com.witontek.ehospital2.base.WebElementsUtils:点击登录按钮
2017-11-28 10:19:42.367 [main] INFO  com.witontek.ehospital2.base.Log - 【info】com.witontek.ehospital2.base.WebElementsUtils:点击业务信息管理
2017-11-28 10:19:44.111 [main] INFO  com.witontek.ehospital2.base.Log - 【info】com.witontek.ehospital2.base.WebElementsUtils:点击科室管理
2017-11-28 10:19:54.559 [main] ERROR com.witontek.ehospital2.base.Log - 【error】com.witontek.ehospital2.base.WebElementsUtils:查找科室管理-查看二级科室按钮的网页元素时出错,报错信息：no such element: Unable to locate element: {"method":"xpath","selector":"//li[contains(.,'睿博一级科室')]/parent::ul/li[4]/div/div[1]/a[3]"}
  (Session info: chrome=62.0.3202.94)
  (Driver info: chromedriver=2.33.506120 (e3e53437346286c0bc2d2dc9aa4915ba81d9023f),platform=Windows NT 10.0.14393 x86_64) (WARNING: The server did not provide any stacktrace information)
Command duration or timeout: 10.04 seconds
For documentation on this error, please visit: http://seleniumhq.org/exceptions/no_such_element.html
Build info: version: '3.4.0', revision: 'unknown', time: 'unknown'
System info: host: 'USER-20160525XQ', ip: '192.168.1.150', os.name: 'Windows 10', os.arch: 'amd64', os.version: '10.0', java.version: '1.8.0_121'
Driver info: org.openqa.selenium.chrome.ChromeDriver
Capabilities [{applicationCacheEnabled=false, rotatable=false, mobileEmulationEnabled=false, networkConnectionEnabled=false, chrome={chromedriverVersion=2.33.506120 (e3e53437346286c0bc2d2dc9aa4915ba81d9023f), userDataDir=C:\Users\ADMINI~1\AppData\Local\Temp\scoped_dir9212_30628}, takesHeapSnapshot=true, pageLoadStrategy=normal, databaseEnabled=false, handlesAlerts=true, hasTouchScreen=false, version=62.0.3202.94, platform=XP, browserConnectionEnabled=false, nativeEvents=true, acceptSslCerts=true, locationContextEnabled=true, webStorageEnabled=true, browserName=chrome, takesScreenshot=true, javascriptEnabled=true, cssSelectorsEnabled=true, setWindowRect=true, unexpectedAlertBehaviour=}]
Session ID: 83d6f03bfdb87ca4876b66de172c1c3b
*** Element info: {Using=xpath, value=//li[contains(.,'睿博一级科室')]/parent::ul/li[4]/div/div[1]/a[3]}
2017-11-28 10:19:54.972 [main] INFO  com.witontek.ehospital2.base.Log - 【info】com.witontek.ehospital2.base.BrowserUtils:截图成功
2017-11-28 10:19:57.981 [main] INFO  com.witontek.ehospital2.base.Log - 【info】com.witontek.ehospital2.base.BrowserUtils:等待3秒
2017-11-28 10:19:59.231 [main] INFO  com.witontek.ehospital2.base.Log - 【info】com.witontek.ehospital2.base.BrowserUtils:退出浏览器
2017-11-28 10:20:44.920 [main] INFO  com.witontek.ehospital2.base.Log - 【info】com.witontek.ehospital2.base.DriverUtils:打开谷歌浏览器
2017-11-28 10:20:45.869 [main] INFO  com.witontek.ehospital2.base.Log - 【info】com.witontek.ehospital2.base.ExcelUtils:读取DepartmentManage/insertDepartment.xlsx文件
2017-11-28 10:20:59.810 [main] INFO  com.witontek.ehospital2.base.Log - 【info】com.witontek.ehospital2.base.BrowserUtils:打开网址:http://yltest.witontek.com/ehospital3web/web/admin.html#!/
2017-11-28 10:21:00.478 [main] INFO  com.witontek.ehospital2.base.Log - 【info】com.witontek.ehospital2.base.WebElementsUtils:在用户名输入框输入：sqsrmyyadmin
2017-11-28 10:21:01.021 [main] INFO  com.witontek.ehospital2.base.Log - 【info】com.witontek.ehospital2.base.WebElementsUtils:在密码输入框输入：admin
2017-11-28 10:21:01.587 [main] INFO  com.witontek.ehospital2.base.Log - 【info】com.witontek.ehospital2.base.WebElementsUtils:在验证码输入框输入：1111
2017-11-28 10:21:02.127 [main] INFO  com.witontek.ehospital2.base.Log - 【info】com.witontek.ehospital2.base.WebElementsUtils:点击登录按钮
2017-11-28 10:21:03.317 [main] INFO  com.witontek.ehospital2.base.Log - 【info】com.witontek.ehospital2.base.WebElementsUtils:点击业务信息管理
2017-11-28 10:21:05.153 [main] INFO  com.witontek.ehospital2.base.Log - 【info】com.witontek.ehospital2.base.WebElementsUtils:点击科室管理
2017-11-28 10:21:05.738 [main] INFO  com.witontek.ehospital2.base.Log - 【info】com.witontek.ehospital2.base.WebElementsUtils:点击科室管理-查看二级科室按钮
2017-11-28 10:21:06.362 [main] INFO  com.witontek.ehospital2.base.Log - 【info】com.witontek.ehospital2.base.WebElementsUtils:点击二级科室管理-新增二级科室按钮
2017-11-28 10:21:06.947 [main] INFO  com.witontek.ehospital2.base.Log - 【info】com.witontek.ehospital2.base.WebElementsUtils:在二级科室页面-科室名称输入框输入：睿博二级科室
2017-11-28 10:21:07.525 [main] INFO  com.witontek.ehospital2.base.Log - 【info】com.witontek.ehospital2.base.WebElementsUtils:在二级科室页面-科室编码输入框输入：100003
2017-11-28 10:21:08.124 [main] INFO  com.witontek.ehospital2.base.Log - 【info】com.witontek.ehospital2.base.WebElementsUtils:点击二级科室页面-选择所属一级科室下拉框
2017-11-28 10:21:08.651 [main] INFO  com.witontek.ehospital2.base.Log - 【info】com.witontek.ehospital2.base.WebElementsUtils:点击二级科室页面-选择所属一级科室按钮
2017-11-28 10:21:09.285 [main] INFO  com.witontek.ehospital2.base.Log - 【info】com.witontek.ehospital2.base.WebElementsUtils:在二级科室页面-科室电话输入框输入：2713350
2017-11-28 10:21:09.845 [main] INFO  com.witontek.ehospital2.base.Log - 【info】com.witontek.ehospital2.base.WebElementsUtils:在二级科室页面-科室地址输入框输入：科室地址
2017-11-28 10:21:10.405 [main] INFO  com.witontek.ehospital2.base.Log - 【info】com.witontek.ehospital2.base.WebElementsUtils:在二级科室页面-科室特色输入框输入：科室特色
2017-11-28 10:21:10.955 [main] INFO  com.witontek.ehospital2.base.Log - 【info】com.witontek.ehospital2.base.WebElementsUtils:在二级科室页面-科室简介输入框输入：科室简介
2017-11-28 10:21:11.505 [main] INFO  com.witontek.ehospital2.base.Log - 【info】com.witontek.ehospital2.base.WebElementsUtils:在二级科室页面-注意事项输入框输入：注意事项
2017-11-28 10:21:12.082 [main] INFO  com.witontek.ehospital2.base.Log - 【info】com.witontek.ehospital2.base.WebElementsUtils:点击二级科室页面-保存按钮
2017-11-28 10:21:13.117 [main] INFO  com.witontek.ehospital2.base.Log - 【info】com.witontek.ehospital2.base.WebElementsUtils:点击弹框关闭按钮
2017-11-28 10:21:14.107 [main] INFO  com.witontek.ehospital2.base.Log - 【info】com.witontek.ehospital2.base.WebElementsUtils:获取二级科室管理-序号1的二级科室名称的文本信息
2017-11-28 10:21:14.108 [main] INFO  com.witontek.ehospital2.base.Log - 【info】com.witontek.ehospital2.page.DepartmentManagePage:二级科室管理-序号1的二级科室名称：睿博二级科室
2017-11-28 10:21:14.109 [main] INFO  com.witontek.ehospital2.base.Log - 【info】com.witontek.ehospital2.base.AssertUtils:实际结果（睿博二级科室）与预期结果（睿博二级科室）相等，新增二级科室成功
2017-11-28 10:21:17.112 [main] INFO  com.witontek.ehospital2.base.Log - 【info】com.witontek.ehospital2.base.BrowserUtils:等待3秒
2017-11-28 10:21:18.196 [main] INFO  com.witontek.ehospital2.base.Log - 【info】com.witontek.ehospital2.base.BrowserUtils:退出浏览器
