2017-11-10 15:01:42.173 [main] INFO  com.witontek.ehospital2.base.Log - 【info】com.witontek.ehospital2.base.DriverUtils:打开谷歌浏览器
2017-11-10 15:01:58.246 [main] INFO  com.witontek.ehospital2.base.Log - 【info】com.witontek.ehospital2.base.BrowserUtils:打开网址:http://yltest.witontek.com/ehospital3web/web/admin.html#!/
2017-11-10 15:01:58.466 [main] INFO  com.witontek.ehospital2.base.Log - 【info】com.witontek.ehospital2.base.WebElementsUtils:在用户名输入框输入：sqsrmyyadmin
2017-11-10 15:01:58.601 [main] INFO  com.witontek.ehospital2.base.Log - 【info】com.witontek.ehospital2.base.WebElementsUtils:在密码输入框输入：admin
2017-11-10 15:01:58.740 [main] INFO  com.witontek.ehospital2.base.Log - 【info】com.witontek.ehospital2.base.WebElementsUtils:在验证码输入框输入：1111
2017-11-10 15:01:58.867 [main] INFO  com.witontek.ehospital2.base.Log - 【info】com.witontek.ehospital2.base.WebElementsUtils:点击登录按钮
2017-11-10 15:01:59.488 [main] INFO  com.witontek.ehospital2.base.Log - 【info】com.witontek.ehospital2.base.WebElementsUtils:点击业务信息管理
2017-11-10 15:02:00.489 [main] INFO  com.witontek.ehospital2.base.Log - 【info】com.witontek.ehospital2.base.BrowserUtils:等待1秒
2017-11-10 15:02:01.313 [main] INFO  com.witontek.ehospital2.base.Log - 【info】com.witontek.ehospital2.base.WebElementsUtils:点击科室管理
2017-11-10 15:02:01.486 [main] INFO  com.witontek.ehospital2.base.Log - 【info】com.witontek.ehospital2.base.WebElementsUtils:获取科室管理-一级科室名称的文本信息
2017-11-10 15:02:01.487 [main] INFO  com.witontek.ehospital2.base.Log - 【info】com.witontek.ehospital2.page.DepartmentManagePage:一级科室名称：作废科室
2017-11-10 15:02:01.654 [main] INFO  com.witontek.ehospital2.base.Log - 【info】com.witontek.ehospital2.base.WebElementsUtils:点击科室管理-下移按钮
2017-11-10 15:02:01.923 [main] INFO  com.witontek.ehospital2.base.Log - 【info】com.witontek.ehospital2.base.WebElementsUtils:点击科室管理-弹框关闭按钮
2017-11-10 15:02:01.969 [main] INFO  com.witontek.ehospital2.base.Log - 【info】com.witontek.ehospital2.base.WebElementsUtils:获取科室管理-一级科室名称的文本信息
2017-11-10 15:02:01.970 [main] INFO  com.witontek.ehospital2.base.Log - 【info】com.witontek.ehospital2.page.DepartmentManagePage:一级科室名称：作废科室
2017-11-10 15:02:01.970 [main] INFO  com.witontek.ehospital2.base.Log - 【info】com.witontek.ehospital2.business.DepartmentMange:下移一级科室成功
2017-11-10 15:02:02.076 [main] INFO  com.witontek.ehospital2.base.Log - 【info】com.witontek.ehospital2.base.BrowserUtils:打开网址:http://yltest.witontek.com/ehospital3web/web/admin.html#!/
2017-11-10 15:02:02.295 [main] INFO  com.witontek.ehospital2.base.Log - 【info】com.witontek.ehospital2.base.WebElementsUtils:在用户名输入框输入：sqsrmyyadmin
2017-11-10 15:02:02.420 [main] INFO  com.witontek.ehospital2.base.Log - 【info】com.witontek.ehospital2.base.WebElementsUtils:在密码输入框输入：admin
2017-11-10 15:02:02.571 [main] INFO  com.witontek.ehospital2.base.Log - 【info】com.witontek.ehospital2.base.WebElementsUtils:在验证码输入框输入：1111
2017-11-10 15:02:02.684 [main] INFO  com.witontek.ehospital2.base.Log - 【info】com.witontek.ehospital2.base.WebElementsUtils:点击登录按钮
2017-11-10 15:02:03.431 [main] INFO  com.witontek.ehospital2.base.Log - 【info】com.witontek.ehospital2.base.WebElementsUtils:获取科室管理-一级科室名称的文本信息
2017-11-10 15:02:03.431 [main] INFO  com.witontek.ehospital2.base.Log - 【info】com.witontek.ehospital2.page.DepartmentManagePage:一级科室名称：急诊2
2017-11-10 15:02:03.552 [main] INFO  com.witontek.ehospital2.base.Log - 【info】com.witontek.ehospital2.base.WebElementsUtils:点击科室管理-上移按钮
2017-11-10 15:02:03.799 [main] INFO  com.witontek.ehospital2.base.Log - 【info】com.witontek.ehospital2.base.WebElementsUtils:点击科室管理-弹框关闭按钮
2017-11-10 15:02:03.850 [main] INFO  com.witontek.ehospital2.base.Log - 【info】com.witontek.ehospital2.base.WebElementsUtils:获取科室管理-一级科室名称的文本信息
2017-11-10 15:02:03.850 [main] INFO  com.witontek.ehospital2.base.Log - 【info】com.witontek.ehospital2.page.DepartmentManagePage:一级科室名称：急诊2
2017-11-10 15:02:03.850 [main] INFO  com.witontek.ehospital2.base.Log - 【info】com.witontek.ehospital2.business.DepartmentMange:上移一级科室成功
2017-11-10 15:02:06.852 [main] INFO  com.witontek.ehospital2.base.Log - 【info】com.witontek.ehospital2.base.BrowserUtils:等待3秒
2017-11-10 15:02:07.933 [main] INFO  com.witontek.ehospital2.base.Log - 【info】com.witontek.ehospital2.base.BrowserUtils:退出浏览器
2017-11-10 15:03:58.539 [main] INFO  com.witontek.ehospital2.base.Log - 【info】com.witontek.ehospital2.base.DriverUtils:打开谷歌浏览器
2017-11-10 15:04:12.020 [main] INFO  com.witontek.ehospital2.base.Log - 【info】com.witontek.ehospital2.base.BrowserUtils:打开网址:http://yltest.witontek.com/ehospital3web/web/admin.html#!/
2017-11-10 15:04:12.229 [main] INFO  com.witontek.ehospital2.base.Log - 【info】com.witontek.ehospital2.base.WebElementsUtils:在用户名输入框输入：sqsrmyyadmin
2017-11-10 15:04:12.354 [main] INFO  com.witontek.ehospital2.base.Log - 【info】com.witontek.ehospital2.base.WebElementsUtils:在密码输入框输入：admin
2017-11-10 15:04:12.495 [main] INFO  com.witontek.ehospital2.base.Log - 【info】com.witontek.ehospital2.base.WebElementsUtils:在验证码输入框输入：1111
2017-11-10 15:04:12.623 [main] INFO  com.witontek.ehospital2.base.Log - 【info】com.witontek.ehospital2.base.WebElementsUtils:点击登录按钮
2017-11-10 15:04:13.263 [main] INFO  com.witontek.ehospital2.base.Log - 【info】com.witontek.ehospital2.base.WebElementsUtils:点击业务信息管理
2017-11-10 15:04:14.264 [main] INFO  com.witontek.ehospital2.base.Log - 【info】com.witontek.ehospital2.base.BrowserUtils:等待1秒
2017-11-10 15:04:15.020 [main] INFO  com.witontek.ehospital2.base.Log - 【info】com.witontek.ehospital2.base.WebElementsUtils:点击科室管理
2017-11-10 15:04:15.186 [main] INFO  com.witontek.ehospital2.base.Log - 【info】com.witontek.ehospital2.base.WebElementsUtils:获取科室管理-一级科室名称的文本信息
2017-11-10 15:04:15.186 [main] INFO  com.witontek.ehospital2.base.Log - 【info】com.witontek.ehospital2.page.DepartmentManagePage:一级科室名称：作废科室
2017-11-10 15:04:15.323 [main] INFO  com.witontek.ehospital2.base.Log - 【info】com.witontek.ehospital2.base.WebElementsUtils:点击科室管理-下移按钮
2017-11-10 15:04:15.624 [main] INFO  com.witontek.ehospital2.base.Log - 【info】com.witontek.ehospital2.base.WebElementsUtils:点击科室管理-弹框关闭按钮
2017-11-10 15:04:15.692 [main] INFO  com.witontek.ehospital2.base.Log - 【info】com.witontek.ehospital2.base.WebElementsUtils:获取科室管理-一级科室名称的文本信息
2017-11-10 15:04:15.693 [main] INFO  com.witontek.ehospital2.base.Log - 【info】com.witontek.ehospital2.page.DepartmentManagePage:一级科室名称：急诊2
2017-11-10 15:04:15.693 [main] INFO  com.witontek.ehospital2.base.Log - 【info】com.witontek.ehospital2.business.DepartmentMange:急诊2
2017-11-10 15:04:15.693 [main] INFO  com.witontek.ehospital2.base.Log - 【info】com.witontek.ehospital2.business.DepartmentMange:下移一级科室成功
2017-11-10 15:04:15.796 [main] INFO  com.witontek.ehospital2.base.Log - 【info】com.witontek.ehospital2.base.BrowserUtils:打开网址:http://yltest.witontek.com/ehospital3web/web/admin.html#!/
2017-11-10 15:04:15.997 [main] INFO  com.witontek.ehospital2.base.Log - 【info】com.witontek.ehospital2.base.WebElementsUtils:在用户名输入框输入：sqsrmyyadmin
2017-11-10 15:04:16.120 [main] INFO  com.witontek.ehospital2.base.Log - 【info】com.witontek.ehospital2.base.WebElementsUtils:在密码输入框输入：admin
2017-11-10 15:04:16.251 [main] INFO  com.witontek.ehospital2.base.Log - 【info】com.witontek.ehospital2.base.WebElementsUtils:在验证码输入框输入：1111
2017-11-10 15:04:16.369 [main] INFO  com.witontek.ehospital2.base.Log - 【info】com.witontek.ehospital2.base.WebElementsUtils:点击登录按钮
2017-11-10 15:04:16.805 [main] INFO  com.witontek.ehospital2.base.Log - 【info】com.witontek.ehospital2.base.WebElementsUtils:获取科室管理-一级科室名称的文本信息
2017-11-10 15:04:16.805 [main] INFO  com.witontek.ehospital2.base.Log - 【info】com.witontek.ehospital2.page.DepartmentManagePage:一级科室名称：急诊2
2017-11-10 15:04:16.924 [main] INFO  com.witontek.ehospital2.base.Log - 【info】com.witontek.ehospital2.base.WebElementsUtils:点击科室管理-上移按钮
2017-11-10 15:04:17.167 [main] INFO  com.witontek.ehospital2.base.Log - 【info】com.witontek.ehospital2.base.WebElementsUtils:点击科室管理-弹框关闭按钮
2017-11-10 15:04:17.234 [main] INFO  com.witontek.ehospital2.base.Log - 【info】com.witontek.ehospital2.base.WebElementsUtils:获取科室管理-一级科室名称的文本信息
2017-11-10 15:04:17.234 [main] INFO  com.witontek.ehospital2.base.Log - 【info】com.witontek.ehospital2.page.DepartmentManagePage:一级科室名称：作废科室
2017-11-10 15:04:17.234 [main] INFO  com.witontek.ehospital2.base.Log - 【info】com.witontek.ehospital2.business.DepartmentMange:作废科室
2017-11-10 15:04:17.235 [main] INFO  com.witontek.ehospital2.base.Log - 【info】com.witontek.ehospital2.business.DepartmentMange:上移一级科室成功
2017-11-10 15:04:20.237 [main] INFO  com.witontek.ehospital2.base.Log - 【info】com.witontek.ehospital2.base.BrowserUtils:等待3秒
2017-11-10 15:04:21.580 [main] INFO  com.witontek.ehospital2.base.Log - 【info】com.witontek.ehospital2.base.BrowserUtils:退出浏览器
2017-11-10 15:05:00.128 [main] INFO  com.witontek.ehospital2.base.Log - 【info】com.witontek.ehospital2.base.DriverUtils:打开谷歌浏览器
2017-11-10 15:05:14.921 [main] INFO  com.witontek.ehospital2.base.Log - 【info】com.witontek.ehospital2.base.BrowserUtils:打开网址:http://yltest.witontek.com/ehospital3web/web/admin.html#!/
2017-11-10 15:05:15.126 [main] INFO  com.witontek.ehospital2.base.Log - 【info】com.witontek.ehospital2.base.WebElementsUtils:在用户名输入框输入：sqsrmyyadmin
2017-11-10 15:05:15.253 [main] INFO  com.witontek.ehospital2.base.Log - 【info】com.witontek.ehospital2.base.WebElementsUtils:在密码输入框输入：admin
2017-11-10 15:05:15.392 [main] INFO  com.witontek.ehospital2.base.Log - 【info】com.witontek.ehospital2.base.WebElementsUtils:在验证码输入框输入：1111
2017-11-10 15:05:15.514 [main] INFO  com.witontek.ehospital2.base.Log - 【info】com.witontek.ehospital2.base.WebElementsUtils:点击登录按钮
2017-11-10 15:05:16.181 [main] INFO  com.witontek.ehospital2.base.Log - 【info】com.witontek.ehospital2.base.WebElementsUtils:点击业务信息管理
2017-11-10 15:05:17.181 [main] INFO  com.witontek.ehospital2.base.Log - 【info】com.witontek.ehospital2.base.BrowserUtils:等待1秒
2017-11-10 15:05:17.966 [main] INFO  com.witontek.ehospital2.base.Log - 【info】com.witontek.ehospital2.base.WebElementsUtils:点击科室管理
2017-11-10 15:05:18.131 [main] INFO  com.witontek.ehospital2.base.Log - 【info】com.witontek.ehospital2.base.WebElementsUtils:获取科室管理-一级科室名称的文本信息
2017-11-10 15:05:18.131 [main] INFO  com.witontek.ehospital2.base.Log - 【info】com.witontek.ehospital2.page.DepartmentManagePage:一级科室名称：作废科室
2017-11-10 15:05:18.273 [main] INFO  com.witontek.ehospital2.base.Log - 【info】com.witontek.ehospital2.base.WebElementsUtils:点击科室管理-下移按钮
2017-11-10 15:05:18.573 [main] INFO  com.witontek.ehospital2.base.Log - 【info】com.witontek.ehospital2.base.WebElementsUtils:点击科室管理-弹框关闭按钮
2017-11-10 15:05:18.643 [main] INFO  com.witontek.ehospital2.base.Log - 【info】com.witontek.ehospital2.base.WebElementsUtils:获取科室管理-一级科室名称的文本信息
2017-11-10 15:05:18.643 [main] INFO  com.witontek.ehospital2.base.Log - 【info】com.witontek.ehospital2.page.DepartmentManagePage:一级科室名称：急诊2
2017-11-10 15:05:18.643 [main] INFO  com.witontek.ehospital2.base.Log - 【info】com.witontek.ehospital2.business.DepartmentMange:下移一级科室成功
2017-11-10 15:05:18.734 [main] INFO  com.witontek.ehospital2.base.Log - 【info】com.witontek.ehospital2.base.BrowserUtils:打开网址:http://yltest.witontek.com/ehospital3web/web/admin.html#!/
2017-11-10 15:05:18.955 [main] INFO  com.witontek.ehospital2.base.Log - 【info】com.witontek.ehospital2.base.WebElementsUtils:在用户名输入框输入：sqsrmyyadmin
2017-11-10 15:05:19.072 [main] INFO  com.witontek.ehospital2.base.Log - 【info】com.witontek.ehospital2.base.WebElementsUtils:在密码输入框输入：admin
2017-11-10 15:05:19.216 [main] INFO  com.witontek.ehospital2.base.Log - 【info】com.witontek.ehospital2.base.WebElementsUtils:在验证码输入框输入：1111
2017-11-10 15:05:19.320 [main] INFO  com.witontek.ehospital2.base.Log - 【info】com.witontek.ehospital2.base.WebElementsUtils:点击登录按钮
2017-11-10 15:05:19.683 [main] INFO  com.witontek.ehospital2.base.Log - 【info】com.witontek.ehospital2.base.WebElementsUtils:获取科室管理-一级科室名称的文本信息
2017-11-10 15:05:19.684 [main] INFO  com.witontek.ehospital2.base.Log - 【info】com.witontek.ehospital2.page.DepartmentManagePage:一级科室名称：急诊2
2017-11-10 15:05:19.798 [main] INFO  com.witontek.ehospital2.base.Log - 【info】com.witontek.ehospital2.base.WebElementsUtils:点击科室管理-上移按钮
2017-11-10 15:05:20.016 [main] INFO  com.witontek.ehospital2.base.Log - 【info】com.witontek.ehospital2.base.WebElementsUtils:点击科室管理-弹框关闭按钮
2017-11-10 15:05:20.082 [main] INFO  com.witontek.ehospital2.base.Log - 【info】com.witontek.ehospital2.base.WebElementsUtils:获取科室管理-一级科室名称的文本信息
2017-11-10 15:05:20.082 [main] INFO  com.witontek.ehospital2.base.Log - 【info】com.witontek.ehospital2.page.DepartmentManagePage:一级科室名称：作废科室
2017-11-10 15:05:20.082 [main] INFO  com.witontek.ehospital2.base.Log - 【info】com.witontek.ehospital2.business.DepartmentMange:上移一级科室成功
2017-11-10 15:05:23.085 [main] INFO  com.witontek.ehospital2.base.Log - 【info】com.witontek.ehospital2.base.BrowserUtils:等待3秒
2017-11-10 15:05:24.088 [main] INFO  com.witontek.ehospital2.base.Log - 【info】com.witontek.ehospital2.base.BrowserUtils:退出浏览器
2017-11-10 15:15:11.637 [main] INFO  com.witontek.ehospital2.base.Log - 【info】com.witontek.ehospital2.base.DriverUtils:打开谷歌浏览器
2017-11-10 15:15:29.420 [main] INFO  com.witontek.ehospital2.base.Log - 【info】com.witontek.ehospital2.base.BrowserUtils:打开网址:http://yltest.witontek.com/ehospital3web/web/admin.html#!/
2017-11-10 15:15:29.635 [main] INFO  com.witontek.ehospital2.base.Log - 【info】com.witontek.ehospital2.base.WebElementsUtils:在用户名输入框输入：sqsrmyyadmin
2017-11-10 15:15:29.764 [main] INFO  com.witontek.ehospital2.base.Log - 【info】com.witontek.ehospital2.base.WebElementsUtils:在密码输入框输入：admin
2017-11-10 15:15:29.910 [main] INFO  com.witontek.ehospital2.base.Log - 【info】com.witontek.ehospital2.base.WebElementsUtils:在验证码输入框输入：1111
2017-11-10 15:15:30.035 [main] INFO  com.witontek.ehospital2.base.Log - 【info】com.witontek.ehospital2.base.WebElementsUtils:点击登录按钮
2017-11-10 15:15:31.328 [main] INFO  com.witontek.ehospital2.base.Log - 【info】com.witontek.ehospital2.base.WebElementsUtils:点击业务信息管理
2017-11-10 15:15:32.330 [main] INFO  com.witontek.ehospital2.base.Log - 【info】com.witontek.ehospital2.base.BrowserUtils:等待1秒
2017-11-10 15:15:33.133 [main] INFO  com.witontek.ehospital2.base.Log - 【info】com.witontek.ehospital2.base.WebElementsUtils:点击科室管理
2017-11-10 15:15:33.304 [main] INFO  com.witontek.ehospital2.base.Log - 【info】com.witontek.ehospital2.base.WebElementsUtils:获取科室管理-序号1的一级科室名称的文本信息
2017-11-10 15:15:33.305 [main] INFO  com.witontek.ehospital2.base.Log - 【info】com.witontek.ehospital2.page.DepartmentManagePage:序号为1的一级科室名称：作废科室
2017-11-10 15:15:33.450 [main] INFO  com.witontek.ehospital2.base.Log - 【info】com.witontek.ehospital2.base.WebElementsUtils:点击科室管理-下移按钮
2017-11-10 15:15:33.773 [main] INFO  com.witontek.ehospital2.base.Log - 【info】com.witontek.ehospital2.base.WebElementsUtils:点击科室管理-弹框关闭按钮
2017-11-10 15:15:33.855 [main] INFO  com.witontek.ehospital2.base.Log - 【info】com.witontek.ehospital2.base.WebElementsUtils:获取科室管理-序号2的一级科室名称的文本信息
2017-11-10 15:15:33.856 [main] INFO  com.witontek.ehospital2.base.Log - 【info】com.witontek.ehospital2.page.DepartmentManagePage:序号为2的一级科室名称：作废科室
2017-11-10 15:15:33.856 [main] ERROR com.witontek.ehospital2.base.Log - 【error】com.witontek.ehospital2.business.DepartmentMange:下移一级科室失败
2017-11-10 15:15:33.981 [main] INFO  com.witontek.ehospital2.base.Log - 【info】com.witontek.ehospital2.base.BrowserUtils:打开网址:http://yltest.witontek.com/ehospital3web/web/admin.html#!/
2017-11-10 15:15:34.170 [main] INFO  com.witontek.ehospital2.base.Log - 【info】com.witontek.ehospital2.base.WebElementsUtils:在用户名输入框输入：sqsrmyyadmin
2017-11-10 15:15:34.288 [main] INFO  com.witontek.ehospital2.base.Log - 【info】com.witontek.ehospital2.base.WebElementsUtils:在密码输入框输入：admin
2017-11-10 15:15:34.423 [main] INFO  com.witontek.ehospital2.base.Log - 【info】com.witontek.ehospital2.base.WebElementsUtils:在验证码输入框输入：1111
2017-11-10 15:15:34.544 [main] INFO  com.witontek.ehospital2.base.Log - 【info】com.witontek.ehospital2.base.WebElementsUtils:点击登录按钮
2017-11-10 15:15:35.023 [main] INFO  com.witontek.ehospital2.base.Log - 【info】com.witontek.ehospital2.base.WebElementsUtils:获取科室管理-序号1的一级科室名称的文本信息
2017-11-10 15:15:35.024 [main] INFO  com.witontek.ehospital2.base.Log - 【info】com.witontek.ehospital2.page.DepartmentManagePage:序号为1的一级科室名称：急诊2
2017-11-10 15:15:35.140 [main] INFO  com.witontek.ehospital2.base.Log - 【info】com.witontek.ehospital2.base.WebElementsUtils:点击科室管理-上移按钮
2017-11-10 15:15:35.376 [main] INFO  com.witontek.ehospital2.base.Log - 【info】com.witontek.ehospital2.base.WebElementsUtils:点击科室管理-弹框关闭按钮
2017-11-10 15:15:35.442 [main] INFO  com.witontek.ehospital2.base.Log - 【info】com.witontek.ehospital2.base.WebElementsUtils:获取科室管理-序号2的一级科室名称的文本信息
2017-11-10 15:15:35.443 [main] INFO  com.witontek.ehospital2.base.Log - 【info】com.witontek.ehospital2.page.DepartmentManagePage:序号为2的一级科室名称：急诊2
2017-11-10 15:15:35.443 [main] ERROR com.witontek.ehospital2.base.Log - 【error】com.witontek.ehospital2.business.DepartmentMange:上移一级科室失败
2017-11-10 15:15:38.445 [main] INFO  com.witontek.ehospital2.base.Log - 【info】com.witontek.ehospital2.base.BrowserUtils:等待3秒
2017-11-10 15:15:39.503 [main] INFO  com.witontek.ehospital2.base.Log - 【info】com.witontek.ehospital2.base.BrowserUtils:退出浏览器
2017-11-10 15:16:31.299 [main] INFO  com.witontek.ehospital2.base.Log - 【info】com.witontek.ehospital2.base.DriverUtils:打开谷歌浏览器
2017-11-10 15:16:47.346 [main] INFO  com.witontek.ehospital2.base.Log - 【info】com.witontek.ehospital2.base.BrowserUtils:打开网址:http://yltest.witontek.com/ehospital3web/web/admin.html#!/
2017-11-10 15:16:47.579 [main] INFO  com.witontek.ehospital2.base.Log - 【info】com.witontek.ehospital2.base.WebElementsUtils:在用户名输入框输入：sqsrmyyadmin
2017-11-10 15:16:47.744 [main] INFO  com.witontek.ehospital2.base.Log - 【info】com.witontek.ehospital2.base.WebElementsUtils:在密码输入框输入：admin
2017-11-10 15:16:47.899 [main] INFO  com.witontek.ehospital2.base.Log - 【info】com.witontek.ehospital2.base.WebElementsUtils:在验证码输入框输入：1111
2017-11-10 15:16:48.045 [main] INFO  com.witontek.ehospital2.base.Log - 【info】com.witontek.ehospital2.base.WebElementsUtils:点击登录按钮
2017-11-10 15:16:48.837 [main] INFO  com.witontek.ehospital2.base.Log - 【info】com.witontek.ehospital2.base.WebElementsUtils:点击业务信息管理
2017-11-10 15:16:49.838 [main] INFO  com.witontek.ehospital2.base.Log - 【info】com.witontek.ehospital2.base.BrowserUtils:等待1秒
2017-11-10 15:16:50.588 [main] INFO  com.witontek.ehospital2.base.Log - 【info】com.witontek.ehospital2.base.WebElementsUtils:点击科室管理
2017-11-10 15:16:50.775 [main] INFO  com.witontek.ehospital2.base.Log - 【info】com.witontek.ehospital2.base.WebElementsUtils:获取科室管理-序号1的一级科室名称的文本信息
2017-11-10 15:16:50.776 [main] INFO  com.witontek.ehospital2.base.Log - 【info】com.witontek.ehospital2.page.DepartmentManagePage:序号为1的一级科室名称：作废科室
2017-11-10 15:16:50.944 [main] INFO  com.witontek.ehospital2.base.Log - 【info】com.witontek.ehospital2.base.WebElementsUtils:点击科室管理-下移按钮
2017-11-10 15:16:51.262 [main] INFO  com.witontek.ehospital2.base.Log - 【info】com.witontek.ehospital2.base.WebElementsUtils:点击科室管理-弹框关闭按钮
2017-11-10 15:16:51.331 [main] INFO  com.witontek.ehospital2.base.Log - 【info】com.witontek.ehospital2.base.WebElementsUtils:获取科室管理-序号2的一级科室名称的文本信息
2017-11-10 15:16:51.331 [main] INFO  com.witontek.ehospital2.base.Log - 【info】com.witontek.ehospital2.page.DepartmentManagePage:序号为2的一级科室名称：急诊2
2017-11-10 15:16:51.331 [main] ERROR com.witontek.ehospital2.base.Log - 【error】com.witontek.ehospital2.business.DepartmentMange:下移一级科室失败
2017-11-10 15:16:51.427 [main] INFO  com.witontek.ehospital2.base.Log - 【info】com.witontek.ehospital2.base.BrowserUtils:打开网址:http://yltest.witontek.com/ehospital3web/web/admin.html#!/
2017-11-10 15:16:51.653 [main] INFO  com.witontek.ehospital2.base.Log - 【info】com.witontek.ehospital2.base.WebElementsUtils:在用户名输入框输入：sqsrmyyadmin
2017-11-10 15:16:51.782 [main] INFO  com.witontek.ehospital2.base.Log - 【info】com.witontek.ehospital2.base.WebElementsUtils:在密码输入框输入：admin
2017-11-10 15:16:51.918 [main] INFO  com.witontek.ehospital2.base.Log - 【info】com.witontek.ehospital2.base.WebElementsUtils:在验证码输入框输入：1111
2017-11-10 15:16:52.032 [main] INFO  com.witontek.ehospital2.base.Log - 【info】com.witontek.ehospital2.base.WebElementsUtils:点击登录按钮
2017-11-10 15:16:53.500 [main] INFO  com.witontek.ehospital2.base.Log - 【info】com.witontek.ehospital2.base.WebElementsUtils:获取科室管理-序号1的一级科室名称的文本信息
2017-11-10 15:16:53.501 [main] INFO  com.witontek.ehospital2.base.Log - 【info】com.witontek.ehospital2.page.DepartmentManagePage:序号为1的一级科室名称：急诊2
2017-11-10 15:16:53.622 [main] INFO  com.witontek.ehospital2.base.Log - 【info】com.witontek.ehospital2.base.WebElementsUtils:点击科室管理-上移按钮
2017-11-10 15:16:53.826 [main] INFO  com.witontek.ehospital2.base.Log - 【info】com.witontek.ehospital2.base.WebElementsUtils:点击科室管理-弹框关闭按钮
2017-11-10 15:16:53.903 [main] INFO  com.witontek.ehospital2.base.Log - 【info】com.witontek.ehospital2.base.WebElementsUtils:获取科室管理-序号2的一级科室名称的文本信息
2017-11-10 15:16:53.903 [main] INFO  com.witontek.ehospital2.base.Log - 【info】com.witontek.ehospital2.page.DepartmentManagePage:序号为2的一级科室名称：作废科室
2017-11-10 15:16:53.903 [main] ERROR com.witontek.ehospital2.base.Log - 【error】com.witontek.ehospital2.business.DepartmentMange:上移一级科室失败
2017-11-10 15:16:56.907 [main] INFO  com.witontek.ehospital2.base.Log - 【info】com.witontek.ehospital2.base.BrowserUtils:等待3秒
2017-11-10 15:16:57.908 [main] INFO  com.witontek.ehospital2.base.Log - 【info】com.witontek.ehospital2.base.BrowserUtils:退出浏览器
2017-11-10 15:18:50.167 [main] INFO  com.witontek.ehospital2.base.Log - 【info】com.witontek.ehospital2.base.DriverUtils:打开谷歌浏览器
2017-11-10 15:19:04.740 [main] INFO  com.witontek.ehospital2.base.Log - 【info】com.witontek.ehospital2.base.BrowserUtils:打开网址:http://yltest.witontek.com/ehospital3web/web/admin.html#!/
2017-11-10 15:19:04.950 [main] INFO  com.witontek.ehospital2.base.Log - 【info】com.witontek.ehospital2.base.WebElementsUtils:在用户名输入框输入：sqsrmyyadmin
2017-11-10 15:19:05.082 [main] INFO  com.witontek.ehospital2.base.Log - 【info】com.witontek.ehospital2.base.WebElementsUtils:在密码输入框输入：admin
2017-11-10 15:19:05.229 [main] INFO  com.witontek.ehospital2.base.Log - 【info】com.witontek.ehospital2.base.WebElementsUtils:在验证码输入框输入：1111
2017-11-10 15:19:05.360 [main] INFO  com.witontek.ehospital2.base.Log - 【info】com.witontek.ehospital2.base.WebElementsUtils:点击登录按钮
2017-11-10 15:19:06.052 [main] INFO  com.witontek.ehospital2.base.Log - 【info】com.witontek.ehospital2.base.WebElementsUtils:点击业务信息管理
2017-11-10 15:19:07.052 [main] INFO  com.witontek.ehospital2.base.Log - 【info】com.witontek.ehospital2.base.BrowserUtils:等待1秒
2017-11-10 15:19:07.806 [main] INFO  com.witontek.ehospital2.base.Log - 【info】com.witontek.ehospital2.base.WebElementsUtils:点击科室管理
2017-11-10 15:19:07.980 [main] INFO  com.witontek.ehospital2.base.Log - 【info】com.witontek.ehospital2.base.WebElementsUtils:获取科室管理-序号1的一级科室名称的文本信息
2017-11-10 15:19:07.981 [main] INFO  com.witontek.ehospital2.base.Log - 【info】com.witontek.ehospital2.page.DepartmentManagePage:序号为1的一级科室名称：作废科室
2017-11-10 15:19:08.114 [main] INFO  com.witontek.ehospital2.base.Log - 【info】com.witontek.ehospital2.base.WebElementsUtils:点击科室管理-下移按钮
2017-11-10 15:19:08.423 [main] INFO  com.witontek.ehospital2.base.Log - 【info】com.witontek.ehospital2.base.WebElementsUtils:点击科室管理-弹框关闭按钮
2017-11-10 15:19:09.424 [main] INFO  com.witontek.ehospital2.base.Log - 【info】com.witontek.ehospital2.base.BrowserUtils:等待1秒
2017-11-10 15:19:09.494 [main] INFO  com.witontek.ehospital2.base.Log - 【info】com.witontek.ehospital2.base.WebElementsUtils:获取科室管理-序号2的一级科室名称的文本信息
2017-11-10 15:19:09.495 [main] INFO  com.witontek.ehospital2.base.Log - 【info】com.witontek.ehospital2.page.DepartmentManagePage:序号为2的一级科室名称：作废科室
2017-11-10 15:19:09.495 [main] ERROR com.witontek.ehospital2.base.Log - 【error】com.witontek.ehospital2.business.DepartmentMange:下移一级科室失败
2017-11-10 15:19:09.575 [main] INFO  com.witontek.ehospital2.base.Log - 【info】com.witontek.ehospital2.base.BrowserUtils:打开网址:http://yltest.witontek.com/ehospital3web/web/admin.html#!/
2017-11-10 15:19:09.760 [main] INFO  com.witontek.ehospital2.base.Log - 【info】com.witontek.ehospital2.base.WebElementsUtils:在用户名输入框输入：sqsrmyyadmin
2017-11-10 15:19:09.873 [main] INFO  com.witontek.ehospital2.base.Log - 【info】com.witontek.ehospital2.base.WebElementsUtils:在密码输入框输入：admin
2017-11-10 15:19:10.005 [main] INFO  com.witontek.ehospital2.base.Log - 【info】com.witontek.ehospital2.base.WebElementsUtils:在验证码输入框输入：1111
2017-11-10 15:19:10.110 [main] INFO  com.witontek.ehospital2.base.Log - 【info】com.witontek.ehospital2.base.WebElementsUtils:点击登录按钮
2017-11-10 15:19:10.447 [main] INFO  com.witontek.ehospital2.base.Log - 【info】com.witontek.ehospital2.base.WebElementsUtils:获取科室管理-序号1的一级科室名称的文本信息
2017-11-10 15:19:10.448 [main] INFO  com.witontek.ehospital2.base.Log - 【info】com.witontek.ehospital2.page.DepartmentManagePage:序号为1的一级科室名称：急诊2
2017-11-10 15:19:10.561 [main] INFO  com.witontek.ehospital2.base.Log - 【info】com.witontek.ehospital2.base.WebElementsUtils:点击科室管理-上移按钮
2017-11-10 15:19:10.828 [main] INFO  com.witontek.ehospital2.base.Log - 【info】com.witontek.ehospital2.base.WebElementsUtils:点击科室管理-弹框关闭按钮
2017-11-10 15:19:11.829 [main] INFO  com.witontek.ehospital2.base.Log - 【info】com.witontek.ehospital2.base.BrowserUtils:等待1秒
2017-11-10 15:19:11.898 [main] INFO  com.witontek.ehospital2.base.Log - 【info】com.witontek.ehospital2.base.WebElementsUtils:获取科室管理-序号2的一级科室名称的文本信息
2017-11-10 15:19:11.898 [main] INFO  com.witontek.ehospital2.base.Log - 【info】com.witontek.ehospital2.page.DepartmentManagePage:序号为2的一级科室名称：急诊2
2017-11-10 15:19:11.898 [main] ERROR com.witontek.ehospital2.base.Log - 【error】com.witontek.ehospital2.business.DepartmentMange:上移一级科室失败
2017-11-10 15:19:14.900 [main] INFO  com.witontek.ehospital2.base.Log - 【info】com.witontek.ehospital2.base.BrowserUtils:等待3秒
2017-11-10 15:19:15.950 [main] INFO  com.witontek.ehospital2.base.Log - 【info】com.witontek.ehospital2.base.BrowserUtils:退出浏览器
2017-11-10 15:22:05.085 [main] INFO  com.witontek.ehospital2.base.Log - 【info】com.witontek.ehospital2.base.DriverUtils:打开谷歌浏览器
2017-11-10 15:22:21.685 [main] INFO  com.witontek.ehospital2.base.Log - 【info】com.witontek.ehospital2.base.BrowserUtils:打开网址:http://yltest.witontek.com/ehospital3web/web/admin.html#!/
2017-11-10 15:22:21.919 [main] INFO  com.witontek.ehospital2.base.Log - 【info】com.witontek.ehospital2.base.WebElementsUtils:在用户名输入框输入：sqsrmyyadmin
2017-11-10 15:22:22.045 [main] INFO  com.witontek.ehospital2.base.Log - 【info】com.witontek.ehospital2.base.WebElementsUtils:在密码输入框输入：admin
2017-11-10 15:22:22.189 [main] INFO  com.witontek.ehospital2.base.Log - 【info】com.witontek.ehospital2.base.WebElementsUtils:在验证码输入框输入：1111
2017-11-10 15:22:22.312 [main] INFO  com.witontek.ehospital2.base.Log - 【info】com.witontek.ehospital2.base.WebElementsUtils:点击登录按钮
2017-11-10 15:22:24.393 [main] INFO  com.witontek.ehospital2.base.Log - 【info】com.witontek.ehospital2.base.WebElementsUtils:点击业务信息管理
2017-11-10 15:22:25.395 [main] INFO  com.witontek.ehospital2.base.Log - 【info】com.witontek.ehospital2.base.BrowserUtils:等待1秒
2017-11-10 15:22:26.201 [main] INFO  com.witontek.ehospital2.base.Log - 【info】com.witontek.ehospital2.base.WebElementsUtils:点击科室管理
2017-11-10 15:22:26.389 [main] INFO  com.witontek.ehospital2.base.Log - 【info】com.witontek.ehospital2.base.WebElementsUtils:获取科室管理-序号1的一级科室名称的文本信息
2017-11-10 15:22:26.389 [main] INFO  com.witontek.ehospital2.base.Log - 【info】com.witontek.ehospital2.page.DepartmentManagePage:序号为1的一级科室名称：作废科室
2017-11-10 15:22:26.527 [main] INFO  com.witontek.ehospital2.base.Log - 【info】com.witontek.ehospital2.base.WebElementsUtils:点击科室管理-下移按钮
2017-11-10 15:22:26.846 [main] INFO  com.witontek.ehospital2.base.Log - 【info】com.witontek.ehospital2.base.WebElementsUtils:点击科室管理-弹框关闭按钮
2017-11-10 15:22:27.846 [main] INFO  com.witontek.ehospital2.base.Log - 【info】com.witontek.ehospital2.base.BrowserUtils:等待1秒
2017-11-10 15:22:27.895 [main] INFO  com.witontek.ehospital2.base.Log - 【info】com.witontek.ehospital2.base.WebElementsUtils:获取科室管理-序号2的一级科室名称的文本信息
2017-11-10 15:22:27.895 [main] INFO  com.witontek.ehospital2.base.Log - 【info】com.witontek.ehospital2.page.DepartmentManagePage:序号为2的一级科室名称：作废科室
2017-11-10 15:22:27.895 [main] ERROR com.witontek.ehospital2.base.Log - 【error】com.witontek.ehospital2.business.DepartmentMange:下移一级科室失败
2017-11-10 15:22:28.273 [main] INFO  com.witontek.ehospital2.base.Log - 【info】com.witontek.ehospital2.base.BrowserUtils:截图成功
2017-11-10 15:22:31.284 [main] INFO  com.witontek.ehospital2.base.Log - 【info】com.witontek.ehospital2.base.BrowserUtils:等待3秒
2017-11-10 15:22:32.309 [main] INFO  com.witontek.ehospital2.base.Log - 【info】com.witontek.ehospital2.base.BrowserUtils:退出浏览器
2017-11-10 15:23:54.967 [main] INFO  com.witontek.ehospital2.base.Log - 【info】com.witontek.ehospital2.base.DriverUtils:打开谷歌浏览器
2017-11-10 15:24:08.502 [main] INFO  com.witontek.ehospital2.base.Log - 【info】com.witontek.ehospital2.base.BrowserUtils:打开网址:http://yltest.witontek.com/ehospital3web/web/admin.html#!/
2017-11-10 15:24:08.750 [main] INFO  com.witontek.ehospital2.base.Log - 【info】com.witontek.ehospital2.base.WebElementsUtils:在用户名输入框输入：sqsrmyyadmin
2017-11-10 15:24:08.885 [main] INFO  com.witontek.ehospital2.base.Log - 【info】com.witontek.ehospital2.base.WebElementsUtils:在密码输入框输入：admin
2017-11-10 15:24:09.024 [main] INFO  com.witontek.ehospital2.base.Log - 【info】com.witontek.ehospital2.base.WebElementsUtils:在验证码输入框输入：1111
2017-11-10 15:24:09.153 [main] INFO  com.witontek.ehospital2.base.Log - 【info】com.witontek.ehospital2.base.WebElementsUtils:点击登录按钮
2017-11-10 15:24:09.880 [main] INFO  com.witontek.ehospital2.base.Log - 【info】com.witontek.ehospital2.base.WebElementsUtils:点击业务信息管理
2017-11-10 15:24:10.882 [main] INFO  com.witontek.ehospital2.base.Log - 【info】com.witontek.ehospital2.base.BrowserUtils:等待1秒
2017-11-10 15:24:11.619 [main] INFO  com.witontek.ehospital2.base.Log - 【info】com.witontek.ehospital2.base.WebElementsUtils:点击科室管理
2017-11-10 15:24:11.788 [main] INFO  com.witontek.ehospital2.base.Log - 【info】com.witontek.ehospital2.base.WebElementsUtils:获取科室管理-序号1的一级科室名称的文本信息
2017-11-10 15:24:11.789 [main] INFO  com.witontek.ehospital2.base.Log - 【info】com.witontek.ehospital2.page.DepartmentManagePage:序号为1的一级科室名称：急诊2
2017-11-10 15:24:11.932 [main] INFO  com.witontek.ehospital2.base.Log - 【info】com.witontek.ehospital2.base.WebElementsUtils:点击科室管理-下移按钮
2017-11-10 15:24:12.239 [main] INFO  com.witontek.ehospital2.base.Log - 【info】com.witontek.ehospital2.base.WebElementsUtils:点击科室管理-弹框关闭按钮
2017-11-10 15:24:13.240 [main] INFO  com.witontek.ehospital2.base.Log - 【info】com.witontek.ehospital2.base.BrowserUtils:等待1秒
2017-11-10 15:24:13.310 [main] INFO  com.witontek.ehospital2.base.Log - 【info】com.witontek.ehospital2.base.WebElementsUtils:获取科室管理-序号2的一级科室名称的文本信息
2017-11-10 15:24:13.310 [main] INFO  com.witontek.ehospital2.base.Log - 【info】com.witontek.ehospital2.page.DepartmentManagePage:序号为2的一级科室名称：急诊2
2017-11-10 15:24:13.310 [main] ERROR com.witontek.ehospital2.base.Log - 【error】com.witontek.ehospital2.business.DepartmentMange:下移一级科室失败
2017-11-10 15:24:13.669 [main] INFO  com.witontek.ehospital2.base.Log - 【info】com.witontek.ehospital2.base.BrowserUtils:截图成功
2017-11-10 15:24:16.683 [main] INFO  com.witontek.ehospital2.base.Log - 【info】com.witontek.ehospital2.base.BrowserUtils:等待3秒
2017-11-10 15:24:17.735 [main] INFO  com.witontek.ehospital2.base.Log - 【info】com.witontek.ehospital2.base.BrowserUtils:退出浏览器
2017-11-10 15:28:19.959 [main] INFO  com.witontek.ehospital2.base.Log - 【info】com.witontek.ehospital2.base.DriverUtils:打开谷歌浏览器
2017-11-10 15:28:38.060 [main] INFO  com.witontek.ehospital2.base.Log - 【info】com.witontek.ehospital2.base.BrowserUtils:打开网址:http://yltest.witontek.com/ehospital3web/web/admin.html#!/
2017-11-10 15:28:38.286 [main] INFO  com.witontek.ehospital2.base.Log - 【info】com.witontek.ehospital2.base.WebElementsUtils:在用户名输入框输入：sqsrmyyadmin
2017-11-10 15:28:38.436 [main] INFO  com.witontek.ehospital2.base.Log - 【info】com.witontek.ehospital2.base.WebElementsUtils:在密码输入框输入：admin
2017-11-10 15:28:38.610 [main] INFO  com.witontek.ehospital2.base.Log - 【info】com.witontek.ehospital2.base.WebElementsUtils:在验证码输入框输入：1111
2017-11-10 15:28:38.778 [main] INFO  com.witontek.ehospital2.base.Log - 【info】com.witontek.ehospital2.base.WebElementsUtils:点击登录按钮
2017-11-10 15:28:39.569 [main] INFO  com.witontek.ehospital2.base.Log - 【info】com.witontek.ehospital2.base.WebElementsUtils:点击业务信息管理
2017-11-10 15:28:40.569 [main] INFO  com.witontek.ehospital2.base.Log - 【info】com.witontek.ehospital2.base.BrowserUtils:等待1秒
2017-11-10 15:28:41.317 [main] INFO  com.witontek.ehospital2.base.Log - 【info】com.witontek.ehospital2.base.WebElementsUtils:点击科室管理
2017-11-10 15:28:41.493 [main] INFO  com.witontek.ehospital2.base.Log - 【info】com.witontek.ehospital2.base.WebElementsUtils:获取科室管理-序号1的一级科室名称的文本信息
2017-11-10 15:28:41.493 [main] INFO  com.witontek.ehospital2.base.Log - 【info】com.witontek.ehospital2.page.DepartmentManagePage:序号为1的一级科室名称：作废科室
2017-11-10 15:28:41.639 [main] INFO  com.witontek.ehospital2.base.Log - 【info】com.witontek.ehospital2.base.WebElementsUtils:点击科室管理-下移按钮
2017-11-10 15:28:41.990 [main] INFO  com.witontek.ehospital2.base.Log - 【info】com.witontek.ehospital2.base.WebElementsUtils:点击科室管理-弹框关闭按钮
2017-11-10 15:28:42.990 [main] INFO  com.witontek.ehospital2.base.Log - 【info】com.witontek.ehospital2.base.BrowserUtils:等待1秒
2017-11-10 15:28:43.055 [main] INFO  com.witontek.ehospital2.base.Log - 【info】com.witontek.ehospital2.base.WebElementsUtils:获取科室管理-序号2的一级科室名称的文本信息
2017-11-10 15:28:43.055 [main] INFO  com.witontek.ehospital2.base.Log - 【info】com.witontek.ehospital2.page.DepartmentManagePage:序号为2的一级科室名称：作废科室
2017-11-10 15:28:43.056 [main] INFO  com.witontek.ehospital2.base.Log - 【info】com.witontek.ehospital2.business.DepartmentMange:下移一级科室成功
2017-11-10 15:28:43.161 [main] INFO  com.witontek.ehospital2.base.Log - 【info】com.witontek.ehospital2.base.BrowserUtils:打开网址:http://yltest.witontek.com/ehospital3web/web/admin.html#!/
2017-11-10 15:28:43.370 [main] INFO  com.witontek.ehospital2.base.Log - 【info】com.witontek.ehospital2.base.WebElementsUtils:在用户名输入框输入：sqsrmyyadmin
2017-11-10 15:28:43.498 [main] INFO  com.witontek.ehospital2.base.Log - 【info】com.witontek.ehospital2.base.WebElementsUtils:在密码输入框输入：admin
2017-11-10 15:28:43.637 [main] INFO  com.witontek.ehospital2.base.Log - 【info】com.witontek.ehospital2.base.WebElementsUtils:在验证码输入框输入：1111
2017-11-10 15:28:43.749 [main] INFO  com.witontek.ehospital2.base.Log - 【info】com.witontek.ehospital2.base.WebElementsUtils:点击登录按钮
2017-11-10 15:28:44.158 [main] INFO  com.witontek.ehospital2.base.Log - 【info】com.witontek.ehospital2.base.WebElementsUtils:获取科室管理-序号1的一级科室名称的文本信息
2017-11-10 15:28:44.158 [main] INFO  com.witontek.ehospital2.base.Log - 【info】com.witontek.ehospital2.page.DepartmentManagePage:序号为1的一级科室名称：急诊2
2017-11-10 15:28:44.285 [main] INFO  com.witontek.ehospital2.base.Log - 【info】com.witontek.ehospital2.base.WebElementsUtils:点击科室管理-上移按钮
2017-11-10 15:28:44.553 [main] INFO  com.witontek.ehospital2.base.Log - 【info】com.witontek.ehospital2.base.WebElementsUtils:点击科室管理-弹框关闭按钮
2017-11-10 15:28:45.555 [main] INFO  com.witontek.ehospital2.base.Log - 【info】com.witontek.ehospital2.base.BrowserUtils:等待1秒
2017-11-10 15:28:45.624 [main] INFO  com.witontek.ehospital2.base.Log - 【info】com.witontek.ehospital2.base.WebElementsUtils:获取科室管理-序号2的一级科室名称的文本信息
2017-11-10 15:28:45.624 [main] INFO  com.witontek.ehospital2.base.Log - 【info】com.witontek.ehospital2.page.DepartmentManagePage:序号为2的一级科室名称：急诊2
2017-11-10 15:28:45.624 [main] INFO  com.witontek.ehospital2.base.Log - 【info】com.witontek.ehospital2.business.DepartmentMange:上移一级科室成功
2017-11-10 15:28:48.626 [main] INFO  com.witontek.ehospital2.base.Log - 【info】com.witontek.ehospital2.base.BrowserUtils:等待3秒
2017-11-10 15:28:49.781 [main] INFO  com.witontek.ehospital2.base.Log - 【info】com.witontek.ehospital2.base.BrowserUtils:退出浏览器
